<?xml version="1.0" encoding="UTF-8"?>
<Balancing_MarketDocument xmlns="urn:iec62325.351:tc57wg16:451-6:balancingdocument:4:1">
    <mRID>18a3439842a74aaaade3b3a99ec3489f</mRID>
    <revisionNumber>1</revisionNumber>
    <type>A86</type>
    <process.processType>A16</process.processType>
    <sender_MarketParticipant.mRID codingScheme="A01">10X1001A1001A450</sender_MarketParticipant.mRID>
    <sender_MarketParticipant.marketRole.type>A32</sender_MarketParticipant.marketRole.type>
    <receiver_MarketParticipant.mRID codingScheme="A01">10X1001A1001A450</receiver_MarketParticipant.mRID>
    <receiver_MarketParticipant.marketRole.type>A33</receiver_MarketParticipant.marketRole.type>
    <createdDateTime>2023-08-16T08:50:30Z</createdDateTime>
    <area_Domain.mRID codingScheme="A01">10YCH-SWISSGRIDZ</area_Domain.mRID>
    <period.timeInterval>
        <start>2023-08-14T22:00Z</start>
        <end>2023-08-16T08:30Z</end>
    </period.timeInterval>
    <TimeSeries>
        <mRID>1</mRID>
        <businessType>B33</businessType>
        <flowDirection.direction>A01</flowDirection.direction>
        <quantity_Measure_Unit.name>MAW</quantity_Measure_Unit.name>
        <curveType>A01</curveType>
        <Period>
            <timeInterval>
                <start>2023-08-14T22:00Z</start>
                <end>2023-08-14T22:04Z</end>
            </timeInterval>
            <resolution>PT1M</resolution>
            <Point>
                <position>1</position>
                <quantity>20.00</quantity>
            </Point>
            <Point>
                <position>2</position>
                <quantity>166.00</quantity>
            </Point>
            <Point>
                <position>3</position>
                <quantity>125.00</quantity>
            </Point>
            <Point>
                <position>4</position>
                <quantity>28.00</quantity>
            </Point>
        </Period>
    </TimeSeries>
    <TimeSeries>
        <mRID>2</mRID>
        <businessType>B33</businessType>
        <flowDirection.direction>A02</flowDirection.direction>
        <quantity_Measure_Unit.name>MAW</quantity_Measure_Unit.name>
        <curveType>A01</curveType>
        <Period>
            <timeInterval>
                <start>2023-08-14T22:04Z</start>
                <end>2023-08-14T22:05Z</end>
            </timeInterval>
            <resolution>PT1M</resolution>
            <Point>
                <position>1</position>
                <quantity>11.00</quantity>
            </Point>
        </Period>
    </TimeSeries>
    <TimeSeries>
        <mRID>3</mRID>
        <businessType>B33</businessType>
        <flowDirection.direction>A01</flowDirection.direction>
        <quantity_Measure_Unit.name>MAW</quantity_Measure_Unit.name>
        <curveType>A01</curveType>
        <Period>
            <timeInterval>
                <start>2023-08-14T22:05Z</start>
                <end>2023-08-14T22:07Z</end>
            </timeInterval>
            <resolution>PT1M</resolution>
            <Point>
                <position>1</position>
                <quantity>43.00</quantity>
            </Point>
            <Point>
                <position>2</position>
                <quantity>3.00</quantity>
            </Point>
        </Period>
    </TimeSeries>
    <TimeSeries>
        <mRID>4</mRID>
        <businessType>B33</businessType>
        <flowDirection.direction>A02</flowDirection.direction>
        <quantity_Measure_Unit.name>MAW</quantity_Measure_Unit.name>
        <curveType>A01</curveType>
        <Period>
            <timeInterval>
                <start>2023-08-14T22:07Z</start>
                <end>2023-08-14T22:08Z</end>
            </timeInterval>
            <resolution>PT1M</resolution>
            <Point>
                <position>1</position>
                <quantity>42.00</quantity>
            </Point>
        </Period>
    </TimeSeries>
    <TimeSeries>
        <mRID>5</mRID>
        <businessType>B33</businessType>
        <flowDirection.direction>A01</flowDirection.direction>
        <quantity_Measure_Unit.name>MAW</quantity_Measure_Unit.name>
        <curveType>A01</curveType>
        <Period>
            <timeInterval>
                <start>2023-08-14T22:08Z</start>
                <end>2023-08-14T22:13Z</end>
            </timeInterval>
            <resolution>PT1M</resolution>
            <Point>
                <position>1</position>
                <quantity>12.00</quantity>
            </Point>
            <Point>
                <position>2</position>
                <quantity>34.00</quantity>
            </Point>
            <Point>
                <position>3</position>
                <quantity>19.00</quantity>
            </Point>
            <Point>
                <position>4</position>
                <quantity>19.00</quantity>
            </Point>
            <Point>
                <position>5</position>
                <quantity>3.00</quantity>
            </Point>
        </Period>
    </TimeSeries>
    <TimeSeries>
        <mRID>6</mRID>
        <businessType>B33</businessType>
        <flowDirection.direction>A02</flowDirection.direction>
        <quantity_Measure_Unit.name>MAW</quantity_Measure_Unit.name>
        <curveType>A01</curveType>
        <Period>
            <timeInterval>
                <start>2023-08-14T22:13Z</start>
                <end>2023-08-14T22:15Z</end>
            </timeInterval>
            <resolution>PT1M</resolution>
            <Point>
                <position>1</position>
                <quantity>22.00</quantity>
            </Point>
            <Point>
                <position>2</position>
                <quantity>34.00</quantity>
            </Point>
        </Period>
    </TimeSeries>
    <TimeSeries>
        <mRID>7</mRID>
        <businessType>B33</businessType>
        <flowDirection.direction>A01</flowDirection.direction>
        <quantity_Measure_Unit.name>MAW</quantity_Measure_Unit.name>
        <curveType>A01</curveType>
        <Period>
            <timeInterval>
                <start>2023-08-14T22:15Z</start>
                <end>2023-08-14T22:17Z</end>
            </timeInterval>
            <resolution>PT1M</resolution>
            <Point>
                <position>1</position>
                <quantity>51.00</quantity>
            </Point>
            <Point>
                <position>2</position>
                <quantity>12.00</quantity>
            </Point>
        </Period>
    </TimeSeries>
    <TimeSeries>
        <mRID>8</mRID>
        <businessType>B33</businessType>
        <flowDirection.direction>A02</flowDirection.direction>
        <quantity_Measure_Unit.name>MAW</quantity_Measure_Unit.name>
        <curveType>A01</curveType>
        <Period>
            <timeInterval>
                <start>2023-08-14T22:17Z</start>
                <end>2023-08-14T22:19Z</end>
            </timeInterval>
            <resolution>PT1M</resolution>
            <Point>
                <position>1</position>
                <quantity>15.00</quantity>
            </Point>
            <Point>
                <position>2</position>
                <quantity>9.00</quantity>
            </Point>
        </Period>
    </TimeSeries>
    <TimeSeries>
        <mRID>9</mRID>
        <businessType>B33</businessType>
        <flowDirection.direction>A01</flowDirection.direction>
        <quantity_Measure_Unit.name>MAW</quantity_Measure_Unit.name>
        <curveType>A01</curveType>
        <Period>
            <timeInterval>
                <start>2023-08-14T22:19Z</start>
                <end>2023-08-14T22:20Z</end>
            </timeInterval>
            <resolution>PT1M</resolution>
            <Point>
                <position>1</position>
                <quantity>6.00</quantity>
            </Point>
        </Period>
    </TimeSeries>
    <TimeSeries>
        <mRID>10</mRID>
        <businessType>B33</businessType>
        <flowDirection.direction>A03</flowDirection.direction>
        <quantity_Measure_Unit.name>MAW</quantity_Measure_Unit.name>
        <curveType>A01</curveType>
        <Period>
            <timeInterval>
                <start>2023-08-14T22:20Z</start>
                <end>2023-08-14T22:21Z</end>
            </timeInterval>
            <resolution>PT1M</resolution>
            <Point>
                <position>1</position>
                <quantity>0.00</quantity>
            </Point>
        </Period>
    </TimeSeries>
    <TimeSeries>
        <mRID>11</mRID>
        <businessType>B33</businessType>
        <flowDirection.direction>A02</flowDirection.direction>
        <quantity_Measure_Unit.name>MAW</quantity_Measure_Unit.name>
        <curveType>A01</curveType>
        <Period>
            <timeInterval>
                <start>2023-08-14T22:21Z</start>
                <end>2023-08-14T22:27Z</end>
            </timeInterval>
            <resolution>PT1M</resolution>
            <Point>
                <position>1</position>
                <quantity>11.00</quantity>
            </Point>
            <Point>
                <position>2</position>
                <quantity>27.00</quantity>
            </Point>
            <Point>
                <position>3</position>
                <quantity>47.00</quantity>
            </Point>
            <Point>
                <position>4</position>
                <quantity>18.00</quantity>
            </Point>
            <Point>
                <position>5</position>
                <quantity>6.00</quantity>
            </Point>
            <Point>
                <position>6</position>
                <quantity>9.00</quantity>
            </Point>
        </Period>
    </TimeSeries>
    <TimeSeries>
        <mRID>12</mRID>
        <businessType>B33</businessType>
        <flowDirection.direction>A01</flowDirection.direction>
        <quantity_Measure_Unit.name>MAW</quantity_Measure_Unit.name>
        <curveType>A01</curveType>
        <Period>
            <timeInterval>
                <start>2023-08-14T22:27Z</start>
                <end>2023-08-14T22:31Z</end>
            </timeInterval>
            <resolution>PT1M</resolution>
            <Point>
                <position>1</position>
                <quantity>3.00</quantity>
            </Point>
            <Point>
                <position>2</position>
                <quantity>18.00</quantity>
            </Point>
            <Point>
                <position>3</position>
                <quantity>8.00</quantity>
            </Point>
            <Point>
                <position>4</position>
                <quantity>11.00</quantity>
            </Point>
        </Period>
    </TimeSeries>
    <TimeSeries>
        <mRID>13</mRID>
        <businessType>B33</businessType>
        <flowDirection.direction>A03</flowDirection.direction>
        <quantity_Measure_Unit.name>MAW</quantity_Measure_Unit.name>
        <curveType>A01</curveType>
        <Period>
            <timeInterval>
                <start>2023-08-14T22:31Z</start>
                <end>2023-08-14T22:32Z</end>
            </timeInterval>
            <resolution>PT1M</resolution>
            <Point>
                <position>1</position>
                <quantity>0.00</quantity>
            </Point>
        </Period>
    </TimeSeries>
    <TimeSeries>
        <mRID>14</mRID>
        <businessType>B33</businessType>
        <flowDirection.direction>A01</flowDirection.direction>
        <quantity_Measure_Unit.name>MAW</quantity_Measure_Unit.name>
        <curveType>A01</curveType>
        <Period>
            <timeInterval>
                <start>2023-08-14T22:32Z</start>
                <end>2023-08-14T22:35Z</end>
            </timeInterval>
            <resolution>PT1M</resolution>
            <Point>
                <position>1</position>
                <quantity>9.00</quantity>
            </Point>
            <Point>
                <position>2</position>
                <quantity>2.00</quantity>
            </Point>
            <Point>
                <position>3</position>
                <quantity>2.00</quantity>
            </Point>
        </Period>
    </TimeSeries>
    <TimeSeries>
        <mRID>15</mRID>
        <businessType>B33</businessType>
        <flowDirection.direction>A02</flowDirection.direction>
        <quantity_Measure_Unit.name>MAW</quantity_Measure_Unit.name>
        <curveType>A01</curveType>
        <Period>
            <timeInterval>
                <start>2023-08-14T22:35Z</start>
                <end>2023-08-14T22:39Z</end>
            </timeInterval>
            <resolution>PT1M</resolution>
            <Point>
                <position>1</position>
                <quantity>9.00</quantity>
            </Point>
            <Point>
                <position>2</position>
                <quantity>11.00</quantity>
            </Point>
            <Point>
                <position>3</position>
                <quantity>5.00</quantity>
            </Point>
            <Point>
                <position>4</position>
                <quantity>34.00</quantity>
            </Point>
        </Period>
    </TimeSeries>
    <TimeSeries>
        <mRID>16</mRID>
        <businessType>B33</businessType>
        <flowDirection.direction>A01</flowDirection.direction>
        <quantity_Measure_Unit.name>MAW</quantity_Measure_Unit.name>
        <curveType>A01</curveType>
        <Period>
            <timeInterval>
                <start>2023-08-14T22:39Z</start>
                <end>2023-08-14T22:40Z</end>
            </timeInterval>
            <resolution>PT1M</resolution>
            <Point>
                <position>1</position>
                <quantity>6.00</quantity>
            </Point>
        </Period>
    </TimeSeries>
    <TimeSeries>
        <mRID>17</mRID>
        <businessType>B33</businessType>
        <flowDirection.direction>A02</flowDirection.direction>
        <quantity_Measure_Unit.name>MAW</quantity_Measure_Unit.name>
        <curveType>A01</curveType>
        <Period>
            <timeInterval>
                <start>2023-08-14T22:40Z</start>
                <end>2023-08-14T22:43Z</end>
            </timeInterval>
            <resolution>PT1M</resolution>
            <Point>
                <position>1</position>
                <quantity>7.00</quantity>
            </Point>
            <Point>
                <position>2</position>
                <quantity>17.00</quantity>
            </Point>
            <Point>
                <position>3</position>
                <quantity>23.00</quantity>
            </Point>
        </Period>
    </TimeSeries>
    <TimeSeries>
        <mRID>18</mRID>
        <businessType>B33</businessType>
        <flowDirection.direction>A01</flowDirection.direction>
        <quantity_Measure_Unit.name>MAW</quantity_Measure_Unit.name>
        <curveType>A01</curveType>
        <Period>
            <timeInterval>
                <start>2023-08-14T22:43Z</start>
                <end>2023-08-14T22:44Z</end>
            </timeInterval>
            <resolution>PT1M</resolution>
            <Point>
                <position>1</position>
                <quantity>40.00</quantity>
            </Point>
        </Period>
    </TimeSeries>
    <TimeSeries>
        <mRID>19</mRID>
        <businessType>B33</businessType>
        <flowDirection.direction>A02</flowDirection.direction>
        <quantity_Measure_Unit.name>MAW</quantity_Measure_Unit.name>
        <curveType>A01</curveType>
        <Period>
            <timeInterval>
                <start>2023-08-14T22:44Z</start>
                <end>2023-08-14T22:46Z</end>
            </timeInterval>
            <resolution>PT1M</resolution>
            <Point>
                <position>1</position>
                <quantity>27.00</quantity>
            </Point>
            <Point>
                <position>2</position>
                <quantity>50.00</quantity>
            </Point>
        </Period>
    </TimeSeries>
    <TimeSeries>
        <mRID>20</mRID>
        <businessType>B33</businessType>
        <flowDirection.direction>A01</flowDirection.direction>
        <quantity_Measure_Unit.name>MAW</quantity_Measure_Unit.name>
        <curveType>A01</curveType>
        <Period>
            <timeInterval>
                <start>2023-08-14T22:46Z</start>
                <end>2023-08-14T22:49Z</end>
            </timeInterval>
            <resolution>PT1M</resolution>
            <Point>
                <position>1</position>
                <quantity>24.00</quantity>
            </Point>
            <Point>
                <position>2</position>
                <quantity>28.00</quantity>
            </Point>
            <Point>
                <position>3</position>
                <quantity>11.00</quantity>
            </Point>
        </Period>
    </TimeSeries>
    <TimeSeries>
        <mRID>21</mRID>
        <businessType>B33</businessType>
        <flowDirection.direction>A02</flowDirection.direction>
        <quantity_Measure_Unit.name>MAW</quantity_Measure_Unit.name>
        <curveType>A01</curveType>
        <Period>
            <timeInterval>
                <start>2023-08-14T22:49Z</start>
                <end>2023-08-14T22:50Z</end>
            </timeInterval>
            <resolution>PT1M</resolution>
            <Point>
                <position>1</position>
                <quantity>10.00</quantity>
            </Point>
        </Period>
    </TimeSeries>
    <TimeSeries>
        <mRID>22</mRID>
        <businessType>B33</businessType>
        <flowDirection.direction>A01</flowDirection.direction>
        <quantity_Measure_Unit.name>MAW</quantity_Measure_Unit.name>
        <curveType>A01</curveType>
        <Period>
            <timeInterval>
                <start>2023-08-14T22:50Z</start>
                <end>2023-08-14T22:51Z</end>
            </timeInterval>
            <resolution>PT1M</resolution>
            <Point>
                <position>1</position>
                <quantity>7.00</quantity>
            </Point>
        </Period>
    </TimeSeries>
    <TimeSeries>
        <mRID>23</mRID>
        <businessType>B33</businessType>
        <flowDirection.direction>A02</flowDirection.direction>
        <quantity_Measure_Unit.name>MAW</quantity_Measure_Unit.name>
        <curveType>A01</curveType>
        <Period>
            <timeInterval>
                <start>2023-08-14T22:51Z</start>
                <end>2023-08-14T22:57Z</end>
            </timeInterval>
            <resolution>PT1M</resolution>
            <Point>
                <position>1</position>
                <quantity>4.00</quantity>
            </Point>
            <Point>
                <position>2</position>
                <quantity>21.00</quantity>
            </Point>
            <Point>
                <position>3</position>
                <quantity>4.00</quantity>
            </Point>
            <Point>
                <position>4</position>
                <quantity>26.00</quantity>
            </Point>
            <Point>
                <position>5</position>
                <quantity>14.00</quantity>
            </Point>
            <Point>
                <position>6</position>
                <quantity>44.00</quantity>
            </Point>
        </Period>
    </TimeSeries>
    <TimeSeries>
        <mRID>24</mRID>
        <businessType>B33</businessType>
        <flowDirection.direction>A01</flowDirection.direction>
        <quantity_Measure_Unit.name>MAW</quantity_Measure_Unit.name>
        <curveType>A01</curveType>
        <Period>
            <timeInterval>
                <start>2023-08-14T22:57Z</start>
                <end>2023-08-14T22:58Z</end>
            </timeInterval>
            <resolution>PT1M</resolution>
            <Point>
                <position>1</position>
                <quantity>23.00</quantity>
            </Point>
        </Period>
    </TimeSeries>
    <TimeSeries>
        <mRID>25</mRID>
        <businessType>B33</businessType>
        <flowDirection.direction>A02</flowDirection.direction>
        <quantity_Measure_Unit.name>MAW</quantity_Measure_Unit.name>
        <curveType>A01</curveType>
        <Period>
            <timeInterval>
                <start>2023-08-14T22:58Z</start>
                <end>2023-08-14T22:59Z</end>
            </timeInterval>
            <resolution>PT1M</resolution>
            <Point>
                <position>1</position>
                <quantity>24.00</quantity>
            </Point>
        </Period>
    </TimeSeries>
    <TimeSeries>
        <mRID>26</mRID>
        <businessType>B33</businessType>
        <flowDirection.direction>A01</flowDirection.direction>
        <quantity_Measure_Unit.name>MAW</quantity_Measure_Unit.name>
        <curveType>A01</curveType>
        <Period>
            <timeInterval>
                <start>2023-08-14T22:59Z</start>
                <end>2023-08-14T23:00Z</end>
            </timeInterval>
            <resolution>PT1M</resolution>
            <Point>
                <position>1</position>
                <quantity>11.00</quantity>
            </Point>
        </Period>
    </TimeSeries>
    <TimeSeries>
        <mRID>27</mRID>
        <businessType>B33</businessType>
        <flowDirection.direction>A02</flowDirection.direction>
        <quantity_Measure_Unit.name>MAW</quantity_Measure_Unit.name>
        <curveType>A01</curveType>
        <Period>
            <timeInterval>
                <start>2023-08-14T23:00Z</start>
                <end>2023-08-14T23:01Z</end>
            </timeInterval>
            <resolution>PT1M</resolution>
            <Point>
                <position>1</position>
                <quantity>25.00</quantity>
            </Point>
        </Period>
    </TimeSeries>
    <TimeSeries>
        <mRID>28</mRID>
        <businessType>B33</businessType>
        <flowDirection.direction>A01</flowDirection.direction>
        <quantity_Measure_Unit.name>MAW</quantity_Measure_Unit.name>
        <curveType>A01</curveType>
        <Period>
            <timeInterval>
                <start>2023-08-14T23:01Z</start>
                <end>2023-08-14T23:05Z</end>
            </timeInterval>
            <resolution>PT1M</resolution>
            <Point>
                <position>1</position>
                <quantity>78.00</quantity>
            </Point>
            <Point>
                <position>2</position>
                <quantity>90.00</quantity>
            </Point>
            <Point>
                <position>3</position>
                <quantity>42.00</quantity>
            </Point>
            <Point>
                <position>4</position>
                <quantity>3.00</quantity>
            </Point>
        </Period>
    </TimeSeries>
    <TimeSeries>
        <mRID>29</mRID>
        <businessType>B33</businessType>
        <flowDirection.direction>A02</flowDirection.direction>
        <quantity_Measure_Unit.name>MAW</quantity_Measure_Unit.name>
        <curveType>A01</curveType>
        <Period>
            <timeInterval>
                <start>2023-08-14T23:05Z</start>
                <end>2023-08-14T23:08Z</end>
            </timeInterval>
            <resolution>PT1M</resolution>
            <Point>
                <position>1</position>
                <quantity>10.00</quantity>
            </Point>
            <Point>
                <position>2</position>
                <quantity>8.00</quantity>
            </Point>
            <Point>
                <position>3</position>
                <quantity>4.00</quantity>
            </Point>
        </Period>
    </TimeSeries>
    <TimeSeries>
        <mRID>30</mRID>
        <businessType>B33</businessType>
        <flowDirection.direction>A01</flowDirection.direction>
        <quantity_Measure_Unit.name>MAW</quantity_Measure_Unit.name>
        <curveType>A01</curveType>
        <Period>
            <timeInterval>
                <start>2023-08-14T23:08Z</start>
                <end>2023-08-14T23:10Z</end>
            </timeInterval>
            <resolution>PT1M</resolution>
            <Point>
                <position>1</position>
                <quantity>4.00</quantity>
            </Point>
            <Point>
                <position>2</position>
                <quantity>4.00</quantity>
            </Point>
        </Period>
    </TimeSeries>
    <TimeSeries>
        <mRID>31</mRID>
        <businessType>B33</businessType>
        <flowDirection.direction>A03</flowDirection.direction>
        <quantity_Measure_Unit.name>MAW</quantity_Measure_Unit.name>
        <curveType>A01</curveType>
        <Period>
            <timeInterval>
                <start>2023-08-14T23:10Z</start>
                <end>2023-08-14T23:11Z</end>
            </timeInterval>
            <resolution>PT1M</resolution>
            <Point>
                <position>1</position>
                <quantity>0.00</quantity>
            </Point>
        </Period>
    </TimeSeries>
    <TimeSeries>
        <mRID>32</mRID>
        <businessType>B33</businessType>
        <flowDirection.direction>A01</flowDirection.direction>
        <quantity_Measure_Unit.name>MAW</quantity_Measure_Unit.name>
        <curveType>A01</curveType>
        <Period>
            <timeInterval>
                <start>2023-08-14T23:11Z</start>
                <end>2023-08-14T23:17Z</end>
            </timeInterval>
            <resolution>PT1M</resolution>
            <Point>
                <position>1</position>
                <quantity>7.00</quantity>
            </Point>
            <Point>
                <position>2</position>
                <quantity>7.00</quantity>
            </Point>
            <Point>
                <position>3</position>
                <quantity>3.00</quantity>
            </Point>
            <Point>
                <position>4</position>
                <quantity>10.00</quantity>
            </Point>
            <Point>
                <position>5</position>
                <quantity>8.00</quantity>
            </Point>
            <Point>
                <position>6</position>
                <quantity>20.00</quantity>
            </Point>
        </Period>
    </TimeSeries>
    <TimeSeries>
        <mRID>33</mRID>
        <businessType>B33</businessType>
        <flowDirection.direction>A02</flowDirection.direction>
        <quantity_Measure_Unit.name>MAW</quantity_Measure_Unit.name>
        <curveType>A01</curveType>
        <Period>
            <timeInterval>
                <start>2023-08-14T23:17Z</start>
                <end>2023-08-14T23:20Z</end>
            </timeInterval>
            <resolution>PT1M</resolution>
            <Point>
                <position>1</position>
                <quantity>13.00</quantity>
            </Point>
            <Point>
                <position>2</position>
                <quantity>21.00</quantity>
            </Point>
            <Point>
                <position>3</position>
                <quantity>14.00</quantity>
            </Point>
        </Period>
    </TimeSeries>
    <TimeSeries>
        <mRID>34</mRID>
        <businessType>B33</businessType>
        <flowDirection.direction>A03</flowDirection.direction>
        <quantity_Measure_Unit.name>MAW</quantity_Measure_Unit.name>
        <curveType>A01</curveType>
        <Period>
            <timeInterval>
                <start>2023-08-14T23:20Z</start>
                <end>2023-08-14T23:21Z</end>
            </timeInterval>
            <resolution>PT1M</resolution>
            <Point>
                <position>1</position>
                <quantity>0.00</quantity>
            </Point>
        </Period>
    </TimeSeries>
    <TimeSeries>
        <mRID>35</mRID>
        <businessType>B33</businessType>
        <flowDirection.direction>A01</flowDirection.direction>
        <quantity_Measure_Unit.name>MAW</quantity_Measure_Unit.name>
        <curveType>A01</curveType>
        <Period>
            <timeInterval>
                <start>2023-08-14T23:21Z</start>
                <end>2023-08-14T23:23Z</end>
            </timeInterval>
            <resolution>PT1M</resolution>
            <Point>
                <position>1</position>
                <quantity>7.00</quantity>
            </Point>
            <Point>
                <position>2</position>
                <quantity>13.00</quantity>
            </Point>
        </Period>
    </TimeSeries>
    <TimeSeries>
        <mRID>36</mRID>
        <businessType>B33</businessType>
        <flowDirection.direction>A02</flowDirection.direction>
        <quantity_Measure_Unit.name>MAW</quantity_Measure_Unit.name>
        <curveType>A01</curveType>
        <Period>
            <timeInterval>
                <start>2023-08-14T23:23Z</start>
                <end>2023-08-14T23:24Z</end>
            </timeInterval>
            <resolution>PT1M</resolution>
            <Point>
                <position>1</position>
                <quantity>12.00</quantity>
            </Point>
        </Period>
    </TimeSeries>
    <TimeSeries>
        <mRID>37</mRID>
        <businessType>B33</businessType>
        <flowDirection.direction>A01</flowDirection.direction>
        <quantity_Measure_Unit.name>MAW</quantity_Measure_Unit.name>
        <curveType>A01</curveType>
        <Period>
            <timeInterval>
                <start>2023-08-14T23:24Z</start>
                <end>2023-08-14T23:25Z</end>
            </timeInterval>
            <resolution>PT1M</resolution>
            <Point>
                <position>1</position>
                <quantity>1.00</quantity>
            </Point>
        </Period>
    </TimeSeries>
    <TimeSeries>
        <mRID>38</mRID>
        <businessType>B33</businessType>
        <flowDirection.direction>A02</flowDirection.direction>
        <quantity_Measure_Unit.name>MAW</quantity_Measure_Unit.name>
        <curveType>A01</curveType>
        <Period>
            <timeInterval>
                <start>2023-08-14T23:25Z</start>
                <end>2023-08-14T23:26Z</end>
            </timeInterval>
            <resolution>PT1M</resolution>
            <Point>
                <position>1</position>
                <quantity>4.00</quantity>
            </Point>
        </Period>
    </TimeSeries>
    <TimeSeries>
        <mRID>39</mRID>
        <businessType>B33</businessType>
        <flowDirection.direction>A01</flowDirection.direction>
        <quantity_Measure_Unit.name>MAW</quantity_Measure_Unit.name>
        <curveType>A01</curveType>
        <Period>
            <timeInterval>
                <start>2023-08-14T23:26Z</start>
                <end>2023-08-14T23:27Z</end>
            </timeInterval>
            <resolution>PT1M</resolution>
            <Point>
                <position>1</position>
                <quantity>2.00</quantity>
            </Point>
        </Period>
    </TimeSeries>
    <TimeSeries>
        <mRID>40</mRID>
        <businessType>B33</businessType>
        <flowDirection.direction>A02</flowDirection.direction>
        <quantity_Measure_Unit.name>MAW</quantity_Measure_Unit.name>
        <curveType>A01</curveType>
        <Period>
            <timeInterval>
                <start>2023-08-14T23:27Z</start>
                <end>2023-08-14T23:28Z</end>
            </timeInterval>
            <resolution>PT1M</resolution>
            <Point>
                <position>1</position>
                <quantity>12.00</quantity>
            </Point>
        </Period>
    </TimeSeries>
    <TimeSeries>
        <mRID>41</mRID>
        <businessType>B33</businessType>
        <flowDirection.direction>A01</flowDirection.direction>
        <quantity_Measure_Unit.name>MAW</quantity_Measure_Unit.name>
        <curveType>A01</curveType>
        <Period>
            <timeInterval>
                <start>2023-08-14T23:28Z</start>
                <end>2023-08-14T23:29Z</end>
            </timeInterval>
            <resolution>PT1M</resolution>
            <Point>
                <position>1</position>
                <quantity>15.00</quantity>
            </Point>
        </Period>
    </TimeSeries>
    <TimeSeries>
        <mRID>42</mRID>
        <businessType>B33</businessType>
        <flowDirection.direction>A02</flowDirection.direction>
        <quantity_Measure_Unit.name>MAW</quantity_Measure_Unit.name>
        <curveType>A01</curveType>
        <Period>
            <timeInterval>
                <start>2023-08-14T23:29Z</start>
                <end>2023-08-14T23:30Z</end>
            </timeInterval>
            <resolution>PT1M</resolution>
            <Point>
                <position>1</position>
                <quantity>3.00</quantity>
            </Point>
        </Period>
    </TimeSeries>
    <TimeSeries>
        <mRID>43</mRID>
        <businessType>B33</businessType>
        <flowDirection.direction>A03</flowDirection.direction>
        <quantity_Measure_Unit.name>MAW</quantity_Measure_Unit.name>
        <curveType>A01</curveType>
        <Period>
            <timeInterval>
                <start>2023-08-14T23:30Z</start>
                <end>2023-08-14T23:31Z</end>
            </timeInterval>
            <resolution>PT1M</resolution>
            <Point>
                <position>1</position>
                <quantity>0.00</quantity>
            </Point>
        </Period>
    </TimeSeries>
    <TimeSeries>
        <mRID>44</mRID>
        <businessType>B33</businessType>
        <flowDirection.direction>A01</flowDirection.direction>
        <quantity_Measure_Unit.name>MAW</quantity_Measure_Unit.name>
        <curveType>A01</curveType>
        <Period>
            <timeInterval>
                <start>2023-08-14T23:31Z</start>
                <end>2023-08-14T23:32Z</end>
            </timeInterval>
            <resolution>PT1M</resolution>
            <Point>
                <position>1</position>
                <quantity>9.00</quantity>
            </Point>
        </Period>
    </TimeSeries>
    <TimeSeries>
        <mRID>45</mRID>
        <businessType>B33</businessType>
        <flowDirection.direction>A02</flowDirection.direction>
        <quantity_Measure_Unit.name>MAW</quantity_Measure_Unit.name>
        <curveType>A01</curveType>
        <Period>
            <timeInterval>
                <start>2023-08-14T23:32Z</start>
                <end>2023-08-14T23:33Z</end>
            </timeInterval>
            <resolution>PT1M</resolution>
            <Point>
                <position>1</position>
                <quantity>6.00</quantity>
            </Point>
        </Period>
    </TimeSeries>
    <TimeSeries>
        <mRID>46</mRID>
        <businessType>B33</businessType>
        <flowDirection.direction>A01</flowDirection.direction>
        <quantity_Measure_Unit.name>MAW</quantity_Measure_Unit.name>
        <curveType>A01</curveType>
        <Period>
            <timeInterval>
                <start>2023-08-14T23:33Z</start>
                <end>2023-08-14T23:34Z</end>
            </timeInterval>
            <resolution>PT1M</resolution>
            <Point>
                <position>1</position>
                <quantity>2.00</quantity>
            </Point>
        </Period>
    </TimeSeries>
    <TimeSeries>
        <mRID>47</mRID>
        <businessType>B33</businessType>
        <flowDirection.direction>A02</flowDirection.direction>
        <quantity_Measure_Unit.name>MAW</quantity_Measure_Unit.name>
        <curveType>A01</curveType>
        <Period>
            <timeInterval>
                <start>2023-08-14T23:34Z</start>
                <end>2023-08-14T23:35Z</end>
            </timeInterval>
            <resolution>PT1M</resolution>
            <Point>
                <position>1</position>
                <quantity>6.00</quantity>
            </Point>
        </Period>
    </TimeSeries>
    <TimeSeries>
        <mRID>48</mRID>
        <businessType>B33</businessType>
        <flowDirection.direction>A01</flowDirection.direction>
        <quantity_Measure_Unit.name>MAW</quantity_Measure_Unit.name>
        <curveType>A01</curveType>
        <Period>
            <timeInterval>
                <start>2023-08-14T23:35Z</start>
                <end>2023-08-14T23:36Z</end>
            </timeInterval>
            <resolution>PT1M</resolution>
            <Point>
                <position>1</position>
                <quantity>9.00</quantity>
            </Point>
        </Period>
    </TimeSeries>
    <TimeSeries>
        <mRID>49</mRID>
        <businessType>B33</businessType>
        <flowDirection.direction>A02</flowDirection.direction>
        <quantity_Measure_Unit.name>MAW</quantity_Measure_Unit.name>
        <curveType>A01</curveType>
        <Period>
            <timeInterval>
                <start>2023-08-14T23:36Z</start>
                <end>2023-08-14T23:37Z</end>
            </timeInterval>
            <resolution>PT1M</resolution>
            <Point>
                <position>1</position>
                <quantity>3.00</quantity>
            </Point>
        </Period>
    </TimeSeries>
    <TimeSeries>
        <mRID>50</mRID>
        <businessType>B33</businessType>
        <flowDirection.direction>A01</flowDirection.direction>
        <quantity_Measure_Unit.name>MAW</quantity_Measure_Unit.name>
        <curveType>A01</curveType>
        <Period>
            <timeInterval>
                <start>2023-08-14T23:37Z</start>
                <end>2023-08-14T23:38Z</end>
            </timeInterval>
            <resolution>PT1M</resolution>
            <Point>
                <position>1</position>
                <quantity>2.00</quantity>
            </Point>
        </Period>
    </TimeSeries>
    <TimeSeries>
        <mRID>51</mRID>
        <businessType>B33</businessType>
        <flowDirection.direction>A02</flowDirection.direction>
        <quantity_Measure_Unit.name>MAW</quantity_Measure_Unit.name>
        <curveType>A01</curveType>
        <Period>
            <timeInterval>
                <start>2023-08-14T23:38Z</start>
                <end>2023-08-14T23:39Z</end>
            </timeInterval>
            <resolution>PT1M</resolution>
            <Point>
                <position>1</position>
                <quantity>8.00</quantity>
            </Point>
        </Period>
    </TimeSeries>
    <TimeSeries>
        <mRID>52</mRID>
        <businessType>B33</businessType>
        <flowDirection.direction>A01</flowDirection.direction>
        <quantity_Measure_Unit.name>MAW</quantity_Measure_Unit.name>
        <curveType>A01</curveType>
        <Period>
            <timeInterval>
                <start>2023-08-14T23:39Z</start>
                <end>2023-08-14T23:41Z</end>
            </timeInterval>
            <resolution>PT1M</resolution>
            <Point>
                <position>1</position>
                <quantity>1.00</quantity>
            </Point>
            <Point>
                <position>2</position>
                <quantity>4.00</quantity>
            </Point>
        </Period>
    </TimeSeries>
    <TimeSeries>
        <mRID>53</mRID>
        <businessType>B33</businessType>
        <flowDirection.direction>A02</flowDirection.direction>
        <quantity_Measure_Unit.name>MAW</quantity_Measure_Unit.name>
        <curveType>A01</curveType>
        <Period>
            <timeInterval>
                <start>2023-08-14T23:41Z</start>
                <end>2023-08-14T23:45Z</end>
            </timeInterval>
            <resolution>PT1M</resolution>
            <Point>
                <position>1</position>
                <quantity>1.00</quantity>
            </Point>
            <Point>
                <position>2</position>
                <quantity>20.00</quantity>
            </Point>
            <Point>
                <position>3</position>
                <quantity>4.00</quantity>
            </Point>
            <Point>
                <position>4</position>
                <quantity>5.00</quantity>
            </Point>
        </Period>
    </TimeSeries>
    <TimeSeries>
        <mRID>54</mRID>
        <businessType>B33</businessType>
        <flowDirection.direction>A01</flowDirection.direction>
        <quantity_Measure_Unit.name>MAW</quantity_Measure_Unit.name>
        <curveType>A01</curveType>
        <Period>
            <timeInterval>
                <start>2023-08-14T23:45Z</start>
                <end>2023-08-14T23:50Z</end>
            </timeInterval>
            <resolution>PT1M</resolution>
            <Point>
                <position>1</position>
                <quantity>1.00</quantity>
            </Point>
            <Point>
                <position>2</position>
                <quantity>2.00</quantity>
            </Point>
            <Point>
                <position>3</position>
                <quantity>10.00</quantity>
            </Point>
            <Point>
                <position>4</position>
                <quantity>4.00</quantity>
            </Point>
            <Point>
                <position>5</position>
                <quantity>17.00</quantity>
            </Point>
        </Period>
    </TimeSeries>
    <TimeSeries>
        <mRID>55</mRID>
        <businessType>B33</businessType>
        <flowDirection.direction>A02</flowDirection.direction>
        <quantity_Measure_Unit.name>MAW</quantity_Measure_Unit.name>
        <curveType>A01</curveType>
        <Period>
            <timeInterval>
                <start>2023-08-14T23:50Z</start>
                <end>2023-08-14T23:51Z</end>
            </timeInterval>
            <resolution>PT1M</resolution>
            <Point>
                <position>1</position>
                <quantity>9.00</quantity>
            </Point>
        </Period>
    </TimeSeries>
    <TimeSeries>
        <mRID>56</mRID>
        <businessType>B33</businessType>
        <flowDirection.direction>A03</flowDirection.direction>
        <quantity_Measure_Unit.name>MAW</quantity_Measure_Unit.name>
        <curveType>A01</curveType>
        <Period>
            <timeInterval>
                <start>2023-08-14T23:51Z</start>
                <end>2023-08-14T23:52Z</end>
            </timeInterval>
            <resolution>PT1M</resolution>
            <Point>
                <position>1</position>
                <quantity>0.00</quantity>
            </Point>
        </Period>
    </TimeSeries>
    <TimeSeries>
        <mRID>57</mRID>
        <businessType>B33</businessType>
        <flowDirection.direction>A01</flowDirection.direction>
        <quantity_Measure_Unit.name>MAW</quantity_Measure_Unit.name>
        <curveType>A01</curveType>
        <Period>
            <timeInterval>
                <start>2023-08-14T23:52Z</start>
                <end>2023-08-14T23:53Z</end>
            </timeInterval>
            <resolution>PT1M</resolution>
            <Point>
                <position>1</position>
                <quantity>2.00</quantity>
            </Point>
        </Period>
    </TimeSeries>
    <TimeSeries>
        <mRID>58</mRID>
        <businessType>B33</businessType>
        <flowDirection.direction>A02</flowDirection.direction>
        <quantity_Measure_Unit.name>MAW</quantity_Measure_Unit.name>
        <curveType>A01</curveType>
        <Period>
            <timeInterval>
                <start>2023-08-14T23:53Z</start>
                <end>2023-08-15T00:00Z</end>
            </timeInterval>
            <resolution>PT1M</resolution>
            <Point>
                <position>1</position>
                <quantity>1.00</quantity>
            </Point>
            <Point>
                <position>2</position>
                <quantity>4.00</quantity>
            </Point>
            <Point>
                <position>3</position>
                <quantity>1.00</quantity>
            </Point>
            <Point>
                <position>4</position>
                <quantity>24.00</quantity>
            </Point>
            <Point>
                <position>5</position>
                <quantity>4.00</quantity>
            </Point>
            <Point>
                <position>6</position>
                <quantity>9.00</quantity>
            </Point>
            <Point>
                <position>7</position>
                <quantity>18.00</quantity>
            </Point>
        </Period>
    </TimeSeries>
    <TimeSeries>
        <mRID>59</mRID>
        <businessType>B33</businessType>
        <flowDirection.direction>A01</flowDirection.direction>
        <quantity_Measure_Unit.name>MAW</quantity_Measure_Unit.name>
        <curveType>A01</curveType>
        <Period>
            <timeInterval>
                <start>2023-08-15T00:00Z</start>
                <end>2023-08-15T00:05Z</end>
            </timeInterval>
            <resolution>PT1M</resolution>
            <Point>
                <position>1</position>
                <quantity>36.00</quantity>
            </Point>
            <Point>
                <position>2</position>
                <quantity>43.00</quantity>
            </Point>
            <Point>
                <position>3</position>
                <quantity>14.00</quantity>
            </Point>
            <Point>
                <position>4</position>
                <quantity>26.00</quantity>
            </Point>
            <Point>
                <position>5</position>
                <quantity>24.00</quantity>
            </Point>
        </Period>
    </TimeSeries>
    <TimeSeries>
        <mRID>60</mRID>
        <businessType>B33</businessType>
        <flowDirection.direction>A02</flowDirection.direction>
        <quantity_Measure_Unit.name>MAW</quantity_Measure_Unit.name>
        <curveType>A01</curveType>
        <Period>
            <timeInterval>
                <start>2023-08-15T00:05Z</start>
                <end>2023-08-15T00:07Z</end>
            </timeInterval>
            <resolution>PT1M</resolution>
            <Point>
                <position>1</position>
                <quantity>2.00</quantity>
            </Point>
            <Point>
                <position>2</position>
                <quantity>6.00</quantity>
            </Point>
        </Period>
    </TimeSeries>
    <TimeSeries>
        <mRID>61</mRID>
        <businessType>B33</businessType>
        <flowDirection.direction>A01</flowDirection.direction>
        <quantity_Measure_Unit.name>MAW</quantity_Measure_Unit.name>
        <curveType>A01</curveType>
        <Period>
            <timeInterval>
                <start>2023-08-15T00:07Z</start>
                <end>2023-08-15T00:11Z</end>
            </timeInterval>
            <resolution>PT1M</resolution>
            <Point>
                <position>1</position>
                <quantity>13.00</quantity>
            </Point>
            <Point>
                <position>2</position>
                <quantity>19.00</quantity>
            </Point>
            <Point>
                <position>3</position>
                <quantity>17.00</quantity>
            </Point>
            <Point>
                <position>4</position>
                <quantity>10.00</quantity>
            </Point>
        </Period>
    </TimeSeries>
    <TimeSeries>
        <mRID>62</mRID>
        <businessType>B33</businessType>
        <flowDirection.direction>A02</flowDirection.direction>
        <quantity_Measure_Unit.name>MAW</quantity_Measure_Unit.name>
        <curveType>A01</curveType>
        <Period>
            <timeInterval>
                <start>2023-08-15T00:11Z</start>
                <end>2023-08-15T00:14Z</end>
            </timeInterval>
            <resolution>PT1M</resolution>
            <Point>
                <position>1</position>
                <quantity>1.00</quantity>
            </Point>
            <Point>
                <position>2</position>
                <quantity>26.00</quantity>
            </Point>
            <Point>
                <position>3</position>
                <quantity>7.00</quantity>
            </Point>
        </Period>
    </TimeSeries>
    <TimeSeries>
        <mRID>63</mRID>
        <businessType>B33</businessType>
        <flowDirection.direction>A01</flowDirection.direction>
        <quantity_Measure_Unit.name>MAW</quantity_Measure_Unit.name>
        <curveType>A01</curveType>
        <Period>
            <timeInterval>
                <start>2023-08-15T00:14Z</start>
                <end>2023-08-15T00:15Z</end>
            </timeInterval>
            <resolution>PT1M</resolution>
            <Point>
                <position>1</position>
                <quantity>16.00</quantity>
            </Point>
        </Period>
    </TimeSeries>
    <TimeSeries>
        <mRID>64</mRID>
        <businessType>B33</businessType>
        <flowDirection.direction>A02</flowDirection.direction>
        <quantity_Measure_Unit.name>MAW</quantity_Measure_Unit.name>
        <curveType>A01</curveType>
        <Period>
            <timeInterval>
                <start>2023-08-15T00:15Z</start>
                <end>2023-08-15T00:17Z</end>
            </timeInterval>
            <resolution>PT1M</resolution>
            <Point>
                <position>1</position>
                <quantity>2.00</quantity>
            </Point>
            <Point>
                <position>2</position>
                <quantity>19.00</quantity>
            </Point>
        </Period>
    </TimeSeries>
    <TimeSeries>
        <mRID>65</mRID>
        <businessType>B33</businessType>
        <flowDirection.direction>A01</flowDirection.direction>
        <quantity_Measure_Unit.name>MAW</quantity_Measure_Unit.name>
        <curveType>A01</curveType>
        <Period>
            <timeInterval>
                <start>2023-08-15T00:17Z</start>
                <end>2023-08-15T00:18Z</end>
            </timeInterval>
            <resolution>PT1M</resolution>
            <Point>
                <position>1</position>
                <quantity>12.00</quantity>
            </Point>
        </Period>
    </TimeSeries>
    <TimeSeries>
        <mRID>66</mRID>
        <businessType>B33</businessType>
        <flowDirection.direction>A02</flowDirection.direction>
        <quantity_Measure_Unit.name>MAW</quantity_Measure_Unit.name>
        <curveType>A01</curveType>
        <Period>
            <timeInterval>
                <start>2023-08-15T00:18Z</start>
                <end>2023-08-15T00:20Z</end>
            </timeInterval>
            <resolution>PT1M</resolution>
            <Point>
                <position>1</position>
                <quantity>19.00</quantity>
            </Point>
            <Point>
                <position>2</position>
                <quantity>15.00</quantity>
            </Point>
        </Period>
    </TimeSeries>
    <TimeSeries>
        <mRID>67</mRID>
        <businessType>B33</businessType>
        <flowDirection.direction>A01</flowDirection.direction>
        <quantity_Measure_Unit.name>MAW</quantity_Measure_Unit.name>
        <curveType>A01</curveType>
        <Period>
            <timeInterval>
                <start>2023-08-15T00:20Z</start>
                <end>2023-08-15T00:21Z</end>
            </timeInterval>
            <resolution>PT1M</resolution>
            <Point>
                <position>1</position>
                <quantity>20.00</quantity>
            </Point>
        </Period>
    </TimeSeries>
    <TimeSeries>
        <mRID>68</mRID>
        <businessType>B33</businessType>
        <flowDirection.direction>A02</flowDirection.direction>
        <quantity_Measure_Unit.name>MAW</quantity_Measure_Unit.name>
        <curveType>A01</curveType>
        <Period>
            <timeInterval>
                <start>2023-08-15T00:21Z</start>
                <end>2023-08-15T00:27Z</end>
            </timeInterval>
            <resolution>PT1M</resolution>
            <Point>
                <position>1</position>
                <quantity>13.00</quantity>
            </Point>
            <Point>
                <position>2</position>
                <quantity>28.00</quantity>
            </Point>
            <Point>
                <position>3</position>
                <quantity>25.00</quantity>
            </Point>
            <Point>
                <position>4</position>
                <quantity>3.00</quantity>
            </Point>
            <Point>
                <position>5</position>
                <quantity>7.00</quantity>
            </Point>
            <Point>
                <position>6</position>
                <quantity>4.00</quantity>
            </Point>
        </Period>
    </TimeSeries>
    <TimeSeries>
        <mRID>69</mRID>
        <businessType>B33</businessType>
        <flowDirection.direction>A01</flowDirection.direction>
        <quantity_Measure_Unit.name>MAW</quantity_Measure_Unit.name>
        <curveType>A01</curveType>
        <Period>
            <timeInterval>
                <start>2023-08-15T00:27Z</start>
                <end>2023-08-15T00:30Z</end>
            </timeInterval>
            <resolution>PT1M</resolution>
            <Point>
                <position>1</position>
                <quantity>10.00</quantity>
            </Point>
            <Point>
                <position>2</position>
                <quantity>3.00</quantity>
            </Point>
            <Point>
                <position>3</position>
                <quantity>1.00</quantity>
            </Point>
        </Period>
    </TimeSeries>
    <TimeSeries>
        <mRID>70</mRID>
        <businessType>B33</businessType>
        <flowDirection.direction>A02</flowDirection.direction>
        <quantity_Measure_Unit.name>MAW</quantity_Measure_Unit.name>
        <curveType>A01</curveType>
        <Period>
            <timeInterval>
                <start>2023-08-15T00:30Z</start>
                <end>2023-08-15T00:31Z</end>
            </timeInterval>
            <resolution>PT1M</resolution>
            <Point>
                <position>1</position>
                <quantity>8.00</quantity>
            </Point>
        </Period>
    </TimeSeries>
    <TimeSeries>
        <mRID>71</mRID>
        <businessType>B33</businessType>
        <flowDirection.direction>A01</flowDirection.direction>
        <quantity_Measure_Unit.name>MAW</quantity_Measure_Unit.name>
        <curveType>A01</curveType>
        <Period>
            <timeInterval>
                <start>2023-08-15T00:31Z</start>
                <end>2023-08-15T00:32Z</end>
            </timeInterval>
            <resolution>PT1M</resolution>
            <Point>
                <position>1</position>
                <quantity>9.00</quantity>
            </Point>
        </Period>
    </TimeSeries>
    <TimeSeries>
        <mRID>72</mRID>
        <businessType>B33</businessType>
        <flowDirection.direction>A02</flowDirection.direction>
        <quantity_Measure_Unit.name>MAW</quantity_Measure_Unit.name>
        <curveType>A01</curveType>
        <Period>
            <timeInterval>
                <start>2023-08-15T00:32Z</start>
                <end>2023-08-15T00:34Z</end>
            </timeInterval>
            <resolution>PT1M</resolution>
            <Point>
                <position>1</position>
                <quantity>3.00</quantity>
            </Point>
            <Point>
                <position>2</position>
                <quantity>3.00</quantity>
            </Point>
        </Period>
    </TimeSeries>
    <TimeSeries>
        <mRID>73</mRID>
        <businessType>B33</businessType>
        <flowDirection.direction>A01</flowDirection.direction>
        <quantity_Measure_Unit.name>MAW</quantity_Measure_Unit.name>
        <curveType>A01</curveType>
        <Period>
            <timeInterval>
                <start>2023-08-15T00:34Z</start>
                <end>2023-08-15T00:35Z</end>
            </timeInterval>
            <resolution>PT1M</resolution>
            <Point>
                <position>1</position>
                <quantity>24.00</quantity>
            </Point>
        </Period>
    </TimeSeries>
    <TimeSeries>
        <mRID>74</mRID>
        <businessType>B33</businessType>
        <flowDirection.direction>A02</flowDirection.direction>
        <quantity_Measure_Unit.name>MAW</quantity_Measure_Unit.name>
        <curveType>A01</curveType>
        <Period>
            <timeInterval>
                <start>2023-08-15T00:35Z</start>
                <end>2023-08-15T00:36Z</end>
            </timeInterval>
            <resolution>PT1M</resolution>
            <Point>
                <position>1</position>
                <quantity>3.00</quantity>
            </Point>
        </Period>
    </TimeSeries>
    <TimeSeries>
        <mRID>75</mRID>
        <businessType>B33</businessType>
        <flowDirection.direction>A01</flowDirection.direction>
        <quantity_Measure_Unit.name>MAW</quantity_Measure_Unit.name>
        <curveType>A01</curveType>
        <Period>
            <timeInterval>
                <start>2023-08-15T00:36Z</start>
                <end>2023-08-15T00:39Z</end>
            </timeInterval>
            <resolution>PT1M</resolution>
            <Point>
                <position>1</position>
                <quantity>3.00</quantity>
            </Point>
            <Point>
                <position>2</position>
                <quantity>13.00</quantity>
            </Point>
            <Point>
                <position>3</position>
                <quantity>16.00</quantity>
            </Point>
        </Period>
    </TimeSeries>
    <TimeSeries>
        <mRID>76</mRID>
        <businessType>B33</businessType>
        <flowDirection.direction>A02</flowDirection.direction>
        <quantity_Measure_Unit.name>MAW</quantity_Measure_Unit.name>
        <curveType>A01</curveType>
        <Period>
            <timeInterval>
                <start>2023-08-15T00:39Z</start>
                <end>2023-08-15T00:44Z</end>
            </timeInterval>
            <resolution>PT1M</resolution>
            <Point>
                <position>1</position>
                <quantity>21.00</quantity>
            </Point>
            <Point>
                <position>2</position>
                <quantity>19.00</quantity>
            </Point>
            <Point>
                <position>3</position>
                <quantity>1.00</quantity>
            </Point>
            <Point>
                <position>4</position>
                <quantity>19.00</quantity>
            </Point>
            <Point>
                <position>5</position>
                <quantity>8.00</quantity>
            </Point>
        </Period>
    </TimeSeries>
    <TimeSeries>
        <mRID>77</mRID>
        <businessType>B33</businessType>
        <flowDirection.direction>A01</flowDirection.direction>
        <quantity_Measure_Unit.name>MAW</quantity_Measure_Unit.name>
        <curveType>A01</curveType>
        <Period>
            <timeInterval>
                <start>2023-08-15T00:44Z</start>
                <end>2023-08-15T00:45Z</end>
            </timeInterval>
            <resolution>PT1M</resolution>
            <Point>
                <position>1</position>
                <quantity>10.00</quantity>
            </Point>
        </Period>
    </TimeSeries>
    <TimeSeries>
        <mRID>78</mRID>
        <businessType>B33</businessType>
        <flowDirection.direction>A03</flowDirection.direction>
        <quantity_Measure_Unit.name>MAW</quantity_Measure_Unit.name>
        <curveType>A01</curveType>
        <Period>
            <timeInterval>
                <start>2023-08-15T00:45Z</start>
                <end>2023-08-15T00:46Z</end>
            </timeInterval>
            <resolution>PT1M</resolution>
            <Point>
                <position>1</position>
                <quantity>0.00</quantity>
            </Point>
        </Period>
    </TimeSeries>
    <TimeSeries>
        <mRID>79</mRID>
        <businessType>B33</businessType>
        <flowDirection.direction>A01</flowDirection.direction>
        <quantity_Measure_Unit.name>MAW</quantity_Measure_Unit.name>
        <curveType>A01</curveType>
        <Period>
            <timeInterval>
                <start>2023-08-15T00:46Z</start>
                <end>2023-08-15T00:49Z</end>
            </timeInterval>
            <resolution>PT1M</resolution>
            <Point>
                <position>1</position>
                <quantity>7.00</quantity>
            </Point>
            <Point>
                <position>2</position>
                <quantity>23.00</quantity>
            </Point>
            <Point>
                <position>3</position>
                <quantity>10.00</quantity>
            </Point>
        </Period>
    </TimeSeries>
    <TimeSeries>
        <mRID>80</mRID>
        <businessType>B33</businessType>
        <flowDirection.direction>A02</flowDirection.direction>
        <quantity_Measure_Unit.name>MAW</quantity_Measure_Unit.name>
        <curveType>A01</curveType>
        <Period>
            <timeInterval>
                <start>2023-08-15T00:49Z</start>
                <end>2023-08-15T00:51Z</end>
            </timeInterval>
            <resolution>PT1M</resolution>
            <Point>
                <position>1</position>
                <quantity>7.00</quantity>
            </Point>
            <Point>
                <position>2</position>
                <quantity>16.00</quantity>
            </Point>
        </Period>
    </TimeSeries>
    <TimeSeries>
        <mRID>81</mRID>
        <businessType>B33</businessType>
        <flowDirection.direction>A01</flowDirection.direction>
        <quantity_Measure_Unit.name>MAW</quantity_Measure_Unit.name>
        <curveType>A01</curveType>
        <Period>
            <timeInterval>
                <start>2023-08-15T00:51Z</start>
                <end>2023-08-15T00:52Z</end>
            </timeInterval>
            <resolution>PT1M</resolution>
            <Point>
                <position>1</position>
                <quantity>3.00</quantity>
            </Point>
        </Period>
    </TimeSeries>
    <TimeSeries>
        <mRID>82</mRID>
        <businessType>B33</businessType>
        <flowDirection.direction>A02</flowDirection.direction>
        <quantity_Measure_Unit.name>MAW</quantity_Measure_Unit.name>
        <curveType>A01</curveType>
        <Period>
            <timeInterval>
                <start>2023-08-15T00:52Z</start>
                <end>2023-08-15T00:57Z</end>
            </timeInterval>
            <resolution>PT1M</resolution>
            <Point>
                <position>1</position>
                <quantity>8.00</quantity>
            </Point>
            <Point>
                <position>2</position>
                <quantity>11.00</quantity>
            </Point>
            <Point>
                <position>3</position>
                <quantity>21.00</quantity>
            </Point>
            <Point>
                <position>4</position>
                <quantity>9.00</quantity>
            </Point>
            <Point>
                <position>5</position>
                <quantity>5.00</quantity>
            </Point>
        </Period>
    </TimeSeries>
    <TimeSeries>
        <mRID>83</mRID>
        <businessType>B33</businessType>
        <flowDirection.direction>A01</flowDirection.direction>
        <quantity_Measure_Unit.name>MAW</quantity_Measure_Unit.name>
        <curveType>A01</curveType>
        <Period>
            <timeInterval>
                <start>2023-08-15T00:57Z</start>
                <end>2023-08-15T01:08Z</end>
            </timeInterval>
            <resolution>PT1M</resolution>
            <Point>
                <position>1</position>
                <quantity>13.00</quantity>
            </Point>
            <Point>
                <position>2</position>
                <quantity>15.00</quantity>
            </Point>
            <Point>
                <position>3</position>
                <quantity>1.00</quantity>
            </Point>
            <Point>
                <position>4</position>
                <quantity>15.00</quantity>
            </Point>
            <Point>
                <position>5</position>
                <quantity>19.00</quantity>
            </Point>
            <Point>
                <position>6</position>
                <quantity>38.00</quantity>
            </Point>
            <Point>
                <position>7</position>
                <quantity>51.00</quantity>
            </Point>
            <Point>
                <position>8</position>
                <quantity>31.00</quantity>
            </Point>
            <Point>
                <position>9</position>
                <quantity>36.00</quantity>
            </Point>
            <Point>
                <position>10</position>
                <quantity>18.00</quantity>
            </Point>
            <Point>
                <position>11</position>
                <quantity>11.00</quantity>
            </Point>
        </Period>
    </TimeSeries>
    <TimeSeries>
        <mRID>84</mRID>
        <businessType>B33</businessType>
        <flowDirection.direction>A03</flowDirection.direction>
        <quantity_Measure_Unit.name>MAW</quantity_Measure_Unit.name>
        <curveType>A01</curveType>
        <Period>
            <timeInterval>
                <start>2023-08-15T01:08Z</start>
                <end>2023-08-15T01:09Z</end>
            </timeInterval>
            <resolution>PT1M</resolution>
            <Point>
                <position>1</position>
                <quantity>0.00</quantity>
            </Point>
        </Period>
    </TimeSeries>
    <TimeSeries>
        <mRID>85</mRID>
        <businessType>B33</businessType>
        <flowDirection.direction>A02</flowDirection.direction>
        <quantity_Measure_Unit.name>MAW</quantity_Measure_Unit.name>
        <curveType>A01</curveType>
        <Period>
            <timeInterval>
                <start>2023-08-15T01:09Z</start>
                <end>2023-08-15T01:15Z</end>
            </timeInterval>
            <resolution>PT1M</resolution>
            <Point>
                <position>1</position>
                <quantity>10.00</quantity>
            </Point>
            <Point>
                <position>2</position>
                <quantity>20.00</quantity>
            </Point>
            <Point>
                <position>3</position>
                <quantity>1.00</quantity>
            </Point>
            <Point>
                <position>4</position>
                <quantity>3.00</quantity>
            </Point>
            <Point>
                <position>5</position>
                <quantity>11.00</quantity>
            </Point>
            <Point>
                <position>6</position>
                <quantity>27.00</quantity>
            </Point>
        </Period>
    </TimeSeries>
    <TimeSeries>
        <mRID>86</mRID>
        <businessType>B33</businessType>
        <flowDirection.direction>A03</flowDirection.direction>
        <quantity_Measure_Unit.name>MAW</quantity_Measure_Unit.name>
        <curveType>A01</curveType>
        <Period>
            <timeInterval>
                <start>2023-08-15T01:15Z</start>
                <end>2023-08-15T01:16Z</end>
            </timeInterval>
            <resolution>PT1M</resolution>
            <Point>
                <position>1</position>
                <quantity>0.00</quantity>
            </Point>
        </Period>
    </TimeSeries>
    <TimeSeries>
        <mRID>87</mRID>
        <businessType>B33</businessType>
        <flowDirection.direction>A01</flowDirection.direction>
        <quantity_Measure_Unit.name>MAW</quantity_Measure_Unit.name>
        <curveType>A01</curveType>
        <Period>
            <timeInterval>
                <start>2023-08-15T01:16Z</start>
                <end>2023-08-15T01:18Z</end>
            </timeInterval>
            <resolution>PT1M</resolution>
            <Point>
                <position>1</position>
                <quantity>20.00</quantity>
            </Point>
            <Point>
                <position>2</position>
                <quantity>26.00</quantity>
            </Point>
        </Period>
    </TimeSeries>
    <TimeSeries>
        <mRID>88</mRID>
        <businessType>B33</businessType>
        <flowDirection.direction>A02</flowDirection.direction>
        <quantity_Measure_Unit.name>MAW</quantity_Measure_Unit.name>
        <curveType>A01</curveType>
        <Period>
            <timeInterval>
                <start>2023-08-15T01:18Z</start>
                <end>2023-08-15T01:20Z</end>
            </timeInterval>
            <resolution>PT1M</resolution>
            <Point>
                <position>1</position>
                <quantity>15.00</quantity>
            </Point>
            <Point>
                <position>2</position>
                <quantity>23.00</quantity>
            </Point>
        </Period>
    </TimeSeries>
    <TimeSeries>
        <mRID>89</mRID>
        <businessType>B33</businessType>
        <flowDirection.direction>A01</flowDirection.direction>
        <quantity_Measure_Unit.name>MAW</quantity_Measure_Unit.name>
        <curveType>A01</curveType>
        <Period>
            <timeInterval>
                <start>2023-08-15T01:20Z</start>
                <end>2023-08-15T01:23Z</end>
            </timeInterval>
            <resolution>PT1M</resolution>
            <Point>
                <position>1</position>
                <quantity>11.00</quantity>
            </Point>
            <Point>
                <position>2</position>
                <quantity>9.00</quantity>
            </Point>
            <Point>
                <position>3</position>
                <quantity>1.00</quantity>
            </Point>
        </Period>
    </TimeSeries>
    <TimeSeries>
        <mRID>90</mRID>
        <businessType>B33</businessType>
        <flowDirection.direction>A02</flowDirection.direction>
        <quantity_Measure_Unit.name>MAW</quantity_Measure_Unit.name>
        <curveType>A01</curveType>
        <Period>
            <timeInterval>
                <start>2023-08-15T01:23Z</start>
                <end>2023-08-15T01:26Z</end>
            </timeInterval>
            <resolution>PT1M</resolution>
            <Point>
                <position>1</position>
                <quantity>5.00</quantity>
            </Point>
            <Point>
                <position>2</position>
                <quantity>29.00</quantity>
            </Point>
            <Point>
                <position>3</position>
                <quantity>31.00</quantity>
            </Point>
        </Period>
    </TimeSeries>
    <TimeSeries>
        <mRID>91</mRID>
        <businessType>B33</businessType>
        <flowDirection.direction>A01</flowDirection.direction>
        <quantity_Measure_Unit.name>MAW</quantity_Measure_Unit.name>
        <curveType>A01</curveType>
        <Period>
            <timeInterval>
                <start>2023-08-15T01:26Z</start>
                <end>2023-08-15T01:28Z</end>
            </timeInterval>
            <resolution>PT1M</resolution>
            <Point>
                <position>1</position>
                <quantity>1.00</quantity>
            </Point>
            <Point>
                <position>2</position>
                <quantity>1.00</quantity>
            </Point>
        </Period>
    </TimeSeries>
    <TimeSeries>
        <mRID>92</mRID>
        <businessType>B33</businessType>
        <flowDirection.direction>A02</flowDirection.direction>
        <quantity_Measure_Unit.name>MAW</quantity_Measure_Unit.name>
        <curveType>A01</curveType>
        <Period>
            <timeInterval>
                <start>2023-08-15T01:28Z</start>
                <end>2023-08-15T01:29Z</end>
            </timeInterval>
            <resolution>PT1M</resolution>
            <Point>
                <position>1</position>
                <quantity>6.00</quantity>
            </Point>
        </Period>
    </TimeSeries>
    <TimeSeries>
        <mRID>93</mRID>
        <businessType>B33</businessType>
        <flowDirection.direction>A01</flowDirection.direction>
        <quantity_Measure_Unit.name>MAW</quantity_Measure_Unit.name>
        <curveType>A01</curveType>
        <Period>
            <timeInterval>
                <start>2023-08-15T01:29Z</start>
                <end>2023-08-15T01:31Z</end>
            </timeInterval>
            <resolution>PT1M</resolution>
            <Point>
                <position>1</position>
                <quantity>2.00</quantity>
            </Point>
            <Point>
                <position>2</position>
                <quantity>18.00</quantity>
            </Point>
        </Period>
    </TimeSeries>
    <TimeSeries>
        <mRID>94</mRID>
        <businessType>B33</businessType>
        <flowDirection.direction>A02</flowDirection.direction>
        <quantity_Measure_Unit.name>MAW</quantity_Measure_Unit.name>
        <curveType>A01</curveType>
        <Period>
            <timeInterval>
                <start>2023-08-15T01:31Z</start>
                <end>2023-08-15T01:32Z</end>
            </timeInterval>
            <resolution>PT1M</resolution>
            <Point>
                <position>1</position>
                <quantity>26.00</quantity>
            </Point>
        </Period>
    </TimeSeries>
    <TimeSeries>
        <mRID>95</mRID>
        <businessType>B33</businessType>
        <flowDirection.direction>A01</flowDirection.direction>
        <quantity_Measure_Unit.name>MAW</quantity_Measure_Unit.name>
        <curveType>A01</curveType>
        <Period>
            <timeInterval>
                <start>2023-08-15T01:32Z</start>
                <end>2023-08-15T01:33Z</end>
            </timeInterval>
            <resolution>PT1M</resolution>
            <Point>
                <position>1</position>
                <quantity>35.00</quantity>
            </Point>
        </Period>
    </TimeSeries>
    <TimeSeries>
        <mRID>96</mRID>
        <businessType>B33</businessType>
        <flowDirection.direction>A02</flowDirection.direction>
        <quantity_Measure_Unit.name>MAW</quantity_Measure_Unit.name>
        <curveType>A01</curveType>
        <Period>
            <timeInterval>
                <start>2023-08-15T01:33Z</start>
                <end>2023-08-15T01:34Z</end>
            </timeInterval>
            <resolution>PT1M</resolution>
            <Point>
                <position>1</position>
                <quantity>23.00</quantity>
            </Point>
        </Period>
    </TimeSeries>
    <TimeSeries>
        <mRID>97</mRID>
        <businessType>B33</businessType>
        <flowDirection.direction>A01</flowDirection.direction>
        <quantity_Measure_Unit.name>MAW</quantity_Measure_Unit.name>
        <curveType>A01</curveType>
        <Period>
            <timeInterval>
                <start>2023-08-15T01:34Z</start>
                <end>2023-08-15T01:35Z</end>
            </timeInterval>
            <resolution>PT1M</resolution>
            <Point>
                <position>1</position>
                <quantity>19.00</quantity>
            </Point>
        </Period>
    </TimeSeries>
    <TimeSeries>
        <mRID>98</mRID>
        <businessType>B33</businessType>
        <flowDirection.direction>A02</flowDirection.direction>
        <quantity_Measure_Unit.name>MAW</quantity_Measure_Unit.name>
        <curveType>A01</curveType>
        <Period>
            <timeInterval>
                <start>2023-08-15T01:35Z</start>
                <end>2023-08-15T01:41Z</end>
            </timeInterval>
            <resolution>PT1M</resolution>
            <Point>
                <position>1</position>
                <quantity>2.00</quantity>
            </Point>
            <Point>
                <position>2</position>
                <quantity>32.00</quantity>
            </Point>
            <Point>
                <position>3</position>
                <quantity>20.00</quantity>
            </Point>
            <Point>
                <position>4</position>
                <quantity>1.00</quantity>
            </Point>
            <Point>
                <position>5</position>
                <quantity>4.00</quantity>
            </Point>
            <Point>
                <position>6</position>
                <quantity>14.00</quantity>
            </Point>
        </Period>
    </TimeSeries>
    <TimeSeries>
        <mRID>99</mRID>
        <businessType>B33</businessType>
        <flowDirection.direction>A01</flowDirection.direction>
        <quantity_Measure_Unit.name>MAW</quantity_Measure_Unit.name>
        <curveType>A01</curveType>
        <Period>
            <timeInterval>
                <start>2023-08-15T01:41Z</start>
                <end>2023-08-15T01:42Z</end>
            </timeInterval>
            <resolution>PT1M</resolution>
            <Point>
                <position>1</position>
                <quantity>1.00</quantity>
            </Point>
        </Period>
    </TimeSeries>
    <TimeSeries>
        <mRID>100</mRID>
        <businessType>B33</businessType>
        <flowDirection.direction>A02</flowDirection.direction>
        <quantity_Measure_Unit.name>MAW</quantity_Measure_Unit.name>
        <curveType>A01</curveType>
        <Period>
            <timeInterval>
                <start>2023-08-15T01:42Z</start>
                <end>2023-08-15T01:43Z</end>
            </timeInterval>
            <resolution>PT1M</resolution>
            <Point>
                <position>1</position>
                <quantity>6.00</quantity>
            </Point>
        </Period>
    </TimeSeries>
    <TimeSeries>
        <mRID>101</mRID>
        <businessType>B33</businessType>
        <flowDirection.direction>A01</flowDirection.direction>
        <quantity_Measure_Unit.name>MAW</quantity_Measure_Unit.name>
        <curveType>A01</curveType>
        <Period>
            <timeInterval>
                <start>2023-08-15T01:43Z</start>
                <end>2023-08-15T01:48Z</end>
            </timeInterval>
            <resolution>PT1M</resolution>
            <Point>
                <position>1</position>
                <quantity>19.00</quantity>
            </Point>
            <Point>
                <position>2</position>
                <quantity>3.00</quantity>
            </Point>
            <Point>
                <position>3</position>
                <quantity>8.00</quantity>
            </Point>
            <Point>
                <position>4</position>
                <quantity>14.00</quantity>
            </Point>
            <Point>
                <position>5</position>
                <quantity>5.00</quantity>
            </Point>
        </Period>
    </TimeSeries>
    <TimeSeries>
        <mRID>102</mRID>
        <businessType>B33</businessType>
        <flowDirection.direction>A02</flowDirection.direction>
        <quantity_Measure_Unit.name>MAW</quantity_Measure_Unit.name>
        <curveType>A01</curveType>
        <Period>
            <timeInterval>
                <start>2023-08-15T01:48Z</start>
                <end>2023-08-15T01:52Z</end>
            </timeInterval>
            <resolution>PT1M</resolution>
            <Point>
                <position>1</position>
                <quantity>9.00</quantity>
            </Point>
            <Point>
                <position>2</position>
                <quantity>3.00</quantity>
            </Point>
            <Point>
                <position>3</position>
                <quantity>9.00</quantity>
            </Point>
            <Point>
                <position>4</position>
                <quantity>10.00</quantity>
            </Point>
        </Period>
    </TimeSeries>
    <TimeSeries>
        <mRID>103</mRID>
        <businessType>B33</businessType>
        <flowDirection.direction>A01</flowDirection.direction>
        <quantity_Measure_Unit.name>MAW</quantity_Measure_Unit.name>
        <curveType>A01</curveType>
        <Period>
            <timeInterval>
                <start>2023-08-15T01:52Z</start>
                <end>2023-08-15T01:53Z</end>
            </timeInterval>
            <resolution>PT1M</resolution>
            <Point>
                <position>1</position>
                <quantity>21.00</quantity>
            </Point>
        </Period>
    </TimeSeries>
    <TimeSeries>
        <mRID>104</mRID>
        <businessType>B33</businessType>
        <flowDirection.direction>A02</flowDirection.direction>
        <quantity_Measure_Unit.name>MAW</quantity_Measure_Unit.name>
        <curveType>A01</curveType>
        <Period>
            <timeInterval>
                <start>2023-08-15T01:53Z</start>
                <end>2023-08-15T01:57Z</end>
            </timeInterval>
            <resolution>PT1M</resolution>
            <Point>
                <position>1</position>
                <quantity>8.00</quantity>
            </Point>
            <Point>
                <position>2</position>
                <quantity>6.00</quantity>
            </Point>
            <Point>
                <position>3</position>
                <quantity>1.00</quantity>
            </Point>
            <Point>
                <position>4</position>
                <quantity>3.00</quantity>
            </Point>
        </Period>
    </TimeSeries>
    <TimeSeries>
        <mRID>105</mRID>
        <businessType>B33</businessType>
        <flowDirection.direction>A01</flowDirection.direction>
        <quantity_Measure_Unit.name>MAW</quantity_Measure_Unit.name>
        <curveType>A01</curveType>
        <Period>
            <timeInterval>
                <start>2023-08-15T01:57Z</start>
                <end>2023-08-15T01:58Z</end>
            </timeInterval>
            <resolution>PT1M</resolution>
            <Point>
                <position>1</position>
                <quantity>8.00</quantity>
            </Point>
        </Period>
    </TimeSeries>
    <TimeSeries>
        <mRID>106</mRID>
        <businessType>B33</businessType>
        <flowDirection.direction>A02</flowDirection.direction>
        <quantity_Measure_Unit.name>MAW</quantity_Measure_Unit.name>
        <curveType>A01</curveType>
        <Period>
            <timeInterval>
                <start>2023-08-15T01:58Z</start>
                <end>2023-08-15T02:02Z</end>
            </timeInterval>
            <resolution>PT1M</resolution>
            <Point>
                <position>1</position>
                <quantity>2.00</quantity>
            </Point>
            <Point>
                <position>2</position>
                <quantity>4.00</quantity>
            </Point>
            <Point>
                <position>3</position>
                <quantity>13.00</quantity>
            </Point>
            <Point>
                <position>4</position>
                <quantity>7.00</quantity>
            </Point>
        </Period>
    </TimeSeries>
    <TimeSeries>
        <mRID>107</mRID>
        <businessType>B33</businessType>
        <flowDirection.direction>A01</flowDirection.direction>
        <quantity_Measure_Unit.name>MAW</quantity_Measure_Unit.name>
        <curveType>A01</curveType>
        <Period>
            <timeInterval>
                <start>2023-08-15T02:02Z</start>
                <end>2023-08-15T02:06Z</end>
            </timeInterval>
            <resolution>PT1M</resolution>
            <Point>
                <position>1</position>
                <quantity>38.00</quantity>
            </Point>
            <Point>
                <position>2</position>
                <quantity>29.00</quantity>
            </Point>
            <Point>
                <position>3</position>
                <quantity>8.00</quantity>
            </Point>
            <Point>
                <position>4</position>
                <quantity>15.00</quantity>
            </Point>
        </Period>
    </TimeSeries>
    <TimeSeries>
        <mRID>108</mRID>
        <businessType>B33</businessType>
        <flowDirection.direction>A02</flowDirection.direction>
        <quantity_Measure_Unit.name>MAW</quantity_Measure_Unit.name>
        <curveType>A01</curveType>
        <Period>
            <timeInterval>
                <start>2023-08-15T02:06Z</start>
                <end>2023-08-15T02:08Z</end>
            </timeInterval>
            <resolution>PT1M</resolution>
            <Point>
                <position>1</position>
                <quantity>4.00</quantity>
            </Point>
            <Point>
                <position>2</position>
                <quantity>27.00</quantity>
            </Point>
        </Period>
    </TimeSeries>
    <TimeSeries>
        <mRID>109</mRID>
        <businessType>B33</businessType>
        <flowDirection.direction>A01</flowDirection.direction>
        <quantity_Measure_Unit.name>MAW</quantity_Measure_Unit.name>
        <curveType>A01</curveType>
        <Period>
            <timeInterval>
                <start>2023-08-15T02:08Z</start>
                <end>2023-08-15T02:10Z</end>
            </timeInterval>
            <resolution>PT1M</resolution>
            <Point>
                <position>1</position>
                <quantity>32.00</quantity>
            </Point>
            <Point>
                <position>2</position>
                <quantity>2.00</quantity>
            </Point>
        </Period>
    </TimeSeries>
    <TimeSeries>
        <mRID>110</mRID>
        <businessType>B33</businessType>
        <flowDirection.direction>A02</flowDirection.direction>
        <quantity_Measure_Unit.name>MAW</quantity_Measure_Unit.name>
        <curveType>A01</curveType>
        <Period>
            <timeInterval>
                <start>2023-08-15T02:10Z</start>
                <end>2023-08-15T02:12Z</end>
            </timeInterval>
            <resolution>PT1M</resolution>
            <Point>
                <position>1</position>
                <quantity>26.00</quantity>
            </Point>
            <Point>
                <position>2</position>
                <quantity>9.00</quantity>
            </Point>
        </Period>
    </TimeSeries>
    <TimeSeries>
        <mRID>111</mRID>
        <businessType>B33</businessType>
        <flowDirection.direction>A01</flowDirection.direction>
        <quantity_Measure_Unit.name>MAW</quantity_Measure_Unit.name>
        <curveType>A01</curveType>
        <Period>
            <timeInterval>
                <start>2023-08-15T02:12Z</start>
                <end>2023-08-15T02:13Z</end>
            </timeInterval>
            <resolution>PT1M</resolution>
            <Point>
                <position>1</position>
                <quantity>15.00</quantity>
            </Point>
        </Period>
    </TimeSeries>
    <TimeSeries>
        <mRID>112</mRID>
        <businessType>B33</businessType>
        <flowDirection.direction>A02</flowDirection.direction>
        <quantity_Measure_Unit.name>MAW</quantity_Measure_Unit.name>
        <curveType>A01</curveType>
        <Period>
            <timeInterval>
                <start>2023-08-15T02:13Z</start>
                <end>2023-08-15T02:14Z</end>
            </timeInterval>
            <resolution>PT1M</resolution>
            <Point>
                <position>1</position>
                <quantity>1.00</quantity>
            </Point>
        </Period>
    </TimeSeries>
    <TimeSeries>
        <mRID>113</mRID>
        <businessType>B33</businessType>
        <flowDirection.direction>A01</flowDirection.direction>
        <quantity_Measure_Unit.name>MAW</quantity_Measure_Unit.name>
        <curveType>A01</curveType>
        <Period>
            <timeInterval>
                <start>2023-08-15T02:14Z</start>
                <end>2023-08-15T02:15Z</end>
            </timeInterval>
            <resolution>PT1M</resolution>
            <Point>
                <position>1</position>
                <quantity>7.00</quantity>
            </Point>
        </Period>
    </TimeSeries>
    <TimeSeries>
        <mRID>114</mRID>
        <businessType>B33</businessType>
        <flowDirection.direction>A02</flowDirection.direction>
        <quantity_Measure_Unit.name>MAW</quantity_Measure_Unit.name>
        <curveType>A01</curveType>
        <Period>
            <timeInterval>
                <start>2023-08-15T02:15Z</start>
                <end>2023-08-15T02:17Z</end>
            </timeInterval>
            <resolution>PT1M</resolution>
            <Point>
                <position>1</position>
                <quantity>20.00</quantity>
            </Point>
            <Point>
                <position>2</position>
                <quantity>13.00</quantity>
            </Point>
        </Period>
    </TimeSeries>
    <TimeSeries>
        <mRID>115</mRID>
        <businessType>B33</businessType>
        <flowDirection.direction>A03</flowDirection.direction>
        <quantity_Measure_Unit.name>MAW</quantity_Measure_Unit.name>
        <curveType>A01</curveType>
        <Period>
            <timeInterval>
                <start>2023-08-15T02:17Z</start>
                <end>2023-08-15T02:18Z</end>
            </timeInterval>
            <resolution>PT1M</resolution>
            <Point>
                <position>1</position>
                <quantity>0.00</quantity>
            </Point>
        </Period>
    </TimeSeries>
    <TimeSeries>
        <mRID>116</mRID>
        <businessType>B33</businessType>
        <flowDirection.direction>A01</flowDirection.direction>
        <quantity_Measure_Unit.name>MAW</quantity_Measure_Unit.name>
        <curveType>A01</curveType>
        <Period>
            <timeInterval>
                <start>2023-08-15T02:18Z</start>
                <end>2023-08-15T02:20Z</end>
            </timeInterval>
            <resolution>PT1M</resolution>
            <Point>
                <position>1</position>
                <quantity>8.00</quantity>
            </Point>
            <Point>
                <position>2</position>
                <quantity>2.00</quantity>
            </Point>
        </Period>
    </TimeSeries>
    <TimeSeries>
        <mRID>117</mRID>
        <businessType>B33</businessType>
        <flowDirection.direction>A03</flowDirection.direction>
        <quantity_Measure_Unit.name>MAW</quantity_Measure_Unit.name>
        <curveType>A01</curveType>
        <Period>
            <timeInterval>
                <start>2023-08-15T02:20Z</start>
                <end>2023-08-15T02:21Z</end>
            </timeInterval>
            <resolution>PT1M</resolution>
            <Point>
                <position>1</position>
                <quantity>0.00</quantity>
            </Point>
        </Period>
    </TimeSeries>
    <TimeSeries>
        <mRID>118</mRID>
        <businessType>B33</businessType>
        <flowDirection.direction>A01</flowDirection.direction>
        <quantity_Measure_Unit.name>MAW</quantity_Measure_Unit.name>
        <curveType>A01</curveType>
        <Period>
            <timeInterval>
                <start>2023-08-15T02:21Z</start>
                <end>2023-08-15T02:22Z</end>
            </timeInterval>
            <resolution>PT1M</resolution>
            <Point>
                <position>1</position>
                <quantity>1.00</quantity>
            </Point>
        </Period>
    </TimeSeries>
    <TimeSeries>
        <mRID>119</mRID>
        <businessType>B33</businessType>
        <flowDirection.direction>A02</flowDirection.direction>
        <quantity_Measure_Unit.name>MAW</quantity_Measure_Unit.name>
        <curveType>A01</curveType>
        <Period>
            <timeInterval>
                <start>2023-08-15T02:22Z</start>
                <end>2023-08-15T02:24Z</end>
            </timeInterval>
            <resolution>PT1M</resolution>
            <Point>
                <position>1</position>
                <quantity>9.00</quantity>
            </Point>
            <Point>
                <position>2</position>
                <quantity>11.00</quantity>
            </Point>
        </Period>
    </TimeSeries>
    <TimeSeries>
        <mRID>120</mRID>
        <businessType>B33</businessType>
        <flowDirection.direction>A01</flowDirection.direction>
        <quantity_Measure_Unit.name>MAW</quantity_Measure_Unit.name>
        <curveType>A01</curveType>
        <Period>
            <timeInterval>
                <start>2023-08-15T02:24Z</start>
                <end>2023-08-15T02:25Z</end>
            </timeInterval>
            <resolution>PT1M</resolution>
            <Point>
                <position>1</position>
                <quantity>3.00</quantity>
            </Point>
        </Period>
    </TimeSeries>
    <TimeSeries>
        <mRID>121</mRID>
        <businessType>B33</businessType>
        <flowDirection.direction>A03</flowDirection.direction>
        <quantity_Measure_Unit.name>MAW</quantity_Measure_Unit.name>
        <curveType>A01</curveType>
        <Period>
            <timeInterval>
                <start>2023-08-15T02:25Z</start>
                <end>2023-08-15T02:26Z</end>
            </timeInterval>
            <resolution>PT1M</resolution>
            <Point>
                <position>1</position>
                <quantity>0.00</quantity>
            </Point>
        </Period>
    </TimeSeries>
    <TimeSeries>
        <mRID>122</mRID>
        <businessType>B33</businessType>
        <flowDirection.direction>A02</flowDirection.direction>
        <quantity_Measure_Unit.name>MAW</quantity_Measure_Unit.name>
        <curveType>A01</curveType>
        <Period>
            <timeInterval>
                <start>2023-08-15T02:26Z</start>
                <end>2023-08-15T02:27Z</end>
            </timeInterval>
            <resolution>PT1M</resolution>
            <Point>
                <position>1</position>
                <quantity>7.00</quantity>
            </Point>
        </Period>
    </TimeSeries>
    <TimeSeries>
        <mRID>123</mRID>
        <businessType>B33</businessType>
        <flowDirection.direction>A01</flowDirection.direction>
        <quantity_Measure_Unit.name>MAW</quantity_Measure_Unit.name>
        <curveType>A01</curveType>
        <Period>
            <timeInterval>
                <start>2023-08-15T02:27Z</start>
                <end>2023-08-15T02:28Z</end>
            </timeInterval>
            <resolution>PT1M</resolution>
            <Point>
                <position>1</position>
                <quantity>4.00</quantity>
            </Point>
        </Period>
    </TimeSeries>
    <TimeSeries>
        <mRID>124</mRID>
        <businessType>B33</businessType>
        <flowDirection.direction>A02</flowDirection.direction>
        <quantity_Measure_Unit.name>MAW</quantity_Measure_Unit.name>
        <curveType>A01</curveType>
        <Period>
            <timeInterval>
                <start>2023-08-15T02:28Z</start>
                <end>2023-08-15T02:30Z</end>
            </timeInterval>
            <resolution>PT1M</resolution>
            <Point>
                <position>1</position>
                <quantity>1.00</quantity>
            </Point>
            <Point>
                <position>2</position>
                <quantity>1.00</quantity>
            </Point>
        </Period>
    </TimeSeries>
    <TimeSeries>
        <mRID>125</mRID>
        <businessType>B33</businessType>
        <flowDirection.direction>A03</flowDirection.direction>
        <quantity_Measure_Unit.name>MAW</quantity_Measure_Unit.name>
        <curveType>A01</curveType>
        <Period>
            <timeInterval>
                <start>2023-08-15T02:30Z</start>
                <end>2023-08-15T02:31Z</end>
            </timeInterval>
            <resolution>PT1M</resolution>
            <Point>
                <position>1</position>
                <quantity>0.00</quantity>
            </Point>
        </Period>
    </TimeSeries>
    <TimeSeries>
        <mRID>126</mRID>
        <businessType>B33</businessType>
        <flowDirection.direction>A01</flowDirection.direction>
        <quantity_Measure_Unit.name>MAW</quantity_Measure_Unit.name>
        <curveType>A01</curveType>
        <Period>
            <timeInterval>
                <start>2023-08-15T02:31Z</start>
                <end>2023-08-15T02:34Z</end>
            </timeInterval>
            <resolution>PT1M</resolution>
            <Point>
                <position>1</position>
                <quantity>10.00</quantity>
            </Point>
            <Point>
                <position>2</position>
                <quantity>18.00</quantity>
            </Point>
            <Point>
                <position>3</position>
                <quantity>19.00</quantity>
            </Point>
        </Period>
    </TimeSeries>
    <TimeSeries>
        <mRID>127</mRID>
        <businessType>B33</businessType>
        <flowDirection.direction>A02</flowDirection.direction>
        <quantity_Measure_Unit.name>MAW</quantity_Measure_Unit.name>
        <curveType>A01</curveType>
        <Period>
            <timeInterval>
                <start>2023-08-15T02:34Z</start>
                <end>2023-08-15T02:35Z</end>
            </timeInterval>
            <resolution>PT1M</resolution>
            <Point>
                <position>1</position>
                <quantity>4.00</quantity>
            </Point>
        </Period>
    </TimeSeries>
    <TimeSeries>
        <mRID>128</mRID>
        <businessType>B33</businessType>
        <flowDirection.direction>A01</flowDirection.direction>
        <quantity_Measure_Unit.name>MAW</quantity_Measure_Unit.name>
        <curveType>A01</curveType>
        <Period>
            <timeInterval>
                <start>2023-08-15T02:35Z</start>
                <end>2023-08-15T02:36Z</end>
            </timeInterval>
            <resolution>PT1M</resolution>
            <Point>
                <position>1</position>
                <quantity>11.00</quantity>
            </Point>
        </Period>
    </TimeSeries>
    <TimeSeries>
        <mRID>129</mRID>
        <businessType>B33</businessType>
        <flowDirection.direction>A02</flowDirection.direction>
        <quantity_Measure_Unit.name>MAW</quantity_Measure_Unit.name>
        <curveType>A01</curveType>
        <Period>
            <timeInterval>
                <start>2023-08-15T02:36Z</start>
                <end>2023-08-15T02:37Z</end>
            </timeInterval>
            <resolution>PT1M</resolution>
            <Point>
                <position>1</position>
                <quantity>3.00</quantity>
            </Point>
        </Period>
    </TimeSeries>
    <TimeSeries>
        <mRID>130</mRID>
        <businessType>B33</businessType>
        <flowDirection.direction>A01</flowDirection.direction>
        <quantity_Measure_Unit.name>MAW</quantity_Measure_Unit.name>
        <curveType>A01</curveType>
        <Period>
            <timeInterval>
                <start>2023-08-15T02:37Z</start>
                <end>2023-08-15T02:38Z</end>
            </timeInterval>
            <resolution>PT1M</resolution>
            <Point>
                <position>1</position>
                <quantity>23.00</quantity>
            </Point>
        </Period>
    </TimeSeries>
    <TimeSeries>
        <mRID>131</mRID>
        <businessType>B33</businessType>
        <flowDirection.direction>A02</flowDirection.direction>
        <quantity_Measure_Unit.name>MAW</quantity_Measure_Unit.name>
        <curveType>A01</curveType>
        <Period>
            <timeInterval>
                <start>2023-08-15T02:38Z</start>
                <end>2023-08-15T02:42Z</end>
            </timeInterval>
            <resolution>PT1M</resolution>
            <Point>
                <position>1</position>
                <quantity>1.00</quantity>
            </Point>
            <Point>
                <position>2</position>
                <quantity>9.00</quantity>
            </Point>
            <Point>
                <position>3</position>
                <quantity>14.00</quantity>
            </Point>
            <Point>
                <position>4</position>
                <quantity>10.00</quantity>
            </Point>
        </Period>
    </TimeSeries>
    <TimeSeries>
        <mRID>132</mRID>
        <businessType>B33</businessType>
        <flowDirection.direction>A01</flowDirection.direction>
        <quantity_Measure_Unit.name>MAW</quantity_Measure_Unit.name>
        <curveType>A01</curveType>
        <Period>
            <timeInterval>
                <start>2023-08-15T02:42Z</start>
                <end>2023-08-15T02:44Z</end>
            </timeInterval>
            <resolution>PT1M</resolution>
            <Point>
                <position>1</position>
                <quantity>11.00</quantity>
            </Point>
            <Point>
                <position>2</position>
                <quantity>15.00</quantity>
            </Point>
        </Period>
    </TimeSeries>
    <TimeSeries>
        <mRID>133</mRID>
        <businessType>B33</businessType>
        <flowDirection.direction>A03</flowDirection.direction>
        <quantity_Measure_Unit.name>MAW</quantity_Measure_Unit.name>
        <curveType>A01</curveType>
        <Period>
            <timeInterval>
                <start>2023-08-15T02:44Z</start>
                <end>2023-08-15T02:45Z</end>
            </timeInterval>
            <resolution>PT1M</resolution>
            <Point>
                <position>1</position>
                <quantity>0.00</quantity>
            </Point>
        </Period>
    </TimeSeries>
    <TimeSeries>
        <mRID>134</mRID>
        <businessType>B33</businessType>
        <flowDirection.direction>A02</flowDirection.direction>
        <quantity_Measure_Unit.name>MAW</quantity_Measure_Unit.name>
        <curveType>A01</curveType>
        <Period>
            <timeInterval>
                <start>2023-08-15T02:45Z</start>
                <end>2023-08-15T02:46Z</end>
            </timeInterval>
            <resolution>PT1M</resolution>
            <Point>
                <position>1</position>
                <quantity>10.00</quantity>
            </Point>
        </Period>
    </TimeSeries>
    <TimeSeries>
        <mRID>135</mRID>
        <businessType>B33</businessType>
        <flowDirection.direction>A01</flowDirection.direction>
        <quantity_Measure_Unit.name>MAW</quantity_Measure_Unit.name>
        <curveType>A01</curveType>
        <Period>
            <timeInterval>
                <start>2023-08-15T02:46Z</start>
                <end>2023-08-15T02:47Z</end>
            </timeInterval>
            <resolution>PT1M</resolution>
            <Point>
                <position>1</position>
                <quantity>16.00</quantity>
            </Point>
        </Period>
    </TimeSeries>
    <TimeSeries>
        <mRID>136</mRID>
        <businessType>B33</businessType>
        <flowDirection.direction>A02</flowDirection.direction>
        <quantity_Measure_Unit.name>MAW</quantity_Measure_Unit.name>
        <curveType>A01</curveType>
        <Period>
            <timeInterval>
                <start>2023-08-15T02:47Z</start>
                <end>2023-08-15T02:48Z</end>
            </timeInterval>
            <resolution>PT1M</resolution>
            <Point>
                <position>1</position>
                <quantity>5.00</quantity>
            </Point>
        </Period>
    </TimeSeries>
    <TimeSeries>
        <mRID>137</mRID>
        <businessType>B33</businessType>
        <flowDirection.direction>A01</flowDirection.direction>
        <quantity_Measure_Unit.name>MAW</quantity_Measure_Unit.name>
        <curveType>A01</curveType>
        <Period>
            <timeInterval>
                <start>2023-08-15T02:48Z</start>
                <end>2023-08-15T02:50Z</end>
            </timeInterval>
            <resolution>PT1M</resolution>
            <Point>
                <position>1</position>
                <quantity>5.00</quantity>
            </Point>
            <Point>
                <position>2</position>
                <quantity>15.00</quantity>
            </Point>
        </Period>
    </TimeSeries>
    <TimeSeries>
        <mRID>138</mRID>
        <businessType>B33</businessType>
        <flowDirection.direction>A02</flowDirection.direction>
        <quantity_Measure_Unit.name>MAW</quantity_Measure_Unit.name>
        <curveType>A01</curveType>
        <Period>
            <timeInterval>
                <start>2023-08-15T02:50Z</start>
                <end>2023-08-15T02:52Z</end>
            </timeInterval>
            <resolution>PT1M</resolution>
            <Point>
                <position>1</position>
                <quantity>5.00</quantity>
            </Point>
            <Point>
                <position>2</position>
                <quantity>5.00</quantity>
            </Point>
        </Period>
    </TimeSeries>
    <TimeSeries>
        <mRID>139</mRID>
        <businessType>B33</businessType>
        <flowDirection.direction>A03</flowDirection.direction>
        <quantity_Measure_Unit.name>MAW</quantity_Measure_Unit.name>
        <curveType>A01</curveType>
        <Period>
            <timeInterval>
                <start>2023-08-15T02:52Z</start>
                <end>2023-08-15T02:53Z</end>
            </timeInterval>
            <resolution>PT1M</resolution>
            <Point>
                <position>1</position>
                <quantity>0.00</quantity>
            </Point>
        </Period>
    </TimeSeries>
    <TimeSeries>
        <mRID>140</mRID>
        <businessType>B33</businessType>
        <flowDirection.direction>A01</flowDirection.direction>
        <quantity_Measure_Unit.name>MAW</quantity_Measure_Unit.name>
        <curveType>A01</curveType>
        <Period>
            <timeInterval>
                <start>2023-08-15T02:53Z</start>
                <end>2023-08-15T02:54Z</end>
            </timeInterval>
            <resolution>PT1M</resolution>
            <Point>
                <position>1</position>
                <quantity>14.00</quantity>
            </Point>
        </Period>
    </TimeSeries>
    <TimeSeries>
        <mRID>141</mRID>
        <businessType>B33</businessType>
        <flowDirection.direction>A02</flowDirection.direction>
        <quantity_Measure_Unit.name>MAW</quantity_Measure_Unit.name>
        <curveType>A01</curveType>
        <Period>
            <timeInterval>
                <start>2023-08-15T02:54Z</start>
                <end>2023-08-15T02:55Z</end>
            </timeInterval>
            <resolution>PT1M</resolution>
            <Point>
                <position>1</position>
                <quantity>14.00</quantity>
            </Point>
        </Period>
    </TimeSeries>
    <TimeSeries>
        <mRID>142</mRID>
        <businessType>B33</businessType>
        <flowDirection.direction>A01</flowDirection.direction>
        <quantity_Measure_Unit.name>MAW</quantity_Measure_Unit.name>
        <curveType>A01</curveType>
        <Period>
            <timeInterval>
                <start>2023-08-15T02:55Z</start>
                <end>2023-08-15T02:56Z</end>
            </timeInterval>
            <resolution>PT1M</resolution>
            <Point>
                <position>1</position>
                <quantity>3.00</quantity>
            </Point>
        </Period>
    </TimeSeries>
    <TimeSeries>
        <mRID>143</mRID>
        <businessType>B33</businessType>
        <flowDirection.direction>A02</flowDirection.direction>
        <quantity_Measure_Unit.name>MAW</quantity_Measure_Unit.name>
        <curveType>A01</curveType>
        <Period>
            <timeInterval>
                <start>2023-08-15T02:56Z</start>
                <end>2023-08-15T03:03Z</end>
            </timeInterval>
            <resolution>PT1M</resolution>
            <Point>
                <position>1</position>
                <quantity>5.00</quantity>
            </Point>
            <Point>
                <position>2</position>
                <quantity>12.00</quantity>
            </Point>
            <Point>
                <position>3</position>
                <quantity>8.00</quantity>
            </Point>
            <Point>
                <position>4</position>
                <quantity>8.00</quantity>
            </Point>
            <Point>
                <position>5</position>
                <quantity>7.00</quantity>
            </Point>
            <Point>
                <position>6</position>
                <quantity>26.00</quantity>
            </Point>
            <Point>
                <position>7</position>
                <quantity>12.00</quantity>
            </Point>
        </Period>
    </TimeSeries>
    <TimeSeries>
        <mRID>144</mRID>
        <businessType>B33</businessType>
        <flowDirection.direction>A01</flowDirection.direction>
        <quantity_Measure_Unit.name>MAW</quantity_Measure_Unit.name>
        <curveType>A01</curveType>
        <Period>
            <timeInterval>
                <start>2023-08-15T03:03Z</start>
                <end>2023-08-15T03:04Z</end>
            </timeInterval>
            <resolution>PT1M</resolution>
            <Point>
                <position>1</position>
                <quantity>9.00</quantity>
            </Point>
        </Period>
    </TimeSeries>
    <TimeSeries>
        <mRID>145</mRID>
        <businessType>B33</businessType>
        <flowDirection.direction>A03</flowDirection.direction>
        <quantity_Measure_Unit.name>MAW</quantity_Measure_Unit.name>
        <curveType>A01</curveType>
        <Period>
            <timeInterval>
                <start>2023-08-15T03:04Z</start>
                <end>2023-08-15T03:05Z</end>
            </timeInterval>
            <resolution>PT1M</resolution>
            <Point>
                <position>1</position>
                <quantity>0.00</quantity>
            </Point>
        </Period>
    </TimeSeries>
    <TimeSeries>
        <mRID>146</mRID>
        <businessType>B33</businessType>
        <flowDirection.direction>A02</flowDirection.direction>
        <quantity_Measure_Unit.name>MAW</quantity_Measure_Unit.name>
        <curveType>A01</curveType>
        <Period>
            <timeInterval>
                <start>2023-08-15T03:05Z</start>
                <end>2023-08-15T03:06Z</end>
            </timeInterval>
            <resolution>PT1M</resolution>
            <Point>
                <position>1</position>
                <quantity>3.00</quantity>
            </Point>
        </Period>
    </TimeSeries>
    <TimeSeries>
        <mRID>147</mRID>
        <businessType>B33</businessType>
        <flowDirection.direction>A03</flowDirection.direction>
        <quantity_Measure_Unit.name>MAW</quantity_Measure_Unit.name>
        <curveType>A01</curveType>
        <Period>
            <timeInterval>
                <start>2023-08-15T03:06Z</start>
                <end>2023-08-15T03:07Z</end>
            </timeInterval>
            <resolution>PT1M</resolution>
            <Point>
                <position>1</position>
                <quantity>0.00</quantity>
            </Point>
        </Period>
    </TimeSeries>
    <TimeSeries>
        <mRID>148</mRID>
        <businessType>B33</businessType>
        <flowDirection.direction>A01</flowDirection.direction>
        <quantity_Measure_Unit.name>MAW</quantity_Measure_Unit.name>
        <curveType>A01</curveType>
        <Period>
            <timeInterval>
                <start>2023-08-15T03:07Z</start>
                <end>2023-08-15T03:08Z</end>
            </timeInterval>
            <resolution>PT1M</resolution>
            <Point>
                <position>1</position>
                <quantity>7.00</quantity>
            </Point>
        </Period>
    </TimeSeries>
    <TimeSeries>
        <mRID>149</mRID>
        <businessType>B33</businessType>
        <flowDirection.direction>A02</flowDirection.direction>
        <quantity_Measure_Unit.name>MAW</quantity_Measure_Unit.name>
        <curveType>A01</curveType>
        <Period>
            <timeInterval>
                <start>2023-08-15T03:08Z</start>
                <end>2023-08-15T03:10Z</end>
            </timeInterval>
            <resolution>PT1M</resolution>
            <Point>
                <position>1</position>
                <quantity>1.00</quantity>
            </Point>
            <Point>
                <position>2</position>
                <quantity>3.00</quantity>
            </Point>
        </Period>
    </TimeSeries>
    <TimeSeries>
        <mRID>150</mRID>
        <businessType>B33</businessType>
        <flowDirection.direction>A01</flowDirection.direction>
        <quantity_Measure_Unit.name>MAW</quantity_Measure_Unit.name>
        <curveType>A01</curveType>
        <Period>
            <timeInterval>
                <start>2023-08-15T03:10Z</start>
                <end>2023-08-15T03:12Z</end>
            </timeInterval>
            <resolution>PT1M</resolution>
            <Point>
                <position>1</position>
                <quantity>7.00</quantity>
            </Point>
            <Point>
                <position>2</position>
                <quantity>5.00</quantity>
            </Point>
        </Period>
    </TimeSeries>
    <TimeSeries>
        <mRID>151</mRID>
        <businessType>B33</businessType>
        <flowDirection.direction>A02</flowDirection.direction>
        <quantity_Measure_Unit.name>MAW</quantity_Measure_Unit.name>
        <curveType>A01</curveType>
        <Period>
            <timeInterval>
                <start>2023-08-15T03:12Z</start>
                <end>2023-08-15T03:13Z</end>
            </timeInterval>
            <resolution>PT1M</resolution>
            <Point>
                <position>1</position>
                <quantity>5.00</quantity>
            </Point>
        </Period>
    </TimeSeries>
    <TimeSeries>
        <mRID>152</mRID>
        <businessType>B33</businessType>
        <flowDirection.direction>A01</flowDirection.direction>
        <quantity_Measure_Unit.name>MAW</quantity_Measure_Unit.name>
        <curveType>A01</curveType>
        <Period>
            <timeInterval>
                <start>2023-08-15T03:13Z</start>
                <end>2023-08-15T03:15Z</end>
            </timeInterval>
            <resolution>PT1M</resolution>
            <Point>
                <position>1</position>
                <quantity>9.00</quantity>
            </Point>
            <Point>
                <position>2</position>
                <quantity>7.00</quantity>
            </Point>
        </Period>
    </TimeSeries>
    <TimeSeries>
        <mRID>153</mRID>
        <businessType>B33</businessType>
        <flowDirection.direction>A02</flowDirection.direction>
        <quantity_Measure_Unit.name>MAW</quantity_Measure_Unit.name>
        <curveType>A01</curveType>
        <Period>
            <timeInterval>
                <start>2023-08-15T03:15Z</start>
                <end>2023-08-15T03:16Z</end>
            </timeInterval>
            <resolution>PT1M</resolution>
            <Point>
                <position>1</position>
                <quantity>2.00</quantity>
            </Point>
        </Period>
    </TimeSeries>
    <TimeSeries>
        <mRID>154</mRID>
        <businessType>B33</businessType>
        <flowDirection.direction>A01</flowDirection.direction>
        <quantity_Measure_Unit.name>MAW</quantity_Measure_Unit.name>
        <curveType>A01</curveType>
        <Period>
            <timeInterval>
                <start>2023-08-15T03:16Z</start>
                <end>2023-08-15T03:17Z</end>
            </timeInterval>
            <resolution>PT1M</resolution>
            <Point>
                <position>1</position>
                <quantity>7.00</quantity>
            </Point>
        </Period>
    </TimeSeries>
    <TimeSeries>
        <mRID>155</mRID>
        <businessType>B33</businessType>
        <flowDirection.direction>A03</flowDirection.direction>
        <quantity_Measure_Unit.name>MAW</quantity_Measure_Unit.name>
        <curveType>A01</curveType>
        <Period>
            <timeInterval>
                <start>2023-08-15T03:17Z</start>
                <end>2023-08-15T03:18Z</end>
            </timeInterval>
            <resolution>PT1M</resolution>
            <Point>
                <position>1</position>
                <quantity>0.00</quantity>
            </Point>
        </Period>
    </TimeSeries>
    <TimeSeries>
        <mRID>156</mRID>
        <businessType>B33</businessType>
        <flowDirection.direction>A02</flowDirection.direction>
        <quantity_Measure_Unit.name>MAW</quantity_Measure_Unit.name>
        <curveType>A01</curveType>
        <Period>
            <timeInterval>
                <start>2023-08-15T03:18Z</start>
                <end>2023-08-15T03:21Z</end>
            </timeInterval>
            <resolution>PT1M</resolution>
            <Point>
                <position>1</position>
                <quantity>12.00</quantity>
            </Point>
            <Point>
                <position>2</position>
                <quantity>3.00</quantity>
            </Point>
            <Point>
                <position>3</position>
                <quantity>11.00</quantity>
            </Point>
        </Period>
    </TimeSeries>
    <TimeSeries>
        <mRID>157</mRID>
        <businessType>B33</businessType>
        <flowDirection.direction>A01</flowDirection.direction>
        <quantity_Measure_Unit.name>MAW</quantity_Measure_Unit.name>
        <curveType>A01</curveType>
        <Period>
            <timeInterval>
                <start>2023-08-15T03:21Z</start>
                <end>2023-08-15T03:23Z</end>
            </timeInterval>
            <resolution>PT1M</resolution>
            <Point>
                <position>1</position>
                <quantity>2.00</quantity>
            </Point>
            <Point>
                <position>2</position>
                <quantity>10.00</quantity>
            </Point>
        </Period>
    </TimeSeries>
    <TimeSeries>
        <mRID>158</mRID>
        <businessType>B33</businessType>
        <flowDirection.direction>A02</flowDirection.direction>
        <quantity_Measure_Unit.name>MAW</quantity_Measure_Unit.name>
        <curveType>A01</curveType>
        <Period>
            <timeInterval>
                <start>2023-08-15T03:23Z</start>
                <end>2023-08-15T03:25Z</end>
            </timeInterval>
            <resolution>PT1M</resolution>
            <Point>
                <position>1</position>
                <quantity>4.00</quantity>
            </Point>
            <Point>
                <position>2</position>
                <quantity>3.00</quantity>
            </Point>
        </Period>
    </TimeSeries>
    <TimeSeries>
        <mRID>159</mRID>
        <businessType>B33</businessType>
        <flowDirection.direction>A01</flowDirection.direction>
        <quantity_Measure_Unit.name>MAW</quantity_Measure_Unit.name>
        <curveType>A01</curveType>
        <Period>
            <timeInterval>
                <start>2023-08-15T03:25Z</start>
                <end>2023-08-15T03:26Z</end>
            </timeInterval>
            <resolution>PT1M</resolution>
            <Point>
                <position>1</position>
                <quantity>7.00</quantity>
            </Point>
        </Period>
    </TimeSeries>
    <TimeSeries>
        <mRID>160</mRID>
        <businessType>B33</businessType>
        <flowDirection.direction>A02</flowDirection.direction>
        <quantity_Measure_Unit.name>MAW</quantity_Measure_Unit.name>
        <curveType>A01</curveType>
        <Period>
            <timeInterval>
                <start>2023-08-15T03:26Z</start>
                <end>2023-08-15T03:29Z</end>
            </timeInterval>
            <resolution>PT1M</resolution>
            <Point>
                <position>1</position>
                <quantity>4.00</quantity>
            </Point>
            <Point>
                <position>2</position>
                <quantity>1.00</quantity>
            </Point>
            <Point>
                <position>3</position>
                <quantity>10.00</quantity>
            </Point>
        </Period>
    </TimeSeries>
    <TimeSeries>
        <mRID>161</mRID>
        <businessType>B33</businessType>
        <flowDirection.direction>A01</flowDirection.direction>
        <quantity_Measure_Unit.name>MAW</quantity_Measure_Unit.name>
        <curveType>A01</curveType>
        <Period>
            <timeInterval>
                <start>2023-08-15T03:29Z</start>
                <end>2023-08-15T03:32Z</end>
            </timeInterval>
            <resolution>PT1M</resolution>
            <Point>
                <position>1</position>
                <quantity>5.00</quantity>
            </Point>
            <Point>
                <position>2</position>
                <quantity>14.00</quantity>
            </Point>
            <Point>
                <position>3</position>
                <quantity>1.00</quantity>
            </Point>
        </Period>
    </TimeSeries>
    <TimeSeries>
        <mRID>162</mRID>
        <businessType>B33</businessType>
        <flowDirection.direction>A02</flowDirection.direction>
        <quantity_Measure_Unit.name>MAW</quantity_Measure_Unit.name>
        <curveType>A01</curveType>
        <Period>
            <timeInterval>
                <start>2023-08-15T03:32Z</start>
                <end>2023-08-15T03:33Z</end>
            </timeInterval>
            <resolution>PT1M</resolution>
            <Point>
                <position>1</position>
                <quantity>8.00</quantity>
            </Point>
        </Period>
    </TimeSeries>
    <TimeSeries>
        <mRID>163</mRID>
        <businessType>B33</businessType>
        <flowDirection.direction>A01</flowDirection.direction>
        <quantity_Measure_Unit.name>MAW</quantity_Measure_Unit.name>
        <curveType>A01</curveType>
        <Period>
            <timeInterval>
                <start>2023-08-15T03:33Z</start>
                <end>2023-08-15T03:40Z</end>
            </timeInterval>
            <resolution>PT1M</resolution>
            <Point>
                <position>1</position>
                <quantity>2.00</quantity>
            </Point>
            <Point>
                <position>2</position>
                <quantity>5.00</quantity>
            </Point>
            <Point>
                <position>3</position>
                <quantity>2.00</quantity>
            </Point>
            <Point>
                <position>4</position>
                <quantity>3.00</quantity>
            </Point>
            <Point>
                <position>5</position>
                <quantity>1.00</quantity>
            </Point>
            <Point>
                <position>6</position>
                <quantity>23.00</quantity>
            </Point>
            <Point>
                <position>7</position>
                <quantity>9.00</quantity>
            </Point>
        </Period>
    </TimeSeries>
    <TimeSeries>
        <mRID>164</mRID>
        <businessType>B33</businessType>
        <flowDirection.direction>A02</flowDirection.direction>
        <quantity_Measure_Unit.name>MAW</quantity_Measure_Unit.name>
        <curveType>A01</curveType>
        <Period>
            <timeInterval>
                <start>2023-08-15T03:40Z</start>
                <end>2023-08-15T03:43Z</end>
            </timeInterval>
            <resolution>PT1M</resolution>
            <Point>
                <position>1</position>
                <quantity>12.00</quantity>
            </Point>
            <Point>
                <position>2</position>
                <quantity>16.00</quantity>
            </Point>
            <Point>
                <position>3</position>
                <quantity>11.00</quantity>
            </Point>
        </Period>
    </TimeSeries>
    <TimeSeries>
        <mRID>165</mRID>
        <businessType>B33</businessType>
        <flowDirection.direction>A01</flowDirection.direction>
        <quantity_Measure_Unit.name>MAW</quantity_Measure_Unit.name>
        <curveType>A01</curveType>
        <Period>
            <timeInterval>
                <start>2023-08-15T03:43Z</start>
                <end>2023-08-15T03:46Z</end>
            </timeInterval>
            <resolution>PT1M</resolution>
            <Point>
                <position>1</position>
                <quantity>1.00</quantity>
            </Point>
            <Point>
                <position>2</position>
                <quantity>6.00</quantity>
            </Point>
            <Point>
                <position>3</position>
                <quantity>5.00</quantity>
            </Point>
        </Period>
    </TimeSeries>
    <TimeSeries>
        <mRID>166</mRID>
        <businessType>B33</businessType>
        <flowDirection.direction>A02</flowDirection.direction>
        <quantity_Measure_Unit.name>MAW</quantity_Measure_Unit.name>
        <curveType>A01</curveType>
        <Period>
            <timeInterval>
                <start>2023-08-15T03:46Z</start>
                <end>2023-08-15T03:49Z</end>
            </timeInterval>
            <resolution>PT1M</resolution>
            <Point>
                <position>1</position>
                <quantity>10.00</quantity>
            </Point>
            <Point>
                <position>2</position>
                <quantity>11.00</quantity>
            </Point>
            <Point>
                <position>3</position>
                <quantity>4.00</quantity>
            </Point>
        </Period>
    </TimeSeries>
    <TimeSeries>
        <mRID>167</mRID>
        <businessType>B33</businessType>
        <flowDirection.direction>A01</flowDirection.direction>
        <quantity_Measure_Unit.name>MAW</quantity_Measure_Unit.name>
        <curveType>A01</curveType>
        <Period>
            <timeInterval>
                <start>2023-08-15T03:49Z</start>
                <end>2023-08-15T03:51Z</end>
            </timeInterval>
            <resolution>PT1M</resolution>
            <Point>
                <position>1</position>
                <quantity>5.00</quantity>
            </Point>
            <Point>
                <position>2</position>
                <quantity>5.00</quantity>
            </Point>
        </Period>
    </TimeSeries>
    <TimeSeries>
        <mRID>168</mRID>
        <businessType>B33</businessType>
        <flowDirection.direction>A02</flowDirection.direction>
        <quantity_Measure_Unit.name>MAW</quantity_Measure_Unit.name>
        <curveType>A01</curveType>
        <Period>
            <timeInterval>
                <start>2023-08-15T03:51Z</start>
                <end>2023-08-15T03:52Z</end>
            </timeInterval>
            <resolution>PT1M</resolution>
            <Point>
                <position>1</position>
                <quantity>1.00</quantity>
            </Point>
        </Period>
    </TimeSeries>
    <TimeSeries>
        <mRID>169</mRID>
        <businessType>B33</businessType>
        <flowDirection.direction>A01</flowDirection.direction>
        <quantity_Measure_Unit.name>MAW</quantity_Measure_Unit.name>
        <curveType>A01</curveType>
        <Period>
            <timeInterval>
                <start>2023-08-15T03:52Z</start>
                <end>2023-08-15T03:53Z</end>
            </timeInterval>
            <resolution>PT1M</resolution>
            <Point>
                <position>1</position>
                <quantity>1.00</quantity>
            </Point>
        </Period>
    </TimeSeries>
    <TimeSeries>
        <mRID>170</mRID>
        <businessType>B33</businessType>
        <flowDirection.direction>A02</flowDirection.direction>
        <quantity_Measure_Unit.name>MAW</quantity_Measure_Unit.name>
        <curveType>A01</curveType>
        <Period>
            <timeInterval>
                <start>2023-08-15T03:53Z</start>
                <end>2023-08-15T03:55Z</end>
            </timeInterval>
            <resolution>PT1M</resolution>
            <Point>
                <position>1</position>
                <quantity>7.00</quantity>
            </Point>
            <Point>
                <position>2</position>
                <quantity>2.00</quantity>
            </Point>
        </Period>
    </TimeSeries>
    <TimeSeries>
        <mRID>171</mRID>
        <businessType>B33</businessType>
        <flowDirection.direction>A01</flowDirection.direction>
        <quantity_Measure_Unit.name>MAW</quantity_Measure_Unit.name>
        <curveType>A01</curveType>
        <Period>
            <timeInterval>
                <start>2023-08-15T03:55Z</start>
                <end>2023-08-15T03:57Z</end>
            </timeInterval>
            <resolution>PT1M</resolution>
            <Point>
                <position>1</position>
                <quantity>2.00</quantity>
            </Point>
            <Point>
                <position>2</position>
                <quantity>37.00</quantity>
            </Point>
        </Period>
    </TimeSeries>
    <TimeSeries>
        <mRID>172</mRID>
        <businessType>B33</businessType>
        <flowDirection.direction>A02</flowDirection.direction>
        <quantity_Measure_Unit.name>MAW</quantity_Measure_Unit.name>
        <curveType>A01</curveType>
        <Period>
            <timeInterval>
                <start>2023-08-15T03:57Z</start>
                <end>2023-08-15T04:00Z</end>
            </timeInterval>
            <resolution>PT1M</resolution>
            <Point>
                <position>1</position>
                <quantity>17.00</quantity>
            </Point>
            <Point>
                <position>2</position>
                <quantity>17.00</quantity>
            </Point>
            <Point>
                <position>3</position>
                <quantity>3.00</quantity>
            </Point>
        </Period>
    </TimeSeries>
    <TimeSeries>
        <mRID>173</mRID>
        <businessType>B33</businessType>
        <flowDirection.direction>A01</flowDirection.direction>
        <quantity_Measure_Unit.name>MAW</quantity_Measure_Unit.name>
        <curveType>A01</curveType>
        <Period>
            <timeInterval>
                <start>2023-08-15T04:00Z</start>
                <end>2023-08-15T04:01Z</end>
            </timeInterval>
            <resolution>PT1M</resolution>
            <Point>
                <position>1</position>
                <quantity>5.00</quantity>
            </Point>
        </Period>
    </TimeSeries>
    <TimeSeries>
        <mRID>174</mRID>
        <businessType>B33</businessType>
        <flowDirection.direction>A02</flowDirection.direction>
        <quantity_Measure_Unit.name>MAW</quantity_Measure_Unit.name>
        <curveType>A01</curveType>
        <Period>
            <timeInterval>
                <start>2023-08-15T04:01Z</start>
                <end>2023-08-15T04:02Z</end>
            </timeInterval>
            <resolution>PT1M</resolution>
            <Point>
                <position>1</position>
                <quantity>27.00</quantity>
            </Point>
        </Period>
    </TimeSeries>
    <TimeSeries>
        <mRID>175</mRID>
        <businessType>B33</businessType>
        <flowDirection.direction>A01</flowDirection.direction>
        <quantity_Measure_Unit.name>MAW</quantity_Measure_Unit.name>
        <curveType>A01</curveType>
        <Period>
            <timeInterval>
                <start>2023-08-15T04:02Z</start>
                <end>2023-08-15T04:04Z</end>
            </timeInterval>
            <resolution>PT1M</resolution>
            <Point>
                <position>1</position>
                <quantity>18.00</quantity>
            </Point>
            <Point>
                <position>2</position>
                <quantity>7.00</quantity>
            </Point>
        </Period>
    </TimeSeries>
    <TimeSeries>
        <mRID>176</mRID>
        <businessType>B33</businessType>
        <flowDirection.direction>A02</flowDirection.direction>
        <quantity_Measure_Unit.name>MAW</quantity_Measure_Unit.name>
        <curveType>A01</curveType>
        <Period>
            <timeInterval>
                <start>2023-08-15T04:04Z</start>
                <end>2023-08-15T04:06Z</end>
            </timeInterval>
            <resolution>PT1M</resolution>
            <Point>
                <position>1</position>
                <quantity>1.00</quantity>
            </Point>
            <Point>
                <position>2</position>
                <quantity>3.00</quantity>
            </Point>
        </Period>
    </TimeSeries>
    <TimeSeries>
        <mRID>177</mRID>
        <businessType>B33</businessType>
        <flowDirection.direction>A01</flowDirection.direction>
        <quantity_Measure_Unit.name>MAW</quantity_Measure_Unit.name>
        <curveType>A01</curveType>
        <Period>
            <timeInterval>
                <start>2023-08-15T04:06Z</start>
                <end>2023-08-15T04:10Z</end>
            </timeInterval>
            <resolution>PT1M</resolution>
            <Point>
                <position>1</position>
                <quantity>19.00</quantity>
            </Point>
            <Point>
                <position>2</position>
                <quantity>19.00</quantity>
            </Point>
            <Point>
                <position>3</position>
                <quantity>6.00</quantity>
            </Point>
            <Point>
                <position>4</position>
                <quantity>7.00</quantity>
            </Point>
        </Period>
    </TimeSeries>
    <TimeSeries>
        <mRID>178</mRID>
        <businessType>B33</businessType>
        <flowDirection.direction>A02</flowDirection.direction>
        <quantity_Measure_Unit.name>MAW</quantity_Measure_Unit.name>
        <curveType>A01</curveType>
        <Period>
            <timeInterval>
                <start>2023-08-15T04:10Z</start>
                <end>2023-08-15T04:11Z</end>
            </timeInterval>
            <resolution>PT1M</resolution>
            <Point>
                <position>1</position>
                <quantity>1.00</quantity>
            </Point>
        </Period>
    </TimeSeries>
    <TimeSeries>
        <mRID>179</mRID>
        <businessType>B33</businessType>
        <flowDirection.direction>A01</flowDirection.direction>
        <quantity_Measure_Unit.name>MAW</quantity_Measure_Unit.name>
        <curveType>A01</curveType>
        <Period>
            <timeInterval>
                <start>2023-08-15T04:11Z</start>
                <end>2023-08-15T04:12Z</end>
            </timeInterval>
            <resolution>PT1M</resolution>
            <Point>
                <position>1</position>
                <quantity>21.00</quantity>
            </Point>
        </Period>
    </TimeSeries>
    <TimeSeries>
        <mRID>180</mRID>
        <businessType>B33</businessType>
        <flowDirection.direction>A02</flowDirection.direction>
        <quantity_Measure_Unit.name>MAW</quantity_Measure_Unit.name>
        <curveType>A01</curveType>
        <Period>
            <timeInterval>
                <start>2023-08-15T04:12Z</start>
                <end>2023-08-15T04:14Z</end>
            </timeInterval>
            <resolution>PT1M</resolution>
            <Point>
                <position>1</position>
                <quantity>2.00</quantity>
            </Point>
            <Point>
                <position>2</position>
                <quantity>3.00</quantity>
            </Point>
        </Period>
    </TimeSeries>
    <TimeSeries>
        <mRID>181</mRID>
        <businessType>B33</businessType>
        <flowDirection.direction>A01</flowDirection.direction>
        <quantity_Measure_Unit.name>MAW</quantity_Measure_Unit.name>
        <curveType>A01</curveType>
        <Period>
            <timeInterval>
                <start>2023-08-15T04:14Z</start>
                <end>2023-08-15T04:16Z</end>
            </timeInterval>
            <resolution>PT1M</resolution>
            <Point>
                <position>1</position>
                <quantity>31.00</quantity>
            </Point>
            <Point>
                <position>2</position>
                <quantity>16.00</quantity>
            </Point>
        </Period>
    </TimeSeries>
    <TimeSeries>
        <mRID>182</mRID>
        <businessType>B33</businessType>
        <flowDirection.direction>A02</flowDirection.direction>
        <quantity_Measure_Unit.name>MAW</quantity_Measure_Unit.name>
        <curveType>A01</curveType>
        <Period>
            <timeInterval>
                <start>2023-08-15T04:16Z</start>
                <end>2023-08-15T04:20Z</end>
            </timeInterval>
            <resolution>PT1M</resolution>
            <Point>
                <position>1</position>
                <quantity>52.00</quantity>
            </Point>
            <Point>
                <position>2</position>
                <quantity>40.00</quantity>
            </Point>
            <Point>
                <position>3</position>
                <quantity>9.00</quantity>
            </Point>
            <Point>
                <position>4</position>
                <quantity>11.00</quantity>
            </Point>
        </Period>
    </TimeSeries>
    <TimeSeries>
        <mRID>183</mRID>
        <businessType>B33</businessType>
        <flowDirection.direction>A01</flowDirection.direction>
        <quantity_Measure_Unit.name>MAW</quantity_Measure_Unit.name>
        <curveType>A01</curveType>
        <Period>
            <timeInterval>
                <start>2023-08-15T04:20Z</start>
                <end>2023-08-15T04:22Z</end>
            </timeInterval>
            <resolution>PT1M</resolution>
            <Point>
                <position>1</position>
                <quantity>11.00</quantity>
            </Point>
            <Point>
                <position>2</position>
                <quantity>7.00</quantity>
            </Point>
        </Period>
    </TimeSeries>
    <TimeSeries>
        <mRID>184</mRID>
        <businessType>B33</businessType>
        <flowDirection.direction>A02</flowDirection.direction>
        <quantity_Measure_Unit.name>MAW</quantity_Measure_Unit.name>
        <curveType>A01</curveType>
        <Period>
            <timeInterval>
                <start>2023-08-15T04:22Z</start>
                <end>2023-08-15T04:23Z</end>
            </timeInterval>
            <resolution>PT1M</resolution>
            <Point>
                <position>1</position>
                <quantity>1.00</quantity>
            </Point>
        </Period>
    </TimeSeries>
    <TimeSeries>
        <mRID>185</mRID>
        <businessType>B33</businessType>
        <flowDirection.direction>A01</flowDirection.direction>
        <quantity_Measure_Unit.name>MAW</quantity_Measure_Unit.name>
        <curveType>A01</curveType>
        <Period>
            <timeInterval>
                <start>2023-08-15T04:23Z</start>
                <end>2023-08-15T04:24Z</end>
            </timeInterval>
            <resolution>PT1M</resolution>
            <Point>
                <position>1</position>
                <quantity>10.00</quantity>
            </Point>
        </Period>
    </TimeSeries>
    <TimeSeries>
        <mRID>186</mRID>
        <businessType>B33</businessType>
        <flowDirection.direction>A02</flowDirection.direction>
        <quantity_Measure_Unit.name>MAW</quantity_Measure_Unit.name>
        <curveType>A01</curveType>
        <Period>
            <timeInterval>
                <start>2023-08-15T04:24Z</start>
                <end>2023-08-15T04:25Z</end>
            </timeInterval>
            <resolution>PT1M</resolution>
            <Point>
                <position>1</position>
                <quantity>20.00</quantity>
            </Point>
        </Period>
    </TimeSeries>
    <TimeSeries>
        <mRID>187</mRID>
        <businessType>B33</businessType>
        <flowDirection.direction>A01</flowDirection.direction>
        <quantity_Measure_Unit.name>MAW</quantity_Measure_Unit.name>
        <curveType>A01</curveType>
        <Period>
            <timeInterval>
                <start>2023-08-15T04:25Z</start>
                <end>2023-08-15T04:27Z</end>
            </timeInterval>
            <resolution>PT1M</resolution>
            <Point>
                <position>1</position>
                <quantity>14.00</quantity>
            </Point>
            <Point>
                <position>2</position>
                <quantity>8.00</quantity>
            </Point>
        </Period>
    </TimeSeries>
    <TimeSeries>
        <mRID>188</mRID>
        <businessType>B33</businessType>
        <flowDirection.direction>A02</flowDirection.direction>
        <quantity_Measure_Unit.name>MAW</quantity_Measure_Unit.name>
        <curveType>A01</curveType>
        <Period>
            <timeInterval>
                <start>2023-08-15T04:27Z</start>
                <end>2023-08-15T04:28Z</end>
            </timeInterval>
            <resolution>PT1M</resolution>
            <Point>
                <position>1</position>
                <quantity>18.00</quantity>
            </Point>
        </Period>
    </TimeSeries>
    <TimeSeries>
        <mRID>189</mRID>
        <businessType>B33</businessType>
        <flowDirection.direction>A01</flowDirection.direction>
        <quantity_Measure_Unit.name>MAW</quantity_Measure_Unit.name>
        <curveType>A01</curveType>
        <Period>
            <timeInterval>
                <start>2023-08-15T04:28Z</start>
                <end>2023-08-15T04:31Z</end>
            </timeInterval>
            <resolution>PT1M</resolution>
            <Point>
                <position>1</position>
                <quantity>6.00</quantity>
            </Point>
            <Point>
                <position>2</position>
                <quantity>4.00</quantity>
            </Point>
            <Point>
                <position>3</position>
                <quantity>5.00</quantity>
            </Point>
        </Period>
    </TimeSeries>
    <TimeSeries>
        <mRID>190</mRID>
        <businessType>B33</businessType>
        <flowDirection.direction>A02</flowDirection.direction>
        <quantity_Measure_Unit.name>MAW</quantity_Measure_Unit.name>
        <curveType>A01</curveType>
        <Period>
            <timeInterval>
                <start>2023-08-15T04:31Z</start>
                <end>2023-08-15T04:32Z</end>
            </timeInterval>
            <resolution>PT1M</resolution>
            <Point>
                <position>1</position>
                <quantity>2.00</quantity>
            </Point>
        </Period>
    </TimeSeries>
    <TimeSeries>
        <mRID>191</mRID>
        <businessType>B33</businessType>
        <flowDirection.direction>A01</flowDirection.direction>
        <quantity_Measure_Unit.name>MAW</quantity_Measure_Unit.name>
        <curveType>A01</curveType>
        <Period>
            <timeInterval>
                <start>2023-08-15T04:32Z</start>
                <end>2023-08-15T04:33Z</end>
            </timeInterval>
            <resolution>PT1M</resolution>
            <Point>
                <position>1</position>
                <quantity>6.00</quantity>
            </Point>
        </Period>
    </TimeSeries>
    <TimeSeries>
        <mRID>192</mRID>
        <businessType>B33</businessType>
        <flowDirection.direction>A02</flowDirection.direction>
        <quantity_Measure_Unit.name>MAW</quantity_Measure_Unit.name>
        <curveType>A01</curveType>
        <Period>
            <timeInterval>
                <start>2023-08-15T04:33Z</start>
                <end>2023-08-15T04:34Z</end>
            </timeInterval>
            <resolution>PT1M</resolution>
            <Point>
                <position>1</position>
                <quantity>8.00</quantity>
            </Point>
        </Period>
    </TimeSeries>
    <TimeSeries>
        <mRID>193</mRID>
        <businessType>B33</businessType>
        <flowDirection.direction>A01</flowDirection.direction>
        <quantity_Measure_Unit.name>MAW</quantity_Measure_Unit.name>
        <curveType>A01</curveType>
        <Period>
            <timeInterval>
                <start>2023-08-15T04:34Z</start>
                <end>2023-08-15T04:37Z</end>
            </timeInterval>
            <resolution>PT1M</resolution>
            <Point>
                <position>1</position>
                <quantity>4.00</quantity>
            </Point>
            <Point>
                <position>2</position>
                <quantity>4.00</quantity>
            </Point>
            <Point>
                <position>3</position>
                <quantity>4.00</quantity>
            </Point>
        </Period>
    </TimeSeries>
    <TimeSeries>
        <mRID>194</mRID>
        <businessType>B33</businessType>
        <flowDirection.direction>A02</flowDirection.direction>
        <quantity_Measure_Unit.name>MAW</quantity_Measure_Unit.name>
        <curveType>A01</curveType>
        <Period>
            <timeInterval>
                <start>2023-08-15T04:37Z</start>
                <end>2023-08-15T04:39Z</end>
            </timeInterval>
            <resolution>PT1M</resolution>
            <Point>
                <position>1</position>
                <quantity>5.00</quantity>
            </Point>
            <Point>
                <position>2</position>
                <quantity>5.00</quantity>
            </Point>
        </Period>
    </TimeSeries>
    <TimeSeries>
        <mRID>195</mRID>
        <businessType>B33</businessType>
        <flowDirection.direction>A03</flowDirection.direction>
        <quantity_Measure_Unit.name>MAW</quantity_Measure_Unit.name>
        <curveType>A01</curveType>
        <Period>
            <timeInterval>
                <start>2023-08-15T04:39Z</start>
                <end>2023-08-15T04:40Z</end>
            </timeInterval>
            <resolution>PT1M</resolution>
            <Point>
                <position>1</position>
                <quantity>0.00</quantity>
            </Point>
        </Period>
    </TimeSeries>
    <TimeSeries>
        <mRID>196</mRID>
        <businessType>B33</businessType>
        <flowDirection.direction>A01</flowDirection.direction>
        <quantity_Measure_Unit.name>MAW</quantity_Measure_Unit.name>
        <curveType>A01</curveType>
        <Period>
            <timeInterval>
                <start>2023-08-15T04:40Z</start>
                <end>2023-08-15T04:41Z</end>
            </timeInterval>
            <resolution>PT1M</resolution>
            <Point>
                <position>1</position>
                <quantity>5.00</quantity>
            </Point>
        </Period>
    </TimeSeries>
    <TimeSeries>
        <mRID>197</mRID>
        <businessType>B33</businessType>
        <flowDirection.direction>A02</flowDirection.direction>
        <quantity_Measure_Unit.name>MAW</quantity_Measure_Unit.name>
        <curveType>A01</curveType>
        <Period>
            <timeInterval>
                <start>2023-08-15T04:41Z</start>
                <end>2023-08-15T04:42Z</end>
            </timeInterval>
            <resolution>PT1M</resolution>
            <Point>
                <position>1</position>
                <quantity>1.00</quantity>
            </Point>
        </Period>
    </TimeSeries>
    <TimeSeries>
        <mRID>198</mRID>
        <businessType>B33</businessType>
        <flowDirection.direction>A01</flowDirection.direction>
        <quantity_Measure_Unit.name>MAW</quantity_Measure_Unit.name>
        <curveType>A01</curveType>
        <Period>
            <timeInterval>
                <start>2023-08-15T04:42Z</start>
                <end>2023-08-15T04:44Z</end>
            </timeInterval>
            <resolution>PT1M</resolution>
            <Point>
                <position>1</position>
                <quantity>3.00</quantity>
            </Point>
            <Point>
                <position>2</position>
                <quantity>2.00</quantity>
            </Point>
        </Period>
    </TimeSeries>
    <TimeSeries>
        <mRID>199</mRID>
        <businessType>B33</businessType>
        <flowDirection.direction>A02</flowDirection.direction>
        <quantity_Measure_Unit.name>MAW</quantity_Measure_Unit.name>
        <curveType>A01</curveType>
        <Period>
            <timeInterval>
                <start>2023-08-15T04:44Z</start>
                <end>2023-08-15T04:45Z</end>
            </timeInterval>
            <resolution>PT1M</resolution>
            <Point>
                <position>1</position>
                <quantity>5.00</quantity>
            </Point>
        </Period>
    </TimeSeries>
    <TimeSeries>
        <mRID>200</mRID>
        <businessType>B33</businessType>
        <flowDirection.direction>A01</flowDirection.direction>
        <quantity_Measure_Unit.name>MAW</quantity_Measure_Unit.name>
        <curveType>A01</curveType>
        <Period>
            <timeInterval>
                <start>2023-08-15T04:45Z</start>
                <end>2023-08-15T04:46Z</end>
            </timeInterval>
            <resolution>PT1M</resolution>
            <Point>
                <position>1</position>
                <quantity>7.00</quantity>
            </Point>
        </Period>
    </TimeSeries>
    <TimeSeries>
        <mRID>201</mRID>
        <businessType>B33</businessType>
        <flowDirection.direction>A02</flowDirection.direction>
        <quantity_Measure_Unit.name>MAW</quantity_Measure_Unit.name>
        <curveType>A01</curveType>
        <Period>
            <timeInterval>
                <start>2023-08-15T04:46Z</start>
                <end>2023-08-15T04:49Z</end>
            </timeInterval>
            <resolution>PT1M</resolution>
            <Point>
                <position>1</position>
                <quantity>3.00</quantity>
            </Point>
            <Point>
                <position>2</position>
                <quantity>13.00</quantity>
            </Point>
            <Point>
                <position>3</position>
                <quantity>1.00</quantity>
            </Point>
        </Period>
    </TimeSeries>
    <TimeSeries>
        <mRID>202</mRID>
        <businessType>B33</businessType>
        <flowDirection.direction>A01</flowDirection.direction>
        <quantity_Measure_Unit.name>MAW</quantity_Measure_Unit.name>
        <curveType>A01</curveType>
        <Period>
            <timeInterval>
                <start>2023-08-15T04:49Z</start>
                <end>2023-08-15T04:51Z</end>
            </timeInterval>
            <resolution>PT1M</resolution>
            <Point>
                <position>1</position>
                <quantity>13.00</quantity>
            </Point>
            <Point>
                <position>2</position>
                <quantity>6.00</quantity>
            </Point>
        </Period>
    </TimeSeries>
    <TimeSeries>
        <mRID>203</mRID>
        <businessType>B33</businessType>
        <flowDirection.direction>A02</flowDirection.direction>
        <quantity_Measure_Unit.name>MAW</quantity_Measure_Unit.name>
        <curveType>A01</curveType>
        <Period>
            <timeInterval>
                <start>2023-08-15T04:51Z</start>
                <end>2023-08-15T04:52Z</end>
            </timeInterval>
            <resolution>PT1M</resolution>
            <Point>
                <position>1</position>
                <quantity>12.00</quantity>
            </Point>
        </Period>
    </TimeSeries>
    <TimeSeries>
        <mRID>204</mRID>
        <businessType>B33</businessType>
        <flowDirection.direction>A03</flowDirection.direction>
        <quantity_Measure_Unit.name>MAW</quantity_Measure_Unit.name>
        <curveType>A01</curveType>
        <Period>
            <timeInterval>
                <start>2023-08-15T04:52Z</start>
                <end>2023-08-15T04:53Z</end>
            </timeInterval>
            <resolution>PT1M</resolution>
            <Point>
                <position>1</position>
                <quantity>0.00</quantity>
            </Point>
        </Period>
    </TimeSeries>
    <TimeSeries>
        <mRID>205</mRID>
        <businessType>B33</businessType>
        <flowDirection.direction>A02</flowDirection.direction>
        <quantity_Measure_Unit.name>MAW</quantity_Measure_Unit.name>
        <curveType>A01</curveType>
        <Period>
            <timeInterval>
                <start>2023-08-15T04:53Z</start>
                <end>2023-08-15T04:54Z</end>
            </timeInterval>
            <resolution>PT1M</resolution>
            <Point>
                <position>1</position>
                <quantity>1.00</quantity>
            </Point>
        </Period>
    </TimeSeries>
    <TimeSeries>
        <mRID>206</mRID>
        <businessType>B33</businessType>
        <flowDirection.direction>A03</flowDirection.direction>
        <quantity_Measure_Unit.name>MAW</quantity_Measure_Unit.name>
        <curveType>A01</curveType>
        <Period>
            <timeInterval>
                <start>2023-08-15T04:54Z</start>
                <end>2023-08-15T04:55Z</end>
            </timeInterval>
            <resolution>PT1M</resolution>
            <Point>
                <position>1</position>
                <quantity>0.00</quantity>
            </Point>
        </Period>
    </TimeSeries>
    <TimeSeries>
        <mRID>207</mRID>
        <businessType>B33</businessType>
        <flowDirection.direction>A02</flowDirection.direction>
        <quantity_Measure_Unit.name>MAW</quantity_Measure_Unit.name>
        <curveType>A01</curveType>
        <Period>
            <timeInterval>
                <start>2023-08-15T04:55Z</start>
                <end>2023-08-15T04:57Z</end>
            </timeInterval>
            <resolution>PT1M</resolution>
            <Point>
                <position>1</position>
                <quantity>3.00</quantity>
            </Point>
            <Point>
                <position>2</position>
                <quantity>5.00</quantity>
            </Point>
        </Period>
    </TimeSeries>
    <TimeSeries>
        <mRID>208</mRID>
        <businessType>B33</businessType>
        <flowDirection.direction>A01</flowDirection.direction>
        <quantity_Measure_Unit.name>MAW</quantity_Measure_Unit.name>
        <curveType>A01</curveType>
        <Period>
            <timeInterval>
                <start>2023-08-15T04:57Z</start>
                <end>2023-08-15T04:58Z</end>
            </timeInterval>
            <resolution>PT1M</resolution>
            <Point>
                <position>1</position>
                <quantity>13.00</quantity>
            </Point>
        </Period>
    </TimeSeries>
    <TimeSeries>
        <mRID>209</mRID>
        <businessType>B33</businessType>
        <flowDirection.direction>A02</flowDirection.direction>
        <quantity_Measure_Unit.name>MAW</quantity_Measure_Unit.name>
        <curveType>A01</curveType>
        <Period>
            <timeInterval>
                <start>2023-08-15T04:58Z</start>
                <end>2023-08-15T04:59Z</end>
            </timeInterval>
            <resolution>PT1M</resolution>
            <Point>
                <position>1</position>
                <quantity>1.00</quantity>
            </Point>
        </Period>
    </TimeSeries>
    <TimeSeries>
        <mRID>210</mRID>
        <businessType>B33</businessType>
        <flowDirection.direction>A01</flowDirection.direction>
        <quantity_Measure_Unit.name>MAW</quantity_Measure_Unit.name>
        <curveType>A01</curveType>
        <Period>
            <timeInterval>
                <start>2023-08-15T04:59Z</start>
                <end>2023-08-15T05:00Z</end>
            </timeInterval>
            <resolution>PT1M</resolution>
            <Point>
                <position>1</position>
                <quantity>3.00</quantity>
            </Point>
        </Period>
    </TimeSeries>
    <TimeSeries>
        <mRID>211</mRID>
        <businessType>B33</businessType>
        <flowDirection.direction>A02</flowDirection.direction>
        <quantity_Measure_Unit.name>MAW</quantity_Measure_Unit.name>
        <curveType>A01</curveType>
        <Period>
            <timeInterval>
                <start>2023-08-15T05:00Z</start>
                <end>2023-08-15T05:03Z</end>
            </timeInterval>
            <resolution>PT1M</resolution>
            <Point>
                <position>1</position>
                <quantity>5.00</quantity>
            </Point>
            <Point>
                <position>2</position>
                <quantity>10.00</quantity>
            </Point>
            <Point>
                <position>3</position>
                <quantity>1.00</quantity>
            </Point>
        </Period>
    </TimeSeries>
    <TimeSeries>
        <mRID>212</mRID>
        <businessType>B33</businessType>
        <flowDirection.direction>A01</flowDirection.direction>
        <quantity_Measure_Unit.name>MAW</quantity_Measure_Unit.name>
        <curveType>A01</curveType>
        <Period>
            <timeInterval>
                <start>2023-08-15T05:03Z</start>
                <end>2023-08-15T05:05Z</end>
            </timeInterval>
            <resolution>PT1M</resolution>
            <Point>
                <position>1</position>
                <quantity>18.00</quantity>
            </Point>
            <Point>
                <position>2</position>
                <quantity>8.00</quantity>
            </Point>
        </Period>
    </TimeSeries>
    <TimeSeries>
        <mRID>213</mRID>
        <businessType>B33</businessType>
        <flowDirection.direction>A02</flowDirection.direction>
        <quantity_Measure_Unit.name>MAW</quantity_Measure_Unit.name>
        <curveType>A01</curveType>
        <Period>
            <timeInterval>
                <start>2023-08-15T05:05Z</start>
                <end>2023-08-15T05:06Z</end>
            </timeInterval>
            <resolution>PT1M</resolution>
            <Point>
                <position>1</position>
                <quantity>9.00</quantity>
            </Point>
        </Period>
    </TimeSeries>
    <TimeSeries>
        <mRID>214</mRID>
        <businessType>B33</businessType>
        <flowDirection.direction>A01</flowDirection.direction>
        <quantity_Measure_Unit.name>MAW</quantity_Measure_Unit.name>
        <curveType>A01</curveType>
        <Period>
            <timeInterval>
                <start>2023-08-15T05:06Z</start>
                <end>2023-08-15T05:07Z</end>
            </timeInterval>
            <resolution>PT1M</resolution>
            <Point>
                <position>1</position>
                <quantity>31.00</quantity>
            </Point>
        </Period>
    </TimeSeries>
    <TimeSeries>
        <mRID>215</mRID>
        <businessType>B33</businessType>
        <flowDirection.direction>A02</flowDirection.direction>
        <quantity_Measure_Unit.name>MAW</quantity_Measure_Unit.name>
        <curveType>A01</curveType>
        <Period>
            <timeInterval>
                <start>2023-08-15T05:07Z</start>
                <end>2023-08-15T05:08Z</end>
            </timeInterval>
            <resolution>PT1M</resolution>
            <Point>
                <position>1</position>
                <quantity>7.00</quantity>
            </Point>
        </Period>
    </TimeSeries>
    <TimeSeries>
        <mRID>216</mRID>
        <businessType>B33</businessType>
        <flowDirection.direction>A01</flowDirection.direction>
        <quantity_Measure_Unit.name>MAW</quantity_Measure_Unit.name>
        <curveType>A01</curveType>
        <Period>
            <timeInterval>
                <start>2023-08-15T05:08Z</start>
                <end>2023-08-15T05:10Z</end>
            </timeInterval>
            <resolution>PT1M</resolution>
            <Point>
                <position>1</position>
                <quantity>19.00</quantity>
            </Point>
            <Point>
                <position>2</position>
                <quantity>8.00</quantity>
            </Point>
        </Period>
    </TimeSeries>
    <TimeSeries>
        <mRID>217</mRID>
        <businessType>B33</businessType>
        <flowDirection.direction>A02</flowDirection.direction>
        <quantity_Measure_Unit.name>MAW</quantity_Measure_Unit.name>
        <curveType>A01</curveType>
        <Period>
            <timeInterval>
                <start>2023-08-15T05:10Z</start>
                <end>2023-08-15T05:11Z</end>
            </timeInterval>
            <resolution>PT1M</resolution>
            <Point>
                <position>1</position>
                <quantity>27.00</quantity>
            </Point>
        </Period>
    </TimeSeries>
    <TimeSeries>
        <mRID>218</mRID>
        <businessType>B33</businessType>
        <flowDirection.direction>A01</flowDirection.direction>
        <quantity_Measure_Unit.name>MAW</quantity_Measure_Unit.name>
        <curveType>A01</curveType>
        <Period>
            <timeInterval>
                <start>2023-08-15T05:11Z</start>
                <end>2023-08-15T05:12Z</end>
            </timeInterval>
            <resolution>PT1M</resolution>
            <Point>
                <position>1</position>
                <quantity>4.00</quantity>
            </Point>
        </Period>
    </TimeSeries>
    <TimeSeries>
        <mRID>219</mRID>
        <businessType>B33</businessType>
        <flowDirection.direction>A02</flowDirection.direction>
        <quantity_Measure_Unit.name>MAW</quantity_Measure_Unit.name>
        <curveType>A01</curveType>
        <Period>
            <timeInterval>
                <start>2023-08-15T05:12Z</start>
                <end>2023-08-15T05:13Z</end>
            </timeInterval>
            <resolution>PT1M</resolution>
            <Point>
                <position>1</position>
                <quantity>2.00</quantity>
            </Point>
        </Period>
    </TimeSeries>
    <TimeSeries>
        <mRID>220</mRID>
        <businessType>B33</businessType>
        <flowDirection.direction>A01</flowDirection.direction>
        <quantity_Measure_Unit.name>MAW</quantity_Measure_Unit.name>
        <curveType>A01</curveType>
        <Period>
            <timeInterval>
                <start>2023-08-15T05:13Z</start>
                <end>2023-08-15T05:16Z</end>
            </timeInterval>
            <resolution>PT1M</resolution>
            <Point>
                <position>1</position>
                <quantity>10.00</quantity>
            </Point>
            <Point>
                <position>2</position>
                <quantity>18.00</quantity>
            </Point>
            <Point>
                <position>3</position>
                <quantity>17.00</quantity>
            </Point>
        </Period>
    </TimeSeries>
    <TimeSeries>
        <mRID>221</mRID>
        <businessType>B33</businessType>
        <flowDirection.direction>A02</flowDirection.direction>
        <quantity_Measure_Unit.name>MAW</quantity_Measure_Unit.name>
        <curveType>A01</curveType>
        <Period>
            <timeInterval>
                <start>2023-08-15T05:16Z</start>
                <end>2023-08-15T05:19Z</end>
            </timeInterval>
            <resolution>PT1M</resolution>
            <Point>
                <position>1</position>
                <quantity>17.00</quantity>
            </Point>
            <Point>
                <position>2</position>
                <quantity>21.00</quantity>
            </Point>
            <Point>
                <position>3</position>
                <quantity>29.00</quantity>
            </Point>
        </Period>
    </TimeSeries>
    <TimeSeries>
        <mRID>222</mRID>
        <businessType>B33</businessType>
        <flowDirection.direction>A01</flowDirection.direction>
        <quantity_Measure_Unit.name>MAW</quantity_Measure_Unit.name>
        <curveType>A01</curveType>
        <Period>
            <timeInterval>
                <start>2023-08-15T05:19Z</start>
                <end>2023-08-15T05:21Z</end>
            </timeInterval>
            <resolution>PT1M</resolution>
            <Point>
                <position>1</position>
                <quantity>8.00</quantity>
            </Point>
            <Point>
                <position>2</position>
                <quantity>45.00</quantity>
            </Point>
        </Period>
    </TimeSeries>
    <TimeSeries>
        <mRID>223</mRID>
        <businessType>B33</businessType>
        <flowDirection.direction>A02</flowDirection.direction>
        <quantity_Measure_Unit.name>MAW</quantity_Measure_Unit.name>
        <curveType>A01</curveType>
        <Period>
            <timeInterval>
                <start>2023-08-15T05:21Z</start>
                <end>2023-08-15T05:22Z</end>
            </timeInterval>
            <resolution>PT1M</resolution>
            <Point>
                <position>1</position>
                <quantity>25.00</quantity>
            </Point>
        </Period>
    </TimeSeries>
    <TimeSeries>
        <mRID>224</mRID>
        <businessType>B33</businessType>
        <flowDirection.direction>A01</flowDirection.direction>
        <quantity_Measure_Unit.name>MAW</quantity_Measure_Unit.name>
        <curveType>A01</curveType>
        <Period>
            <timeInterval>
                <start>2023-08-15T05:22Z</start>
                <end>2023-08-15T05:23Z</end>
            </timeInterval>
            <resolution>PT1M</resolution>
            <Point>
                <position>1</position>
                <quantity>9.00</quantity>
            </Point>
        </Period>
    </TimeSeries>
    <TimeSeries>
        <mRID>225</mRID>
        <businessType>B33</businessType>
        <flowDirection.direction>A02</flowDirection.direction>
        <quantity_Measure_Unit.name>MAW</quantity_Measure_Unit.name>
        <curveType>A01</curveType>
        <Period>
            <timeInterval>
                <start>2023-08-15T05:23Z</start>
                <end>2023-08-15T05:26Z</end>
            </timeInterval>
            <resolution>PT1M</resolution>
            <Point>
                <position>1</position>
                <quantity>43.00</quantity>
            </Point>
            <Point>
                <position>2</position>
                <quantity>1.00</quantity>
            </Point>
            <Point>
                <position>3</position>
                <quantity>11.00</quantity>
            </Point>
        </Period>
    </TimeSeries>
    <TimeSeries>
        <mRID>226</mRID>
        <businessType>B33</businessType>
        <flowDirection.direction>A01</flowDirection.direction>
        <quantity_Measure_Unit.name>MAW</quantity_Measure_Unit.name>
        <curveType>A01</curveType>
        <Period>
            <timeInterval>
                <start>2023-08-15T05:26Z</start>
                <end>2023-08-15T05:27Z</end>
            </timeInterval>
            <resolution>PT1M</resolution>
            <Point>
                <position>1</position>
                <quantity>14.00</quantity>
            </Point>
        </Period>
    </TimeSeries>
    <TimeSeries>
        <mRID>227</mRID>
        <businessType>B33</businessType>
        <flowDirection.direction>A02</flowDirection.direction>
        <quantity_Measure_Unit.name>MAW</quantity_Measure_Unit.name>
        <curveType>A01</curveType>
        <Period>
            <timeInterval>
                <start>2023-08-15T05:27Z</start>
                <end>2023-08-15T05:28Z</end>
            </timeInterval>
            <resolution>PT1M</resolution>
            <Point>
                <position>1</position>
                <quantity>10.00</quantity>
            </Point>
        </Period>
    </TimeSeries>
    <TimeSeries>
        <mRID>228</mRID>
        <businessType>B33</businessType>
        <flowDirection.direction>A01</flowDirection.direction>
        <quantity_Measure_Unit.name>MAW</quantity_Measure_Unit.name>
        <curveType>A01</curveType>
        <Period>
            <timeInterval>
                <start>2023-08-15T05:28Z</start>
                <end>2023-08-15T05:29Z</end>
            </timeInterval>
            <resolution>PT1M</resolution>
            <Point>
                <position>1</position>
                <quantity>7.00</quantity>
            </Point>
        </Period>
    </TimeSeries>
    <TimeSeries>
        <mRID>229</mRID>
        <businessType>B33</businessType>
        <flowDirection.direction>A02</flowDirection.direction>
        <quantity_Measure_Unit.name>MAW</quantity_Measure_Unit.name>
        <curveType>A01</curveType>
        <Period>
            <timeInterval>
                <start>2023-08-15T05:29Z</start>
                <end>2023-08-15T05:30Z</end>
            </timeInterval>
            <resolution>PT1M</resolution>
            <Point>
                <position>1</position>
                <quantity>2.00</quantity>
            </Point>
        </Period>
    </TimeSeries>
    <TimeSeries>
        <mRID>230</mRID>
        <businessType>B33</businessType>
        <flowDirection.direction>A01</flowDirection.direction>
        <quantity_Measure_Unit.name>MAW</quantity_Measure_Unit.name>
        <curveType>A01</curveType>
        <Period>
            <timeInterval>
                <start>2023-08-15T05:30Z</start>
                <end>2023-08-15T05:31Z</end>
            </timeInterval>
            <resolution>PT1M</resolution>
            <Point>
                <position>1</position>
                <quantity>3.00</quantity>
            </Point>
        </Period>
    </TimeSeries>
    <TimeSeries>
        <mRID>231</mRID>
        <businessType>B33</businessType>
        <flowDirection.direction>A02</flowDirection.direction>
        <quantity_Measure_Unit.name>MAW</quantity_Measure_Unit.name>
        <curveType>A01</curveType>
        <Period>
            <timeInterval>
                <start>2023-08-15T05:31Z</start>
                <end>2023-08-15T05:32Z</end>
            </timeInterval>
            <resolution>PT1M</resolution>
            <Point>
                <position>1</position>
                <quantity>12.00</quantity>
            </Point>
        </Period>
    </TimeSeries>
    <TimeSeries>
        <mRID>232</mRID>
        <businessType>B33</businessType>
        <flowDirection.direction>A01</flowDirection.direction>
        <quantity_Measure_Unit.name>MAW</quantity_Measure_Unit.name>
        <curveType>A01</curveType>
        <Period>
            <timeInterval>
                <start>2023-08-15T05:32Z</start>
                <end>2023-08-15T05:33Z</end>
            </timeInterval>
            <resolution>PT1M</resolution>
            <Point>
                <position>1</position>
                <quantity>28.00</quantity>
            </Point>
        </Period>
    </TimeSeries>
    <TimeSeries>
        <mRID>233</mRID>
        <businessType>B33</businessType>
        <flowDirection.direction>A02</flowDirection.direction>
        <quantity_Measure_Unit.name>MAW</quantity_Measure_Unit.name>
        <curveType>A01</curveType>
        <Period>
            <timeInterval>
                <start>2023-08-15T05:33Z</start>
                <end>2023-08-15T05:34Z</end>
            </timeInterval>
            <resolution>PT1M</resolution>
            <Point>
                <position>1</position>
                <quantity>1.00</quantity>
            </Point>
        </Period>
    </TimeSeries>
    <TimeSeries>
        <mRID>234</mRID>
        <businessType>B33</businessType>
        <flowDirection.direction>A01</flowDirection.direction>
        <quantity_Measure_Unit.name>MAW</quantity_Measure_Unit.name>
        <curveType>A01</curveType>
        <Period>
            <timeInterval>
                <start>2023-08-15T05:34Z</start>
                <end>2023-08-15T05:36Z</end>
            </timeInterval>
            <resolution>PT1M</resolution>
            <Point>
                <position>1</position>
                <quantity>22.00</quantity>
            </Point>
            <Point>
                <position>2</position>
                <quantity>16.00</quantity>
            </Point>
        </Period>
    </TimeSeries>
    <TimeSeries>
        <mRID>235</mRID>
        <businessType>B33</businessType>
        <flowDirection.direction>A02</flowDirection.direction>
        <quantity_Measure_Unit.name>MAW</quantity_Measure_Unit.name>
        <curveType>A01</curveType>
        <Period>
            <timeInterval>
                <start>2023-08-15T05:36Z</start>
                <end>2023-08-15T05:37Z</end>
            </timeInterval>
            <resolution>PT1M</resolution>
            <Point>
                <position>1</position>
                <quantity>24.00</quantity>
            </Point>
        </Period>
    </TimeSeries>
    <TimeSeries>
        <mRID>236</mRID>
        <businessType>B33</businessType>
        <flowDirection.direction>A01</flowDirection.direction>
        <quantity_Measure_Unit.name>MAW</quantity_Measure_Unit.name>
        <curveType>A01</curveType>
        <Period>
            <timeInterval>
                <start>2023-08-15T05:37Z</start>
                <end>2023-08-15T05:39Z</end>
            </timeInterval>
            <resolution>PT1M</resolution>
            <Point>
                <position>1</position>
                <quantity>3.00</quantity>
            </Point>
            <Point>
                <position>2</position>
                <quantity>16.00</quantity>
            </Point>
        </Period>
    </TimeSeries>
    <TimeSeries>
        <mRID>237</mRID>
        <businessType>B33</businessType>
        <flowDirection.direction>A02</flowDirection.direction>
        <quantity_Measure_Unit.name>MAW</quantity_Measure_Unit.name>
        <curveType>A01</curveType>
        <Period>
            <timeInterval>
                <start>2023-08-15T05:39Z</start>
                <end>2023-08-15T05:40Z</end>
            </timeInterval>
            <resolution>PT1M</resolution>
            <Point>
                <position>1</position>
                <quantity>27.00</quantity>
            </Point>
        </Period>
    </TimeSeries>
    <TimeSeries>
        <mRID>238</mRID>
        <businessType>B33</businessType>
        <flowDirection.direction>A01</flowDirection.direction>
        <quantity_Measure_Unit.name>MAW</quantity_Measure_Unit.name>
        <curveType>A01</curveType>
        <Period>
            <timeInterval>
                <start>2023-08-15T05:40Z</start>
                <end>2023-08-15T05:41Z</end>
            </timeInterval>
            <resolution>PT1M</resolution>
            <Point>
                <position>1</position>
                <quantity>4.00</quantity>
            </Point>
        </Period>
    </TimeSeries>
    <TimeSeries>
        <mRID>239</mRID>
        <businessType>B33</businessType>
        <flowDirection.direction>A02</flowDirection.direction>
        <quantity_Measure_Unit.name>MAW</quantity_Measure_Unit.name>
        <curveType>A01</curveType>
        <Period>
            <timeInterval>
                <start>2023-08-15T05:41Z</start>
                <end>2023-08-15T05:43Z</end>
            </timeInterval>
            <resolution>PT1M</resolution>
            <Point>
                <position>1</position>
                <quantity>7.00</quantity>
            </Point>
            <Point>
                <position>2</position>
                <quantity>12.00</quantity>
            </Point>
        </Period>
    </TimeSeries>
    <TimeSeries>
        <mRID>240</mRID>
        <businessType>B33</businessType>
        <flowDirection.direction>A01</flowDirection.direction>
        <quantity_Measure_Unit.name>MAW</quantity_Measure_Unit.name>
        <curveType>A01</curveType>
        <Period>
            <timeInterval>
                <start>2023-08-15T05:43Z</start>
                <end>2023-08-15T05:44Z</end>
            </timeInterval>
            <resolution>PT1M</resolution>
            <Point>
                <position>1</position>
                <quantity>1.00</quantity>
            </Point>
        </Period>
    </TimeSeries>
    <TimeSeries>
        <mRID>241</mRID>
        <businessType>B33</businessType>
        <flowDirection.direction>A02</flowDirection.direction>
        <quantity_Measure_Unit.name>MAW</quantity_Measure_Unit.name>
        <curveType>A01</curveType>
        <Period>
            <timeInterval>
                <start>2023-08-15T05:44Z</start>
                <end>2023-08-15T05:45Z</end>
            </timeInterval>
            <resolution>PT1M</resolution>
            <Point>
                <position>1</position>
                <quantity>7.00</quantity>
            </Point>
        </Period>
    </TimeSeries>
    <TimeSeries>
        <mRID>242</mRID>
        <businessType>B33</businessType>
        <flowDirection.direction>A01</flowDirection.direction>
        <quantity_Measure_Unit.name>MAW</quantity_Measure_Unit.name>
        <curveType>A01</curveType>
        <Period>
            <timeInterval>
                <start>2023-08-15T05:45Z</start>
                <end>2023-08-15T05:46Z</end>
            </timeInterval>
            <resolution>PT1M</resolution>
            <Point>
                <position>1</position>
                <quantity>10.00</quantity>
            </Point>
        </Period>
    </TimeSeries>
    <TimeSeries>
        <mRID>243</mRID>
        <businessType>B33</businessType>
        <flowDirection.direction>A02</flowDirection.direction>
        <quantity_Measure_Unit.name>MAW</quantity_Measure_Unit.name>
        <curveType>A01</curveType>
        <Period>
            <timeInterval>
                <start>2023-08-15T05:46Z</start>
                <end>2023-08-15T05:48Z</end>
            </timeInterval>
            <resolution>PT1M</resolution>
            <Point>
                <position>1</position>
                <quantity>2.00</quantity>
            </Point>
            <Point>
                <position>2</position>
                <quantity>1.00</quantity>
            </Point>
        </Period>
    </TimeSeries>
    <TimeSeries>
        <mRID>244</mRID>
        <businessType>B33</businessType>
        <flowDirection.direction>A01</flowDirection.direction>
        <quantity_Measure_Unit.name>MAW</quantity_Measure_Unit.name>
        <curveType>A01</curveType>
        <Period>
            <timeInterval>
                <start>2023-08-15T05:48Z</start>
                <end>2023-08-15T05:49Z</end>
            </timeInterval>
            <resolution>PT1M</resolution>
            <Point>
                <position>1</position>
                <quantity>6.00</quantity>
            </Point>
        </Period>
    </TimeSeries>
    <TimeSeries>
        <mRID>245</mRID>
        <businessType>B33</businessType>
        <flowDirection.direction>A02</flowDirection.direction>
        <quantity_Measure_Unit.name>MAW</quantity_Measure_Unit.name>
        <curveType>A01</curveType>
        <Period>
            <timeInterval>
                <start>2023-08-15T05:49Z</start>
                <end>2023-08-15T05:50Z</end>
            </timeInterval>
            <resolution>PT1M</resolution>
            <Point>
                <position>1</position>
                <quantity>6.00</quantity>
            </Point>
        </Period>
    </TimeSeries>
    <TimeSeries>
        <mRID>246</mRID>
        <businessType>B33</businessType>
        <flowDirection.direction>A01</flowDirection.direction>
        <quantity_Measure_Unit.name>MAW</quantity_Measure_Unit.name>
        <curveType>A01</curveType>
        <Period>
            <timeInterval>
                <start>2023-08-15T05:50Z</start>
                <end>2023-08-15T05:51Z</end>
            </timeInterval>
            <resolution>PT1M</resolution>
            <Point>
                <position>1</position>
                <quantity>10.00</quantity>
            </Point>
        </Period>
    </TimeSeries>
    <TimeSeries>
        <mRID>247</mRID>
        <businessType>B33</businessType>
        <flowDirection.direction>A02</flowDirection.direction>
        <quantity_Measure_Unit.name>MAW</quantity_Measure_Unit.name>
        <curveType>A01</curveType>
        <Period>
            <timeInterval>
                <start>2023-08-15T05:51Z</start>
                <end>2023-08-15T05:52Z</end>
            </timeInterval>
            <resolution>PT1M</resolution>
            <Point>
                <position>1</position>
                <quantity>12.00</quantity>
            </Point>
        </Period>
    </TimeSeries>
    <TimeSeries>
        <mRID>248</mRID>
        <businessType>B33</businessType>
        <flowDirection.direction>A01</flowDirection.direction>
        <quantity_Measure_Unit.name>MAW</quantity_Measure_Unit.name>
        <curveType>A01</curveType>
        <Period>
            <timeInterval>
                <start>2023-08-15T05:52Z</start>
                <end>2023-08-15T05:53Z</end>
            </timeInterval>
            <resolution>PT1M</resolution>
            <Point>
                <position>1</position>
                <quantity>7.00</quantity>
            </Point>
        </Period>
    </TimeSeries>
    <TimeSeries>
        <mRID>249</mRID>
        <businessType>B33</businessType>
        <flowDirection.direction>A02</flowDirection.direction>
        <quantity_Measure_Unit.name>MAW</quantity_Measure_Unit.name>
        <curveType>A01</curveType>
        <Period>
            <timeInterval>
                <start>2023-08-15T05:53Z</start>
                <end>2023-08-15T05:56Z</end>
            </timeInterval>
            <resolution>PT1M</resolution>
            <Point>
                <position>1</position>
                <quantity>1.00</quantity>
            </Point>
            <Point>
                <position>2</position>
                <quantity>6.00</quantity>
            </Point>
            <Point>
                <position>3</position>
                <quantity>7.00</quantity>
            </Point>
        </Period>
    </TimeSeries>
    <TimeSeries>
        <mRID>250</mRID>
        <businessType>B33</businessType>
        <flowDirection.direction>A01</flowDirection.direction>
        <quantity_Measure_Unit.name>MAW</quantity_Measure_Unit.name>
        <curveType>A01</curveType>
        <Period>
            <timeInterval>
                <start>2023-08-15T05:56Z</start>
                <end>2023-08-15T05:58Z</end>
            </timeInterval>
            <resolution>PT1M</resolution>
            <Point>
                <position>1</position>
                <quantity>7.00</quantity>
            </Point>
            <Point>
                <position>2</position>
                <quantity>1.00</quantity>
            </Point>
        </Period>
    </TimeSeries>
    <TimeSeries>
        <mRID>251</mRID>
        <businessType>B33</businessType>
        <flowDirection.direction>A02</flowDirection.direction>
        <quantity_Measure_Unit.name>MAW</quantity_Measure_Unit.name>
        <curveType>A01</curveType>
        <Period>
            <timeInterval>
                <start>2023-08-15T05:58Z</start>
                <end>2023-08-15T05:59Z</end>
            </timeInterval>
            <resolution>PT1M</resolution>
            <Point>
                <position>1</position>
                <quantity>6.00</quantity>
            </Point>
        </Period>
    </TimeSeries>
    <TimeSeries>
        <mRID>252</mRID>
        <businessType>B33</businessType>
        <flowDirection.direction>A01</flowDirection.direction>
        <quantity_Measure_Unit.name>MAW</quantity_Measure_Unit.name>
        <curveType>A01</curveType>
        <Period>
            <timeInterval>
                <start>2023-08-15T05:59Z</start>
                <end>2023-08-15T06:01Z</end>
            </timeInterval>
            <resolution>PT1M</resolution>
            <Point>
                <position>1</position>
                <quantity>7.00</quantity>
            </Point>
            <Point>
                <position>2</position>
                <quantity>17.00</quantity>
            </Point>
        </Period>
    </TimeSeries>
    <TimeSeries>
        <mRID>253</mRID>
        <businessType>B33</businessType>
        <flowDirection.direction>A02</flowDirection.direction>
        <quantity_Measure_Unit.name>MAW</quantity_Measure_Unit.name>
        <curveType>A01</curveType>
        <Period>
            <timeInterval>
                <start>2023-08-15T06:01Z</start>
                <end>2023-08-15T06:02Z</end>
            </timeInterval>
            <resolution>PT1M</resolution>
            <Point>
                <position>1</position>
                <quantity>22.00</quantity>
            </Point>
        </Period>
    </TimeSeries>
    <TimeSeries>
        <mRID>254</mRID>
        <businessType>B33</businessType>
        <flowDirection.direction>A01</flowDirection.direction>
        <quantity_Measure_Unit.name>MAW</quantity_Measure_Unit.name>
        <curveType>A01</curveType>
        <Period>
            <timeInterval>
                <start>2023-08-15T06:02Z</start>
                <end>2023-08-15T06:03Z</end>
            </timeInterval>
            <resolution>PT1M</resolution>
            <Point>
                <position>1</position>
                <quantity>9.00</quantity>
            </Point>
        </Period>
    </TimeSeries>
    <TimeSeries>
        <mRID>255</mRID>
        <businessType>B33</businessType>
        <flowDirection.direction>A02</flowDirection.direction>
        <quantity_Measure_Unit.name>MAW</quantity_Measure_Unit.name>
        <curveType>A01</curveType>
        <Period>
            <timeInterval>
                <start>2023-08-15T06:03Z</start>
                <end>2023-08-15T06:04Z</end>
            </timeInterval>
            <resolution>PT1M</resolution>
            <Point>
                <position>1</position>
                <quantity>6.00</quantity>
            </Point>
        </Period>
    </TimeSeries>
    <TimeSeries>
        <mRID>256</mRID>
        <businessType>B33</businessType>
        <flowDirection.direction>A01</flowDirection.direction>
        <quantity_Measure_Unit.name>MAW</quantity_Measure_Unit.name>
        <curveType>A01</curveType>
        <Period>
            <timeInterval>
                <start>2023-08-15T06:04Z</start>
                <end>2023-08-15T06:07Z</end>
            </timeInterval>
            <resolution>PT1M</resolution>
            <Point>
                <position>1</position>
                <quantity>41.00</quantity>
            </Point>
            <Point>
                <position>2</position>
                <quantity>9.00</quantity>
            </Point>
            <Point>
                <position>3</position>
                <quantity>19.00</quantity>
            </Point>
        </Period>
    </TimeSeries>
    <TimeSeries>
        <mRID>257</mRID>
        <businessType>B33</businessType>
        <flowDirection.direction>A02</flowDirection.direction>
        <quantity_Measure_Unit.name>MAW</quantity_Measure_Unit.name>
        <curveType>A01</curveType>
        <Period>
            <timeInterval>
                <start>2023-08-15T06:07Z</start>
                <end>2023-08-15T06:09Z</end>
            </timeInterval>
            <resolution>PT1M</resolution>
            <Point>
                <position>1</position>
                <quantity>4.00</quantity>
            </Point>
            <Point>
                <position>2</position>
                <quantity>4.00</quantity>
            </Point>
        </Period>
    </TimeSeries>
    <TimeSeries>
        <mRID>258</mRID>
        <businessType>B33</businessType>
        <flowDirection.direction>A01</flowDirection.direction>
        <quantity_Measure_Unit.name>MAW</quantity_Measure_Unit.name>
        <curveType>A01</curveType>
        <Period>
            <timeInterval>
                <start>2023-08-15T06:09Z</start>
                <end>2023-08-15T06:12Z</end>
            </timeInterval>
            <resolution>PT1M</resolution>
            <Point>
                <position>1</position>
                <quantity>22.00</quantity>
            </Point>
            <Point>
                <position>2</position>
                <quantity>32.00</quantity>
            </Point>
            <Point>
                <position>3</position>
                <quantity>15.00</quantity>
            </Point>
        </Period>
    </TimeSeries>
    <TimeSeries>
        <mRID>259</mRID>
        <businessType>B33</businessType>
        <flowDirection.direction>A02</flowDirection.direction>
        <quantity_Measure_Unit.name>MAW</quantity_Measure_Unit.name>
        <curveType>A01</curveType>
        <Period>
            <timeInterval>
                <start>2023-08-15T06:12Z</start>
                <end>2023-08-15T06:14Z</end>
            </timeInterval>
            <resolution>PT1M</resolution>
            <Point>
                <position>1</position>
                <quantity>10.00</quantity>
            </Point>
            <Point>
                <position>2</position>
                <quantity>39.00</quantity>
            </Point>
        </Period>
    </TimeSeries>
    <TimeSeries>
        <mRID>260</mRID>
        <businessType>B33</businessType>
        <flowDirection.direction>A01</flowDirection.direction>
        <quantity_Measure_Unit.name>MAW</quantity_Measure_Unit.name>
        <curveType>A01</curveType>
        <Period>
            <timeInterval>
                <start>2023-08-15T06:14Z</start>
                <end>2023-08-15T06:18Z</end>
            </timeInterval>
            <resolution>PT1M</resolution>
            <Point>
                <position>1</position>
                <quantity>12.00</quantity>
            </Point>
            <Point>
                <position>2</position>
                <quantity>60.00</quantity>
            </Point>
            <Point>
                <position>3</position>
                <quantity>4.00</quantity>
            </Point>
            <Point>
                <position>4</position>
                <quantity>4.00</quantity>
            </Point>
        </Period>
    </TimeSeries>
    <TimeSeries>
        <mRID>261</mRID>
        <businessType>B33</businessType>
        <flowDirection.direction>A02</flowDirection.direction>
        <quantity_Measure_Unit.name>MAW</quantity_Measure_Unit.name>
        <curveType>A01</curveType>
        <Period>
            <timeInterval>
                <start>2023-08-15T06:18Z</start>
                <end>2023-08-15T06:19Z</end>
            </timeInterval>
            <resolution>PT1M</resolution>
            <Point>
                <position>1</position>
                <quantity>43.00</quantity>
            </Point>
        </Period>
    </TimeSeries>
    <TimeSeries>
        <mRID>262</mRID>
        <businessType>B33</businessType>
        <flowDirection.direction>A01</flowDirection.direction>
        <quantity_Measure_Unit.name>MAW</quantity_Measure_Unit.name>
        <curveType>A01</curveType>
        <Period>
            <timeInterval>
                <start>2023-08-15T06:19Z</start>
                <end>2023-08-15T06:21Z</end>
            </timeInterval>
            <resolution>PT1M</resolution>
            <Point>
                <position>1</position>
                <quantity>12.00</quantity>
            </Point>
            <Point>
                <position>2</position>
                <quantity>12.00</quantity>
            </Point>
        </Period>
    </TimeSeries>
    <TimeSeries>
        <mRID>263</mRID>
        <businessType>B33</businessType>
        <flowDirection.direction>A02</flowDirection.direction>
        <quantity_Measure_Unit.name>MAW</quantity_Measure_Unit.name>
        <curveType>A01</curveType>
        <Period>
            <timeInterval>
                <start>2023-08-15T06:21Z</start>
                <end>2023-08-15T06:23Z</end>
            </timeInterval>
            <resolution>PT1M</resolution>
            <Point>
                <position>1</position>
                <quantity>59.00</quantity>
            </Point>
            <Point>
                <position>2</position>
                <quantity>36.00</quantity>
            </Point>
        </Period>
    </TimeSeries>
    <TimeSeries>
        <mRID>264</mRID>
        <businessType>B33</businessType>
        <flowDirection.direction>A01</flowDirection.direction>
        <quantity_Measure_Unit.name>MAW</quantity_Measure_Unit.name>
        <curveType>A01</curveType>
        <Period>
            <timeInterval>
                <start>2023-08-15T06:23Z</start>
                <end>2023-08-15T06:24Z</end>
            </timeInterval>
            <resolution>PT1M</resolution>
            <Point>
                <position>1</position>
                <quantity>9.00</quantity>
            </Point>
        </Period>
    </TimeSeries>
    <TimeSeries>
        <mRID>265</mRID>
        <businessType>B33</businessType>
        <flowDirection.direction>A02</flowDirection.direction>
        <quantity_Measure_Unit.name>MAW</quantity_Measure_Unit.name>
        <curveType>A01</curveType>
        <Period>
            <timeInterval>
                <start>2023-08-15T06:24Z</start>
                <end>2023-08-15T06:26Z</end>
            </timeInterval>
            <resolution>PT1M</resolution>
            <Point>
                <position>1</position>
                <quantity>16.00</quantity>
            </Point>
            <Point>
                <position>2</position>
                <quantity>20.00</quantity>
            </Point>
        </Period>
    </TimeSeries>
    <TimeSeries>
        <mRID>266</mRID>
        <businessType>B33</businessType>
        <flowDirection.direction>A01</flowDirection.direction>
        <quantity_Measure_Unit.name>MAW</quantity_Measure_Unit.name>
        <curveType>A01</curveType>
        <Period>
            <timeInterval>
                <start>2023-08-15T06:26Z</start>
                <end>2023-08-15T06:27Z</end>
            </timeInterval>
            <resolution>PT1M</resolution>
            <Point>
                <position>1</position>
                <quantity>2.00</quantity>
            </Point>
        </Period>
    </TimeSeries>
    <TimeSeries>
        <mRID>267</mRID>
        <businessType>B33</businessType>
        <flowDirection.direction>A02</flowDirection.direction>
        <quantity_Measure_Unit.name>MAW</quantity_Measure_Unit.name>
        <curveType>A01</curveType>
        <Period>
            <timeInterval>
                <start>2023-08-15T06:27Z</start>
                <end>2023-08-15T06:28Z</end>
            </timeInterval>
            <resolution>PT1M</resolution>
            <Point>
                <position>1</position>
                <quantity>2.00</quantity>
            </Point>
        </Period>
    </TimeSeries>
    <TimeSeries>
        <mRID>268</mRID>
        <businessType>B33</businessType>
        <flowDirection.direction>A01</flowDirection.direction>
        <quantity_Measure_Unit.name>MAW</quantity_Measure_Unit.name>
        <curveType>A01</curveType>
        <Period>
            <timeInterval>
                <start>2023-08-15T06:28Z</start>
                <end>2023-08-15T06:31Z</end>
            </timeInterval>
            <resolution>PT1M</resolution>
            <Point>
                <position>1</position>
                <quantity>13.00</quantity>
            </Point>
            <Point>
                <position>2</position>
                <quantity>10.00</quantity>
            </Point>
            <Point>
                <position>3</position>
                <quantity>2.00</quantity>
            </Point>
        </Period>
    </TimeSeries>
    <TimeSeries>
        <mRID>269</mRID>
        <businessType>B33</businessType>
        <flowDirection.direction>A02</flowDirection.direction>
        <quantity_Measure_Unit.name>MAW</quantity_Measure_Unit.name>
        <curveType>A01</curveType>
        <Period>
            <timeInterval>
                <start>2023-08-15T06:31Z</start>
                <end>2023-08-15T06:32Z</end>
            </timeInterval>
            <resolution>PT1M</resolution>
            <Point>
                <position>1</position>
                <quantity>5.00</quantity>
            </Point>
        </Period>
    </TimeSeries>
    <TimeSeries>
        <mRID>270</mRID>
        <businessType>B33</businessType>
        <flowDirection.direction>A01</flowDirection.direction>
        <quantity_Measure_Unit.name>MAW</quantity_Measure_Unit.name>
        <curveType>A01</curveType>
        <Period>
            <timeInterval>
                <start>2023-08-15T06:32Z</start>
                <end>2023-08-15T06:33Z</end>
            </timeInterval>
            <resolution>PT1M</resolution>
            <Point>
                <position>1</position>
                <quantity>4.00</quantity>
            </Point>
        </Period>
    </TimeSeries>
    <TimeSeries>
        <mRID>271</mRID>
        <businessType>B33</businessType>
        <flowDirection.direction>A02</flowDirection.direction>
        <quantity_Measure_Unit.name>MAW</quantity_Measure_Unit.name>
        <curveType>A01</curveType>
        <Period>
            <timeInterval>
                <start>2023-08-15T06:33Z</start>
                <end>2023-08-15T06:34Z</end>
            </timeInterval>
            <resolution>PT1M</resolution>
            <Point>
                <position>1</position>
                <quantity>10.00</quantity>
            </Point>
        </Period>
    </TimeSeries>
    <TimeSeries>
        <mRID>272</mRID>
        <businessType>B33</businessType>
        <flowDirection.direction>A01</flowDirection.direction>
        <quantity_Measure_Unit.name>MAW</quantity_Measure_Unit.name>
        <curveType>A01</curveType>
        <Period>
            <timeInterval>
                <start>2023-08-15T06:34Z</start>
                <end>2023-08-15T06:35Z</end>
            </timeInterval>
            <resolution>PT1M</resolution>
            <Point>
                <position>1</position>
                <quantity>3.00</quantity>
            </Point>
        </Period>
    </TimeSeries>
    <TimeSeries>
        <mRID>273</mRID>
        <businessType>B33</businessType>
        <flowDirection.direction>A02</flowDirection.direction>
        <quantity_Measure_Unit.name>MAW</quantity_Measure_Unit.name>
        <curveType>A01</curveType>
        <Period>
            <timeInterval>
                <start>2023-08-15T06:35Z</start>
                <end>2023-08-15T06:36Z</end>
            </timeInterval>
            <resolution>PT1M</resolution>
            <Point>
                <position>1</position>
                <quantity>7.00</quantity>
            </Point>
        </Period>
    </TimeSeries>
    <TimeSeries>
        <mRID>274</mRID>
        <businessType>B33</businessType>
        <flowDirection.direction>A01</flowDirection.direction>
        <quantity_Measure_Unit.name>MAW</quantity_Measure_Unit.name>
        <curveType>A01</curveType>
        <Period>
            <timeInterval>
                <start>2023-08-15T06:36Z</start>
                <end>2023-08-15T06:38Z</end>
            </timeInterval>
            <resolution>PT1M</resolution>
            <Point>
                <position>1</position>
                <quantity>33.00</quantity>
            </Point>
            <Point>
                <position>2</position>
                <quantity>1.00</quantity>
            </Point>
        </Period>
    </TimeSeries>
    <TimeSeries>
        <mRID>275</mRID>
        <businessType>B33</businessType>
        <flowDirection.direction>A02</flowDirection.direction>
        <quantity_Measure_Unit.name>MAW</quantity_Measure_Unit.name>
        <curveType>A01</curveType>
        <Period>
            <timeInterval>
                <start>2023-08-15T06:38Z</start>
                <end>2023-08-15T06:40Z</end>
            </timeInterval>
            <resolution>PT1M</resolution>
            <Point>
                <position>1</position>
                <quantity>26.00</quantity>
            </Point>
            <Point>
                <position>2</position>
                <quantity>12.00</quantity>
            </Point>
        </Period>
    </TimeSeries>
    <TimeSeries>
        <mRID>276</mRID>
        <businessType>B33</businessType>
        <flowDirection.direction>A01</flowDirection.direction>
        <quantity_Measure_Unit.name>MAW</quantity_Measure_Unit.name>
        <curveType>A01</curveType>
        <Period>
            <timeInterval>
                <start>2023-08-15T06:40Z</start>
                <end>2023-08-15T06:41Z</end>
            </timeInterval>
            <resolution>PT1M</resolution>
            <Point>
                <position>1</position>
                <quantity>9.00</quantity>
            </Point>
        </Period>
    </TimeSeries>
    <TimeSeries>
        <mRID>277</mRID>
        <businessType>B33</businessType>
        <flowDirection.direction>A02</flowDirection.direction>
        <quantity_Measure_Unit.name>MAW</quantity_Measure_Unit.name>
        <curveType>A01</curveType>
        <Period>
            <timeInterval>
                <start>2023-08-15T06:41Z</start>
                <end>2023-08-15T06:43Z</end>
            </timeInterval>
            <resolution>PT1M</resolution>
            <Point>
                <position>1</position>
                <quantity>9.00</quantity>
            </Point>
            <Point>
                <position>2</position>
                <quantity>1.00</quantity>
            </Point>
        </Period>
    </TimeSeries>
    <TimeSeries>
        <mRID>278</mRID>
        <businessType>B33</businessType>
        <flowDirection.direction>A01</flowDirection.direction>
        <quantity_Measure_Unit.name>MAW</quantity_Measure_Unit.name>
        <curveType>A01</curveType>
        <Period>
            <timeInterval>
                <start>2023-08-15T06:43Z</start>
                <end>2023-08-15T06:44Z</end>
            </timeInterval>
            <resolution>PT1M</resolution>
            <Point>
                <position>1</position>
                <quantity>14.00</quantity>
            </Point>
        </Period>
    </TimeSeries>
    <TimeSeries>
        <mRID>279</mRID>
        <businessType>B33</businessType>
        <flowDirection.direction>A02</flowDirection.direction>
        <quantity_Measure_Unit.name>MAW</quantity_Measure_Unit.name>
        <curveType>A01</curveType>
        <Period>
            <timeInterval>
                <start>2023-08-15T06:44Z</start>
                <end>2023-08-15T06:45Z</end>
            </timeInterval>
            <resolution>PT1M</resolution>
            <Point>
                <position>1</position>
                <quantity>29.00</quantity>
            </Point>
        </Period>
    </TimeSeries>
    <TimeSeries>
        <mRID>280</mRID>
        <businessType>B33</businessType>
        <flowDirection.direction>A01</flowDirection.direction>
        <quantity_Measure_Unit.name>MAW</quantity_Measure_Unit.name>
        <curveType>A01</curveType>
        <Period>
            <timeInterval>
                <start>2023-08-15T06:45Z</start>
                <end>2023-08-15T06:47Z</end>
            </timeInterval>
            <resolution>PT1M</resolution>
            <Point>
                <position>1</position>
                <quantity>15.00</quantity>
            </Point>
            <Point>
                <position>2</position>
                <quantity>1.00</quantity>
            </Point>
        </Period>
    </TimeSeries>
    <TimeSeries>
        <mRID>281</mRID>
        <businessType>B33</businessType>
        <flowDirection.direction>A02</flowDirection.direction>
        <quantity_Measure_Unit.name>MAW</quantity_Measure_Unit.name>
        <curveType>A01</curveType>
        <Period>
            <timeInterval>
                <start>2023-08-15T06:47Z</start>
                <end>2023-08-15T06:50Z</end>
            </timeInterval>
            <resolution>PT1M</resolution>
            <Point>
                <position>1</position>
                <quantity>6.00</quantity>
            </Point>
            <Point>
                <position>2</position>
                <quantity>7.00</quantity>
            </Point>
            <Point>
                <position>3</position>
                <quantity>4.00</quantity>
            </Point>
        </Period>
    </TimeSeries>
    <TimeSeries>
        <mRID>282</mRID>
        <businessType>B33</businessType>
        <flowDirection.direction>A01</flowDirection.direction>
        <quantity_Measure_Unit.name>MAW</quantity_Measure_Unit.name>
        <curveType>A01</curveType>
        <Period>
            <timeInterval>
                <start>2023-08-15T06:50Z</start>
                <end>2023-08-15T06:51Z</end>
            </timeInterval>
            <resolution>PT1M</resolution>
            <Point>
                <position>1</position>
                <quantity>30.00</quantity>
            </Point>
        </Period>
    </TimeSeries>
    <TimeSeries>
        <mRID>283</mRID>
        <businessType>B33</businessType>
        <flowDirection.direction>A02</flowDirection.direction>
        <quantity_Measure_Unit.name>MAW</quantity_Measure_Unit.name>
        <curveType>A01</curveType>
        <Period>
            <timeInterval>
                <start>2023-08-15T06:51Z</start>
                <end>2023-08-15T06:53Z</end>
            </timeInterval>
            <resolution>PT1M</resolution>
            <Point>
                <position>1</position>
                <quantity>8.00</quantity>
            </Point>
            <Point>
                <position>2</position>
                <quantity>8.00</quantity>
            </Point>
        </Period>
    </TimeSeries>
    <TimeSeries>
        <mRID>284</mRID>
        <businessType>B33</businessType>
        <flowDirection.direction>A01</flowDirection.direction>
        <quantity_Measure_Unit.name>MAW</quantity_Measure_Unit.name>
        <curveType>A01</curveType>
        <Period>
            <timeInterval>
                <start>2023-08-15T06:53Z</start>
                <end>2023-08-15T06:54Z</end>
            </timeInterval>
            <resolution>PT1M</resolution>
            <Point>
                <position>1</position>
                <quantity>2.00</quantity>
            </Point>
        </Period>
    </TimeSeries>
    <TimeSeries>
        <mRID>285</mRID>
        <businessType>B33</businessType>
        <flowDirection.direction>A02</flowDirection.direction>
        <quantity_Measure_Unit.name>MAW</quantity_Measure_Unit.name>
        <curveType>A01</curveType>
        <Period>
            <timeInterval>
                <start>2023-08-15T06:54Z</start>
                <end>2023-08-15T06:58Z</end>
            </timeInterval>
            <resolution>PT1M</resolution>
            <Point>
                <position>1</position>
                <quantity>24.00</quantity>
            </Point>
            <Point>
                <position>2</position>
                <quantity>18.00</quantity>
            </Point>
            <Point>
                <position>3</position>
                <quantity>5.00</quantity>
            </Point>
            <Point>
                <position>4</position>
                <quantity>19.00</quantity>
            </Point>
        </Period>
    </TimeSeries>
    <TimeSeries>
        <mRID>286</mRID>
        <businessType>B33</businessType>
        <flowDirection.direction>A01</flowDirection.direction>
        <quantity_Measure_Unit.name>MAW</quantity_Measure_Unit.name>
        <curveType>A01</curveType>
        <Period>
            <timeInterval>
                <start>2023-08-15T06:58Z</start>
                <end>2023-08-15T07:03Z</end>
            </timeInterval>
            <resolution>PT1M</resolution>
            <Point>
                <position>1</position>
                <quantity>33.00</quantity>
            </Point>
            <Point>
                <position>2</position>
                <quantity>23.00</quantity>
            </Point>
            <Point>
                <position>3</position>
                <quantity>21.00</quantity>
            </Point>
            <Point>
                <position>4</position>
                <quantity>2.00</quantity>
            </Point>
            <Point>
                <position>5</position>
                <quantity>13.00</quantity>
            </Point>
        </Period>
    </TimeSeries>
    <TimeSeries>
        <mRID>287</mRID>
        <businessType>B33</businessType>
        <flowDirection.direction>A02</flowDirection.direction>
        <quantity_Measure_Unit.name>MAW</quantity_Measure_Unit.name>
        <curveType>A01</curveType>
        <Period>
            <timeInterval>
                <start>2023-08-15T07:03Z</start>
                <end>2023-08-15T07:05Z</end>
            </timeInterval>
            <resolution>PT1M</resolution>
            <Point>
                <position>1</position>
                <quantity>10.00</quantity>
            </Point>
            <Point>
                <position>2</position>
                <quantity>5.00</quantity>
            </Point>
        </Period>
    </TimeSeries>
    <TimeSeries>
        <mRID>288</mRID>
        <businessType>B33</businessType>
        <flowDirection.direction>A01</flowDirection.direction>
        <quantity_Measure_Unit.name>MAW</quantity_Measure_Unit.name>
        <curveType>A01</curveType>
        <Period>
            <timeInterval>
                <start>2023-08-15T07:05Z</start>
                <end>2023-08-15T07:06Z</end>
            </timeInterval>
            <resolution>PT1M</resolution>
            <Point>
                <position>1</position>
                <quantity>46.00</quantity>
            </Point>
        </Period>
    </TimeSeries>
    <TimeSeries>
        <mRID>289</mRID>
        <businessType>B33</businessType>
        <flowDirection.direction>A02</flowDirection.direction>
        <quantity_Measure_Unit.name>MAW</quantity_Measure_Unit.name>
        <curveType>A01</curveType>
        <Period>
            <timeInterval>
                <start>2023-08-15T07:06Z</start>
                <end>2023-08-15T07:07Z</end>
            </timeInterval>
            <resolution>PT1M</resolution>
            <Point>
                <position>1</position>
                <quantity>21.00</quantity>
            </Point>
        </Period>
    </TimeSeries>
    <TimeSeries>
        <mRID>290</mRID>
        <businessType>B33</businessType>
        <flowDirection.direction>A01</flowDirection.direction>
        <quantity_Measure_Unit.name>MAW</quantity_Measure_Unit.name>
        <curveType>A01</curveType>
        <Period>
            <timeInterval>
                <start>2023-08-15T07:07Z</start>
                <end>2023-08-15T07:09Z</end>
            </timeInterval>
            <resolution>PT1M</resolution>
            <Point>
                <position>1</position>
                <quantity>37.00</quantity>
            </Point>
            <Point>
                <position>2</position>
                <quantity>12.00</quantity>
            </Point>
        </Period>
    </TimeSeries>
    <TimeSeries>
        <mRID>291</mRID>
        <businessType>B33</businessType>
        <flowDirection.direction>A02</flowDirection.direction>
        <quantity_Measure_Unit.name>MAW</quantity_Measure_Unit.name>
        <curveType>A01</curveType>
        <Period>
            <timeInterval>
                <start>2023-08-15T07:09Z</start>
                <end>2023-08-15T07:12Z</end>
            </timeInterval>
            <resolution>PT1M</resolution>
            <Point>
                <position>1</position>
                <quantity>5.00</quantity>
            </Point>
            <Point>
                <position>2</position>
                <quantity>26.00</quantity>
            </Point>
            <Point>
                <position>3</position>
                <quantity>1.00</quantity>
            </Point>
        </Period>
    </TimeSeries>
    <TimeSeries>
        <mRID>292</mRID>
        <businessType>B33</businessType>
        <flowDirection.direction>A01</flowDirection.direction>
        <quantity_Measure_Unit.name>MAW</quantity_Measure_Unit.name>
        <curveType>A01</curveType>
        <Period>
            <timeInterval>
                <start>2023-08-15T07:12Z</start>
                <end>2023-08-15T07:13Z</end>
            </timeInterval>
            <resolution>PT1M</resolution>
            <Point>
                <position>1</position>
                <quantity>9.00</quantity>
            </Point>
        </Period>
    </TimeSeries>
    <TimeSeries>
        <mRID>293</mRID>
        <businessType>B33</businessType>
        <flowDirection.direction>A02</flowDirection.direction>
        <quantity_Measure_Unit.name>MAW</quantity_Measure_Unit.name>
        <curveType>A01</curveType>
        <Period>
            <timeInterval>
                <start>2023-08-15T07:13Z</start>
                <end>2023-08-15T07:15Z</end>
            </timeInterval>
            <resolution>PT1M</resolution>
            <Point>
                <position>1</position>
                <quantity>28.00</quantity>
            </Point>
            <Point>
                <position>2</position>
                <quantity>7.00</quantity>
            </Point>
        </Period>
    </TimeSeries>
    <TimeSeries>
        <mRID>294</mRID>
        <businessType>B33</businessType>
        <flowDirection.direction>A01</flowDirection.direction>
        <quantity_Measure_Unit.name>MAW</quantity_Measure_Unit.name>
        <curveType>A01</curveType>
        <Period>
            <timeInterval>
                <start>2023-08-15T07:15Z</start>
                <end>2023-08-15T07:17Z</end>
            </timeInterval>
            <resolution>PT1M</resolution>
            <Point>
                <position>1</position>
                <quantity>5.00</quantity>
            </Point>
            <Point>
                <position>2</position>
                <quantity>8.00</quantity>
            </Point>
        </Period>
    </TimeSeries>
    <TimeSeries>
        <mRID>295</mRID>
        <businessType>B33</businessType>
        <flowDirection.direction>A02</flowDirection.direction>
        <quantity_Measure_Unit.name>MAW</quantity_Measure_Unit.name>
        <curveType>A01</curveType>
        <Period>
            <timeInterval>
                <start>2023-08-15T07:17Z</start>
                <end>2023-08-15T07:18Z</end>
            </timeInterval>
            <resolution>PT1M</resolution>
            <Point>
                <position>1</position>
                <quantity>1.00</quantity>
            </Point>
        </Period>
    </TimeSeries>
    <TimeSeries>
        <mRID>296</mRID>
        <businessType>B33</businessType>
        <flowDirection.direction>A01</flowDirection.direction>
        <quantity_Measure_Unit.name>MAW</quantity_Measure_Unit.name>
        <curveType>A01</curveType>
        <Period>
            <timeInterval>
                <start>2023-08-15T07:18Z</start>
                <end>2023-08-15T07:19Z</end>
            </timeInterval>
            <resolution>PT1M</resolution>
            <Point>
                <position>1</position>
                <quantity>24.00</quantity>
            </Point>
        </Period>
    </TimeSeries>
    <TimeSeries>
        <mRID>297</mRID>
        <businessType>B33</businessType>
        <flowDirection.direction>A02</flowDirection.direction>
        <quantity_Measure_Unit.name>MAW</quantity_Measure_Unit.name>
        <curveType>A01</curveType>
        <Period>
            <timeInterval>
                <start>2023-08-15T07:19Z</start>
                <end>2023-08-15T07:20Z</end>
            </timeInterval>
            <resolution>PT1M</resolution>
            <Point>
                <position>1</position>
                <quantity>8.00</quantity>
            </Point>
        </Period>
    </TimeSeries>
    <TimeSeries>
        <mRID>298</mRID>
        <businessType>B33</businessType>
        <flowDirection.direction>A01</flowDirection.direction>
        <quantity_Measure_Unit.name>MAW</quantity_Measure_Unit.name>
        <curveType>A01</curveType>
        <Period>
            <timeInterval>
                <start>2023-08-15T07:20Z</start>
                <end>2023-08-15T07:21Z</end>
            </timeInterval>
            <resolution>PT1M</resolution>
            <Point>
                <position>1</position>
                <quantity>11.00</quantity>
            </Point>
        </Period>
    </TimeSeries>
    <TimeSeries>
        <mRID>299</mRID>
        <businessType>B33</businessType>
        <flowDirection.direction>A02</flowDirection.direction>
        <quantity_Measure_Unit.name>MAW</quantity_Measure_Unit.name>
        <curveType>A01</curveType>
        <Period>
            <timeInterval>
                <start>2023-08-15T07:21Z</start>
                <end>2023-08-15T07:25Z</end>
            </timeInterval>
            <resolution>PT1M</resolution>
            <Point>
                <position>1</position>
                <quantity>3.00</quantity>
            </Point>
            <Point>
                <position>2</position>
                <quantity>34.00</quantity>
            </Point>
            <Point>
                <position>3</position>
                <quantity>7.00</quantity>
            </Point>
            <Point>
                <position>4</position>
                <quantity>14.00</quantity>
            </Point>
        </Period>
    </TimeSeries>
    <TimeSeries>
        <mRID>300</mRID>
        <businessType>B33</businessType>
        <flowDirection.direction>A01</flowDirection.direction>
        <quantity_Measure_Unit.name>MAW</quantity_Measure_Unit.name>
        <curveType>A01</curveType>
        <Period>
            <timeInterval>
                <start>2023-08-15T07:25Z</start>
                <end>2023-08-15T07:27Z</end>
            </timeInterval>
            <resolution>PT1M</resolution>
            <Point>
                <position>1</position>
                <quantity>3.00</quantity>
            </Point>
            <Point>
                <position>2</position>
                <quantity>9.00</quantity>
            </Point>
        </Period>
    </TimeSeries>
    <TimeSeries>
        <mRID>301</mRID>
        <businessType>B33</businessType>
        <flowDirection.direction>A02</flowDirection.direction>
        <quantity_Measure_Unit.name>MAW</quantity_Measure_Unit.name>
        <curveType>A01</curveType>
        <Period>
            <timeInterval>
                <start>2023-08-15T07:27Z</start>
                <end>2023-08-15T07:31Z</end>
            </timeInterval>
            <resolution>PT1M</resolution>
            <Point>
                <position>1</position>
                <quantity>12.00</quantity>
            </Point>
            <Point>
                <position>2</position>
                <quantity>5.00</quantity>
            </Point>
            <Point>
                <position>3</position>
                <quantity>14.00</quantity>
            </Point>
            <Point>
                <position>4</position>
                <quantity>11.00</quantity>
            </Point>
        </Period>
    </TimeSeries>
    <TimeSeries>
        <mRID>302</mRID>
        <businessType>B33</businessType>
        <flowDirection.direction>A01</flowDirection.direction>
        <quantity_Measure_Unit.name>MAW</quantity_Measure_Unit.name>
        <curveType>A01</curveType>
        <Period>
            <timeInterval>
                <start>2023-08-15T07:31Z</start>
                <end>2023-08-15T07:35Z</end>
            </timeInterval>
            <resolution>PT1M</resolution>
            <Point>
                <position>1</position>
                <quantity>9.00</quantity>
            </Point>
            <Point>
                <position>2</position>
                <quantity>16.00</quantity>
            </Point>
            <Point>
                <position>3</position>
                <quantity>14.00</quantity>
            </Point>
            <Point>
                <position>4</position>
                <quantity>7.00</quantity>
            </Point>
        </Period>
    </TimeSeries>
    <TimeSeries>
        <mRID>303</mRID>
        <businessType>B33</businessType>
        <flowDirection.direction>A03</flowDirection.direction>
        <quantity_Measure_Unit.name>MAW</quantity_Measure_Unit.name>
        <curveType>A01</curveType>
        <Period>
            <timeInterval>
                <start>2023-08-15T07:35Z</start>
                <end>2023-08-15T07:36Z</end>
            </timeInterval>
            <resolution>PT1M</resolution>
            <Point>
                <position>1</position>
                <quantity>0.00</quantity>
            </Point>
        </Period>
    </TimeSeries>
    <TimeSeries>
        <mRID>304</mRID>
        <businessType>B33</businessType>
        <flowDirection.direction>A01</flowDirection.direction>
        <quantity_Measure_Unit.name>MAW</quantity_Measure_Unit.name>
        <curveType>A01</curveType>
        <Period>
            <timeInterval>
                <start>2023-08-15T07:36Z</start>
                <end>2023-08-15T07:38Z</end>
            </timeInterval>
            <resolution>PT1M</resolution>
            <Point>
                <position>1</position>
                <quantity>3.00</quantity>
            </Point>
            <Point>
                <position>2</position>
                <quantity>2.00</quantity>
            </Point>
        </Period>
    </TimeSeries>
    <TimeSeries>
        <mRID>305</mRID>
        <businessType>B33</businessType>
        <flowDirection.direction>A02</flowDirection.direction>
        <quantity_Measure_Unit.name>MAW</quantity_Measure_Unit.name>
        <curveType>A01</curveType>
        <Period>
            <timeInterval>
                <start>2023-08-15T07:38Z</start>
                <end>2023-08-15T07:39Z</end>
            </timeInterval>
            <resolution>PT1M</resolution>
            <Point>
                <position>1</position>
                <quantity>11.00</quantity>
            </Point>
        </Period>
    </TimeSeries>
    <TimeSeries>
        <mRID>306</mRID>
        <businessType>B33</businessType>
        <flowDirection.direction>A01</flowDirection.direction>
        <quantity_Measure_Unit.name>MAW</quantity_Measure_Unit.name>
        <curveType>A01</curveType>
        <Period>
            <timeInterval>
                <start>2023-08-15T07:39Z</start>
                <end>2023-08-15T07:41Z</end>
            </timeInterval>
            <resolution>PT1M</resolution>
            <Point>
                <position>1</position>
                <quantity>2.00</quantity>
            </Point>
            <Point>
                <position>2</position>
                <quantity>1.00</quantity>
            </Point>
        </Period>
    </TimeSeries>
    <TimeSeries>
        <mRID>307</mRID>
        <businessType>B33</businessType>
        <flowDirection.direction>A02</flowDirection.direction>
        <quantity_Measure_Unit.name>MAW</quantity_Measure_Unit.name>
        <curveType>A01</curveType>
        <Period>
            <timeInterval>
                <start>2023-08-15T07:41Z</start>
                <end>2023-08-15T07:42Z</end>
            </timeInterval>
            <resolution>PT1M</resolution>
            <Point>
                <position>1</position>
                <quantity>12.00</quantity>
            </Point>
        </Period>
    </TimeSeries>
    <TimeSeries>
        <mRID>308</mRID>
        <businessType>B33</businessType>
        <flowDirection.direction>A01</flowDirection.direction>
        <quantity_Measure_Unit.name>MAW</quantity_Measure_Unit.name>
        <curveType>A01</curveType>
        <Period>
            <timeInterval>
                <start>2023-08-15T07:42Z</start>
                <end>2023-08-15T07:43Z</end>
            </timeInterval>
            <resolution>PT1M</resolution>
            <Point>
                <position>1</position>
                <quantity>11.00</quantity>
            </Point>
        </Period>
    </TimeSeries>
    <TimeSeries>
        <mRID>309</mRID>
        <businessType>B33</businessType>
        <flowDirection.direction>A02</flowDirection.direction>
        <quantity_Measure_Unit.name>MAW</quantity_Measure_Unit.name>
        <curveType>A01</curveType>
        <Period>
            <timeInterval>
                <start>2023-08-15T07:43Z</start>
                <end>2023-08-15T07:45Z</end>
            </timeInterval>
            <resolution>PT1M</resolution>
            <Point>
                <position>1</position>
                <quantity>15.00</quantity>
            </Point>
            <Point>
                <position>2</position>
                <quantity>23.00</quantity>
            </Point>
        </Period>
    </TimeSeries>
    <TimeSeries>
        <mRID>310</mRID>
        <businessType>B33</businessType>
        <flowDirection.direction>A01</flowDirection.direction>
        <quantity_Measure_Unit.name>MAW</quantity_Measure_Unit.name>
        <curveType>A01</curveType>
        <Period>
            <timeInterval>
                <start>2023-08-15T07:45Z</start>
                <end>2023-08-15T07:48Z</end>
            </timeInterval>
            <resolution>PT1M</resolution>
            <Point>
                <position>1</position>
                <quantity>10.00</quantity>
            </Point>
            <Point>
                <position>2</position>
                <quantity>21.00</quantity>
            </Point>
            <Point>
                <position>3</position>
                <quantity>10.00</quantity>
            </Point>
        </Period>
    </TimeSeries>
    <TimeSeries>
        <mRID>311</mRID>
        <businessType>B33</businessType>
        <flowDirection.direction>A02</flowDirection.direction>
        <quantity_Measure_Unit.name>MAW</quantity_Measure_Unit.name>
        <curveType>A01</curveType>
        <Period>
            <timeInterval>
                <start>2023-08-15T07:48Z</start>
                <end>2023-08-15T07:50Z</end>
            </timeInterval>
            <resolution>PT1M</resolution>
            <Point>
                <position>1</position>
                <quantity>12.00</quantity>
            </Point>
            <Point>
                <position>2</position>
                <quantity>2.00</quantity>
            </Point>
        </Period>
    </TimeSeries>
    <TimeSeries>
        <mRID>312</mRID>
        <businessType>B33</businessType>
        <flowDirection.direction>A01</flowDirection.direction>
        <quantity_Measure_Unit.name>MAW</quantity_Measure_Unit.name>
        <curveType>A01</curveType>
        <Period>
            <timeInterval>
                <start>2023-08-15T07:50Z</start>
                <end>2023-08-15T07:51Z</end>
            </timeInterval>
            <resolution>PT1M</resolution>
            <Point>
                <position>1</position>
                <quantity>12.00</quantity>
            </Point>
        </Period>
    </TimeSeries>
    <TimeSeries>
        <mRID>313</mRID>
        <businessType>B33</businessType>
        <flowDirection.direction>A02</flowDirection.direction>
        <quantity_Measure_Unit.name>MAW</quantity_Measure_Unit.name>
        <curveType>A01</curveType>
        <Period>
            <timeInterval>
                <start>2023-08-15T07:51Z</start>
                <end>2023-08-15T07:53Z</end>
            </timeInterval>
            <resolution>PT1M</resolution>
            <Point>
                <position>1</position>
                <quantity>4.00</quantity>
            </Point>
            <Point>
                <position>2</position>
                <quantity>7.00</quantity>
            </Point>
        </Period>
    </TimeSeries>
    <TimeSeries>
        <mRID>314</mRID>
        <businessType>B33</businessType>
        <flowDirection.direction>A03</flowDirection.direction>
        <quantity_Measure_Unit.name>MAW</quantity_Measure_Unit.name>
        <curveType>A01</curveType>
        <Period>
            <timeInterval>
                <start>2023-08-15T07:53Z</start>
                <end>2023-08-15T07:54Z</end>
            </timeInterval>
            <resolution>PT1M</resolution>
            <Point>
                <position>1</position>
                <quantity>0.00</quantity>
            </Point>
        </Period>
    </TimeSeries>
    <TimeSeries>
        <mRID>315</mRID>
        <businessType>B33</businessType>
        <flowDirection.direction>A02</flowDirection.direction>
        <quantity_Measure_Unit.name>MAW</quantity_Measure_Unit.name>
        <curveType>A01</curveType>
        <Period>
            <timeInterval>
                <start>2023-08-15T07:54Z</start>
                <end>2023-08-15T07:56Z</end>
            </timeInterval>
            <resolution>PT1M</resolution>
            <Point>
                <position>1</position>
                <quantity>4.00</quantity>
            </Point>
            <Point>
                <position>2</position>
                <quantity>4.00</quantity>
            </Point>
        </Period>
    </TimeSeries>
    <TimeSeries>
        <mRID>316</mRID>
        <businessType>B33</businessType>
        <flowDirection.direction>A01</flowDirection.direction>
        <quantity_Measure_Unit.name>MAW</quantity_Measure_Unit.name>
        <curveType>A01</curveType>
        <Period>
            <timeInterval>
                <start>2023-08-15T07:56Z</start>
                <end>2023-08-15T07:58Z</end>
            </timeInterval>
            <resolution>PT1M</resolution>
            <Point>
                <position>1</position>
                <quantity>13.00</quantity>
            </Point>
            <Point>
                <position>2</position>
                <quantity>9.00</quantity>
            </Point>
        </Period>
    </TimeSeries>
    <TimeSeries>
        <mRID>317</mRID>
        <businessType>B33</businessType>
        <flowDirection.direction>A02</flowDirection.direction>
        <quantity_Measure_Unit.name>MAW</quantity_Measure_Unit.name>
        <curveType>A01</curveType>
        <Period>
            <timeInterval>
                <start>2023-08-15T07:58Z</start>
                <end>2023-08-15T07:59Z</end>
            </timeInterval>
            <resolution>PT1M</resolution>
            <Point>
                <position>1</position>
                <quantity>6.00</quantity>
            </Point>
        </Period>
    </TimeSeries>
    <TimeSeries>
        <mRID>318</mRID>
        <businessType>B33</businessType>
        <flowDirection.direction>A01</flowDirection.direction>
        <quantity_Measure_Unit.name>MAW</quantity_Measure_Unit.name>
        <curveType>A01</curveType>
        <Period>
            <timeInterval>
                <start>2023-08-15T07:59Z</start>
                <end>2023-08-15T08:08Z</end>
            </timeInterval>
            <resolution>PT1M</resolution>
            <Point>
                <position>1</position>
                <quantity>4.00</quantity>
            </Point>
            <Point>
                <position>2</position>
                <quantity>8.00</quantity>
            </Point>
            <Point>
                <position>3</position>
                <quantity>7.00</quantity>
            </Point>
            <Point>
                <position>4</position>
                <quantity>5.00</quantity>
            </Point>
            <Point>
                <position>5</position>
                <quantity>4.00</quantity>
            </Point>
            <Point>
                <position>6</position>
                <quantity>10.00</quantity>
            </Point>
            <Point>
                <position>7</position>
                <quantity>30.00</quantity>
            </Point>
            <Point>
                <position>8</position>
                <quantity>6.00</quantity>
            </Point>
            <Point>
                <position>9</position>
                <quantity>21.00</quantity>
            </Point>
        </Period>
    </TimeSeries>
    <TimeSeries>
        <mRID>319</mRID>
        <businessType>B33</businessType>
        <flowDirection.direction>A02</flowDirection.direction>
        <quantity_Measure_Unit.name>MAW</quantity_Measure_Unit.name>
        <curveType>A01</curveType>
        <Period>
            <timeInterval>
                <start>2023-08-15T08:08Z</start>
                <end>2023-08-15T08:09Z</end>
            </timeInterval>
            <resolution>PT1M</resolution>
            <Point>
                <position>1</position>
                <quantity>12.00</quantity>
            </Point>
        </Period>
    </TimeSeries>
    <TimeSeries>
        <mRID>320</mRID>
        <businessType>B33</businessType>
        <flowDirection.direction>A01</flowDirection.direction>
        <quantity_Measure_Unit.name>MAW</quantity_Measure_Unit.name>
        <curveType>A01</curveType>
        <Period>
            <timeInterval>
                <start>2023-08-15T08:09Z</start>
                <end>2023-08-15T08:11Z</end>
            </timeInterval>
            <resolution>PT1M</resolution>
            <Point>
                <position>1</position>
                <quantity>10.00</quantity>
            </Point>
            <Point>
                <position>2</position>
                <quantity>18.00</quantity>
            </Point>
        </Period>
    </TimeSeries>
    <TimeSeries>
        <mRID>321</mRID>
        <businessType>B33</businessType>
        <flowDirection.direction>A02</flowDirection.direction>
        <quantity_Measure_Unit.name>MAW</quantity_Measure_Unit.name>
        <curveType>A01</curveType>
        <Period>
            <timeInterval>
                <start>2023-08-15T08:11Z</start>
                <end>2023-08-15T08:16Z</end>
            </timeInterval>
            <resolution>PT1M</resolution>
            <Point>
                <position>1</position>
                <quantity>22.00</quantity>
            </Point>
            <Point>
                <position>2</position>
                <quantity>31.00</quantity>
            </Point>
            <Point>
                <position>3</position>
                <quantity>9.00</quantity>
            </Point>
            <Point>
                <position>4</position>
                <quantity>12.00</quantity>
            </Point>
            <Point>
                <position>5</position>
                <quantity>16.00</quantity>
            </Point>
        </Period>
    </TimeSeries>
    <TimeSeries>
        <mRID>322</mRID>
        <businessType>B33</businessType>
        <flowDirection.direction>A01</flowDirection.direction>
        <quantity_Measure_Unit.name>MAW</quantity_Measure_Unit.name>
        <curveType>A01</curveType>
        <Period>
            <timeInterval>
                <start>2023-08-15T08:16Z</start>
                <end>2023-08-15T08:20Z</end>
            </timeInterval>
            <resolution>PT1M</resolution>
            <Point>
                <position>1</position>
                <quantity>19.00</quantity>
            </Point>
            <Point>
                <position>2</position>
                <quantity>5.00</quantity>
            </Point>
            <Point>
                <position>3</position>
                <quantity>16.00</quantity>
            </Point>
            <Point>
                <position>4</position>
                <quantity>2.00</quantity>
            </Point>
        </Period>
    </TimeSeries>
    <TimeSeries>
        <mRID>323</mRID>
        <businessType>B33</businessType>
        <flowDirection.direction>A02</flowDirection.direction>
        <quantity_Measure_Unit.name>MAW</quantity_Measure_Unit.name>
        <curveType>A01</curveType>
        <Period>
            <timeInterval>
                <start>2023-08-15T08:20Z</start>
                <end>2023-08-15T08:25Z</end>
            </timeInterval>
            <resolution>PT1M</resolution>
            <Point>
                <position>1</position>
                <quantity>5.00</quantity>
            </Point>
            <Point>
                <position>2</position>
                <quantity>14.00</quantity>
            </Point>
            <Point>
                <position>3</position>
                <quantity>20.00</quantity>
            </Point>
            <Point>
                <position>4</position>
                <quantity>14.00</quantity>
            </Point>
            <Point>
                <position>5</position>
                <quantity>13.00</quantity>
            </Point>
        </Period>
    </TimeSeries>
    <TimeSeries>
        <mRID>324</mRID>
        <businessType>B33</businessType>
        <flowDirection.direction>A01</flowDirection.direction>
        <quantity_Measure_Unit.name>MAW</quantity_Measure_Unit.name>
        <curveType>A01</curveType>
        <Period>
            <timeInterval>
                <start>2023-08-15T08:25Z</start>
                <end>2023-08-15T08:26Z</end>
            </timeInterval>
            <resolution>PT1M</resolution>
            <Point>
                <position>1</position>
                <quantity>11.00</quantity>
            </Point>
        </Period>
    </TimeSeries>
    <TimeSeries>
        <mRID>325</mRID>
        <businessType>B33</businessType>
        <flowDirection.direction>A02</flowDirection.direction>
        <quantity_Measure_Unit.name>MAW</quantity_Measure_Unit.name>
        <curveType>A01</curveType>
        <Period>
            <timeInterval>
                <start>2023-08-15T08:26Z</start>
                <end>2023-08-15T08:29Z</end>
            </timeInterval>
            <resolution>PT1M</resolution>
            <Point>
                <position>1</position>
                <quantity>9.00</quantity>
            </Point>
            <Point>
                <position>2</position>
                <quantity>2.00</quantity>
            </Point>
            <Point>
                <position>3</position>
                <quantity>25.00</quantity>
            </Point>
        </Period>
    </TimeSeries>
    <TimeSeries>
        <mRID>326</mRID>
        <businessType>B33</businessType>
        <flowDirection.direction>A01</flowDirection.direction>
        <quantity_Measure_Unit.name>MAW</quantity_Measure_Unit.name>
        <curveType>A01</curveType>
        <Period>
            <timeInterval>
                <start>2023-08-15T08:29Z</start>
                <end>2023-08-15T08:30Z</end>
            </timeInterval>
            <resolution>PT1M</resolution>
            <Point>
                <position>1</position>
                <quantity>5.00</quantity>
            </Point>
        </Period>
    </TimeSeries>
    <TimeSeries>
        <mRID>327</mRID>
        <businessType>B33</businessType>
        <flowDirection.direction>A02</flowDirection.direction>
        <quantity_Measure_Unit.name>MAW</quantity_Measure_Unit.name>
        <curveType>A01</curveType>
        <Period>
            <timeInterval>
                <start>2023-08-15T08:30Z</start>
                <end>2023-08-15T08:32Z</end>
            </timeInterval>
            <resolution>PT1M</resolution>
            <Point>
                <position>1</position>
                <quantity>12.00</quantity>
            </Point>
            <Point>
                <position>2</position>
                <quantity>14.00</quantity>
            </Point>
        </Period>
    </TimeSeries>
    <TimeSeries>
        <mRID>328</mRID>
        <businessType>B33</businessType>
        <flowDirection.direction>A01</flowDirection.direction>
        <quantity_Measure_Unit.name>MAW</quantity_Measure_Unit.name>
        <curveType>A01</curveType>
        <Period>
            <timeInterval>
                <start>2023-08-15T08:32Z</start>
                <end>2023-08-15T08:33Z</end>
            </timeInterval>
            <resolution>PT1M</resolution>
            <Point>
                <position>1</position>
                <quantity>5.00</quantity>
            </Point>
        </Period>
    </TimeSeries>
    <TimeSeries>
        <mRID>329</mRID>
        <businessType>B33</businessType>
        <flowDirection.direction>A03</flowDirection.direction>
        <quantity_Measure_Unit.name>MAW</quantity_Measure_Unit.name>
        <curveType>A01</curveType>
        <Period>
            <timeInterval>
                <start>2023-08-15T08:33Z</start>
                <end>2023-08-15T08:34Z</end>
            </timeInterval>
            <resolution>PT1M</resolution>
            <Point>
                <position>1</position>
                <quantity>0.00</quantity>
            </Point>
        </Period>
    </TimeSeries>
    <TimeSeries>
        <mRID>330</mRID>
        <businessType>B33</businessType>
        <flowDirection.direction>A01</flowDirection.direction>
        <quantity_Measure_Unit.name>MAW</quantity_Measure_Unit.name>
        <curveType>A01</curveType>
        <Period>
            <timeInterval>
                <start>2023-08-15T08:34Z</start>
                <end>2023-08-15T08:38Z</end>
            </timeInterval>
            <resolution>PT1M</resolution>
            <Point>
                <position>1</position>
                <quantity>22.00</quantity>
            </Point>
            <Point>
                <position>2</position>
                <quantity>9.00</quantity>
            </Point>
            <Point>
                <position>3</position>
                <quantity>4.00</quantity>
            </Point>
            <Point>
                <position>4</position>
                <quantity>11.00</quantity>
            </Point>
        </Period>
    </TimeSeries>
    <TimeSeries>
        <mRID>331</mRID>
        <businessType>B33</businessType>
        <flowDirection.direction>A02</flowDirection.direction>
        <quantity_Measure_Unit.name>MAW</quantity_Measure_Unit.name>
        <curveType>A01</curveType>
        <Period>
            <timeInterval>
                <start>2023-08-15T08:38Z</start>
                <end>2023-08-15T08:39Z</end>
            </timeInterval>
            <resolution>PT1M</resolution>
            <Point>
                <position>1</position>
                <quantity>14.00</quantity>
            </Point>
        </Period>
    </TimeSeries>
    <TimeSeries>
        <mRID>332</mRID>
        <businessType>B33</businessType>
        <flowDirection.direction>A01</flowDirection.direction>
        <quantity_Measure_Unit.name>MAW</quantity_Measure_Unit.name>
        <curveType>A01</curveType>
        <Period>
            <timeInterval>
                <start>2023-08-15T08:39Z</start>
                <end>2023-08-15T08:40Z</end>
            </timeInterval>
            <resolution>PT1M</resolution>
            <Point>
                <position>1</position>
                <quantity>21.00</quantity>
            </Point>
        </Period>
    </TimeSeries>
    <TimeSeries>
        <mRID>333</mRID>
        <businessType>B33</businessType>
        <flowDirection.direction>A02</flowDirection.direction>
        <quantity_Measure_Unit.name>MAW</quantity_Measure_Unit.name>
        <curveType>A01</curveType>
        <Period>
            <timeInterval>
                <start>2023-08-15T08:40Z</start>
                <end>2023-08-15T08:41Z</end>
            </timeInterval>
            <resolution>PT1M</resolution>
            <Point>
                <position>1</position>
                <quantity>18.00</quantity>
            </Point>
        </Period>
    </TimeSeries>
    <TimeSeries>
        <mRID>334</mRID>
        <businessType>B33</businessType>
        <flowDirection.direction>A01</flowDirection.direction>
        <quantity_Measure_Unit.name>MAW</quantity_Measure_Unit.name>
        <curveType>A01</curveType>
        <Period>
            <timeInterval>
                <start>2023-08-15T08:41Z</start>
                <end>2023-08-15T08:42Z</end>
            </timeInterval>
            <resolution>PT1M</resolution>
            <Point>
                <position>1</position>
                <quantity>2.00</quantity>
            </Point>
        </Period>
    </TimeSeries>
    <TimeSeries>
        <mRID>335</mRID>
        <businessType>B33</businessType>
        <flowDirection.direction>A02</flowDirection.direction>
        <quantity_Measure_Unit.name>MAW</quantity_Measure_Unit.name>
        <curveType>A01</curveType>
        <Period>
            <timeInterval>
                <start>2023-08-15T08:42Z</start>
                <end>2023-08-15T08:43Z</end>
            </timeInterval>
            <resolution>PT1M</resolution>
            <Point>
                <position>1</position>
                <quantity>20.00</quantity>
            </Point>
        </Period>
    </TimeSeries>
    <TimeSeries>
        <mRID>336</mRID>
        <businessType>B33</businessType>
        <flowDirection.direction>A01</flowDirection.direction>
        <quantity_Measure_Unit.name>MAW</quantity_Measure_Unit.name>
        <curveType>A01</curveType>
        <Period>
            <timeInterval>
                <start>2023-08-15T08:43Z</start>
                <end>2023-08-15T08:47Z</end>
            </timeInterval>
            <resolution>PT1M</resolution>
            <Point>
                <position>1</position>
                <quantity>13.00</quantity>
            </Point>
            <Point>
                <position>2</position>
                <quantity>3.00</quantity>
            </Point>
            <Point>
                <position>3</position>
                <quantity>7.00</quantity>
            </Point>
            <Point>
                <position>4</position>
                <quantity>20.00</quantity>
            </Point>
        </Period>
    </TimeSeries>
    <TimeSeries>
        <mRID>337</mRID>
        <businessType>B33</businessType>
        <flowDirection.direction>A02</flowDirection.direction>
        <quantity_Measure_Unit.name>MAW</quantity_Measure_Unit.name>
        <curveType>A01</curveType>
        <Period>
            <timeInterval>
                <start>2023-08-15T08:47Z</start>
                <end>2023-08-15T08:49Z</end>
            </timeInterval>
            <resolution>PT1M</resolution>
            <Point>
                <position>1</position>
                <quantity>24.00</quantity>
            </Point>
            <Point>
                <position>2</position>
                <quantity>3.00</quantity>
            </Point>
        </Period>
    </TimeSeries>
    <TimeSeries>
        <mRID>338</mRID>
        <businessType>B33</businessType>
        <flowDirection.direction>A01</flowDirection.direction>
        <quantity_Measure_Unit.name>MAW</quantity_Measure_Unit.name>
        <curveType>A01</curveType>
        <Period>
            <timeInterval>
                <start>2023-08-15T08:49Z</start>
                <end>2023-08-15T08:50Z</end>
            </timeInterval>
            <resolution>PT1M</resolution>
            <Point>
                <position>1</position>
                <quantity>1.00</quantity>
            </Point>
        </Period>
    </TimeSeries>
    <TimeSeries>
        <mRID>339</mRID>
        <businessType>B33</businessType>
        <flowDirection.direction>A02</flowDirection.direction>
        <quantity_Measure_Unit.name>MAW</quantity_Measure_Unit.name>
        <curveType>A01</curveType>
        <Period>
            <timeInterval>
                <start>2023-08-15T08:50Z</start>
                <end>2023-08-15T08:53Z</end>
            </timeInterval>
            <resolution>PT1M</resolution>
            <Point>
                <position>1</position>
                <quantity>5.00</quantity>
            </Point>
            <Point>
                <position>2</position>
                <quantity>11.00</quantity>
            </Point>
            <Point>
                <position>3</position>
                <quantity>12.00</quantity>
            </Point>
        </Period>
    </TimeSeries>
    <TimeSeries>
        <mRID>340</mRID>
        <businessType>B33</businessType>
        <flowDirection.direction>A01</flowDirection.direction>
        <quantity_Measure_Unit.name>MAW</quantity_Measure_Unit.name>
        <curveType>A01</curveType>
        <Period>
            <timeInterval>
                <start>2023-08-15T08:53Z</start>
                <end>2023-08-15T08:54Z</end>
            </timeInterval>
            <resolution>PT1M</resolution>
            <Point>
                <position>1</position>
                <quantity>4.00</quantity>
            </Point>
        </Period>
    </TimeSeries>
    <TimeSeries>
        <mRID>341</mRID>
        <businessType>B33</businessType>
        <flowDirection.direction>A02</flowDirection.direction>
        <quantity_Measure_Unit.name>MAW</quantity_Measure_Unit.name>
        <curveType>A01</curveType>
        <Period>
            <timeInterval>
                <start>2023-08-15T08:54Z</start>
                <end>2023-08-15T08:56Z</end>
            </timeInterval>
            <resolution>PT1M</resolution>
            <Point>
                <position>1</position>
                <quantity>4.00</quantity>
            </Point>
            <Point>
                <position>2</position>
                <quantity>5.00</quantity>
            </Point>
        </Period>
    </TimeSeries>
    <TimeSeries>
        <mRID>342</mRID>
        <businessType>B33</businessType>
        <flowDirection.direction>A01</flowDirection.direction>
        <quantity_Measure_Unit.name>MAW</quantity_Measure_Unit.name>
        <curveType>A01</curveType>
        <Period>
            <timeInterval>
                <start>2023-08-15T08:56Z</start>
                <end>2023-08-15T08:58Z</end>
            </timeInterval>
            <resolution>PT1M</resolution>
            <Point>
                <position>1</position>
                <quantity>23.00</quantity>
            </Point>
            <Point>
                <position>2</position>
                <quantity>9.00</quantity>
            </Point>
        </Period>
    </TimeSeries>
    <TimeSeries>
        <mRID>343</mRID>
        <businessType>B33</businessType>
        <flowDirection.direction>A02</flowDirection.direction>
        <quantity_Measure_Unit.name>MAW</quantity_Measure_Unit.name>
        <curveType>A01</curveType>
        <Period>
            <timeInterval>
                <start>2023-08-15T08:58Z</start>
                <end>2023-08-15T09:00Z</end>
            </timeInterval>
            <resolution>PT1M</resolution>
            <Point>
                <position>1</position>
                <quantity>3.00</quantity>
            </Point>
            <Point>
                <position>2</position>
                <quantity>8.00</quantity>
            </Point>
        </Period>
    </TimeSeries>
    <TimeSeries>
        <mRID>344</mRID>
        <businessType>B33</businessType>
        <flowDirection.direction>A01</flowDirection.direction>
        <quantity_Measure_Unit.name>MAW</quantity_Measure_Unit.name>
        <curveType>A01</curveType>
        <Period>
            <timeInterval>
                <start>2023-08-15T09:00Z</start>
                <end>2023-08-15T09:07Z</end>
            </timeInterval>
            <resolution>PT1M</resolution>
            <Point>
                <position>1</position>
                <quantity>12.00</quantity>
            </Point>
            <Point>
                <position>2</position>
                <quantity>2.00</quantity>
            </Point>
            <Point>
                <position>3</position>
                <quantity>17.00</quantity>
            </Point>
            <Point>
                <position>4</position>
                <quantity>2.00</quantity>
            </Point>
            <Point>
                <position>5</position>
                <quantity>7.00</quantity>
            </Point>
            <Point>
                <position>6</position>
                <quantity>8.00</quantity>
            </Point>
            <Point>
                <position>7</position>
                <quantity>11.00</quantity>
            </Point>
        </Period>
    </TimeSeries>
    <TimeSeries>
        <mRID>345</mRID>
        <businessType>B33</businessType>
        <flowDirection.direction>A02</flowDirection.direction>
        <quantity_Measure_Unit.name>MAW</quantity_Measure_Unit.name>
        <curveType>A01</curveType>
        <Period>
            <timeInterval>
                <start>2023-08-15T09:07Z</start>
                <end>2023-08-15T09:12Z</end>
            </timeInterval>
            <resolution>PT1M</resolution>
            <Point>
                <position>1</position>
                <quantity>9.00</quantity>
            </Point>
            <Point>
                <position>2</position>
                <quantity>5.00</quantity>
            </Point>
            <Point>
                <position>3</position>
                <quantity>2.00</quantity>
            </Point>
            <Point>
                <position>4</position>
                <quantity>8.00</quantity>
            </Point>
            <Point>
                <position>5</position>
                <quantity>1.00</quantity>
            </Point>
        </Period>
    </TimeSeries>
    <TimeSeries>
        <mRID>346</mRID>
        <businessType>B33</businessType>
        <flowDirection.direction>A01</flowDirection.direction>
        <quantity_Measure_Unit.name>MAW</quantity_Measure_Unit.name>
        <curveType>A01</curveType>
        <Period>
            <timeInterval>
                <start>2023-08-15T09:12Z</start>
                <end>2023-08-15T09:13Z</end>
            </timeInterval>
            <resolution>PT1M</resolution>
            <Point>
                <position>1</position>
                <quantity>6.00</quantity>
            </Point>
        </Period>
    </TimeSeries>
    <TimeSeries>
        <mRID>347</mRID>
        <businessType>B33</businessType>
        <flowDirection.direction>A02</flowDirection.direction>
        <quantity_Measure_Unit.name>MAW</quantity_Measure_Unit.name>
        <curveType>A01</curveType>
        <Period>
            <timeInterval>
                <start>2023-08-15T09:13Z</start>
                <end>2023-08-15T09:14Z</end>
            </timeInterval>
            <resolution>PT1M</resolution>
            <Point>
                <position>1</position>
                <quantity>10.00</quantity>
            </Point>
        </Period>
    </TimeSeries>
    <TimeSeries>
        <mRID>348</mRID>
        <businessType>B33</businessType>
        <flowDirection.direction>A01</flowDirection.direction>
        <quantity_Measure_Unit.name>MAW</quantity_Measure_Unit.name>
        <curveType>A01</curveType>
        <Period>
            <timeInterval>
                <start>2023-08-15T09:14Z</start>
                <end>2023-08-15T09:19Z</end>
            </timeInterval>
            <resolution>PT1M</resolution>
            <Point>
                <position>1</position>
                <quantity>6.00</quantity>
            </Point>
            <Point>
                <position>2</position>
                <quantity>6.00</quantity>
            </Point>
            <Point>
                <position>3</position>
                <quantity>4.00</quantity>
            </Point>
            <Point>
                <position>4</position>
                <quantity>4.00</quantity>
            </Point>
            <Point>
                <position>5</position>
                <quantity>4.00</quantity>
            </Point>
        </Period>
    </TimeSeries>
    <TimeSeries>
        <mRID>349</mRID>
        <businessType>B33</businessType>
        <flowDirection.direction>A02</flowDirection.direction>
        <quantity_Measure_Unit.name>MAW</quantity_Measure_Unit.name>
        <curveType>A01</curveType>
        <Period>
            <timeInterval>
                <start>2023-08-15T09:19Z</start>
                <end>2023-08-15T09:20Z</end>
            </timeInterval>
            <resolution>PT1M</resolution>
            <Point>
                <position>1</position>
                <quantity>6.00</quantity>
            </Point>
        </Period>
    </TimeSeries>
    <TimeSeries>
        <mRID>350</mRID>
        <businessType>B33</businessType>
        <flowDirection.direction>A01</flowDirection.direction>
        <quantity_Measure_Unit.name>MAW</quantity_Measure_Unit.name>
        <curveType>A01</curveType>
        <Period>
            <timeInterval>
                <start>2023-08-15T09:20Z</start>
                <end>2023-08-15T09:22Z</end>
            </timeInterval>
            <resolution>PT1M</resolution>
            <Point>
                <position>1</position>
                <quantity>1.00</quantity>
            </Point>
            <Point>
                <position>2</position>
                <quantity>10.00</quantity>
            </Point>
        </Period>
    </TimeSeries>
    <TimeSeries>
        <mRID>351</mRID>
        <businessType>B33</businessType>
        <flowDirection.direction>A02</flowDirection.direction>
        <quantity_Measure_Unit.name>MAW</quantity_Measure_Unit.name>
        <curveType>A01</curveType>
        <Period>
            <timeInterval>
                <start>2023-08-15T09:22Z</start>
                <end>2023-08-15T09:24Z</end>
            </timeInterval>
            <resolution>PT1M</resolution>
            <Point>
                <position>1</position>
                <quantity>2.00</quantity>
            </Point>
            <Point>
                <position>2</position>
                <quantity>6.00</quantity>
            </Point>
        </Period>
    </TimeSeries>
    <TimeSeries>
        <mRID>352</mRID>
        <businessType>B33</businessType>
        <flowDirection.direction>A01</flowDirection.direction>
        <quantity_Measure_Unit.name>MAW</quantity_Measure_Unit.name>
        <curveType>A01</curveType>
        <Period>
            <timeInterval>
                <start>2023-08-15T09:24Z</start>
                <end>2023-08-15T09:26Z</end>
            </timeInterval>
            <resolution>PT1M</resolution>
            <Point>
                <position>1</position>
                <quantity>7.00</quantity>
            </Point>
            <Point>
                <position>2</position>
                <quantity>6.00</quantity>
            </Point>
        </Period>
    </TimeSeries>
    <TimeSeries>
        <mRID>353</mRID>
        <businessType>B33</businessType>
        <flowDirection.direction>A02</flowDirection.direction>
        <quantity_Measure_Unit.name>MAW</quantity_Measure_Unit.name>
        <curveType>A01</curveType>
        <Period>
            <timeInterval>
                <start>2023-08-15T09:26Z</start>
                <end>2023-08-15T09:28Z</end>
            </timeInterval>
            <resolution>PT1M</resolution>
            <Point>
                <position>1</position>
                <quantity>6.00</quantity>
            </Point>
            <Point>
                <position>2</position>
                <quantity>20.00</quantity>
            </Point>
        </Period>
    </TimeSeries>
    <TimeSeries>
        <mRID>354</mRID>
        <businessType>B33</businessType>
        <flowDirection.direction>A01</flowDirection.direction>
        <quantity_Measure_Unit.name>MAW</quantity_Measure_Unit.name>
        <curveType>A01</curveType>
        <Period>
            <timeInterval>
                <start>2023-08-15T09:28Z</start>
                <end>2023-08-15T09:29Z</end>
            </timeInterval>
            <resolution>PT1M</resolution>
            <Point>
                <position>1</position>
                <quantity>2.00</quantity>
            </Point>
        </Period>
    </TimeSeries>
    <TimeSeries>
        <mRID>355</mRID>
        <businessType>B33</businessType>
        <flowDirection.direction>A02</flowDirection.direction>
        <quantity_Measure_Unit.name>MAW</quantity_Measure_Unit.name>
        <curveType>A01</curveType>
        <Period>
            <timeInterval>
                <start>2023-08-15T09:29Z</start>
                <end>2023-08-15T09:30Z</end>
            </timeInterval>
            <resolution>PT1M</resolution>
            <Point>
                <position>1</position>
                <quantity>1.00</quantity>
            </Point>
        </Period>
    </TimeSeries>
    <TimeSeries>
        <mRID>356</mRID>
        <businessType>B33</businessType>
        <flowDirection.direction>A01</flowDirection.direction>
        <quantity_Measure_Unit.name>MAW</quantity_Measure_Unit.name>
        <curveType>A01</curveType>
        <Period>
            <timeInterval>
                <start>2023-08-15T09:30Z</start>
                <end>2023-08-15T09:32Z</end>
            </timeInterval>
            <resolution>PT1M</resolution>
            <Point>
                <position>1</position>
                <quantity>9.00</quantity>
            </Point>
            <Point>
                <position>2</position>
                <quantity>2.00</quantity>
            </Point>
        </Period>
    </TimeSeries>
    <TimeSeries>
        <mRID>357</mRID>
        <businessType>B33</businessType>
        <flowDirection.direction>A02</flowDirection.direction>
        <quantity_Measure_Unit.name>MAW</quantity_Measure_Unit.name>
        <curveType>A01</curveType>
        <Period>
            <timeInterval>
                <start>2023-08-15T09:32Z</start>
                <end>2023-08-15T09:34Z</end>
            </timeInterval>
            <resolution>PT1M</resolution>
            <Point>
                <position>1</position>
                <quantity>10.00</quantity>
            </Point>
            <Point>
                <position>2</position>
                <quantity>6.00</quantity>
            </Point>
        </Period>
    </TimeSeries>
    <TimeSeries>
        <mRID>358</mRID>
        <businessType>B33</businessType>
        <flowDirection.direction>A01</flowDirection.direction>
        <quantity_Measure_Unit.name>MAW</quantity_Measure_Unit.name>
        <curveType>A01</curveType>
        <Period>
            <timeInterval>
                <start>2023-08-15T09:34Z</start>
                <end>2023-08-15T09:37Z</end>
            </timeInterval>
            <resolution>PT1M</resolution>
            <Point>
                <position>1</position>
                <quantity>8.00</quantity>
            </Point>
            <Point>
                <position>2</position>
                <quantity>5.00</quantity>
            </Point>
            <Point>
                <position>3</position>
                <quantity>4.00</quantity>
            </Point>
        </Period>
    </TimeSeries>
    <TimeSeries>
        <mRID>359</mRID>
        <businessType>B33</businessType>
        <flowDirection.direction>A02</flowDirection.direction>
        <quantity_Measure_Unit.name>MAW</quantity_Measure_Unit.name>
        <curveType>A01</curveType>
        <Period>
            <timeInterval>
                <start>2023-08-15T09:37Z</start>
                <end>2023-08-15T09:38Z</end>
            </timeInterval>
            <resolution>PT1M</resolution>
            <Point>
                <position>1</position>
                <quantity>14.00</quantity>
            </Point>
        </Period>
    </TimeSeries>
    <TimeSeries>
        <mRID>360</mRID>
        <businessType>B33</businessType>
        <flowDirection.direction>A01</flowDirection.direction>
        <quantity_Measure_Unit.name>MAW</quantity_Measure_Unit.name>
        <curveType>A01</curveType>
        <Period>
            <timeInterval>
                <start>2023-08-15T09:38Z</start>
                <end>2023-08-15T09:39Z</end>
            </timeInterval>
            <resolution>PT1M</resolution>
            <Point>
                <position>1</position>
                <quantity>11.00</quantity>
            </Point>
        </Period>
    </TimeSeries>
    <TimeSeries>
        <mRID>361</mRID>
        <businessType>B33</businessType>
        <flowDirection.direction>A02</flowDirection.direction>
        <quantity_Measure_Unit.name>MAW</quantity_Measure_Unit.name>
        <curveType>A01</curveType>
        <Period>
            <timeInterval>
                <start>2023-08-15T09:39Z</start>
                <end>2023-08-15T09:40Z</end>
            </timeInterval>
            <resolution>PT1M</resolution>
            <Point>
                <position>1</position>
                <quantity>2.00</quantity>
            </Point>
        </Period>
    </TimeSeries>
    <TimeSeries>
        <mRID>362</mRID>
        <businessType>B33</businessType>
        <flowDirection.direction>A03</flowDirection.direction>
        <quantity_Measure_Unit.name>MAW</quantity_Measure_Unit.name>
        <curveType>A01</curveType>
        <Period>
            <timeInterval>
                <start>2023-08-15T09:40Z</start>
                <end>2023-08-15T09:41Z</end>
            </timeInterval>
            <resolution>PT1M</resolution>
            <Point>
                <position>1</position>
                <quantity>0.00</quantity>
            </Point>
        </Period>
    </TimeSeries>
    <TimeSeries>
        <mRID>363</mRID>
        <businessType>B33</businessType>
        <flowDirection.direction>A02</flowDirection.direction>
        <quantity_Measure_Unit.name>MAW</quantity_Measure_Unit.name>
        <curveType>A01</curveType>
        <Period>
            <timeInterval>
                <start>2023-08-15T09:41Z</start>
                <end>2023-08-15T09:43Z</end>
            </timeInterval>
            <resolution>PT1M</resolution>
            <Point>
                <position>1</position>
                <quantity>1.00</quantity>
            </Point>
            <Point>
                <position>2</position>
                <quantity>7.00</quantity>
            </Point>
        </Period>
    </TimeSeries>
    <TimeSeries>
        <mRID>364</mRID>
        <businessType>B33</businessType>
        <flowDirection.direction>A01</flowDirection.direction>
        <quantity_Measure_Unit.name>MAW</quantity_Measure_Unit.name>
        <curveType>A01</curveType>
        <Period>
            <timeInterval>
                <start>2023-08-15T09:43Z</start>
                <end>2023-08-15T09:45Z</end>
            </timeInterval>
            <resolution>PT1M</resolution>
            <Point>
                <position>1</position>
                <quantity>6.00</quantity>
            </Point>
            <Point>
                <position>2</position>
                <quantity>3.00</quantity>
            </Point>
        </Period>
    </TimeSeries>
    <TimeSeries>
        <mRID>365</mRID>
        <businessType>B33</businessType>
        <flowDirection.direction>A02</flowDirection.direction>
        <quantity_Measure_Unit.name>MAW</quantity_Measure_Unit.name>
        <curveType>A01</curveType>
        <Period>
            <timeInterval>
                <start>2023-08-15T09:45Z</start>
                <end>2023-08-15T09:46Z</end>
            </timeInterval>
            <resolution>PT1M</resolution>
            <Point>
                <position>1</position>
                <quantity>25.00</quantity>
            </Point>
        </Period>
    </TimeSeries>
    <TimeSeries>
        <mRID>366</mRID>
        <businessType>B33</businessType>
        <flowDirection.direction>A01</flowDirection.direction>
        <quantity_Measure_Unit.name>MAW</quantity_Measure_Unit.name>
        <curveType>A01</curveType>
        <Period>
            <timeInterval>
                <start>2023-08-15T09:46Z</start>
                <end>2023-08-15T09:48Z</end>
            </timeInterval>
            <resolution>PT1M</resolution>
            <Point>
                <position>1</position>
                <quantity>3.00</quantity>
            </Point>
            <Point>
                <position>2</position>
                <quantity>16.00</quantity>
            </Point>
        </Period>
    </TimeSeries>
    <TimeSeries>
        <mRID>367</mRID>
        <businessType>B33</businessType>
        <flowDirection.direction>A02</flowDirection.direction>
        <quantity_Measure_Unit.name>MAW</quantity_Measure_Unit.name>
        <curveType>A01</curveType>
        <Period>
            <timeInterval>
                <start>2023-08-15T09:48Z</start>
                <end>2023-08-15T09:49Z</end>
            </timeInterval>
            <resolution>PT1M</resolution>
            <Point>
                <position>1</position>
                <quantity>2.00</quantity>
            </Point>
        </Period>
    </TimeSeries>
    <TimeSeries>
        <mRID>368</mRID>
        <businessType>B33</businessType>
        <flowDirection.direction>A01</flowDirection.direction>
        <quantity_Measure_Unit.name>MAW</quantity_Measure_Unit.name>
        <curveType>A01</curveType>
        <Period>
            <timeInterval>
                <start>2023-08-15T09:49Z</start>
                <end>2023-08-15T09:51Z</end>
            </timeInterval>
            <resolution>PT1M</resolution>
            <Point>
                <position>1</position>
                <quantity>6.00</quantity>
            </Point>
            <Point>
                <position>2</position>
                <quantity>6.00</quantity>
            </Point>
        </Period>
    </TimeSeries>
    <TimeSeries>
        <mRID>369</mRID>
        <businessType>B33</businessType>
        <flowDirection.direction>A02</flowDirection.direction>
        <quantity_Measure_Unit.name>MAW</quantity_Measure_Unit.name>
        <curveType>A01</curveType>
        <Period>
            <timeInterval>
                <start>2023-08-15T09:51Z</start>
                <end>2023-08-15T09:52Z</end>
            </timeInterval>
            <resolution>PT1M</resolution>
            <Point>
                <position>1</position>
                <quantity>11.00</quantity>
            </Point>
        </Period>
    </TimeSeries>
    <TimeSeries>
        <mRID>370</mRID>
        <businessType>B33</businessType>
        <flowDirection.direction>A01</flowDirection.direction>
        <quantity_Measure_Unit.name>MAW</quantity_Measure_Unit.name>
        <curveType>A01</curveType>
        <Period>
            <timeInterval>
                <start>2023-08-15T09:52Z</start>
                <end>2023-08-15T09:53Z</end>
            </timeInterval>
            <resolution>PT1M</resolution>
            <Point>
                <position>1</position>
                <quantity>3.00</quantity>
            </Point>
        </Period>
    </TimeSeries>
    <TimeSeries>
        <mRID>371</mRID>
        <businessType>B33</businessType>
        <flowDirection.direction>A02</flowDirection.direction>
        <quantity_Measure_Unit.name>MAW</quantity_Measure_Unit.name>
        <curveType>A01</curveType>
        <Period>
            <timeInterval>
                <start>2023-08-15T09:53Z</start>
                <end>2023-08-15T09:56Z</end>
            </timeInterval>
            <resolution>PT1M</resolution>
            <Point>
                <position>1</position>
                <quantity>1.00</quantity>
            </Point>
            <Point>
                <position>2</position>
                <quantity>25.00</quantity>
            </Point>
            <Point>
                <position>3</position>
                <quantity>20.00</quantity>
            </Point>
        </Period>
    </TimeSeries>
    <TimeSeries>
        <mRID>372</mRID>
        <businessType>B33</businessType>
        <flowDirection.direction>A01</flowDirection.direction>
        <quantity_Measure_Unit.name>MAW</quantity_Measure_Unit.name>
        <curveType>A01</curveType>
        <Period>
            <timeInterval>
                <start>2023-08-15T09:56Z</start>
                <end>2023-08-15T09:58Z</end>
            </timeInterval>
            <resolution>PT1M</resolution>
            <Point>
                <position>1</position>
                <quantity>10.00</quantity>
            </Point>
            <Point>
                <position>2</position>
                <quantity>24.00</quantity>
            </Point>
        </Period>
    </TimeSeries>
    <TimeSeries>
        <mRID>373</mRID>
        <businessType>B33</businessType>
        <flowDirection.direction>A02</flowDirection.direction>
        <quantity_Measure_Unit.name>MAW</quantity_Measure_Unit.name>
        <curveType>A01</curveType>
        <Period>
            <timeInterval>
                <start>2023-08-15T09:58Z</start>
                <end>2023-08-15T09:59Z</end>
            </timeInterval>
            <resolution>PT1M</resolution>
            <Point>
                <position>1</position>
                <quantity>2.00</quantity>
            </Point>
        </Period>
    </TimeSeries>
    <TimeSeries>
        <mRID>374</mRID>
        <businessType>B33</businessType>
        <flowDirection.direction>A01</flowDirection.direction>
        <quantity_Measure_Unit.name>MAW</quantity_Measure_Unit.name>
        <curveType>A01</curveType>
        <Period>
            <timeInterval>
                <start>2023-08-15T09:59Z</start>
                <end>2023-08-15T10:01Z</end>
            </timeInterval>
            <resolution>PT1M</resolution>
            <Point>
                <position>1</position>
                <quantity>2.00</quantity>
            </Point>
            <Point>
                <position>2</position>
                <quantity>24.00</quantity>
            </Point>
        </Period>
    </TimeSeries>
    <TimeSeries>
        <mRID>375</mRID>
        <businessType>B33</businessType>
        <flowDirection.direction>A02</flowDirection.direction>
        <quantity_Measure_Unit.name>MAW</quantity_Measure_Unit.name>
        <curveType>A01</curveType>
        <Period>
            <timeInterval>
                <start>2023-08-15T10:01Z</start>
                <end>2023-08-15T10:03Z</end>
            </timeInterval>
            <resolution>PT1M</resolution>
            <Point>
                <position>1</position>
                <quantity>4.00</quantity>
            </Point>
            <Point>
                <position>2</position>
                <quantity>2.00</quantity>
            </Point>
        </Period>
    </TimeSeries>
    <TimeSeries>
        <mRID>376</mRID>
        <businessType>B33</businessType>
        <flowDirection.direction>A01</flowDirection.direction>
        <quantity_Measure_Unit.name>MAW</quantity_Measure_Unit.name>
        <curveType>A01</curveType>
        <Period>
            <timeInterval>
                <start>2023-08-15T10:03Z</start>
                <end>2023-08-15T10:05Z</end>
            </timeInterval>
            <resolution>PT1M</resolution>
            <Point>
                <position>1</position>
                <quantity>1.00</quantity>
            </Point>
            <Point>
                <position>2</position>
                <quantity>6.00</quantity>
            </Point>
        </Period>
    </TimeSeries>
    <TimeSeries>
        <mRID>377</mRID>
        <businessType>B33</businessType>
        <flowDirection.direction>A02</flowDirection.direction>
        <quantity_Measure_Unit.name>MAW</quantity_Measure_Unit.name>
        <curveType>A01</curveType>
        <Period>
            <timeInterval>
                <start>2023-08-15T10:05Z</start>
                <end>2023-08-15T10:06Z</end>
            </timeInterval>
            <resolution>PT1M</resolution>
            <Point>
                <position>1</position>
                <quantity>22.00</quantity>
            </Point>
        </Period>
    </TimeSeries>
    <TimeSeries>
        <mRID>378</mRID>
        <businessType>B33</businessType>
        <flowDirection.direction>A01</flowDirection.direction>
        <quantity_Measure_Unit.name>MAW</quantity_Measure_Unit.name>
        <curveType>A01</curveType>
        <Period>
            <timeInterval>
                <start>2023-08-15T10:06Z</start>
                <end>2023-08-15T10:07Z</end>
            </timeInterval>
            <resolution>PT1M</resolution>
            <Point>
                <position>1</position>
                <quantity>18.00</quantity>
            </Point>
        </Period>
    </TimeSeries>
    <TimeSeries>
        <mRID>379</mRID>
        <businessType>B33</businessType>
        <flowDirection.direction>A02</flowDirection.direction>
        <quantity_Measure_Unit.name>MAW</quantity_Measure_Unit.name>
        <curveType>A01</curveType>
        <Period>
            <timeInterval>
                <start>2023-08-15T10:07Z</start>
                <end>2023-08-15T10:08Z</end>
            </timeInterval>
            <resolution>PT1M</resolution>
            <Point>
                <position>1</position>
                <quantity>2.00</quantity>
            </Point>
        </Period>
    </TimeSeries>
    <TimeSeries>
        <mRID>380</mRID>
        <businessType>B33</businessType>
        <flowDirection.direction>A01</flowDirection.direction>
        <quantity_Measure_Unit.name>MAW</quantity_Measure_Unit.name>
        <curveType>A01</curveType>
        <Period>
            <timeInterval>
                <start>2023-08-15T10:08Z</start>
                <end>2023-08-15T10:09Z</end>
            </timeInterval>
            <resolution>PT1M</resolution>
            <Point>
                <position>1</position>
                <quantity>4.00</quantity>
            </Point>
        </Period>
    </TimeSeries>
    <TimeSeries>
        <mRID>381</mRID>
        <businessType>B33</businessType>
        <flowDirection.direction>A02</flowDirection.direction>
        <quantity_Measure_Unit.name>MAW</quantity_Measure_Unit.name>
        <curveType>A01</curveType>
        <Period>
            <timeInterval>
                <start>2023-08-15T10:09Z</start>
                <end>2023-08-15T10:11Z</end>
            </timeInterval>
            <resolution>PT1M</resolution>
            <Point>
                <position>1</position>
                <quantity>2.00</quantity>
            </Point>
            <Point>
                <position>2</position>
                <quantity>1.00</quantity>
            </Point>
        </Period>
    </TimeSeries>
    <TimeSeries>
        <mRID>382</mRID>
        <businessType>B33</businessType>
        <flowDirection.direction>A01</flowDirection.direction>
        <quantity_Measure_Unit.name>MAW</quantity_Measure_Unit.name>
        <curveType>A01</curveType>
        <Period>
            <timeInterval>
                <start>2023-08-15T10:11Z</start>
                <end>2023-08-15T10:12Z</end>
            </timeInterval>
            <resolution>PT1M</resolution>
            <Point>
                <position>1</position>
                <quantity>4.00</quantity>
            </Point>
        </Period>
    </TimeSeries>
    <TimeSeries>
        <mRID>383</mRID>
        <businessType>B33</businessType>
        <flowDirection.direction>A02</flowDirection.direction>
        <quantity_Measure_Unit.name>MAW</quantity_Measure_Unit.name>
        <curveType>A01</curveType>
        <Period>
            <timeInterval>
                <start>2023-08-15T10:12Z</start>
                <end>2023-08-15T10:14Z</end>
            </timeInterval>
            <resolution>PT1M</resolution>
            <Point>
                <position>1</position>
                <quantity>2.00</quantity>
            </Point>
            <Point>
                <position>2</position>
                <quantity>6.00</quantity>
            </Point>
        </Period>
    </TimeSeries>
    <TimeSeries>
        <mRID>384</mRID>
        <businessType>B33</businessType>
        <flowDirection.direction>A01</flowDirection.direction>
        <quantity_Measure_Unit.name>MAW</quantity_Measure_Unit.name>
        <curveType>A01</curveType>
        <Period>
            <timeInterval>
                <start>2023-08-15T10:14Z</start>
                <end>2023-08-15T10:17Z</end>
            </timeInterval>
            <resolution>PT1M</resolution>
            <Point>
                <position>1</position>
                <quantity>7.00</quantity>
            </Point>
            <Point>
                <position>2</position>
                <quantity>8.00</quantity>
            </Point>
            <Point>
                <position>3</position>
                <quantity>44.00</quantity>
            </Point>
        </Period>
    </TimeSeries>
    <TimeSeries>
        <mRID>385</mRID>
        <businessType>B33</businessType>
        <flowDirection.direction>A02</flowDirection.direction>
        <quantity_Measure_Unit.name>MAW</quantity_Measure_Unit.name>
        <curveType>A01</curveType>
        <Period>
            <timeInterval>
                <start>2023-08-15T10:17Z</start>
                <end>2023-08-15T10:20Z</end>
            </timeInterval>
            <resolution>PT1M</resolution>
            <Point>
                <position>1</position>
                <quantity>3.00</quantity>
            </Point>
            <Point>
                <position>2</position>
                <quantity>12.00</quantity>
            </Point>
            <Point>
                <position>3</position>
                <quantity>13.00</quantity>
            </Point>
        </Period>
    </TimeSeries>
    <TimeSeries>
        <mRID>386</mRID>
        <businessType>B33</businessType>
        <flowDirection.direction>A01</flowDirection.direction>
        <quantity_Measure_Unit.name>MAW</quantity_Measure_Unit.name>
        <curveType>A01</curveType>
        <Period>
            <timeInterval>
                <start>2023-08-15T10:20Z</start>
                <end>2023-08-15T10:21Z</end>
            </timeInterval>
            <resolution>PT1M</resolution>
            <Point>
                <position>1</position>
                <quantity>2.00</quantity>
            </Point>
        </Period>
    </TimeSeries>
    <TimeSeries>
        <mRID>387</mRID>
        <businessType>B33</businessType>
        <flowDirection.direction>A02</flowDirection.direction>
        <quantity_Measure_Unit.name>MAW</quantity_Measure_Unit.name>
        <curveType>A01</curveType>
        <Period>
            <timeInterval>
                <start>2023-08-15T10:21Z</start>
                <end>2023-08-15T10:22Z</end>
            </timeInterval>
            <resolution>PT1M</resolution>
            <Point>
                <position>1</position>
                <quantity>10.00</quantity>
            </Point>
        </Period>
    </TimeSeries>
    <TimeSeries>
        <mRID>388</mRID>
        <businessType>B33</businessType>
        <flowDirection.direction>A01</flowDirection.direction>
        <quantity_Measure_Unit.name>MAW</quantity_Measure_Unit.name>
        <curveType>A01</curveType>
        <Period>
            <timeInterval>
                <start>2023-08-15T10:22Z</start>
                <end>2023-08-15T10:23Z</end>
            </timeInterval>
            <resolution>PT1M</resolution>
            <Point>
                <position>1</position>
                <quantity>5.00</quantity>
            </Point>
        </Period>
    </TimeSeries>
    <TimeSeries>
        <mRID>389</mRID>
        <businessType>B33</businessType>
        <flowDirection.direction>A02</flowDirection.direction>
        <quantity_Measure_Unit.name>MAW</quantity_Measure_Unit.name>
        <curveType>A01</curveType>
        <Period>
            <timeInterval>
                <start>2023-08-15T10:23Z</start>
                <end>2023-08-15T10:24Z</end>
            </timeInterval>
            <resolution>PT1M</resolution>
            <Point>
                <position>1</position>
                <quantity>14.00</quantity>
            </Point>
        </Period>
    </TimeSeries>
    <TimeSeries>
        <mRID>390</mRID>
        <businessType>B33</businessType>
        <flowDirection.direction>A01</flowDirection.direction>
        <quantity_Measure_Unit.name>MAW</quantity_Measure_Unit.name>
        <curveType>A01</curveType>
        <Period>
            <timeInterval>
                <start>2023-08-15T10:24Z</start>
                <end>2023-08-15T10:25Z</end>
            </timeInterval>
            <resolution>PT1M</resolution>
            <Point>
                <position>1</position>
                <quantity>4.00</quantity>
            </Point>
        </Period>
    </TimeSeries>
    <TimeSeries>
        <mRID>391</mRID>
        <businessType>B33</businessType>
        <flowDirection.direction>A02</flowDirection.direction>
        <quantity_Measure_Unit.name>MAW</quantity_Measure_Unit.name>
        <curveType>A01</curveType>
        <Period>
            <timeInterval>
                <start>2023-08-15T10:25Z</start>
                <end>2023-08-15T10:26Z</end>
            </timeInterval>
            <resolution>PT1M</resolution>
            <Point>
                <position>1</position>
                <quantity>11.00</quantity>
            </Point>
        </Period>
    </TimeSeries>
    <TimeSeries>
        <mRID>392</mRID>
        <businessType>B33</businessType>
        <flowDirection.direction>A01</flowDirection.direction>
        <quantity_Measure_Unit.name>MAW</quantity_Measure_Unit.name>
        <curveType>A01</curveType>
        <Period>
            <timeInterval>
                <start>2023-08-15T10:26Z</start>
                <end>2023-08-15T10:27Z</end>
            </timeInterval>
            <resolution>PT1M</resolution>
            <Point>
                <position>1</position>
                <quantity>9.00</quantity>
            </Point>
        </Period>
    </TimeSeries>
    <TimeSeries>
        <mRID>393</mRID>
        <businessType>B33</businessType>
        <flowDirection.direction>A02</flowDirection.direction>
        <quantity_Measure_Unit.name>MAW</quantity_Measure_Unit.name>
        <curveType>A01</curveType>
        <Period>
            <timeInterval>
                <start>2023-08-15T10:27Z</start>
                <end>2023-08-15T10:30Z</end>
            </timeInterval>
            <resolution>PT1M</resolution>
            <Point>
                <position>1</position>
                <quantity>4.00</quantity>
            </Point>
            <Point>
                <position>2</position>
                <quantity>2.00</quantity>
            </Point>
            <Point>
                <position>3</position>
                <quantity>3.00</quantity>
            </Point>
        </Period>
    </TimeSeries>
    <TimeSeries>
        <mRID>394</mRID>
        <businessType>B33</businessType>
        <flowDirection.direction>A03</flowDirection.direction>
        <quantity_Measure_Unit.name>MAW</quantity_Measure_Unit.name>
        <curveType>A01</curveType>
        <Period>
            <timeInterval>
                <start>2023-08-15T10:30Z</start>
                <end>2023-08-15T10:31Z</end>
            </timeInterval>
            <resolution>PT1M</resolution>
            <Point>
                <position>1</position>
                <quantity>0.00</quantity>
            </Point>
        </Period>
    </TimeSeries>
    <TimeSeries>
        <mRID>395</mRID>
        <businessType>B33</businessType>
        <flowDirection.direction>A01</flowDirection.direction>
        <quantity_Measure_Unit.name>MAW</quantity_Measure_Unit.name>
        <curveType>A01</curveType>
        <Period>
            <timeInterval>
                <start>2023-08-15T10:31Z</start>
                <end>2023-08-15T10:32Z</end>
            </timeInterval>
            <resolution>PT1M</resolution>
            <Point>
                <position>1</position>
                <quantity>1.00</quantity>
            </Point>
        </Period>
    </TimeSeries>
    <TimeSeries>
        <mRID>396</mRID>
        <businessType>B33</businessType>
        <flowDirection.direction>A02</flowDirection.direction>
        <quantity_Measure_Unit.name>MAW</quantity_Measure_Unit.name>
        <curveType>A01</curveType>
        <Period>
            <timeInterval>
                <start>2023-08-15T10:32Z</start>
                <end>2023-08-15T10:33Z</end>
            </timeInterval>
            <resolution>PT1M</resolution>
            <Point>
                <position>1</position>
                <quantity>4.00</quantity>
            </Point>
        </Period>
    </TimeSeries>
    <TimeSeries>
        <mRID>397</mRID>
        <businessType>B33</businessType>
        <flowDirection.direction>A01</flowDirection.direction>
        <quantity_Measure_Unit.name>MAW</quantity_Measure_Unit.name>
        <curveType>A01</curveType>
        <Period>
            <timeInterval>
                <start>2023-08-15T10:33Z</start>
                <end>2023-08-15T10:34Z</end>
            </timeInterval>
            <resolution>PT1M</resolution>
            <Point>
                <position>1</position>
                <quantity>12.00</quantity>
            </Point>
        </Period>
    </TimeSeries>
    <TimeSeries>
        <mRID>398</mRID>
        <businessType>B33</businessType>
        <flowDirection.direction>A02</flowDirection.direction>
        <quantity_Measure_Unit.name>MAW</quantity_Measure_Unit.name>
        <curveType>A01</curveType>
        <Period>
            <timeInterval>
                <start>2023-08-15T10:34Z</start>
                <end>2023-08-15T10:35Z</end>
            </timeInterval>
            <resolution>PT1M</resolution>
            <Point>
                <position>1</position>
                <quantity>11.00</quantity>
            </Point>
        </Period>
    </TimeSeries>
    <TimeSeries>
        <mRID>399</mRID>
        <businessType>B33</businessType>
        <flowDirection.direction>A01</flowDirection.direction>
        <quantity_Measure_Unit.name>MAW</quantity_Measure_Unit.name>
        <curveType>A01</curveType>
        <Period>
            <timeInterval>
                <start>2023-08-15T10:35Z</start>
                <end>2023-08-15T10:36Z</end>
            </timeInterval>
            <resolution>PT1M</resolution>
            <Point>
                <position>1</position>
                <quantity>10.00</quantity>
            </Point>
        </Period>
    </TimeSeries>
    <TimeSeries>
        <mRID>400</mRID>
        <businessType>B33</businessType>
        <flowDirection.direction>A02</flowDirection.direction>
        <quantity_Measure_Unit.name>MAW</quantity_Measure_Unit.name>
        <curveType>A01</curveType>
        <Period>
            <timeInterval>
                <start>2023-08-15T10:36Z</start>
                <end>2023-08-15T10:37Z</end>
            </timeInterval>
            <resolution>PT1M</resolution>
            <Point>
                <position>1</position>
                <quantity>4.00</quantity>
            </Point>
        </Period>
    </TimeSeries>
    <TimeSeries>
        <mRID>401</mRID>
        <businessType>B33</businessType>
        <flowDirection.direction>A01</flowDirection.direction>
        <quantity_Measure_Unit.name>MAW</quantity_Measure_Unit.name>
        <curveType>A01</curveType>
        <Period>
            <timeInterval>
                <start>2023-08-15T10:37Z</start>
                <end>2023-08-15T10:38Z</end>
            </timeInterval>
            <resolution>PT1M</resolution>
            <Point>
                <position>1</position>
                <quantity>8.00</quantity>
            </Point>
        </Period>
    </TimeSeries>
    <TimeSeries>
        <mRID>402</mRID>
        <businessType>B33</businessType>
        <flowDirection.direction>A02</flowDirection.direction>
        <quantity_Measure_Unit.name>MAW</quantity_Measure_Unit.name>
        <curveType>A01</curveType>
        <Period>
            <timeInterval>
                <start>2023-08-15T10:38Z</start>
                <end>2023-08-15T10:40Z</end>
            </timeInterval>
            <resolution>PT1M</resolution>
            <Point>
                <position>1</position>
                <quantity>2.00</quantity>
            </Point>
            <Point>
                <position>2</position>
                <quantity>11.00</quantity>
            </Point>
        </Period>
    </TimeSeries>
    <TimeSeries>
        <mRID>403</mRID>
        <businessType>B33</businessType>
        <flowDirection.direction>A01</flowDirection.direction>
        <quantity_Measure_Unit.name>MAW</quantity_Measure_Unit.name>
        <curveType>A01</curveType>
        <Period>
            <timeInterval>
                <start>2023-08-15T10:40Z</start>
                <end>2023-08-15T10:41Z</end>
            </timeInterval>
            <resolution>PT1M</resolution>
            <Point>
                <position>1</position>
                <quantity>19.00</quantity>
            </Point>
        </Period>
    </TimeSeries>
    <TimeSeries>
        <mRID>404</mRID>
        <businessType>B33</businessType>
        <flowDirection.direction>A03</flowDirection.direction>
        <quantity_Measure_Unit.name>MAW</quantity_Measure_Unit.name>
        <curveType>A01</curveType>
        <Period>
            <timeInterval>
                <start>2023-08-15T10:41Z</start>
                <end>2023-08-15T10:42Z</end>
            </timeInterval>
            <resolution>PT1M</resolution>
            <Point>
                <position>1</position>
                <quantity>0.00</quantity>
            </Point>
        </Period>
    </TimeSeries>
    <TimeSeries>
        <mRID>405</mRID>
        <businessType>B33</businessType>
        <flowDirection.direction>A02</flowDirection.direction>
        <quantity_Measure_Unit.name>MAW</quantity_Measure_Unit.name>
        <curveType>A01</curveType>
        <Period>
            <timeInterval>
                <start>2023-08-15T10:42Z</start>
                <end>2023-08-15T10:45Z</end>
            </timeInterval>
            <resolution>PT1M</resolution>
            <Point>
                <position>1</position>
                <quantity>7.00</quantity>
            </Point>
            <Point>
                <position>2</position>
                <quantity>3.00</quantity>
            </Point>
            <Point>
                <position>3</position>
                <quantity>2.00</quantity>
            </Point>
        </Period>
    </TimeSeries>
    <TimeSeries>
        <mRID>406</mRID>
        <businessType>B33</businessType>
        <flowDirection.direction>A01</flowDirection.direction>
        <quantity_Measure_Unit.name>MAW</quantity_Measure_Unit.name>
        <curveType>A01</curveType>
        <Period>
            <timeInterval>
                <start>2023-08-15T10:45Z</start>
                <end>2023-08-15T10:47Z</end>
            </timeInterval>
            <resolution>PT1M</resolution>
            <Point>
                <position>1</position>
                <quantity>11.00</quantity>
            </Point>
            <Point>
                <position>2</position>
                <quantity>8.00</quantity>
            </Point>
        </Period>
    </TimeSeries>
    <TimeSeries>
        <mRID>407</mRID>
        <businessType>B33</businessType>
        <flowDirection.direction>A02</flowDirection.direction>
        <quantity_Measure_Unit.name>MAW</quantity_Measure_Unit.name>
        <curveType>A01</curveType>
        <Period>
            <timeInterval>
                <start>2023-08-15T10:47Z</start>
                <end>2023-08-15T10:48Z</end>
            </timeInterval>
            <resolution>PT1M</resolution>
            <Point>
                <position>1</position>
                <quantity>18.00</quantity>
            </Point>
        </Period>
    </TimeSeries>
    <TimeSeries>
        <mRID>408</mRID>
        <businessType>B33</businessType>
        <flowDirection.direction>A01</flowDirection.direction>
        <quantity_Measure_Unit.name>MAW</quantity_Measure_Unit.name>
        <curveType>A01</curveType>
        <Period>
            <timeInterval>
                <start>2023-08-15T10:48Z</start>
                <end>2023-08-15T10:49Z</end>
            </timeInterval>
            <resolution>PT1M</resolution>
            <Point>
                <position>1</position>
                <quantity>5.00</quantity>
            </Point>
        </Period>
    </TimeSeries>
    <TimeSeries>
        <mRID>409</mRID>
        <businessType>B33</businessType>
        <flowDirection.direction>A02</flowDirection.direction>
        <quantity_Measure_Unit.name>MAW</quantity_Measure_Unit.name>
        <curveType>A01</curveType>
        <Period>
            <timeInterval>
                <start>2023-08-15T10:49Z</start>
                <end>2023-08-15T10:50Z</end>
            </timeInterval>
            <resolution>PT1M</resolution>
            <Point>
                <position>1</position>
                <quantity>5.00</quantity>
            </Point>
        </Period>
    </TimeSeries>
    <TimeSeries>
        <mRID>410</mRID>
        <businessType>B33</businessType>
        <flowDirection.direction>A01</flowDirection.direction>
        <quantity_Measure_Unit.name>MAW</quantity_Measure_Unit.name>
        <curveType>A01</curveType>
        <Period>
            <timeInterval>
                <start>2023-08-15T10:50Z</start>
                <end>2023-08-15T10:51Z</end>
            </timeInterval>
            <resolution>PT1M</resolution>
            <Point>
                <position>1</position>
                <quantity>12.00</quantity>
            </Point>
        </Period>
    </TimeSeries>
    <TimeSeries>
        <mRID>411</mRID>
        <businessType>B33</businessType>
        <flowDirection.direction>A02</flowDirection.direction>
        <quantity_Measure_Unit.name>MAW</quantity_Measure_Unit.name>
        <curveType>A01</curveType>
        <Period>
            <timeInterval>
                <start>2023-08-15T10:51Z</start>
                <end>2023-08-15T10:52Z</end>
            </timeInterval>
            <resolution>PT1M</resolution>
            <Point>
                <position>1</position>
                <quantity>10.00</quantity>
            </Point>
        </Period>
    </TimeSeries>
    <TimeSeries>
        <mRID>412</mRID>
        <businessType>B33</businessType>
        <flowDirection.direction>A01</flowDirection.direction>
        <quantity_Measure_Unit.name>MAW</quantity_Measure_Unit.name>
        <curveType>A01</curveType>
        <Period>
            <timeInterval>
                <start>2023-08-15T10:52Z</start>
                <end>2023-08-15T10:53Z</end>
            </timeInterval>
            <resolution>PT1M</resolution>
            <Point>
                <position>1</position>
                <quantity>14.00</quantity>
            </Point>
        </Period>
    </TimeSeries>
    <TimeSeries>
        <mRID>413</mRID>
        <businessType>B33</businessType>
        <flowDirection.direction>A02</flowDirection.direction>
        <quantity_Measure_Unit.name>MAW</quantity_Measure_Unit.name>
        <curveType>A01</curveType>
        <Period>
            <timeInterval>
                <start>2023-08-15T10:53Z</start>
                <end>2023-08-15T10:55Z</end>
            </timeInterval>
            <resolution>PT1M</resolution>
            <Point>
                <position>1</position>
                <quantity>25.00</quantity>
            </Point>
            <Point>
                <position>2</position>
                <quantity>14.00</quantity>
            </Point>
        </Period>
    </TimeSeries>
    <TimeSeries>
        <mRID>414</mRID>
        <businessType>B33</businessType>
        <flowDirection.direction>A01</flowDirection.direction>
        <quantity_Measure_Unit.name>MAW</quantity_Measure_Unit.name>
        <curveType>A01</curveType>
        <Period>
            <timeInterval>
                <start>2023-08-15T10:55Z</start>
                <end>2023-08-15T10:57Z</end>
            </timeInterval>
            <resolution>PT1M</resolution>
            <Point>
                <position>1</position>
                <quantity>12.00</quantity>
            </Point>
            <Point>
                <position>2</position>
                <quantity>17.00</quantity>
            </Point>
        </Period>
    </TimeSeries>
    <TimeSeries>
        <mRID>415</mRID>
        <businessType>B33</businessType>
        <flowDirection.direction>A02</flowDirection.direction>
        <quantity_Measure_Unit.name>MAW</quantity_Measure_Unit.name>
        <curveType>A01</curveType>
        <Period>
            <timeInterval>
                <start>2023-08-15T10:57Z</start>
                <end>2023-08-15T10:59Z</end>
            </timeInterval>
            <resolution>PT1M</resolution>
            <Point>
                <position>1</position>
                <quantity>4.00</quantity>
            </Point>
            <Point>
                <position>2</position>
                <quantity>1.00</quantity>
            </Point>
        </Period>
    </TimeSeries>
    <TimeSeries>
        <mRID>416</mRID>
        <businessType>B33</businessType>
        <flowDirection.direction>A01</flowDirection.direction>
        <quantity_Measure_Unit.name>MAW</quantity_Measure_Unit.name>
        <curveType>A01</curveType>
        <Period>
            <timeInterval>
                <start>2023-08-15T10:59Z</start>
                <end>2023-08-15T11:01Z</end>
            </timeInterval>
            <resolution>PT1M</resolution>
            <Point>
                <position>1</position>
                <quantity>13.00</quantity>
            </Point>
            <Point>
                <position>2</position>
                <quantity>10.00</quantity>
            </Point>
        </Period>
    </TimeSeries>
    <TimeSeries>
        <mRID>417</mRID>
        <businessType>B33</businessType>
        <flowDirection.direction>A02</flowDirection.direction>
        <quantity_Measure_Unit.name>MAW</quantity_Measure_Unit.name>
        <curveType>A01</curveType>
        <Period>
            <timeInterval>
                <start>2023-08-15T11:01Z</start>
                <end>2023-08-15T11:04Z</end>
            </timeInterval>
            <resolution>PT1M</resolution>
            <Point>
                <position>1</position>
                <quantity>16.00</quantity>
            </Point>
            <Point>
                <position>2</position>
                <quantity>2.00</quantity>
            </Point>
            <Point>
                <position>3</position>
                <quantity>1.00</quantity>
            </Point>
        </Period>
    </TimeSeries>
    <TimeSeries>
        <mRID>418</mRID>
        <businessType>B33</businessType>
        <flowDirection.direction>A01</flowDirection.direction>
        <quantity_Measure_Unit.name>MAW</quantity_Measure_Unit.name>
        <curveType>A01</curveType>
        <Period>
            <timeInterval>
                <start>2023-08-15T11:04Z</start>
                <end>2023-08-15T11:05Z</end>
            </timeInterval>
            <resolution>PT1M</resolution>
            <Point>
                <position>1</position>
                <quantity>4.00</quantity>
            </Point>
        </Period>
    </TimeSeries>
    <TimeSeries>
        <mRID>419</mRID>
        <businessType>B33</businessType>
        <flowDirection.direction>A02</flowDirection.direction>
        <quantity_Measure_Unit.name>MAW</quantity_Measure_Unit.name>
        <curveType>A01</curveType>
        <Period>
            <timeInterval>
                <start>2023-08-15T11:05Z</start>
                <end>2023-08-15T11:06Z</end>
            </timeInterval>
            <resolution>PT1M</resolution>
            <Point>
                <position>1</position>
                <quantity>1.00</quantity>
            </Point>
        </Period>
    </TimeSeries>
    <TimeSeries>
        <mRID>420</mRID>
        <businessType>B33</businessType>
        <flowDirection.direction>A01</flowDirection.direction>
        <quantity_Measure_Unit.name>MAW</quantity_Measure_Unit.name>
        <curveType>A01</curveType>
        <Period>
            <timeInterval>
                <start>2023-08-15T11:06Z</start>
                <end>2023-08-15T11:08Z</end>
            </timeInterval>
            <resolution>PT1M</resolution>
            <Point>
                <position>1</position>
                <quantity>22.00</quantity>
            </Point>
            <Point>
                <position>2</position>
                <quantity>1.00</quantity>
            </Point>
        </Period>
    </TimeSeries>
    <TimeSeries>
        <mRID>421</mRID>
        <businessType>B33</businessType>
        <flowDirection.direction>A02</flowDirection.direction>
        <quantity_Measure_Unit.name>MAW</quantity_Measure_Unit.name>
        <curveType>A01</curveType>
        <Period>
            <timeInterval>
                <start>2023-08-15T11:08Z</start>
                <end>2023-08-15T11:10Z</end>
            </timeInterval>
            <resolution>PT1M</resolution>
            <Point>
                <position>1</position>
                <quantity>3.00</quantity>
            </Point>
            <Point>
                <position>2</position>
                <quantity>15.00</quantity>
            </Point>
        </Period>
    </TimeSeries>
    <TimeSeries>
        <mRID>422</mRID>
        <businessType>B33</businessType>
        <flowDirection.direction>A01</flowDirection.direction>
        <quantity_Measure_Unit.name>MAW</quantity_Measure_Unit.name>
        <curveType>A01</curveType>
        <Period>
            <timeInterval>
                <start>2023-08-15T11:10Z</start>
                <end>2023-08-15T11:11Z</end>
            </timeInterval>
            <resolution>PT1M</resolution>
            <Point>
                <position>1</position>
                <quantity>12.00</quantity>
            </Point>
        </Period>
    </TimeSeries>
    <TimeSeries>
        <mRID>423</mRID>
        <businessType>B33</businessType>
        <flowDirection.direction>A02</flowDirection.direction>
        <quantity_Measure_Unit.name>MAW</quantity_Measure_Unit.name>
        <curveType>A01</curveType>
        <Period>
            <timeInterval>
                <start>2023-08-15T11:11Z</start>
                <end>2023-08-15T11:12Z</end>
            </timeInterval>
            <resolution>PT1M</resolution>
            <Point>
                <position>1</position>
                <quantity>10.00</quantity>
            </Point>
        </Period>
    </TimeSeries>
    <TimeSeries>
        <mRID>424</mRID>
        <businessType>B33</businessType>
        <flowDirection.direction>A01</flowDirection.direction>
        <quantity_Measure_Unit.name>MAW</quantity_Measure_Unit.name>
        <curveType>A01</curveType>
        <Period>
            <timeInterval>
                <start>2023-08-15T11:12Z</start>
                <end>2023-08-15T11:13Z</end>
            </timeInterval>
            <resolution>PT1M</resolution>
            <Point>
                <position>1</position>
                <quantity>9.00</quantity>
            </Point>
        </Period>
    </TimeSeries>
    <TimeSeries>
        <mRID>425</mRID>
        <businessType>B33</businessType>
        <flowDirection.direction>A02</flowDirection.direction>
        <quantity_Measure_Unit.name>MAW</quantity_Measure_Unit.name>
        <curveType>A01</curveType>
        <Period>
            <timeInterval>
                <start>2023-08-15T11:13Z</start>
                <end>2023-08-15T11:14Z</end>
            </timeInterval>
            <resolution>PT1M</resolution>
            <Point>
                <position>1</position>
                <quantity>14.00</quantity>
            </Point>
        </Period>
    </TimeSeries>
    <TimeSeries>
        <mRID>426</mRID>
        <businessType>B33</businessType>
        <flowDirection.direction>A03</flowDirection.direction>
        <quantity_Measure_Unit.name>MAW</quantity_Measure_Unit.name>
        <curveType>A01</curveType>
        <Period>
            <timeInterval>
                <start>2023-08-15T11:14Z</start>
                <end>2023-08-15T11:15Z</end>
            </timeInterval>
            <resolution>PT1M</resolution>
            <Point>
                <position>1</position>
                <quantity>0.00</quantity>
            </Point>
        </Period>
    </TimeSeries>
    <TimeSeries>
        <mRID>427</mRID>
        <businessType>B33</businessType>
        <flowDirection.direction>A01</flowDirection.direction>
        <quantity_Measure_Unit.name>MAW</quantity_Measure_Unit.name>
        <curveType>A01</curveType>
        <Period>
            <timeInterval>
                <start>2023-08-15T11:15Z</start>
                <end>2023-08-15T11:16Z</end>
            </timeInterval>
            <resolution>PT1M</resolution>
            <Point>
                <position>1</position>
                <quantity>19.00</quantity>
            </Point>
        </Period>
    </TimeSeries>
    <TimeSeries>
        <mRID>428</mRID>
        <businessType>B33</businessType>
        <flowDirection.direction>A02</flowDirection.direction>
        <quantity_Measure_Unit.name>MAW</quantity_Measure_Unit.name>
        <curveType>A01</curveType>
        <Period>
            <timeInterval>
                <start>2023-08-15T11:16Z</start>
                <end>2023-08-15T11:20Z</end>
            </timeInterval>
            <resolution>PT1M</resolution>
            <Point>
                <position>1</position>
                <quantity>4.00</quantity>
            </Point>
            <Point>
                <position>2</position>
                <quantity>3.00</quantity>
            </Point>
            <Point>
                <position>3</position>
                <quantity>10.00</quantity>
            </Point>
            <Point>
                <position>4</position>
                <quantity>2.00</quantity>
            </Point>
        </Period>
    </TimeSeries>
    <TimeSeries>
        <mRID>429</mRID>
        <businessType>B33</businessType>
        <flowDirection.direction>A01</flowDirection.direction>
        <quantity_Measure_Unit.name>MAW</quantity_Measure_Unit.name>
        <curveType>A01</curveType>
        <Period>
            <timeInterval>
                <start>2023-08-15T11:20Z</start>
                <end>2023-08-15T11:21Z</end>
            </timeInterval>
            <resolution>PT1M</resolution>
            <Point>
                <position>1</position>
                <quantity>9.00</quantity>
            </Point>
        </Period>
    </TimeSeries>
    <TimeSeries>
        <mRID>430</mRID>
        <businessType>B33</businessType>
        <flowDirection.direction>A02</flowDirection.direction>
        <quantity_Measure_Unit.name>MAW</quantity_Measure_Unit.name>
        <curveType>A01</curveType>
        <Period>
            <timeInterval>
                <start>2023-08-15T11:21Z</start>
                <end>2023-08-15T11:22Z</end>
            </timeInterval>
            <resolution>PT1M</resolution>
            <Point>
                <position>1</position>
                <quantity>16.00</quantity>
            </Point>
        </Period>
    </TimeSeries>
    <TimeSeries>
        <mRID>431</mRID>
        <businessType>B33</businessType>
        <flowDirection.direction>A01</flowDirection.direction>
        <quantity_Measure_Unit.name>MAW</quantity_Measure_Unit.name>
        <curveType>A01</curveType>
        <Period>
            <timeInterval>
                <start>2023-08-15T11:22Z</start>
                <end>2023-08-15T11:23Z</end>
            </timeInterval>
            <resolution>PT1M</resolution>
            <Point>
                <position>1</position>
                <quantity>1.00</quantity>
            </Point>
        </Period>
    </TimeSeries>
    <TimeSeries>
        <mRID>432</mRID>
        <businessType>B33</businessType>
        <flowDirection.direction>A02</flowDirection.direction>
        <quantity_Measure_Unit.name>MAW</quantity_Measure_Unit.name>
        <curveType>A01</curveType>
        <Period>
            <timeInterval>
                <start>2023-08-15T11:23Z</start>
                <end>2023-08-15T11:24Z</end>
            </timeInterval>
            <resolution>PT1M</resolution>
            <Point>
                <position>1</position>
                <quantity>5.00</quantity>
            </Point>
        </Period>
    </TimeSeries>
    <TimeSeries>
        <mRID>433</mRID>
        <businessType>B33</businessType>
        <flowDirection.direction>A01</flowDirection.direction>
        <quantity_Measure_Unit.name>MAW</quantity_Measure_Unit.name>
        <curveType>A01</curveType>
        <Period>
            <timeInterval>
                <start>2023-08-15T11:24Z</start>
                <end>2023-08-15T11:25Z</end>
            </timeInterval>
            <resolution>PT1M</resolution>
            <Point>
                <position>1</position>
                <quantity>3.00</quantity>
            </Point>
        </Period>
    </TimeSeries>
    <TimeSeries>
        <mRID>434</mRID>
        <businessType>B33</businessType>
        <flowDirection.direction>A02</flowDirection.direction>
        <quantity_Measure_Unit.name>MAW</quantity_Measure_Unit.name>
        <curveType>A01</curveType>
        <Period>
            <timeInterval>
                <start>2023-08-15T11:25Z</start>
                <end>2023-08-15T11:30Z</end>
            </timeInterval>
            <resolution>PT1M</resolution>
            <Point>
                <position>1</position>
                <quantity>23.00</quantity>
            </Point>
            <Point>
                <position>2</position>
                <quantity>5.00</quantity>
            </Point>
            <Point>
                <position>3</position>
                <quantity>28.00</quantity>
            </Point>
            <Point>
                <position>4</position>
                <quantity>31.00</quantity>
            </Point>
            <Point>
                <position>5</position>
                <quantity>7.00</quantity>
            </Point>
        </Period>
    </TimeSeries>
    <TimeSeries>
        <mRID>435</mRID>
        <businessType>B33</businessType>
        <flowDirection.direction>A01</flowDirection.direction>
        <quantity_Measure_Unit.name>MAW</quantity_Measure_Unit.name>
        <curveType>A01</curveType>
        <Period>
            <timeInterval>
                <start>2023-08-15T11:30Z</start>
                <end>2023-08-15T11:34Z</end>
            </timeInterval>
            <resolution>PT1M</resolution>
            <Point>
                <position>1</position>
                <quantity>26.00</quantity>
            </Point>
            <Point>
                <position>2</position>
                <quantity>21.00</quantity>
            </Point>
            <Point>
                <position>3</position>
                <quantity>10.00</quantity>
            </Point>
            <Point>
                <position>4</position>
                <quantity>12.00</quantity>
            </Point>
        </Period>
    </TimeSeries>
    <TimeSeries>
        <mRID>436</mRID>
        <businessType>B33</businessType>
        <flowDirection.direction>A02</flowDirection.direction>
        <quantity_Measure_Unit.name>MAW</quantity_Measure_Unit.name>
        <curveType>A01</curveType>
        <Period>
            <timeInterval>
                <start>2023-08-15T11:34Z</start>
                <end>2023-08-15T11:35Z</end>
            </timeInterval>
            <resolution>PT1M</resolution>
            <Point>
                <position>1</position>
                <quantity>3.00</quantity>
            </Point>
        </Period>
    </TimeSeries>
    <TimeSeries>
        <mRID>437</mRID>
        <businessType>B33</businessType>
        <flowDirection.direction>A01</flowDirection.direction>
        <quantity_Measure_Unit.name>MAW</quantity_Measure_Unit.name>
        <curveType>A01</curveType>
        <Period>
            <timeInterval>
                <start>2023-08-15T11:35Z</start>
                <end>2023-08-15T11:38Z</end>
            </timeInterval>
            <resolution>PT1M</resolution>
            <Point>
                <position>1</position>
                <quantity>4.00</quantity>
            </Point>
            <Point>
                <position>2</position>
                <quantity>19.00</quantity>
            </Point>
            <Point>
                <position>3</position>
                <quantity>12.00</quantity>
            </Point>
        </Period>
    </TimeSeries>
    <TimeSeries>
        <mRID>438</mRID>
        <businessType>B33</businessType>
        <flowDirection.direction>A02</flowDirection.direction>
        <quantity_Measure_Unit.name>MAW</quantity_Measure_Unit.name>
        <curveType>A01</curveType>
        <Period>
            <timeInterval>
                <start>2023-08-15T11:38Z</start>
                <end>2023-08-15T11:43Z</end>
            </timeInterval>
            <resolution>PT1M</resolution>
            <Point>
                <position>1</position>
                <quantity>4.00</quantity>
            </Point>
            <Point>
                <position>2</position>
                <quantity>9.00</quantity>
            </Point>
            <Point>
                <position>3</position>
                <quantity>1.00</quantity>
            </Point>
            <Point>
                <position>4</position>
                <quantity>4.00</quantity>
            </Point>
            <Point>
                <position>5</position>
                <quantity>30.00</quantity>
            </Point>
        </Period>
    </TimeSeries>
    <TimeSeries>
        <mRID>439</mRID>
        <businessType>B33</businessType>
        <flowDirection.direction>A01</flowDirection.direction>
        <quantity_Measure_Unit.name>MAW</quantity_Measure_Unit.name>
        <curveType>A01</curveType>
        <Period>
            <timeInterval>
                <start>2023-08-15T11:43Z</start>
                <end>2023-08-15T11:44Z</end>
            </timeInterval>
            <resolution>PT1M</resolution>
            <Point>
                <position>1</position>
                <quantity>11.00</quantity>
            </Point>
        </Period>
    </TimeSeries>
    <TimeSeries>
        <mRID>440</mRID>
        <businessType>B33</businessType>
        <flowDirection.direction>A02</flowDirection.direction>
        <quantity_Measure_Unit.name>MAW</quantity_Measure_Unit.name>
        <curveType>A01</curveType>
        <Period>
            <timeInterval>
                <start>2023-08-15T11:44Z</start>
                <end>2023-08-15T11:45Z</end>
            </timeInterval>
            <resolution>PT1M</resolution>
            <Point>
                <position>1</position>
                <quantity>7.00</quantity>
            </Point>
        </Period>
    </TimeSeries>
    <TimeSeries>
        <mRID>441</mRID>
        <businessType>B33</businessType>
        <flowDirection.direction>A01</flowDirection.direction>
        <quantity_Measure_Unit.name>MAW</quantity_Measure_Unit.name>
        <curveType>A01</curveType>
        <Period>
            <timeInterval>
                <start>2023-08-15T11:45Z</start>
                <end>2023-08-15T11:47Z</end>
            </timeInterval>
            <resolution>PT1M</resolution>
            <Point>
                <position>1</position>
                <quantity>2.00</quantity>
            </Point>
            <Point>
                <position>2</position>
                <quantity>17.00</quantity>
            </Point>
        </Period>
    </TimeSeries>
    <TimeSeries>
        <mRID>442</mRID>
        <businessType>B33</businessType>
        <flowDirection.direction>A02</flowDirection.direction>
        <quantity_Measure_Unit.name>MAW</quantity_Measure_Unit.name>
        <curveType>A01</curveType>
        <Period>
            <timeInterval>
                <start>2023-08-15T11:47Z</start>
                <end>2023-08-15T11:51Z</end>
            </timeInterval>
            <resolution>PT1M</resolution>
            <Point>
                <position>1</position>
                <quantity>3.00</quantity>
            </Point>
            <Point>
                <position>2</position>
                <quantity>24.00</quantity>
            </Point>
            <Point>
                <position>3</position>
                <quantity>30.00</quantity>
            </Point>
            <Point>
                <position>4</position>
                <quantity>3.00</quantity>
            </Point>
        </Period>
    </TimeSeries>
    <TimeSeries>
        <mRID>443</mRID>
        <businessType>B33</businessType>
        <flowDirection.direction>A01</flowDirection.direction>
        <quantity_Measure_Unit.name>MAW</quantity_Measure_Unit.name>
        <curveType>A01</curveType>
        <Period>
            <timeInterval>
                <start>2023-08-15T11:51Z</start>
                <end>2023-08-15T11:54Z</end>
            </timeInterval>
            <resolution>PT1M</resolution>
            <Point>
                <position>1</position>
                <quantity>24.00</quantity>
            </Point>
            <Point>
                <position>2</position>
                <quantity>33.00</quantity>
            </Point>
            <Point>
                <position>3</position>
                <quantity>3.00</quantity>
            </Point>
        </Period>
    </TimeSeries>
    <TimeSeries>
        <mRID>444</mRID>
        <businessType>B33</businessType>
        <flowDirection.direction>A02</flowDirection.direction>
        <quantity_Measure_Unit.name>MAW</quantity_Measure_Unit.name>
        <curveType>A01</curveType>
        <Period>
            <timeInterval>
                <start>2023-08-15T11:54Z</start>
                <end>2023-08-15T11:56Z</end>
            </timeInterval>
            <resolution>PT1M</resolution>
            <Point>
                <position>1</position>
                <quantity>10.00</quantity>
            </Point>
            <Point>
                <position>2</position>
                <quantity>6.00</quantity>
            </Point>
        </Period>
    </TimeSeries>
    <TimeSeries>
        <mRID>445</mRID>
        <businessType>B33</businessType>
        <flowDirection.direction>A01</flowDirection.direction>
        <quantity_Measure_Unit.name>MAW</quantity_Measure_Unit.name>
        <curveType>A01</curveType>
        <Period>
            <timeInterval>
                <start>2023-08-15T11:56Z</start>
                <end>2023-08-15T11:58Z</end>
            </timeInterval>
            <resolution>PT1M</resolution>
            <Point>
                <position>1</position>
                <quantity>25.00</quantity>
            </Point>
            <Point>
                <position>2</position>
                <quantity>1.00</quantity>
            </Point>
        </Period>
    </TimeSeries>
    <TimeSeries>
        <mRID>446</mRID>
        <businessType>B33</businessType>
        <flowDirection.direction>A02</flowDirection.direction>
        <quantity_Measure_Unit.name>MAW</quantity_Measure_Unit.name>
        <curveType>A01</curveType>
        <Period>
            <timeInterval>
                <start>2023-08-15T11:58Z</start>
                <end>2023-08-15T11:59Z</end>
            </timeInterval>
            <resolution>PT1M</resolution>
            <Point>
                <position>1</position>
                <quantity>33.00</quantity>
            </Point>
        </Period>
    </TimeSeries>
    <TimeSeries>
        <mRID>447</mRID>
        <businessType>B33</businessType>
        <flowDirection.direction>A01</flowDirection.direction>
        <quantity_Measure_Unit.name>MAW</quantity_Measure_Unit.name>
        <curveType>A01</curveType>
        <Period>
            <timeInterval>
                <start>2023-08-15T11:59Z</start>
                <end>2023-08-15T12:00Z</end>
            </timeInterval>
            <resolution>PT1M</resolution>
            <Point>
                <position>1</position>
                <quantity>13.00</quantity>
            </Point>
        </Period>
    </TimeSeries>
    <TimeSeries>
        <mRID>448</mRID>
        <businessType>B33</businessType>
        <flowDirection.direction>A02</flowDirection.direction>
        <quantity_Measure_Unit.name>MAW</quantity_Measure_Unit.name>
        <curveType>A01</curveType>
        <Period>
            <timeInterval>
                <start>2023-08-15T12:00Z</start>
                <end>2023-08-15T12:04Z</end>
            </timeInterval>
            <resolution>PT1M</resolution>
            <Point>
                <position>1</position>
                <quantity>5.00</quantity>
            </Point>
            <Point>
                <position>2</position>
                <quantity>24.00</quantity>
            </Point>
            <Point>
                <position>3</position>
                <quantity>3.00</quantity>
            </Point>
            <Point>
                <position>4</position>
                <quantity>16.00</quantity>
            </Point>
        </Period>
    </TimeSeries>
    <TimeSeries>
        <mRID>449</mRID>
        <businessType>B33</businessType>
        <flowDirection.direction>A01</flowDirection.direction>
        <quantity_Measure_Unit.name>MAW</quantity_Measure_Unit.name>
        <curveType>A01</curveType>
        <Period>
            <timeInterval>
                <start>2023-08-15T12:04Z</start>
                <end>2023-08-15T12:09Z</end>
            </timeInterval>
            <resolution>PT1M</resolution>
            <Point>
                <position>1</position>
                <quantity>3.00</quantity>
            </Point>
            <Point>
                <position>2</position>
                <quantity>30.00</quantity>
            </Point>
            <Point>
                <position>3</position>
                <quantity>45.00</quantity>
            </Point>
            <Point>
                <position>4</position>
                <quantity>21.00</quantity>
            </Point>
            <Point>
                <position>5</position>
                <quantity>13.00</quantity>
            </Point>
        </Period>
    </TimeSeries>
    <TimeSeries>
        <mRID>450</mRID>
        <businessType>B33</businessType>
        <flowDirection.direction>A02</flowDirection.direction>
        <quantity_Measure_Unit.name>MAW</quantity_Measure_Unit.name>
        <curveType>A01</curveType>
        <Period>
            <timeInterval>
                <start>2023-08-15T12:09Z</start>
                <end>2023-08-15T12:12Z</end>
            </timeInterval>
            <resolution>PT1M</resolution>
            <Point>
                <position>1</position>
                <quantity>6.00</quantity>
            </Point>
            <Point>
                <position>2</position>
                <quantity>9.00</quantity>
            </Point>
            <Point>
                <position>3</position>
                <quantity>13.00</quantity>
            </Point>
        </Period>
    </TimeSeries>
    <TimeSeries>
        <mRID>451</mRID>
        <businessType>B33</businessType>
        <flowDirection.direction>A01</flowDirection.direction>
        <quantity_Measure_Unit.name>MAW</quantity_Measure_Unit.name>
        <curveType>A01</curveType>
        <Period>
            <timeInterval>
                <start>2023-08-15T12:12Z</start>
                <end>2023-08-15T12:15Z</end>
            </timeInterval>
            <resolution>PT1M</resolution>
            <Point>
                <position>1</position>
                <quantity>2.00</quantity>
            </Point>
            <Point>
                <position>2</position>
                <quantity>4.00</quantity>
            </Point>
            <Point>
                <position>3</position>
                <quantity>3.00</quantity>
            </Point>
        </Period>
    </TimeSeries>
    <TimeSeries>
        <mRID>452</mRID>
        <businessType>B33</businessType>
        <flowDirection.direction>A02</flowDirection.direction>
        <quantity_Measure_Unit.name>MAW</quantity_Measure_Unit.name>
        <curveType>A01</curveType>
        <Period>
            <timeInterval>
                <start>2023-08-15T12:15Z</start>
                <end>2023-08-15T12:17Z</end>
            </timeInterval>
            <resolution>PT1M</resolution>
            <Point>
                <position>1</position>
                <quantity>3.00</quantity>
            </Point>
            <Point>
                <position>2</position>
                <quantity>7.00</quantity>
            </Point>
        </Period>
    </TimeSeries>
    <TimeSeries>
        <mRID>453</mRID>
        <businessType>B33</businessType>
        <flowDirection.direction>A01</flowDirection.direction>
        <quantity_Measure_Unit.name>MAW</quantity_Measure_Unit.name>
        <curveType>A01</curveType>
        <Period>
            <timeInterval>
                <start>2023-08-15T12:17Z</start>
                <end>2023-08-15T12:21Z</end>
            </timeInterval>
            <resolution>PT1M</resolution>
            <Point>
                <position>1</position>
                <quantity>1.00</quantity>
            </Point>
            <Point>
                <position>2</position>
                <quantity>4.00</quantity>
            </Point>
            <Point>
                <position>3</position>
                <quantity>2.00</quantity>
            </Point>
            <Point>
                <position>4</position>
                <quantity>6.00</quantity>
            </Point>
        </Period>
    </TimeSeries>
    <TimeSeries>
        <mRID>454</mRID>
        <businessType>B33</businessType>
        <flowDirection.direction>A02</flowDirection.direction>
        <quantity_Measure_Unit.name>MAW</quantity_Measure_Unit.name>
        <curveType>A01</curveType>
        <Period>
            <timeInterval>
                <start>2023-08-15T12:21Z</start>
                <end>2023-08-15T12:22Z</end>
            </timeInterval>
            <resolution>PT1M</resolution>
            <Point>
                <position>1</position>
                <quantity>7.00</quantity>
            </Point>
        </Period>
    </TimeSeries>
    <TimeSeries>
        <mRID>455</mRID>
        <businessType>B33</businessType>
        <flowDirection.direction>A01</flowDirection.direction>
        <quantity_Measure_Unit.name>MAW</quantity_Measure_Unit.name>
        <curveType>A01</curveType>
        <Period>
            <timeInterval>
                <start>2023-08-15T12:22Z</start>
                <end>2023-08-15T12:23Z</end>
            </timeInterval>
            <resolution>PT1M</resolution>
            <Point>
                <position>1</position>
                <quantity>5.00</quantity>
            </Point>
        </Period>
    </TimeSeries>
    <TimeSeries>
        <mRID>456</mRID>
        <businessType>B33</businessType>
        <flowDirection.direction>A02</flowDirection.direction>
        <quantity_Measure_Unit.name>MAW</quantity_Measure_Unit.name>
        <curveType>A01</curveType>
        <Period>
            <timeInterval>
                <start>2023-08-15T12:23Z</start>
                <end>2023-08-15T12:25Z</end>
            </timeInterval>
            <resolution>PT1M</resolution>
            <Point>
                <position>1</position>
                <quantity>7.00</quantity>
            </Point>
            <Point>
                <position>2</position>
                <quantity>6.00</quantity>
            </Point>
        </Period>
    </TimeSeries>
    <TimeSeries>
        <mRID>457</mRID>
        <businessType>B33</businessType>
        <flowDirection.direction>A01</flowDirection.direction>
        <quantity_Measure_Unit.name>MAW</quantity_Measure_Unit.name>
        <curveType>A01</curveType>
        <Period>
            <timeInterval>
                <start>2023-08-15T12:25Z</start>
                <end>2023-08-15T12:26Z</end>
            </timeInterval>
            <resolution>PT1M</resolution>
            <Point>
                <position>1</position>
                <quantity>5.00</quantity>
            </Point>
        </Period>
    </TimeSeries>
    <TimeSeries>
        <mRID>458</mRID>
        <businessType>B33</businessType>
        <flowDirection.direction>A03</flowDirection.direction>
        <quantity_Measure_Unit.name>MAW</quantity_Measure_Unit.name>
        <curveType>A01</curveType>
        <Period>
            <timeInterval>
                <start>2023-08-15T12:26Z</start>
                <end>2023-08-15T12:27Z</end>
            </timeInterval>
            <resolution>PT1M</resolution>
            <Point>
                <position>1</position>
                <quantity>0.00</quantity>
            </Point>
        </Period>
    </TimeSeries>
    <TimeSeries>
        <mRID>459</mRID>
        <businessType>B33</businessType>
        <flowDirection.direction>A01</flowDirection.direction>
        <quantity_Measure_Unit.name>MAW</quantity_Measure_Unit.name>
        <curveType>A01</curveType>
        <Period>
            <timeInterval>
                <start>2023-08-15T12:27Z</start>
                <end>2023-08-15T12:31Z</end>
            </timeInterval>
            <resolution>PT1M</resolution>
            <Point>
                <position>1</position>
                <quantity>4.00</quantity>
            </Point>
            <Point>
                <position>2</position>
                <quantity>4.00</quantity>
            </Point>
            <Point>
                <position>3</position>
                <quantity>1.00</quantity>
            </Point>
            <Point>
                <position>4</position>
                <quantity>4.00</quantity>
            </Point>
        </Period>
    </TimeSeries>
    <TimeSeries>
        <mRID>460</mRID>
        <businessType>B33</businessType>
        <flowDirection.direction>A02</flowDirection.direction>
        <quantity_Measure_Unit.name>MAW</quantity_Measure_Unit.name>
        <curveType>A01</curveType>
        <Period>
            <timeInterval>
                <start>2023-08-15T12:31Z</start>
                <end>2023-08-15T12:35Z</end>
            </timeInterval>
            <resolution>PT1M</resolution>
            <Point>
                <position>1</position>
                <quantity>3.00</quantity>
            </Point>
            <Point>
                <position>2</position>
                <quantity>18.00</quantity>
            </Point>
            <Point>
                <position>3</position>
                <quantity>10.00</quantity>
            </Point>
            <Point>
                <position>4</position>
                <quantity>3.00</quantity>
            </Point>
        </Period>
    </TimeSeries>
    <TimeSeries>
        <mRID>461</mRID>
        <businessType>B33</businessType>
        <flowDirection.direction>A01</flowDirection.direction>
        <quantity_Measure_Unit.name>MAW</quantity_Measure_Unit.name>
        <curveType>A01</curveType>
        <Period>
            <timeInterval>
                <start>2023-08-15T12:35Z</start>
                <end>2023-08-15T12:36Z</end>
            </timeInterval>
            <resolution>PT1M</resolution>
            <Point>
                <position>1</position>
                <quantity>17.00</quantity>
            </Point>
        </Period>
    </TimeSeries>
    <TimeSeries>
        <mRID>462</mRID>
        <businessType>B33</businessType>
        <flowDirection.direction>A02</flowDirection.direction>
        <quantity_Measure_Unit.name>MAW</quantity_Measure_Unit.name>
        <curveType>A01</curveType>
        <Period>
            <timeInterval>
                <start>2023-08-15T12:36Z</start>
                <end>2023-08-15T12:37Z</end>
            </timeInterval>
            <resolution>PT1M</resolution>
            <Point>
                <position>1</position>
                <quantity>11.00</quantity>
            </Point>
        </Period>
    </TimeSeries>
    <TimeSeries>
        <mRID>463</mRID>
        <businessType>B33</businessType>
        <flowDirection.direction>A03</flowDirection.direction>
        <quantity_Measure_Unit.name>MAW</quantity_Measure_Unit.name>
        <curveType>A01</curveType>
        <Period>
            <timeInterval>
                <start>2023-08-15T12:37Z</start>
                <end>2023-08-15T12:38Z</end>
            </timeInterval>
            <resolution>PT1M</resolution>
            <Point>
                <position>1</position>
                <quantity>0.00</quantity>
            </Point>
        </Period>
    </TimeSeries>
    <TimeSeries>
        <mRID>464</mRID>
        <businessType>B33</businessType>
        <flowDirection.direction>A01</flowDirection.direction>
        <quantity_Measure_Unit.name>MAW</quantity_Measure_Unit.name>
        <curveType>A01</curveType>
        <Period>
            <timeInterval>
                <start>2023-08-15T12:38Z</start>
                <end>2023-08-15T12:39Z</end>
            </timeInterval>
            <resolution>PT1M</resolution>
            <Point>
                <position>1</position>
                <quantity>8.00</quantity>
            </Point>
        </Period>
    </TimeSeries>
    <TimeSeries>
        <mRID>465</mRID>
        <businessType>B33</businessType>
        <flowDirection.direction>A02</flowDirection.direction>
        <quantity_Measure_Unit.name>MAW</quantity_Measure_Unit.name>
        <curveType>A01</curveType>
        <Period>
            <timeInterval>
                <start>2023-08-15T12:39Z</start>
                <end>2023-08-15T12:41Z</end>
            </timeInterval>
            <resolution>PT1M</resolution>
            <Point>
                <position>1</position>
                <quantity>7.00</quantity>
            </Point>
            <Point>
                <position>2</position>
                <quantity>39.00</quantity>
            </Point>
        </Period>
    </TimeSeries>
    <TimeSeries>
        <mRID>466</mRID>
        <businessType>B33</businessType>
        <flowDirection.direction>A01</flowDirection.direction>
        <quantity_Measure_Unit.name>MAW</quantity_Measure_Unit.name>
        <curveType>A01</curveType>
        <Period>
            <timeInterval>
                <start>2023-08-15T12:41Z</start>
                <end>2023-08-15T12:44Z</end>
            </timeInterval>
            <resolution>PT1M</resolution>
            <Point>
                <position>1</position>
                <quantity>31.00</quantity>
            </Point>
            <Point>
                <position>2</position>
                <quantity>10.00</quantity>
            </Point>
            <Point>
                <position>3</position>
                <quantity>22.00</quantity>
            </Point>
        </Period>
    </TimeSeries>
    <TimeSeries>
        <mRID>467</mRID>
        <businessType>B33</businessType>
        <flowDirection.direction>A02</flowDirection.direction>
        <quantity_Measure_Unit.name>MAW</quantity_Measure_Unit.name>
        <curveType>A01</curveType>
        <Period>
            <timeInterval>
                <start>2023-08-15T12:44Z</start>
                <end>2023-08-15T12:45Z</end>
            </timeInterval>
            <resolution>PT1M</resolution>
            <Point>
                <position>1</position>
                <quantity>11.00</quantity>
            </Point>
        </Period>
    </TimeSeries>
    <TimeSeries>
        <mRID>468</mRID>
        <businessType>B33</businessType>
        <flowDirection.direction>A01</flowDirection.direction>
        <quantity_Measure_Unit.name>MAW</quantity_Measure_Unit.name>
        <curveType>A01</curveType>
        <Period>
            <timeInterval>
                <start>2023-08-15T12:45Z</start>
                <end>2023-08-15T12:47Z</end>
            </timeInterval>
            <resolution>PT1M</resolution>
            <Point>
                <position>1</position>
                <quantity>12.00</quantity>
            </Point>
            <Point>
                <position>2</position>
                <quantity>8.00</quantity>
            </Point>
        </Period>
    </TimeSeries>
    <TimeSeries>
        <mRID>469</mRID>
        <businessType>B33</businessType>
        <flowDirection.direction>A02</flowDirection.direction>
        <quantity_Measure_Unit.name>MAW</quantity_Measure_Unit.name>
        <curveType>A01</curveType>
        <Period>
            <timeInterval>
                <start>2023-08-15T12:47Z</start>
                <end>2023-08-15T12:48Z</end>
            </timeInterval>
            <resolution>PT1M</resolution>
            <Point>
                <position>1</position>
                <quantity>15.00</quantity>
            </Point>
        </Period>
    </TimeSeries>
    <TimeSeries>
        <mRID>470</mRID>
        <businessType>B33</businessType>
        <flowDirection.direction>A01</flowDirection.direction>
        <quantity_Measure_Unit.name>MAW</quantity_Measure_Unit.name>
        <curveType>A01</curveType>
        <Period>
            <timeInterval>
                <start>2023-08-15T12:48Z</start>
                <end>2023-08-15T12:50Z</end>
            </timeInterval>
            <resolution>PT1M</resolution>
            <Point>
                <position>1</position>
                <quantity>8.00</quantity>
            </Point>
            <Point>
                <position>2</position>
                <quantity>12.00</quantity>
            </Point>
        </Period>
    </TimeSeries>
    <TimeSeries>
        <mRID>471</mRID>
        <businessType>B33</businessType>
        <flowDirection.direction>A02</flowDirection.direction>
        <quantity_Measure_Unit.name>MAW</quantity_Measure_Unit.name>
        <curveType>A01</curveType>
        <Period>
            <timeInterval>
                <start>2023-08-15T12:50Z</start>
                <end>2023-08-15T12:56Z</end>
            </timeInterval>
            <resolution>PT1M</resolution>
            <Point>
                <position>1</position>
                <quantity>4.00</quantity>
            </Point>
            <Point>
                <position>2</position>
                <quantity>3.00</quantity>
            </Point>
            <Point>
                <position>3</position>
                <quantity>8.00</quantity>
            </Point>
            <Point>
                <position>4</position>
                <quantity>5.00</quantity>
            </Point>
            <Point>
                <position>5</position>
                <quantity>12.00</quantity>
            </Point>
            <Point>
                <position>6</position>
                <quantity>4.00</quantity>
            </Point>
        </Period>
    </TimeSeries>
    <TimeSeries>
        <mRID>472</mRID>
        <businessType>B33</businessType>
        <flowDirection.direction>A01</flowDirection.direction>
        <quantity_Measure_Unit.name>MAW</quantity_Measure_Unit.name>
        <curveType>A01</curveType>
        <Period>
            <timeInterval>
                <start>2023-08-15T12:56Z</start>
                <end>2023-08-15T12:57Z</end>
            </timeInterval>
            <resolution>PT1M</resolution>
            <Point>
                <position>1</position>
                <quantity>9.00</quantity>
            </Point>
        </Period>
    </TimeSeries>
    <TimeSeries>
        <mRID>473</mRID>
        <businessType>B33</businessType>
        <flowDirection.direction>A02</flowDirection.direction>
        <quantity_Measure_Unit.name>MAW</quantity_Measure_Unit.name>
        <curveType>A01</curveType>
        <Period>
            <timeInterval>
                <start>2023-08-15T12:57Z</start>
                <end>2023-08-15T12:59Z</end>
            </timeInterval>
            <resolution>PT1M</resolution>
            <Point>
                <position>1</position>
                <quantity>27.00</quantity>
            </Point>
            <Point>
                <position>2</position>
                <quantity>30.00</quantity>
            </Point>
        </Period>
    </TimeSeries>
    <TimeSeries>
        <mRID>474</mRID>
        <businessType>B33</businessType>
        <flowDirection.direction>A01</flowDirection.direction>
        <quantity_Measure_Unit.name>MAW</quantity_Measure_Unit.name>
        <curveType>A01</curveType>
        <Period>
            <timeInterval>
                <start>2023-08-15T12:59Z</start>
                <end>2023-08-15T13:05Z</end>
            </timeInterval>
            <resolution>PT1M</resolution>
            <Point>
                <position>1</position>
                <quantity>9.00</quantity>
            </Point>
            <Point>
                <position>2</position>
                <quantity>45.00</quantity>
            </Point>
            <Point>
                <position>3</position>
                <quantity>20.00</quantity>
            </Point>
            <Point>
                <position>4</position>
                <quantity>10.00</quantity>
            </Point>
            <Point>
                <position>5</position>
                <quantity>10.00</quantity>
            </Point>
            <Point>
                <position>6</position>
                <quantity>10.00</quantity>
            </Point>
        </Period>
    </TimeSeries>
    <TimeSeries>
        <mRID>475</mRID>
        <businessType>B33</businessType>
        <flowDirection.direction>A02</flowDirection.direction>
        <quantity_Measure_Unit.name>MAW</quantity_Measure_Unit.name>
        <curveType>A01</curveType>
        <Period>
            <timeInterval>
                <start>2023-08-15T13:05Z</start>
                <end>2023-08-15T13:08Z</end>
            </timeInterval>
            <resolution>PT1M</resolution>
            <Point>
                <position>1</position>
                <quantity>14.00</quantity>
            </Point>
            <Point>
                <position>2</position>
                <quantity>3.00</quantity>
            </Point>
            <Point>
                <position>3</position>
                <quantity>24.00</quantity>
            </Point>
        </Period>
    </TimeSeries>
    <TimeSeries>
        <mRID>476</mRID>
        <businessType>B33</businessType>
        <flowDirection.direction>A01</flowDirection.direction>
        <quantity_Measure_Unit.name>MAW</quantity_Measure_Unit.name>
        <curveType>A01</curveType>
        <Period>
            <timeInterval>
                <start>2023-08-15T13:08Z</start>
                <end>2023-08-15T13:09Z</end>
            </timeInterval>
            <resolution>PT1M</resolution>
            <Point>
                <position>1</position>
                <quantity>16.00</quantity>
            </Point>
        </Period>
    </TimeSeries>
    <TimeSeries>
        <mRID>477</mRID>
        <businessType>B33</businessType>
        <flowDirection.direction>A02</flowDirection.direction>
        <quantity_Measure_Unit.name>MAW</quantity_Measure_Unit.name>
        <curveType>A01</curveType>
        <Period>
            <timeInterval>
                <start>2023-08-15T13:09Z</start>
                <end>2023-08-15T13:10Z</end>
            </timeInterval>
            <resolution>PT1M</resolution>
            <Point>
                <position>1</position>
                <quantity>6.00</quantity>
            </Point>
        </Period>
    </TimeSeries>
    <TimeSeries>
        <mRID>478</mRID>
        <businessType>B33</businessType>
        <flowDirection.direction>A01</flowDirection.direction>
        <quantity_Measure_Unit.name>MAW</quantity_Measure_Unit.name>
        <curveType>A01</curveType>
        <Period>
            <timeInterval>
                <start>2023-08-15T13:10Z</start>
                <end>2023-08-15T13:11Z</end>
            </timeInterval>
            <resolution>PT1M</resolution>
            <Point>
                <position>1</position>
                <quantity>14.00</quantity>
            </Point>
        </Period>
    </TimeSeries>
    <TimeSeries>
        <mRID>479</mRID>
        <businessType>B33</businessType>
        <flowDirection.direction>A02</flowDirection.direction>
        <quantity_Measure_Unit.name>MAW</quantity_Measure_Unit.name>
        <curveType>A01</curveType>
        <Period>
            <timeInterval>
                <start>2023-08-15T13:11Z</start>
                <end>2023-08-15T13:12Z</end>
            </timeInterval>
            <resolution>PT1M</resolution>
            <Point>
                <position>1</position>
                <quantity>10.00</quantity>
            </Point>
        </Period>
    </TimeSeries>
    <TimeSeries>
        <mRID>480</mRID>
        <businessType>B33</businessType>
        <flowDirection.direction>A01</flowDirection.direction>
        <quantity_Measure_Unit.name>MAW</quantity_Measure_Unit.name>
        <curveType>A01</curveType>
        <Period>
            <timeInterval>
                <start>2023-08-15T13:12Z</start>
                <end>2023-08-15T13:13Z</end>
            </timeInterval>
            <resolution>PT1M</resolution>
            <Point>
                <position>1</position>
                <quantity>5.00</quantity>
            </Point>
        </Period>
    </TimeSeries>
    <TimeSeries>
        <mRID>481</mRID>
        <businessType>B33</businessType>
        <flowDirection.direction>A02</flowDirection.direction>
        <quantity_Measure_Unit.name>MAW</quantity_Measure_Unit.name>
        <curveType>A01</curveType>
        <Period>
            <timeInterval>
                <start>2023-08-15T13:13Z</start>
                <end>2023-08-15T13:14Z</end>
            </timeInterval>
            <resolution>PT1M</resolution>
            <Point>
                <position>1</position>
                <quantity>5.00</quantity>
            </Point>
        </Period>
    </TimeSeries>
    <TimeSeries>
        <mRID>482</mRID>
        <businessType>B33</businessType>
        <flowDirection.direction>A01</flowDirection.direction>
        <quantity_Measure_Unit.name>MAW</quantity_Measure_Unit.name>
        <curveType>A01</curveType>
        <Period>
            <timeInterval>
                <start>2023-08-15T13:14Z</start>
                <end>2023-08-15T13:15Z</end>
            </timeInterval>
            <resolution>PT1M</resolution>
            <Point>
                <position>1</position>
                <quantity>10.00</quantity>
            </Point>
        </Period>
    </TimeSeries>
    <TimeSeries>
        <mRID>483</mRID>
        <businessType>B33</businessType>
        <flowDirection.direction>A02</flowDirection.direction>
        <quantity_Measure_Unit.name>MAW</quantity_Measure_Unit.name>
        <curveType>A01</curveType>
        <Period>
            <timeInterval>
                <start>2023-08-15T13:15Z</start>
                <end>2023-08-15T13:16Z</end>
            </timeInterval>
            <resolution>PT1M</resolution>
            <Point>
                <position>1</position>
                <quantity>5.00</quantity>
            </Point>
        </Period>
    </TimeSeries>
    <TimeSeries>
        <mRID>484</mRID>
        <businessType>B33</businessType>
        <flowDirection.direction>A01</flowDirection.direction>
        <quantity_Measure_Unit.name>MAW</quantity_Measure_Unit.name>
        <curveType>A01</curveType>
        <Period>
            <timeInterval>
                <start>2023-08-15T13:16Z</start>
                <end>2023-08-15T13:17Z</end>
            </timeInterval>
            <resolution>PT1M</resolution>
            <Point>
                <position>1</position>
                <quantity>9.00</quantity>
            </Point>
        </Period>
    </TimeSeries>
    <TimeSeries>
        <mRID>485</mRID>
        <businessType>B33</businessType>
        <flowDirection.direction>A02</flowDirection.direction>
        <quantity_Measure_Unit.name>MAW</quantity_Measure_Unit.name>
        <curveType>A01</curveType>
        <Period>
            <timeInterval>
                <start>2023-08-15T13:17Z</start>
                <end>2023-08-15T13:20Z</end>
            </timeInterval>
            <resolution>PT1M</resolution>
            <Point>
                <position>1</position>
                <quantity>2.00</quantity>
            </Point>
            <Point>
                <position>2</position>
                <quantity>3.00</quantity>
            </Point>
            <Point>
                <position>3</position>
                <quantity>4.00</quantity>
            </Point>
        </Period>
    </TimeSeries>
    <TimeSeries>
        <mRID>486</mRID>
        <businessType>B33</businessType>
        <flowDirection.direction>A03</flowDirection.direction>
        <quantity_Measure_Unit.name>MAW</quantity_Measure_Unit.name>
        <curveType>A01</curveType>
        <Period>
            <timeInterval>
                <start>2023-08-15T13:20Z</start>
                <end>2023-08-15T13:21Z</end>
            </timeInterval>
            <resolution>PT1M</resolution>
            <Point>
                <position>1</position>
                <quantity>0.00</quantity>
            </Point>
        </Period>
    </TimeSeries>
    <TimeSeries>
        <mRID>487</mRID>
        <businessType>B33</businessType>
        <flowDirection.direction>A01</flowDirection.direction>
        <quantity_Measure_Unit.name>MAW</quantity_Measure_Unit.name>
        <curveType>A01</curveType>
        <Period>
            <timeInterval>
                <start>2023-08-15T13:21Z</start>
                <end>2023-08-15T13:22Z</end>
            </timeInterval>
            <resolution>PT1M</resolution>
            <Point>
                <position>1</position>
                <quantity>1.00</quantity>
            </Point>
        </Period>
    </TimeSeries>
    <TimeSeries>
        <mRID>488</mRID>
        <businessType>B33</businessType>
        <flowDirection.direction>A02</flowDirection.direction>
        <quantity_Measure_Unit.name>MAW</quantity_Measure_Unit.name>
        <curveType>A01</curveType>
        <Period>
            <timeInterval>
                <start>2023-08-15T13:22Z</start>
                <end>2023-08-15T13:23Z</end>
            </timeInterval>
            <resolution>PT1M</resolution>
            <Point>
                <position>1</position>
                <quantity>2.00</quantity>
            </Point>
        </Period>
    </TimeSeries>
    <TimeSeries>
        <mRID>489</mRID>
        <businessType>B33</businessType>
        <flowDirection.direction>A01</flowDirection.direction>
        <quantity_Measure_Unit.name>MAW</quantity_Measure_Unit.name>
        <curveType>A01</curveType>
        <Period>
            <timeInterval>
                <start>2023-08-15T13:23Z</start>
                <end>2023-08-15T13:24Z</end>
            </timeInterval>
            <resolution>PT1M</resolution>
            <Point>
                <position>1</position>
                <quantity>7.00</quantity>
            </Point>
        </Period>
    </TimeSeries>
    <TimeSeries>
        <mRID>490</mRID>
        <businessType>B33</businessType>
        <flowDirection.direction>A02</flowDirection.direction>
        <quantity_Measure_Unit.name>MAW</quantity_Measure_Unit.name>
        <curveType>A01</curveType>
        <Period>
            <timeInterval>
                <start>2023-08-15T13:24Z</start>
                <end>2023-08-15T13:25Z</end>
            </timeInterval>
            <resolution>PT1M</resolution>
            <Point>
                <position>1</position>
                <quantity>4.00</quantity>
            </Point>
        </Period>
    </TimeSeries>
    <TimeSeries>
        <mRID>491</mRID>
        <businessType>B33</businessType>
        <flowDirection.direction>A01</flowDirection.direction>
        <quantity_Measure_Unit.name>MAW</quantity_Measure_Unit.name>
        <curveType>A01</curveType>
        <Period>
            <timeInterval>
                <start>2023-08-15T13:25Z</start>
                <end>2023-08-15T13:27Z</end>
            </timeInterval>
            <resolution>PT1M</resolution>
            <Point>
                <position>1</position>
                <quantity>2.00</quantity>
            </Point>
            <Point>
                <position>2</position>
                <quantity>2.00</quantity>
            </Point>
        </Period>
    </TimeSeries>
    <TimeSeries>
        <mRID>492</mRID>
        <businessType>B33</businessType>
        <flowDirection.direction>A03</flowDirection.direction>
        <quantity_Measure_Unit.name>MAW</quantity_Measure_Unit.name>
        <curveType>A01</curveType>
        <Period>
            <timeInterval>
                <start>2023-08-15T13:27Z</start>
                <end>2023-08-15T13:28Z</end>
            </timeInterval>
            <resolution>PT1M</resolution>
            <Point>
                <position>1</position>
                <quantity>0.00</quantity>
            </Point>
        </Period>
    </TimeSeries>
    <TimeSeries>
        <mRID>493</mRID>
        <businessType>B33</businessType>
        <flowDirection.direction>A02</flowDirection.direction>
        <quantity_Measure_Unit.name>MAW</quantity_Measure_Unit.name>
        <curveType>A01</curveType>
        <Period>
            <timeInterval>
                <start>2023-08-15T13:28Z</start>
                <end>2023-08-15T13:30Z</end>
            </timeInterval>
            <resolution>PT1M</resolution>
            <Point>
                <position>1</position>
                <quantity>1.00</quantity>
            </Point>
            <Point>
                <position>2</position>
                <quantity>2.00</quantity>
            </Point>
        </Period>
    </TimeSeries>
    <TimeSeries>
        <mRID>494</mRID>
        <businessType>B33</businessType>
        <flowDirection.direction>A01</flowDirection.direction>
        <quantity_Measure_Unit.name>MAW</quantity_Measure_Unit.name>
        <curveType>A01</curveType>
        <Period>
            <timeInterval>
                <start>2023-08-15T13:30Z</start>
                <end>2023-08-15T13:31Z</end>
            </timeInterval>
            <resolution>PT1M</resolution>
            <Point>
                <position>1</position>
                <quantity>17.00</quantity>
            </Point>
        </Period>
    </TimeSeries>
    <TimeSeries>
        <mRID>495</mRID>
        <businessType>B33</businessType>
        <flowDirection.direction>A02</flowDirection.direction>
        <quantity_Measure_Unit.name>MAW</quantity_Measure_Unit.name>
        <curveType>A01</curveType>
        <Period>
            <timeInterval>
                <start>2023-08-15T13:31Z</start>
                <end>2023-08-15T13:33Z</end>
            </timeInterval>
            <resolution>PT1M</resolution>
            <Point>
                <position>1</position>
                <quantity>1.00</quantity>
            </Point>
            <Point>
                <position>2</position>
                <quantity>7.00</quantity>
            </Point>
        </Period>
    </TimeSeries>
    <TimeSeries>
        <mRID>496</mRID>
        <businessType>B33</businessType>
        <flowDirection.direction>A01</flowDirection.direction>
        <quantity_Measure_Unit.name>MAW</quantity_Measure_Unit.name>
        <curveType>A01</curveType>
        <Period>
            <timeInterval>
                <start>2023-08-15T13:33Z</start>
                <end>2023-08-15T13:35Z</end>
            </timeInterval>
            <resolution>PT1M</resolution>
            <Point>
                <position>1</position>
                <quantity>4.00</quantity>
            </Point>
            <Point>
                <position>2</position>
                <quantity>6.00</quantity>
            </Point>
        </Period>
    </TimeSeries>
    <TimeSeries>
        <mRID>497</mRID>
        <businessType>B33</businessType>
        <flowDirection.direction>A02</flowDirection.direction>
        <quantity_Measure_Unit.name>MAW</quantity_Measure_Unit.name>
        <curveType>A01</curveType>
        <Period>
            <timeInterval>
                <start>2023-08-15T13:35Z</start>
                <end>2023-08-15T13:36Z</end>
            </timeInterval>
            <resolution>PT1M</resolution>
            <Point>
                <position>1</position>
                <quantity>13.00</quantity>
            </Point>
        </Period>
    </TimeSeries>
    <TimeSeries>
        <mRID>498</mRID>
        <businessType>B33</businessType>
        <flowDirection.direction>A01</flowDirection.direction>
        <quantity_Measure_Unit.name>MAW</quantity_Measure_Unit.name>
        <curveType>A01</curveType>
        <Period>
            <timeInterval>
                <start>2023-08-15T13:36Z</start>
                <end>2023-08-15T13:38Z</end>
            </timeInterval>
            <resolution>PT1M</resolution>
            <Point>
                <position>1</position>
                <quantity>8.00</quantity>
            </Point>
            <Point>
                <position>2</position>
                <quantity>5.00</quantity>
            </Point>
        </Period>
    </TimeSeries>
    <TimeSeries>
        <mRID>499</mRID>
        <businessType>B33</businessType>
        <flowDirection.direction>A02</flowDirection.direction>
        <quantity_Measure_Unit.name>MAW</quantity_Measure_Unit.name>
        <curveType>A01</curveType>
        <Period>
            <timeInterval>
                <start>2023-08-15T13:38Z</start>
                <end>2023-08-15T13:40Z</end>
            </timeInterval>
            <resolution>PT1M</resolution>
            <Point>
                <position>1</position>
                <quantity>10.00</quantity>
            </Point>
            <Point>
                <position>2</position>
                <quantity>3.00</quantity>
            </Point>
        </Period>
    </TimeSeries>
    <TimeSeries>
        <mRID>500</mRID>
        <businessType>B33</businessType>
        <flowDirection.direction>A01</flowDirection.direction>
        <quantity_Measure_Unit.name>MAW</quantity_Measure_Unit.name>
        <curveType>A01</curveType>
        <Period>
            <timeInterval>
                <start>2023-08-15T13:40Z</start>
                <end>2023-08-15T13:41Z</end>
            </timeInterval>
            <resolution>PT1M</resolution>
            <Point>
                <position>1</position>
                <quantity>3.00</quantity>
            </Point>
        </Period>
    </TimeSeries>
    <TimeSeries>
        <mRID>501</mRID>
        <businessType>B33</businessType>
        <flowDirection.direction>A02</flowDirection.direction>
        <quantity_Measure_Unit.name>MAW</quantity_Measure_Unit.name>
        <curveType>A01</curveType>
        <Period>
            <timeInterval>
                <start>2023-08-15T13:41Z</start>
                <end>2023-08-15T13:42Z</end>
            </timeInterval>
            <resolution>PT1M</resolution>
            <Point>
                <position>1</position>
                <quantity>2.00</quantity>
            </Point>
        </Period>
    </TimeSeries>
    <TimeSeries>
        <mRID>502</mRID>
        <businessType>B33</businessType>
        <flowDirection.direction>A01</flowDirection.direction>
        <quantity_Measure_Unit.name>MAW</quantity_Measure_Unit.name>
        <curveType>A01</curveType>
        <Period>
            <timeInterval>
                <start>2023-08-15T13:42Z</start>
                <end>2023-08-15T13:47Z</end>
            </timeInterval>
            <resolution>PT1M</resolution>
            <Point>
                <position>1</position>
                <quantity>7.00</quantity>
            </Point>
            <Point>
                <position>2</position>
                <quantity>9.00</quantity>
            </Point>
            <Point>
                <position>3</position>
                <quantity>1.00</quantity>
            </Point>
            <Point>
                <position>4</position>
                <quantity>26.00</quantity>
            </Point>
            <Point>
                <position>5</position>
                <quantity>31.00</quantity>
            </Point>
        </Period>
    </TimeSeries>
    <TimeSeries>
        <mRID>503</mRID>
        <businessType>B33</businessType>
        <flowDirection.direction>A02</flowDirection.direction>
        <quantity_Measure_Unit.name>MAW</quantity_Measure_Unit.name>
        <curveType>A01</curveType>
        <Period>
            <timeInterval>
                <start>2023-08-15T13:47Z</start>
                <end>2023-08-15T13:50Z</end>
            </timeInterval>
            <resolution>PT1M</resolution>
            <Point>
                <position>1</position>
                <quantity>34.00</quantity>
            </Point>
            <Point>
                <position>2</position>
                <quantity>15.00</quantity>
            </Point>
            <Point>
                <position>3</position>
                <quantity>1.00</quantity>
            </Point>
        </Period>
    </TimeSeries>
    <TimeSeries>
        <mRID>504</mRID>
        <businessType>B33</businessType>
        <flowDirection.direction>A01</flowDirection.direction>
        <quantity_Measure_Unit.name>MAW</quantity_Measure_Unit.name>
        <curveType>A01</curveType>
        <Period>
            <timeInterval>
                <start>2023-08-15T13:50Z</start>
                <end>2023-08-15T13:51Z</end>
            </timeInterval>
            <resolution>PT1M</resolution>
            <Point>
                <position>1</position>
                <quantity>20.00</quantity>
            </Point>
        </Period>
    </TimeSeries>
    <TimeSeries>
        <mRID>505</mRID>
        <businessType>B33</businessType>
        <flowDirection.direction>A02</flowDirection.direction>
        <quantity_Measure_Unit.name>MAW</quantity_Measure_Unit.name>
        <curveType>A01</curveType>
        <Period>
            <timeInterval>
                <start>2023-08-15T13:51Z</start>
                <end>2023-08-15T13:52Z</end>
            </timeInterval>
            <resolution>PT1M</resolution>
            <Point>
                <position>1</position>
                <quantity>9.00</quantity>
            </Point>
        </Period>
    </TimeSeries>
    <TimeSeries>
        <mRID>506</mRID>
        <businessType>B33</businessType>
        <flowDirection.direction>A01</flowDirection.direction>
        <quantity_Measure_Unit.name>MAW</quantity_Measure_Unit.name>
        <curveType>A01</curveType>
        <Period>
            <timeInterval>
                <start>2023-08-15T13:52Z</start>
                <end>2023-08-15T13:54Z</end>
            </timeInterval>
            <resolution>PT1M</resolution>
            <Point>
                <position>1</position>
                <quantity>15.00</quantity>
            </Point>
            <Point>
                <position>2</position>
                <quantity>2.00</quantity>
            </Point>
        </Period>
    </TimeSeries>
    <TimeSeries>
        <mRID>507</mRID>
        <businessType>B33</businessType>
        <flowDirection.direction>A03</flowDirection.direction>
        <quantity_Measure_Unit.name>MAW</quantity_Measure_Unit.name>
        <curveType>A01</curveType>
        <Period>
            <timeInterval>
                <start>2023-08-15T13:54Z</start>
                <end>2023-08-15T13:55Z</end>
            </timeInterval>
            <resolution>PT1M</resolution>
            <Point>
                <position>1</position>
                <quantity>0.00</quantity>
            </Point>
        </Period>
    </TimeSeries>
    <TimeSeries>
        <mRID>508</mRID>
        <businessType>B33</businessType>
        <flowDirection.direction>A01</flowDirection.direction>
        <quantity_Measure_Unit.name>MAW</quantity_Measure_Unit.name>
        <curveType>A01</curveType>
        <Period>
            <timeInterval>
                <start>2023-08-15T13:55Z</start>
                <end>2023-08-15T13:56Z</end>
            </timeInterval>
            <resolution>PT1M</resolution>
            <Point>
                <position>1</position>
                <quantity>6.00</quantity>
            </Point>
        </Period>
    </TimeSeries>
    <TimeSeries>
        <mRID>509</mRID>
        <businessType>B33</businessType>
        <flowDirection.direction>A02</flowDirection.direction>
        <quantity_Measure_Unit.name>MAW</quantity_Measure_Unit.name>
        <curveType>A01</curveType>
        <Period>
            <timeInterval>
                <start>2023-08-15T13:56Z</start>
                <end>2023-08-15T14:02Z</end>
            </timeInterval>
            <resolution>PT1M</resolution>
            <Point>
                <position>1</position>
                <quantity>1.00</quantity>
            </Point>
            <Point>
                <position>2</position>
                <quantity>2.00</quantity>
            </Point>
            <Point>
                <position>3</position>
                <quantity>5.00</quantity>
            </Point>
            <Point>
                <position>4</position>
                <quantity>27.00</quantity>
            </Point>
            <Point>
                <position>5</position>
                <quantity>7.00</quantity>
            </Point>
            <Point>
                <position>6</position>
                <quantity>18.00</quantity>
            </Point>
        </Period>
    </TimeSeries>
    <TimeSeries>
        <mRID>510</mRID>
        <businessType>B33</businessType>
        <flowDirection.direction>A03</flowDirection.direction>
        <quantity_Measure_Unit.name>MAW</quantity_Measure_Unit.name>
        <curveType>A01</curveType>
        <Period>
            <timeInterval>
                <start>2023-08-15T14:02Z</start>
                <end>2023-08-15T14:03Z</end>
            </timeInterval>
            <resolution>PT1M</resolution>
            <Point>
                <position>1</position>
                <quantity>0.00</quantity>
            </Point>
        </Period>
    </TimeSeries>
    <TimeSeries>
        <mRID>511</mRID>
        <businessType>B33</businessType>
        <flowDirection.direction>A01</flowDirection.direction>
        <quantity_Measure_Unit.name>MAW</quantity_Measure_Unit.name>
        <curveType>A01</curveType>
        <Period>
            <timeInterval>
                <start>2023-08-15T14:03Z</start>
                <end>2023-08-15T14:04Z</end>
            </timeInterval>
            <resolution>PT1M</resolution>
            <Point>
                <position>1</position>
                <quantity>13.00</quantity>
            </Point>
        </Period>
    </TimeSeries>
    <TimeSeries>
        <mRID>512</mRID>
        <businessType>B33</businessType>
        <flowDirection.direction>A02</flowDirection.direction>
        <quantity_Measure_Unit.name>MAW</quantity_Measure_Unit.name>
        <curveType>A01</curveType>
        <Period>
            <timeInterval>
                <start>2023-08-15T14:04Z</start>
                <end>2023-08-15T14:05Z</end>
            </timeInterval>
            <resolution>PT1M</resolution>
            <Point>
                <position>1</position>
                <quantity>1.00</quantity>
            </Point>
        </Period>
    </TimeSeries>
    <TimeSeries>
        <mRID>513</mRID>
        <businessType>B33</businessType>
        <flowDirection.direction>A01</flowDirection.direction>
        <quantity_Measure_Unit.name>MAW</quantity_Measure_Unit.name>
        <curveType>A01</curveType>
        <Period>
            <timeInterval>
                <start>2023-08-15T14:05Z</start>
                <end>2023-08-15T14:06Z</end>
            </timeInterval>
            <resolution>PT1M</resolution>
            <Point>
                <position>1</position>
                <quantity>3.00</quantity>
            </Point>
        </Period>
    </TimeSeries>
    <TimeSeries>
        <mRID>514</mRID>
        <businessType>B33</businessType>
        <flowDirection.direction>A02</flowDirection.direction>
        <quantity_Measure_Unit.name>MAW</quantity_Measure_Unit.name>
        <curveType>A01</curveType>
        <Period>
            <timeInterval>
                <start>2023-08-15T14:06Z</start>
                <end>2023-08-15T14:07Z</end>
            </timeInterval>
            <resolution>PT1M</resolution>
            <Point>
                <position>1</position>
                <quantity>1.00</quantity>
            </Point>
        </Period>
    </TimeSeries>
    <TimeSeries>
        <mRID>515</mRID>
        <businessType>B33</businessType>
        <flowDirection.direction>A01</flowDirection.direction>
        <quantity_Measure_Unit.name>MAW</quantity_Measure_Unit.name>
        <curveType>A01</curveType>
        <Period>
            <timeInterval>
                <start>2023-08-15T14:07Z</start>
                <end>2023-08-15T14:08Z</end>
            </timeInterval>
            <resolution>PT1M</resolution>
            <Point>
                <position>1</position>
                <quantity>1.00</quantity>
            </Point>
        </Period>
    </TimeSeries>
    <TimeSeries>
        <mRID>516</mRID>
        <businessType>B33</businessType>
        <flowDirection.direction>A02</flowDirection.direction>
        <quantity_Measure_Unit.name>MAW</quantity_Measure_Unit.name>
        <curveType>A01</curveType>
        <Period>
            <timeInterval>
                <start>2023-08-15T14:08Z</start>
                <end>2023-08-15T14:11Z</end>
            </timeInterval>
            <resolution>PT1M</resolution>
            <Point>
                <position>1</position>
                <quantity>2.00</quantity>
            </Point>
            <Point>
                <position>2</position>
                <quantity>11.00</quantity>
            </Point>
            <Point>
                <position>3</position>
                <quantity>9.00</quantity>
            </Point>
        </Period>
    </TimeSeries>
    <TimeSeries>
        <mRID>517</mRID>
        <businessType>B33</businessType>
        <flowDirection.direction>A01</flowDirection.direction>
        <quantity_Measure_Unit.name>MAW</quantity_Measure_Unit.name>
        <curveType>A01</curveType>
        <Period>
            <timeInterval>
                <start>2023-08-15T14:11Z</start>
                <end>2023-08-15T14:13Z</end>
            </timeInterval>
            <resolution>PT1M</resolution>
            <Point>
                <position>1</position>
                <quantity>9.00</quantity>
            </Point>
            <Point>
                <position>2</position>
                <quantity>10.00</quantity>
            </Point>
        </Period>
    </TimeSeries>
    <TimeSeries>
        <mRID>518</mRID>
        <businessType>B33</businessType>
        <flowDirection.direction>A03</flowDirection.direction>
        <quantity_Measure_Unit.name>MAW</quantity_Measure_Unit.name>
        <curveType>A01</curveType>
        <Period>
            <timeInterval>
                <start>2023-08-15T14:13Z</start>
                <end>2023-08-15T14:14Z</end>
            </timeInterval>
            <resolution>PT1M</resolution>
            <Point>
                <position>1</position>
                <quantity>0.00</quantity>
            </Point>
        </Period>
    </TimeSeries>
    <TimeSeries>
        <mRID>519</mRID>
        <businessType>B33</businessType>
        <flowDirection.direction>A01</flowDirection.direction>
        <quantity_Measure_Unit.name>MAW</quantity_Measure_Unit.name>
        <curveType>A01</curveType>
        <Period>
            <timeInterval>
                <start>2023-08-15T14:14Z</start>
                <end>2023-08-15T14:16Z</end>
            </timeInterval>
            <resolution>PT1M</resolution>
            <Point>
                <position>1</position>
                <quantity>7.00</quantity>
            </Point>
            <Point>
                <position>2</position>
                <quantity>10.00</quantity>
            </Point>
        </Period>
    </TimeSeries>
    <TimeSeries>
        <mRID>520</mRID>
        <businessType>B33</businessType>
        <flowDirection.direction>A02</flowDirection.direction>
        <quantity_Measure_Unit.name>MAW</quantity_Measure_Unit.name>
        <curveType>A01</curveType>
        <Period>
            <timeInterval>
                <start>2023-08-15T14:16Z</start>
                <end>2023-08-15T14:20Z</end>
            </timeInterval>
            <resolution>PT1M</resolution>
            <Point>
                <position>1</position>
                <quantity>11.00</quantity>
            </Point>
            <Point>
                <position>2</position>
                <quantity>8.00</quantity>
            </Point>
            <Point>
                <position>3</position>
                <quantity>12.00</quantity>
            </Point>
            <Point>
                <position>4</position>
                <quantity>5.00</quantity>
            </Point>
        </Period>
    </TimeSeries>
    <TimeSeries>
        <mRID>521</mRID>
        <businessType>B33</businessType>
        <flowDirection.direction>A01</flowDirection.direction>
        <quantity_Measure_Unit.name>MAW</quantity_Measure_Unit.name>
        <curveType>A01</curveType>
        <Period>
            <timeInterval>
                <start>2023-08-15T14:20Z</start>
                <end>2023-08-15T14:22Z</end>
            </timeInterval>
            <resolution>PT1M</resolution>
            <Point>
                <position>1</position>
                <quantity>13.00</quantity>
            </Point>
            <Point>
                <position>2</position>
                <quantity>9.00</quantity>
            </Point>
        </Period>
    </TimeSeries>
    <TimeSeries>
        <mRID>522</mRID>
        <businessType>B33</businessType>
        <flowDirection.direction>A03</flowDirection.direction>
        <quantity_Measure_Unit.name>MAW</quantity_Measure_Unit.name>
        <curveType>A01</curveType>
        <Period>
            <timeInterval>
                <start>2023-08-15T14:22Z</start>
                <end>2023-08-15T14:23Z</end>
            </timeInterval>
            <resolution>PT1M</resolution>
            <Point>
                <position>1</position>
                <quantity>0.00</quantity>
            </Point>
        </Period>
    </TimeSeries>
    <TimeSeries>
        <mRID>523</mRID>
        <businessType>B33</businessType>
        <flowDirection.direction>A01</flowDirection.direction>
        <quantity_Measure_Unit.name>MAW</quantity_Measure_Unit.name>
        <curveType>A01</curveType>
        <Period>
            <timeInterval>
                <start>2023-08-15T14:23Z</start>
                <end>2023-08-15T14:24Z</end>
            </timeInterval>
            <resolution>PT1M</resolution>
            <Point>
                <position>1</position>
                <quantity>8.00</quantity>
            </Point>
        </Period>
    </TimeSeries>
    <TimeSeries>
        <mRID>524</mRID>
        <businessType>B33</businessType>
        <flowDirection.direction>A02</flowDirection.direction>
        <quantity_Measure_Unit.name>MAW</quantity_Measure_Unit.name>
        <curveType>A01</curveType>
        <Period>
            <timeInterval>
                <start>2023-08-15T14:24Z</start>
                <end>2023-08-15T14:25Z</end>
            </timeInterval>
            <resolution>PT1M</resolution>
            <Point>
                <position>1</position>
                <quantity>6.00</quantity>
            </Point>
        </Period>
    </TimeSeries>
    <TimeSeries>
        <mRID>525</mRID>
        <businessType>B33</businessType>
        <flowDirection.direction>A01</flowDirection.direction>
        <quantity_Measure_Unit.name>MAW</quantity_Measure_Unit.name>
        <curveType>A01</curveType>
        <Period>
            <timeInterval>
                <start>2023-08-15T14:25Z</start>
                <end>2023-08-15T14:26Z</end>
            </timeInterval>
            <resolution>PT1M</resolution>
            <Point>
                <position>1</position>
                <quantity>1.00</quantity>
            </Point>
        </Period>
    </TimeSeries>
    <TimeSeries>
        <mRID>526</mRID>
        <businessType>B33</businessType>
        <flowDirection.direction>A02</flowDirection.direction>
        <quantity_Measure_Unit.name>MAW</quantity_Measure_Unit.name>
        <curveType>A01</curveType>
        <Period>
            <timeInterval>
                <start>2023-08-15T14:26Z</start>
                <end>2023-08-15T14:27Z</end>
            </timeInterval>
            <resolution>PT1M</resolution>
            <Point>
                <position>1</position>
                <quantity>11.00</quantity>
            </Point>
        </Period>
    </TimeSeries>
    <TimeSeries>
        <mRID>527</mRID>
        <businessType>B33</businessType>
        <flowDirection.direction>A01</flowDirection.direction>
        <quantity_Measure_Unit.name>MAW</quantity_Measure_Unit.name>
        <curveType>A01</curveType>
        <Period>
            <timeInterval>
                <start>2023-08-15T14:27Z</start>
                <end>2023-08-15T14:28Z</end>
            </timeInterval>
            <resolution>PT1M</resolution>
            <Point>
                <position>1</position>
                <quantity>11.00</quantity>
            </Point>
        </Period>
    </TimeSeries>
    <TimeSeries>
        <mRID>528</mRID>
        <businessType>B33</businessType>
        <flowDirection.direction>A02</flowDirection.direction>
        <quantity_Measure_Unit.name>MAW</quantity_Measure_Unit.name>
        <curveType>A01</curveType>
        <Period>
            <timeInterval>
                <start>2023-08-15T14:28Z</start>
                <end>2023-08-15T14:29Z</end>
            </timeInterval>
            <resolution>PT1M</resolution>
            <Point>
                <position>1</position>
                <quantity>11.00</quantity>
            </Point>
        </Period>
    </TimeSeries>
    <TimeSeries>
        <mRID>529</mRID>
        <businessType>B33</businessType>
        <flowDirection.direction>A01</flowDirection.direction>
        <quantity_Measure_Unit.name>MAW</quantity_Measure_Unit.name>
        <curveType>A01</curveType>
        <Period>
            <timeInterval>
                <start>2023-08-15T14:29Z</start>
                <end>2023-08-15T14:32Z</end>
            </timeInterval>
            <resolution>PT1M</resolution>
            <Point>
                <position>1</position>
                <quantity>13.00</quantity>
            </Point>
            <Point>
                <position>2</position>
                <quantity>10.00</quantity>
            </Point>
            <Point>
                <position>3</position>
                <quantity>26.00</quantity>
            </Point>
        </Period>
    </TimeSeries>
    <TimeSeries>
        <mRID>530</mRID>
        <businessType>B33</businessType>
        <flowDirection.direction>A02</flowDirection.direction>
        <quantity_Measure_Unit.name>MAW</quantity_Measure_Unit.name>
        <curveType>A01</curveType>
        <Period>
            <timeInterval>
                <start>2023-08-15T14:32Z</start>
                <end>2023-08-15T14:33Z</end>
            </timeInterval>
            <resolution>PT1M</resolution>
            <Point>
                <position>1</position>
                <quantity>19.00</quantity>
            </Point>
        </Period>
    </TimeSeries>
    <TimeSeries>
        <mRID>531</mRID>
        <businessType>B33</businessType>
        <flowDirection.direction>A01</flowDirection.direction>
        <quantity_Measure_Unit.name>MAW</quantity_Measure_Unit.name>
        <curveType>A01</curveType>
        <Period>
            <timeInterval>
                <start>2023-08-15T14:33Z</start>
                <end>2023-08-15T14:34Z</end>
            </timeInterval>
            <resolution>PT1M</resolution>
            <Point>
                <position>1</position>
                <quantity>4.00</quantity>
            </Point>
        </Period>
    </TimeSeries>
    <TimeSeries>
        <mRID>532</mRID>
        <businessType>B33</businessType>
        <flowDirection.direction>A02</flowDirection.direction>
        <quantity_Measure_Unit.name>MAW</quantity_Measure_Unit.name>
        <curveType>A01</curveType>
        <Period>
            <timeInterval>
                <start>2023-08-15T14:34Z</start>
                <end>2023-08-15T14:35Z</end>
            </timeInterval>
            <resolution>PT1M</resolution>
            <Point>
                <position>1</position>
                <quantity>26.00</quantity>
            </Point>
        </Period>
    </TimeSeries>
    <TimeSeries>
        <mRID>533</mRID>
        <businessType>B33</businessType>
        <flowDirection.direction>A01</flowDirection.direction>
        <quantity_Measure_Unit.name>MAW</quantity_Measure_Unit.name>
        <curveType>A01</curveType>
        <Period>
            <timeInterval>
                <start>2023-08-15T14:35Z</start>
                <end>2023-08-15T14:36Z</end>
            </timeInterval>
            <resolution>PT1M</resolution>
            <Point>
                <position>1</position>
                <quantity>12.00</quantity>
            </Point>
        </Period>
    </TimeSeries>
    <TimeSeries>
        <mRID>534</mRID>
        <businessType>B33</businessType>
        <flowDirection.direction>A02</flowDirection.direction>
        <quantity_Measure_Unit.name>MAW</quantity_Measure_Unit.name>
        <curveType>A01</curveType>
        <Period>
            <timeInterval>
                <start>2023-08-15T14:36Z</start>
                <end>2023-08-15T14:37Z</end>
            </timeInterval>
            <resolution>PT1M</resolution>
            <Point>
                <position>1</position>
                <quantity>4.00</quantity>
            </Point>
        </Period>
    </TimeSeries>
    <TimeSeries>
        <mRID>535</mRID>
        <businessType>B33</businessType>
        <flowDirection.direction>A01</flowDirection.direction>
        <quantity_Measure_Unit.name>MAW</quantity_Measure_Unit.name>
        <curveType>A01</curveType>
        <Period>
            <timeInterval>
                <start>2023-08-15T14:37Z</start>
                <end>2023-08-15T14:38Z</end>
            </timeInterval>
            <resolution>PT1M</resolution>
            <Point>
                <position>1</position>
                <quantity>3.00</quantity>
            </Point>
        </Period>
    </TimeSeries>
    <TimeSeries>
        <mRID>536</mRID>
        <businessType>B33</businessType>
        <flowDirection.direction>A02</flowDirection.direction>
        <quantity_Measure_Unit.name>MAW</quantity_Measure_Unit.name>
        <curveType>A01</curveType>
        <Period>
            <timeInterval>
                <start>2023-08-15T14:38Z</start>
                <end>2023-08-15T14:39Z</end>
            </timeInterval>
            <resolution>PT1M</resolution>
            <Point>
                <position>1</position>
                <quantity>14.00</quantity>
            </Point>
        </Period>
    </TimeSeries>
    <TimeSeries>
        <mRID>537</mRID>
        <businessType>B33</businessType>
        <flowDirection.direction>A01</flowDirection.direction>
        <quantity_Measure_Unit.name>MAW</quantity_Measure_Unit.name>
        <curveType>A01</curveType>
        <Period>
            <timeInterval>
                <start>2023-08-15T14:39Z</start>
                <end>2023-08-15T14:41Z</end>
            </timeInterval>
            <resolution>PT1M</resolution>
            <Point>
                <position>1</position>
                <quantity>17.00</quantity>
            </Point>
            <Point>
                <position>2</position>
                <quantity>17.00</quantity>
            </Point>
        </Period>
    </TimeSeries>
    <TimeSeries>
        <mRID>538</mRID>
        <businessType>B33</businessType>
        <flowDirection.direction>A02</flowDirection.direction>
        <quantity_Measure_Unit.name>MAW</quantity_Measure_Unit.name>
        <curveType>A01</curveType>
        <Period>
            <timeInterval>
                <start>2023-08-15T14:41Z</start>
                <end>2023-08-15T14:43Z</end>
            </timeInterval>
            <resolution>PT1M</resolution>
            <Point>
                <position>1</position>
                <quantity>19.00</quantity>
            </Point>
            <Point>
                <position>2</position>
                <quantity>1.00</quantity>
            </Point>
        </Period>
    </TimeSeries>
    <TimeSeries>
        <mRID>539</mRID>
        <businessType>B33</businessType>
        <flowDirection.direction>A01</flowDirection.direction>
        <quantity_Measure_Unit.name>MAW</quantity_Measure_Unit.name>
        <curveType>A01</curveType>
        <Period>
            <timeInterval>
                <start>2023-08-15T14:43Z</start>
                <end>2023-08-15T14:47Z</end>
            </timeInterval>
            <resolution>PT1M</resolution>
            <Point>
                <position>1</position>
                <quantity>22.00</quantity>
            </Point>
            <Point>
                <position>2</position>
                <quantity>17.00</quantity>
            </Point>
            <Point>
                <position>3</position>
                <quantity>2.00</quantity>
            </Point>
            <Point>
                <position>4</position>
                <quantity>22.00</quantity>
            </Point>
        </Period>
    </TimeSeries>
    <TimeSeries>
        <mRID>540</mRID>
        <businessType>B33</businessType>
        <flowDirection.direction>A02</flowDirection.direction>
        <quantity_Measure_Unit.name>MAW</quantity_Measure_Unit.name>
        <curveType>A01</curveType>
        <Period>
            <timeInterval>
                <start>2023-08-15T14:47Z</start>
                <end>2023-08-15T14:48Z</end>
            </timeInterval>
            <resolution>PT1M</resolution>
            <Point>
                <position>1</position>
                <quantity>9.00</quantity>
            </Point>
        </Period>
    </TimeSeries>
    <TimeSeries>
        <mRID>541</mRID>
        <businessType>B33</businessType>
        <flowDirection.direction>A01</flowDirection.direction>
        <quantity_Measure_Unit.name>MAW</quantity_Measure_Unit.name>
        <curveType>A01</curveType>
        <Period>
            <timeInterval>
                <start>2023-08-15T14:48Z</start>
                <end>2023-08-15T14:49Z</end>
            </timeInterval>
            <resolution>PT1M</resolution>
            <Point>
                <position>1</position>
                <quantity>6.00</quantity>
            </Point>
        </Period>
    </TimeSeries>
    <TimeSeries>
        <mRID>542</mRID>
        <businessType>B33</businessType>
        <flowDirection.direction>A02</flowDirection.direction>
        <quantity_Measure_Unit.name>MAW</quantity_Measure_Unit.name>
        <curveType>A01</curveType>
        <Period>
            <timeInterval>
                <start>2023-08-15T14:49Z</start>
                <end>2023-08-15T14:50Z</end>
            </timeInterval>
            <resolution>PT1M</resolution>
            <Point>
                <position>1</position>
                <quantity>13.00</quantity>
            </Point>
        </Period>
    </TimeSeries>
    <TimeSeries>
        <mRID>543</mRID>
        <businessType>B33</businessType>
        <flowDirection.direction>A01</flowDirection.direction>
        <quantity_Measure_Unit.name>MAW</quantity_Measure_Unit.name>
        <curveType>A01</curveType>
        <Period>
            <timeInterval>
                <start>2023-08-15T14:50Z</start>
                <end>2023-08-15T14:51Z</end>
            </timeInterval>
            <resolution>PT1M</resolution>
            <Point>
                <position>1</position>
                <quantity>10.00</quantity>
            </Point>
        </Period>
    </TimeSeries>
    <TimeSeries>
        <mRID>544</mRID>
        <businessType>B33</businessType>
        <flowDirection.direction>A02</flowDirection.direction>
        <quantity_Measure_Unit.name>MAW</quantity_Measure_Unit.name>
        <curveType>A01</curveType>
        <Period>
            <timeInterval>
                <start>2023-08-15T14:51Z</start>
                <end>2023-08-15T14:54Z</end>
            </timeInterval>
            <resolution>PT1M</resolution>
            <Point>
                <position>1</position>
                <quantity>28.00</quantity>
            </Point>
            <Point>
                <position>2</position>
                <quantity>13.00</quantity>
            </Point>
            <Point>
                <position>3</position>
                <quantity>9.00</quantity>
            </Point>
        </Period>
    </TimeSeries>
    <TimeSeries>
        <mRID>545</mRID>
        <businessType>B33</businessType>
        <flowDirection.direction>A01</flowDirection.direction>
        <quantity_Measure_Unit.name>MAW</quantity_Measure_Unit.name>
        <curveType>A01</curveType>
        <Period>
            <timeInterval>
                <start>2023-08-15T14:54Z</start>
                <end>2023-08-15T14:55Z</end>
            </timeInterval>
            <resolution>PT1M</resolution>
            <Point>
                <position>1</position>
                <quantity>4.00</quantity>
            </Point>
        </Period>
    </TimeSeries>
    <TimeSeries>
        <mRID>546</mRID>
        <businessType>B33</businessType>
        <flowDirection.direction>A02</flowDirection.direction>
        <quantity_Measure_Unit.name>MAW</quantity_Measure_Unit.name>
        <curveType>A01</curveType>
        <Period>
            <timeInterval>
                <start>2023-08-15T14:55Z</start>
                <end>2023-08-15T14:56Z</end>
            </timeInterval>
            <resolution>PT1M</resolution>
            <Point>
                <position>1</position>
                <quantity>2.00</quantity>
            </Point>
        </Period>
    </TimeSeries>
    <TimeSeries>
        <mRID>547</mRID>
        <businessType>B33</businessType>
        <flowDirection.direction>A01</flowDirection.direction>
        <quantity_Measure_Unit.name>MAW</quantity_Measure_Unit.name>
        <curveType>A01</curveType>
        <Period>
            <timeInterval>
                <start>2023-08-15T14:56Z</start>
                <end>2023-08-15T14:57Z</end>
            </timeInterval>
            <resolution>PT1M</resolution>
            <Point>
                <position>1</position>
                <quantity>42.00</quantity>
            </Point>
        </Period>
    </TimeSeries>
    <TimeSeries>
        <mRID>548</mRID>
        <businessType>B33</businessType>
        <flowDirection.direction>A02</flowDirection.direction>
        <quantity_Measure_Unit.name>MAW</quantity_Measure_Unit.name>
        <curveType>A01</curveType>
        <Period>
            <timeInterval>
                <start>2023-08-15T14:57Z</start>
                <end>2023-08-15T14:58Z</end>
            </timeInterval>
            <resolution>PT1M</resolution>
            <Point>
                <position>1</position>
                <quantity>5.00</quantity>
            </Point>
        </Period>
    </TimeSeries>
    <TimeSeries>
        <mRID>549</mRID>
        <businessType>B33</businessType>
        <flowDirection.direction>A03</flowDirection.direction>
        <quantity_Measure_Unit.name>MAW</quantity_Measure_Unit.name>
        <curveType>A01</curveType>
        <Period>
            <timeInterval>
                <start>2023-08-15T14:58Z</start>
                <end>2023-08-15T14:59Z</end>
            </timeInterval>
            <resolution>PT1M</resolution>
            <Point>
                <position>1</position>
                <quantity>0.00</quantity>
            </Point>
        </Period>
    </TimeSeries>
    <TimeSeries>
        <mRID>550</mRID>
        <businessType>B33</businessType>
        <flowDirection.direction>A01</flowDirection.direction>
        <quantity_Measure_Unit.name>MAW</quantity_Measure_Unit.name>
        <curveType>A01</curveType>
        <Period>
            <timeInterval>
                <start>2023-08-15T14:59Z</start>
                <end>2023-08-15T15:00Z</end>
            </timeInterval>
            <resolution>PT1M</resolution>
            <Point>
                <position>1</position>
                <quantity>29.00</quantity>
            </Point>
        </Period>
    </TimeSeries>
    <TimeSeries>
        <mRID>551</mRID>
        <businessType>B33</businessType>
        <flowDirection.direction>A02</flowDirection.direction>
        <quantity_Measure_Unit.name>MAW</quantity_Measure_Unit.name>
        <curveType>A01</curveType>
        <Period>
            <timeInterval>
                <start>2023-08-15T15:00Z</start>
                <end>2023-08-15T15:04Z</end>
            </timeInterval>
            <resolution>PT1M</resolution>
            <Point>
                <position>1</position>
                <quantity>32.00</quantity>
            </Point>
            <Point>
                <position>2</position>
                <quantity>41.00</quantity>
            </Point>
            <Point>
                <position>3</position>
                <quantity>1.00</quantity>
            </Point>
            <Point>
                <position>4</position>
                <quantity>35.00</quantity>
            </Point>
        </Period>
    </TimeSeries>
    <TimeSeries>
        <mRID>552</mRID>
        <businessType>B33</businessType>
        <flowDirection.direction>A01</flowDirection.direction>
        <quantity_Measure_Unit.name>MAW</quantity_Measure_Unit.name>
        <curveType>A01</curveType>
        <Period>
            <timeInterval>
                <start>2023-08-15T15:04Z</start>
                <end>2023-08-15T15:05Z</end>
            </timeInterval>
            <resolution>PT1M</resolution>
            <Point>
                <position>1</position>
                <quantity>11.00</quantity>
            </Point>
        </Period>
    </TimeSeries>
    <TimeSeries>
        <mRID>553</mRID>
        <businessType>B33</businessType>
        <flowDirection.direction>A02</flowDirection.direction>
        <quantity_Measure_Unit.name>MAW</quantity_Measure_Unit.name>
        <curveType>A01</curveType>
        <Period>
            <timeInterval>
                <start>2023-08-15T15:05Z</start>
                <end>2023-08-15T15:06Z</end>
            </timeInterval>
            <resolution>PT1M</resolution>
            <Point>
                <position>1</position>
                <quantity>3.00</quantity>
            </Point>
        </Period>
    </TimeSeries>
    <TimeSeries>
        <mRID>554</mRID>
        <businessType>B33</businessType>
        <flowDirection.direction>A01</flowDirection.direction>
        <quantity_Measure_Unit.name>MAW</quantity_Measure_Unit.name>
        <curveType>A01</curveType>
        <Period>
            <timeInterval>
                <start>2023-08-15T15:06Z</start>
                <end>2023-08-15T15:07Z</end>
            </timeInterval>
            <resolution>PT1M</resolution>
            <Point>
                <position>1</position>
                <quantity>14.00</quantity>
            </Point>
        </Period>
    </TimeSeries>
    <TimeSeries>
        <mRID>555</mRID>
        <businessType>B33</businessType>
        <flowDirection.direction>A02</flowDirection.direction>
        <quantity_Measure_Unit.name>MAW</quantity_Measure_Unit.name>
        <curveType>A01</curveType>
        <Period>
            <timeInterval>
                <start>2023-08-15T15:07Z</start>
                <end>2023-08-15T15:09Z</end>
            </timeInterval>
            <resolution>PT1M</resolution>
            <Point>
                <position>1</position>
                <quantity>15.00</quantity>
            </Point>
            <Point>
                <position>2</position>
                <quantity>11.00</quantity>
            </Point>
        </Period>
    </TimeSeries>
    <TimeSeries>
        <mRID>556</mRID>
        <businessType>B33</businessType>
        <flowDirection.direction>A01</flowDirection.direction>
        <quantity_Measure_Unit.name>MAW</quantity_Measure_Unit.name>
        <curveType>A01</curveType>
        <Period>
            <timeInterval>
                <start>2023-08-15T15:09Z</start>
                <end>2023-08-15T15:10Z</end>
            </timeInterval>
            <resolution>PT1M</resolution>
            <Point>
                <position>1</position>
                <quantity>17.00</quantity>
            </Point>
        </Period>
    </TimeSeries>
    <TimeSeries>
        <mRID>557</mRID>
        <businessType>B33</businessType>
        <flowDirection.direction>A02</flowDirection.direction>
        <quantity_Measure_Unit.name>MAW</quantity_Measure_Unit.name>
        <curveType>A01</curveType>
        <Period>
            <timeInterval>
                <start>2023-08-15T15:10Z</start>
                <end>2023-08-15T15:13Z</end>
            </timeInterval>
            <resolution>PT1M</resolution>
            <Point>
                <position>1</position>
                <quantity>2.00</quantity>
            </Point>
            <Point>
                <position>2</position>
                <quantity>8.00</quantity>
            </Point>
            <Point>
                <position>3</position>
                <quantity>17.00</quantity>
            </Point>
        </Period>
    </TimeSeries>
    <TimeSeries>
        <mRID>558</mRID>
        <businessType>B33</businessType>
        <flowDirection.direction>A01</flowDirection.direction>
        <quantity_Measure_Unit.name>MAW</quantity_Measure_Unit.name>
        <curveType>A01</curveType>
        <Period>
            <timeInterval>
                <start>2023-08-15T15:13Z</start>
                <end>2023-08-15T15:14Z</end>
            </timeInterval>
            <resolution>PT1M</resolution>
            <Point>
                <position>1</position>
                <quantity>10.00</quantity>
            </Point>
        </Period>
    </TimeSeries>
    <TimeSeries>
        <mRID>559</mRID>
        <businessType>B33</businessType>
        <flowDirection.direction>A02</flowDirection.direction>
        <quantity_Measure_Unit.name>MAW</quantity_Measure_Unit.name>
        <curveType>A01</curveType>
        <Period>
            <timeInterval>
                <start>2023-08-15T15:14Z</start>
                <end>2023-08-15T15:15Z</end>
            </timeInterval>
            <resolution>PT1M</resolution>
            <Point>
                <position>1</position>
                <quantity>32.00</quantity>
            </Point>
        </Period>
    </TimeSeries>
    <TimeSeries>
        <mRID>560</mRID>
        <businessType>B33</businessType>
        <flowDirection.direction>A01</flowDirection.direction>
        <quantity_Measure_Unit.name>MAW</quantity_Measure_Unit.name>
        <curveType>A01</curveType>
        <Period>
            <timeInterval>
                <start>2023-08-15T15:15Z</start>
                <end>2023-08-15T15:18Z</end>
            </timeInterval>
            <resolution>PT1M</resolution>
            <Point>
                <position>1</position>
                <quantity>30.00</quantity>
            </Point>
            <Point>
                <position>2</position>
                <quantity>31.00</quantity>
            </Point>
            <Point>
                <position>3</position>
                <quantity>8.00</quantity>
            </Point>
        </Period>
    </TimeSeries>
    <TimeSeries>
        <mRID>561</mRID>
        <businessType>B33</businessType>
        <flowDirection.direction>A02</flowDirection.direction>
        <quantity_Measure_Unit.name>MAW</quantity_Measure_Unit.name>
        <curveType>A01</curveType>
        <Period>
            <timeInterval>
                <start>2023-08-15T15:18Z</start>
                <end>2023-08-15T15:19Z</end>
            </timeInterval>
            <resolution>PT1M</resolution>
            <Point>
                <position>1</position>
                <quantity>4.00</quantity>
            </Point>
        </Period>
    </TimeSeries>
    <TimeSeries>
        <mRID>562</mRID>
        <businessType>B33</businessType>
        <flowDirection.direction>A03</flowDirection.direction>
        <quantity_Measure_Unit.name>MAW</quantity_Measure_Unit.name>
        <curveType>A01</curveType>
        <Period>
            <timeInterval>
                <start>2023-08-15T15:19Z</start>
                <end>2023-08-15T15:20Z</end>
            </timeInterval>
            <resolution>PT1M</resolution>
            <Point>
                <position>1</position>
                <quantity>0.00</quantity>
            </Point>
        </Period>
    </TimeSeries>
    <TimeSeries>
        <mRID>563</mRID>
        <businessType>B33</businessType>
        <flowDirection.direction>A01</flowDirection.direction>
        <quantity_Measure_Unit.name>MAW</quantity_Measure_Unit.name>
        <curveType>A01</curveType>
        <Period>
            <timeInterval>
                <start>2023-08-15T15:20Z</start>
                <end>2023-08-15T15:22Z</end>
            </timeInterval>
            <resolution>PT1M</resolution>
            <Point>
                <position>1</position>
                <quantity>10.00</quantity>
            </Point>
            <Point>
                <position>2</position>
                <quantity>5.00</quantity>
            </Point>
        </Period>
    </TimeSeries>
    <TimeSeries>
        <mRID>564</mRID>
        <businessType>B33</businessType>
        <flowDirection.direction>A02</flowDirection.direction>
        <quantity_Measure_Unit.name>MAW</quantity_Measure_Unit.name>
        <curveType>A01</curveType>
        <Period>
            <timeInterval>
                <start>2023-08-15T15:22Z</start>
                <end>2023-08-15T15:23Z</end>
            </timeInterval>
            <resolution>PT1M</resolution>
            <Point>
                <position>1</position>
                <quantity>18.00</quantity>
            </Point>
        </Period>
    </TimeSeries>
    <TimeSeries>
        <mRID>565</mRID>
        <businessType>B33</businessType>
        <flowDirection.direction>A03</flowDirection.direction>
        <quantity_Measure_Unit.name>MAW</quantity_Measure_Unit.name>
        <curveType>A01</curveType>
        <Period>
            <timeInterval>
                <start>2023-08-15T15:23Z</start>
                <end>2023-08-15T15:24Z</end>
            </timeInterval>
            <resolution>PT1M</resolution>
            <Point>
                <position>1</position>
                <quantity>0.00</quantity>
            </Point>
        </Period>
    </TimeSeries>
    <TimeSeries>
        <mRID>566</mRID>
        <businessType>B33</businessType>
        <flowDirection.direction>A01</flowDirection.direction>
        <quantity_Measure_Unit.name>MAW</quantity_Measure_Unit.name>
        <curveType>A01</curveType>
        <Period>
            <timeInterval>
                <start>2023-08-15T15:24Z</start>
                <end>2023-08-15T15:25Z</end>
            </timeInterval>
            <resolution>PT1M</resolution>
            <Point>
                <position>1</position>
                <quantity>13.00</quantity>
            </Point>
        </Period>
    </TimeSeries>
    <TimeSeries>
        <mRID>567</mRID>
        <businessType>B33</businessType>
        <flowDirection.direction>A02</flowDirection.direction>
        <quantity_Measure_Unit.name>MAW</quantity_Measure_Unit.name>
        <curveType>A01</curveType>
        <Period>
            <timeInterval>
                <start>2023-08-15T15:25Z</start>
                <end>2023-08-15T15:27Z</end>
            </timeInterval>
            <resolution>PT1M</resolution>
            <Point>
                <position>1</position>
                <quantity>10.00</quantity>
            </Point>
            <Point>
                <position>2</position>
                <quantity>6.00</quantity>
            </Point>
        </Period>
    </TimeSeries>
    <TimeSeries>
        <mRID>568</mRID>
        <businessType>B33</businessType>
        <flowDirection.direction>A01</flowDirection.direction>
        <quantity_Measure_Unit.name>MAW</quantity_Measure_Unit.name>
        <curveType>A01</curveType>
        <Period>
            <timeInterval>
                <start>2023-08-15T15:27Z</start>
                <end>2023-08-15T15:29Z</end>
            </timeInterval>
            <resolution>PT1M</resolution>
            <Point>
                <position>1</position>
                <quantity>5.00</quantity>
            </Point>
            <Point>
                <position>2</position>
                <quantity>11.00</quantity>
            </Point>
        </Period>
    </TimeSeries>
    <TimeSeries>
        <mRID>569</mRID>
        <businessType>B33</businessType>
        <flowDirection.direction>A02</flowDirection.direction>
        <quantity_Measure_Unit.name>MAW</quantity_Measure_Unit.name>
        <curveType>A01</curveType>
        <Period>
            <timeInterval>
                <start>2023-08-15T15:29Z</start>
                <end>2023-08-15T15:31Z</end>
            </timeInterval>
            <resolution>PT1M</resolution>
            <Point>
                <position>1</position>
                <quantity>8.00</quantity>
            </Point>
            <Point>
                <position>2</position>
                <quantity>13.00</quantity>
            </Point>
        </Period>
    </TimeSeries>
    <TimeSeries>
        <mRID>570</mRID>
        <businessType>B33</businessType>
        <flowDirection.direction>A01</flowDirection.direction>
        <quantity_Measure_Unit.name>MAW</quantity_Measure_Unit.name>
        <curveType>A01</curveType>
        <Period>
            <timeInterval>
                <start>2023-08-15T15:31Z</start>
                <end>2023-08-15T15:32Z</end>
            </timeInterval>
            <resolution>PT1M</resolution>
            <Point>
                <position>1</position>
                <quantity>30.00</quantity>
            </Point>
        </Period>
    </TimeSeries>
    <TimeSeries>
        <mRID>571</mRID>
        <businessType>B33</businessType>
        <flowDirection.direction>A02</flowDirection.direction>
        <quantity_Measure_Unit.name>MAW</quantity_Measure_Unit.name>
        <curveType>A01</curveType>
        <Period>
            <timeInterval>
                <start>2023-08-15T15:32Z</start>
                <end>2023-08-15T15:33Z</end>
            </timeInterval>
            <resolution>PT1M</resolution>
            <Point>
                <position>1</position>
                <quantity>8.00</quantity>
            </Point>
        </Period>
    </TimeSeries>
    <TimeSeries>
        <mRID>572</mRID>
        <businessType>B33</businessType>
        <flowDirection.direction>A01</flowDirection.direction>
        <quantity_Measure_Unit.name>MAW</quantity_Measure_Unit.name>
        <curveType>A01</curveType>
        <Period>
            <timeInterval>
                <start>2023-08-15T15:33Z</start>
                <end>2023-08-15T15:34Z</end>
            </timeInterval>
            <resolution>PT1M</resolution>
            <Point>
                <position>1</position>
                <quantity>1.00</quantity>
            </Point>
        </Period>
    </TimeSeries>
    <TimeSeries>
        <mRID>573</mRID>
        <businessType>B33</businessType>
        <flowDirection.direction>A02</flowDirection.direction>
        <quantity_Measure_Unit.name>MAW</quantity_Measure_Unit.name>
        <curveType>A01</curveType>
        <Period>
            <timeInterval>
                <start>2023-08-15T15:34Z</start>
                <end>2023-08-15T15:36Z</end>
            </timeInterval>
            <resolution>PT1M</resolution>
            <Point>
                <position>1</position>
                <quantity>3.00</quantity>
            </Point>
            <Point>
                <position>2</position>
                <quantity>17.00</quantity>
            </Point>
        </Period>
    </TimeSeries>
    <TimeSeries>
        <mRID>574</mRID>
        <businessType>B33</businessType>
        <flowDirection.direction>A01</flowDirection.direction>
        <quantity_Measure_Unit.name>MAW</quantity_Measure_Unit.name>
        <curveType>A01</curveType>
        <Period>
            <timeInterval>
                <start>2023-08-15T15:36Z</start>
                <end>2023-08-15T15:38Z</end>
            </timeInterval>
            <resolution>PT1M</resolution>
            <Point>
                <position>1</position>
                <quantity>22.00</quantity>
            </Point>
            <Point>
                <position>2</position>
                <quantity>5.00</quantity>
            </Point>
        </Period>
    </TimeSeries>
    <TimeSeries>
        <mRID>575</mRID>
        <businessType>B33</businessType>
        <flowDirection.direction>A02</flowDirection.direction>
        <quantity_Measure_Unit.name>MAW</quantity_Measure_Unit.name>
        <curveType>A01</curveType>
        <Period>
            <timeInterval>
                <start>2023-08-15T15:38Z</start>
                <end>2023-08-15T15:39Z</end>
            </timeInterval>
            <resolution>PT1M</resolution>
            <Point>
                <position>1</position>
                <quantity>15.00</quantity>
            </Point>
        </Period>
    </TimeSeries>
    <TimeSeries>
        <mRID>576</mRID>
        <businessType>B33</businessType>
        <flowDirection.direction>A01</flowDirection.direction>
        <quantity_Measure_Unit.name>MAW</quantity_Measure_Unit.name>
        <curveType>A01</curveType>
        <Period>
            <timeInterval>
                <start>2023-08-15T15:39Z</start>
                <end>2023-08-15T15:40Z</end>
            </timeInterval>
            <resolution>PT1M</resolution>
            <Point>
                <position>1</position>
                <quantity>11.00</quantity>
            </Point>
        </Period>
    </TimeSeries>
    <TimeSeries>
        <mRID>577</mRID>
        <businessType>B33</businessType>
        <flowDirection.direction>A02</flowDirection.direction>
        <quantity_Measure_Unit.name>MAW</quantity_Measure_Unit.name>
        <curveType>A01</curveType>
        <Period>
            <timeInterval>
                <start>2023-08-15T15:40Z</start>
                <end>2023-08-15T15:43Z</end>
            </timeInterval>
            <resolution>PT1M</resolution>
            <Point>
                <position>1</position>
                <quantity>4.00</quantity>
            </Point>
            <Point>
                <position>2</position>
                <quantity>6.00</quantity>
            </Point>
            <Point>
                <position>3</position>
                <quantity>11.00</quantity>
            </Point>
        </Period>
    </TimeSeries>
    <TimeSeries>
        <mRID>578</mRID>
        <businessType>B33</businessType>
        <flowDirection.direction>A01</flowDirection.direction>
        <quantity_Measure_Unit.name>MAW</quantity_Measure_Unit.name>
        <curveType>A01</curveType>
        <Period>
            <timeInterval>
                <start>2023-08-15T15:43Z</start>
                <end>2023-08-15T15:44Z</end>
            </timeInterval>
            <resolution>PT1M</resolution>
            <Point>
                <position>1</position>
                <quantity>1.00</quantity>
            </Point>
        </Period>
    </TimeSeries>
    <TimeSeries>
        <mRID>579</mRID>
        <businessType>B33</businessType>
        <flowDirection.direction>A02</flowDirection.direction>
        <quantity_Measure_Unit.name>MAW</quantity_Measure_Unit.name>
        <curveType>A01</curveType>
        <Period>
            <timeInterval>
                <start>2023-08-15T15:44Z</start>
                <end>2023-08-15T15:45Z</end>
            </timeInterval>
            <resolution>PT1M</resolution>
            <Point>
                <position>1</position>
                <quantity>4.00</quantity>
            </Point>
        </Period>
    </TimeSeries>
    <TimeSeries>
        <mRID>580</mRID>
        <businessType>B33</businessType>
        <flowDirection.direction>A01</flowDirection.direction>
        <quantity_Measure_Unit.name>MAW</quantity_Measure_Unit.name>
        <curveType>A01</curveType>
        <Period>
            <timeInterval>
                <start>2023-08-15T15:45Z</start>
                <end>2023-08-15T15:47Z</end>
            </timeInterval>
            <resolution>PT1M</resolution>
            <Point>
                <position>1</position>
                <quantity>17.00</quantity>
            </Point>
            <Point>
                <position>2</position>
                <quantity>12.00</quantity>
            </Point>
        </Period>
    </TimeSeries>
    <TimeSeries>
        <mRID>581</mRID>
        <businessType>B33</businessType>
        <flowDirection.direction>A02</flowDirection.direction>
        <quantity_Measure_Unit.name>MAW</quantity_Measure_Unit.name>
        <curveType>A01</curveType>
        <Period>
            <timeInterval>
                <start>2023-08-15T15:47Z</start>
                <end>2023-08-15T15:50Z</end>
            </timeInterval>
            <resolution>PT1M</resolution>
            <Point>
                <position>1</position>
                <quantity>8.00</quantity>
            </Point>
            <Point>
                <position>2</position>
                <quantity>4.00</quantity>
            </Point>
            <Point>
                <position>3</position>
                <quantity>13.00</quantity>
            </Point>
        </Period>
    </TimeSeries>
    <TimeSeries>
        <mRID>582</mRID>
        <businessType>B33</businessType>
        <flowDirection.direction>A01</flowDirection.direction>
        <quantity_Measure_Unit.name>MAW</quantity_Measure_Unit.name>
        <curveType>A01</curveType>
        <Period>
            <timeInterval>
                <start>2023-08-15T15:50Z</start>
                <end>2023-08-15T15:54Z</end>
            </timeInterval>
            <resolution>PT1M</resolution>
            <Point>
                <position>1</position>
                <quantity>3.00</quantity>
            </Point>
            <Point>
                <position>2</position>
                <quantity>10.00</quantity>
            </Point>
            <Point>
                <position>3</position>
                <quantity>20.00</quantity>
            </Point>
            <Point>
                <position>4</position>
                <quantity>58.00</quantity>
            </Point>
        </Period>
    </TimeSeries>
    <TimeSeries>
        <mRID>583</mRID>
        <businessType>B33</businessType>
        <flowDirection.direction>A02</flowDirection.direction>
        <quantity_Measure_Unit.name>MAW</quantity_Measure_Unit.name>
        <curveType>A01</curveType>
        <Period>
            <timeInterval>
                <start>2023-08-15T15:54Z</start>
                <end>2023-08-15T15:56Z</end>
            </timeInterval>
            <resolution>PT1M</resolution>
            <Point>
                <position>1</position>
                <quantity>29.00</quantity>
            </Point>
            <Point>
                <position>2</position>
                <quantity>2.00</quantity>
            </Point>
        </Period>
    </TimeSeries>
    <TimeSeries>
        <mRID>584</mRID>
        <businessType>B33</businessType>
        <flowDirection.direction>A01</flowDirection.direction>
        <quantity_Measure_Unit.name>MAW</quantity_Measure_Unit.name>
        <curveType>A01</curveType>
        <Period>
            <timeInterval>
                <start>2023-08-15T15:56Z</start>
                <end>2023-08-15T15:59Z</end>
            </timeInterval>
            <resolution>PT1M</resolution>
            <Point>
                <position>1</position>
                <quantity>5.00</quantity>
            </Point>
            <Point>
                <position>2</position>
                <quantity>75.00</quantity>
            </Point>
            <Point>
                <position>3</position>
                <quantity>27.00</quantity>
            </Point>
        </Period>
    </TimeSeries>
    <TimeSeries>
        <mRID>585</mRID>
        <businessType>B33</businessType>
        <flowDirection.direction>A02</flowDirection.direction>
        <quantity_Measure_Unit.name>MAW</quantity_Measure_Unit.name>
        <curveType>A01</curveType>
        <Period>
            <timeInterval>
                <start>2023-08-15T15:59Z</start>
                <end>2023-08-15T16:03Z</end>
            </timeInterval>
            <resolution>PT1M</resolution>
            <Point>
                <position>1</position>
                <quantity>21.00</quantity>
            </Point>
            <Point>
                <position>2</position>
                <quantity>22.00</quantity>
            </Point>
            <Point>
                <position>3</position>
                <quantity>99.00</quantity>
            </Point>
            <Point>
                <position>4</position>
                <quantity>54.00</quantity>
            </Point>
        </Period>
    </TimeSeries>
    <TimeSeries>
        <mRID>586</mRID>
        <businessType>B33</businessType>
        <flowDirection.direction>A01</flowDirection.direction>
        <quantity_Measure_Unit.name>MAW</quantity_Measure_Unit.name>
        <curveType>A01</curveType>
        <Period>
            <timeInterval>
                <start>2023-08-15T16:03Z</start>
                <end>2023-08-15T16:04Z</end>
            </timeInterval>
            <resolution>PT1M</resolution>
            <Point>
                <position>1</position>
                <quantity>21.00</quantity>
            </Point>
        </Period>
    </TimeSeries>
    <TimeSeries>
        <mRID>587</mRID>
        <businessType>B33</businessType>
        <flowDirection.direction>A02</flowDirection.direction>
        <quantity_Measure_Unit.name>MAW</quantity_Measure_Unit.name>
        <curveType>A01</curveType>
        <Period>
            <timeInterval>
                <start>2023-08-15T16:04Z</start>
                <end>2023-08-15T16:05Z</end>
            </timeInterval>
            <resolution>PT1M</resolution>
            <Point>
                <position>1</position>
                <quantity>1.00</quantity>
            </Point>
        </Period>
    </TimeSeries>
    <TimeSeries>
        <mRID>588</mRID>
        <businessType>B33</businessType>
        <flowDirection.direction>A01</flowDirection.direction>
        <quantity_Measure_Unit.name>MAW</quantity_Measure_Unit.name>
        <curveType>A01</curveType>
        <Period>
            <timeInterval>
                <start>2023-08-15T16:05Z</start>
                <end>2023-08-15T16:06Z</end>
            </timeInterval>
            <resolution>PT1M</resolution>
            <Point>
                <position>1</position>
                <quantity>21.00</quantity>
            </Point>
        </Period>
    </TimeSeries>
    <TimeSeries>
        <mRID>589</mRID>
        <businessType>B33</businessType>
        <flowDirection.direction>A02</flowDirection.direction>
        <quantity_Measure_Unit.name>MAW</quantity_Measure_Unit.name>
        <curveType>A01</curveType>
        <Period>
            <timeInterval>
                <start>2023-08-15T16:06Z</start>
                <end>2023-08-15T16:08Z</end>
            </timeInterval>
            <resolution>PT1M</resolution>
            <Point>
                <position>1</position>
                <quantity>1.00</quantity>
            </Point>
            <Point>
                <position>2</position>
                <quantity>1.00</quantity>
            </Point>
        </Period>
    </TimeSeries>
    <TimeSeries>
        <mRID>590</mRID>
        <businessType>B33</businessType>
        <flowDirection.direction>A01</flowDirection.direction>
        <quantity_Measure_Unit.name>MAW</quantity_Measure_Unit.name>
        <curveType>A01</curveType>
        <Period>
            <timeInterval>
                <start>2023-08-15T16:08Z</start>
                <end>2023-08-15T16:12Z</end>
            </timeInterval>
            <resolution>PT1M</resolution>
            <Point>
                <position>1</position>
                <quantity>1.00</quantity>
            </Point>
            <Point>
                <position>2</position>
                <quantity>6.00</quantity>
            </Point>
            <Point>
                <position>3</position>
                <quantity>4.00</quantity>
            </Point>
            <Point>
                <position>4</position>
                <quantity>6.00</quantity>
            </Point>
        </Period>
    </TimeSeries>
    <TimeSeries>
        <mRID>591</mRID>
        <businessType>B33</businessType>
        <flowDirection.direction>A02</flowDirection.direction>
        <quantity_Measure_Unit.name>MAW</quantity_Measure_Unit.name>
        <curveType>A01</curveType>
        <Period>
            <timeInterval>
                <start>2023-08-15T16:12Z</start>
                <end>2023-08-15T16:14Z</end>
            </timeInterval>
            <resolution>PT1M</resolution>
            <Point>
                <position>1</position>
                <quantity>11.00</quantity>
            </Point>
            <Point>
                <position>2</position>
                <quantity>10.00</quantity>
            </Point>
        </Period>
    </TimeSeries>
    <TimeSeries>
        <mRID>592</mRID>
        <businessType>B33</businessType>
        <flowDirection.direction>A01</flowDirection.direction>
        <quantity_Measure_Unit.name>MAW</quantity_Measure_Unit.name>
        <curveType>A01</curveType>
        <Period>
            <timeInterval>
                <start>2023-08-15T16:14Z</start>
                <end>2023-08-15T16:17Z</end>
            </timeInterval>
            <resolution>PT1M</resolution>
            <Point>
                <position>1</position>
                <quantity>5.00</quantity>
            </Point>
            <Point>
                <position>2</position>
                <quantity>7.00</quantity>
            </Point>
            <Point>
                <position>3</position>
                <quantity>5.00</quantity>
            </Point>
        </Period>
    </TimeSeries>
    <TimeSeries>
        <mRID>593</mRID>
        <businessType>B33</businessType>
        <flowDirection.direction>A02</flowDirection.direction>
        <quantity_Measure_Unit.name>MAW</quantity_Measure_Unit.name>
        <curveType>A01</curveType>
        <Period>
            <timeInterval>
                <start>2023-08-15T16:17Z</start>
                <end>2023-08-15T16:19Z</end>
            </timeInterval>
            <resolution>PT1M</resolution>
            <Point>
                <position>1</position>
                <quantity>5.00</quantity>
            </Point>
            <Point>
                <position>2</position>
                <quantity>7.00</quantity>
            </Point>
        </Period>
    </TimeSeries>
    <TimeSeries>
        <mRID>594</mRID>
        <businessType>B33</businessType>
        <flowDirection.direction>A01</flowDirection.direction>
        <quantity_Measure_Unit.name>MAW</quantity_Measure_Unit.name>
        <curveType>A01</curveType>
        <Period>
            <timeInterval>
                <start>2023-08-15T16:19Z</start>
                <end>2023-08-15T16:21Z</end>
            </timeInterval>
            <resolution>PT1M</resolution>
            <Point>
                <position>1</position>
                <quantity>3.00</quantity>
            </Point>
            <Point>
                <position>2</position>
                <quantity>3.00</quantity>
            </Point>
        </Period>
    </TimeSeries>
    <TimeSeries>
        <mRID>595</mRID>
        <businessType>B33</businessType>
        <flowDirection.direction>A03</flowDirection.direction>
        <quantity_Measure_Unit.name>MAW</quantity_Measure_Unit.name>
        <curveType>A01</curveType>
        <Period>
            <timeInterval>
                <start>2023-08-15T16:21Z</start>
                <end>2023-08-15T16:22Z</end>
            </timeInterval>
            <resolution>PT1M</resolution>
            <Point>
                <position>1</position>
                <quantity>0.00</quantity>
            </Point>
        </Period>
    </TimeSeries>
    <TimeSeries>
        <mRID>596</mRID>
        <businessType>B33</businessType>
        <flowDirection.direction>A01</flowDirection.direction>
        <quantity_Measure_Unit.name>MAW</quantity_Measure_Unit.name>
        <curveType>A01</curveType>
        <Period>
            <timeInterval>
                <start>2023-08-15T16:22Z</start>
                <end>2023-08-15T16:23Z</end>
            </timeInterval>
            <resolution>PT1M</resolution>
            <Point>
                <position>1</position>
                <quantity>9.00</quantity>
            </Point>
        </Period>
    </TimeSeries>
    <TimeSeries>
        <mRID>597</mRID>
        <businessType>B33</businessType>
        <flowDirection.direction>A02</flowDirection.direction>
        <quantity_Measure_Unit.name>MAW</quantity_Measure_Unit.name>
        <curveType>A01</curveType>
        <Period>
            <timeInterval>
                <start>2023-08-15T16:23Z</start>
                <end>2023-08-15T16:25Z</end>
            </timeInterval>
            <resolution>PT1M</resolution>
            <Point>
                <position>1</position>
                <quantity>5.00</quantity>
            </Point>
            <Point>
                <position>2</position>
                <quantity>4.00</quantity>
            </Point>
        </Period>
    </TimeSeries>
    <TimeSeries>
        <mRID>598</mRID>
        <businessType>B33</businessType>
        <flowDirection.direction>A01</flowDirection.direction>
        <quantity_Measure_Unit.name>MAW</quantity_Measure_Unit.name>
        <curveType>A01</curveType>
        <Period>
            <timeInterval>
                <start>2023-08-15T16:25Z</start>
                <end>2023-08-15T16:27Z</end>
            </timeInterval>
            <resolution>PT1M</resolution>
            <Point>
                <position>1</position>
                <quantity>10.00</quantity>
            </Point>
            <Point>
                <position>2</position>
                <quantity>5.00</quantity>
            </Point>
        </Period>
    </TimeSeries>
    <TimeSeries>
        <mRID>599</mRID>
        <businessType>B33</businessType>
        <flowDirection.direction>A02</flowDirection.direction>
        <quantity_Measure_Unit.name>MAW</quantity_Measure_Unit.name>
        <curveType>A01</curveType>
        <Period>
            <timeInterval>
                <start>2023-08-15T16:27Z</start>
                <end>2023-08-15T16:28Z</end>
            </timeInterval>
            <resolution>PT1M</resolution>
            <Point>
                <position>1</position>
                <quantity>7.00</quantity>
            </Point>
        </Period>
    </TimeSeries>
    <TimeSeries>
        <mRID>600</mRID>
        <businessType>B33</businessType>
        <flowDirection.direction>A03</flowDirection.direction>
        <quantity_Measure_Unit.name>MAW</quantity_Measure_Unit.name>
        <curveType>A01</curveType>
        <Period>
            <timeInterval>
                <start>2023-08-15T16:28Z</start>
                <end>2023-08-15T16:29Z</end>
            </timeInterval>
            <resolution>PT1M</resolution>
            <Point>
                <position>1</position>
                <quantity>0.00</quantity>
            </Point>
        </Period>
    </TimeSeries>
    <TimeSeries>
        <mRID>601</mRID>
        <businessType>B33</businessType>
        <flowDirection.direction>A01</flowDirection.direction>
        <quantity_Measure_Unit.name>MAW</quantity_Measure_Unit.name>
        <curveType>A01</curveType>
        <Period>
            <timeInterval>
                <start>2023-08-15T16:29Z</start>
                <end>2023-08-15T16:31Z</end>
            </timeInterval>
            <resolution>PT1M</resolution>
            <Point>
                <position>1</position>
                <quantity>43.00</quantity>
            </Point>
            <Point>
                <position>2</position>
                <quantity>8.00</quantity>
            </Point>
        </Period>
    </TimeSeries>
    <TimeSeries>
        <mRID>602</mRID>
        <businessType>B33</businessType>
        <flowDirection.direction>A02</flowDirection.direction>
        <quantity_Measure_Unit.name>MAW</quantity_Measure_Unit.name>
        <curveType>A01</curveType>
        <Period>
            <timeInterval>
                <start>2023-08-15T16:31Z</start>
                <end>2023-08-15T16:33Z</end>
            </timeInterval>
            <resolution>PT1M</resolution>
            <Point>
                <position>1</position>
                <quantity>17.00</quantity>
            </Point>
            <Point>
                <position>2</position>
                <quantity>25.00</quantity>
            </Point>
        </Period>
    </TimeSeries>
    <TimeSeries>
        <mRID>603</mRID>
        <businessType>B33</businessType>
        <flowDirection.direction>A01</flowDirection.direction>
        <quantity_Measure_Unit.name>MAW</quantity_Measure_Unit.name>
        <curveType>A01</curveType>
        <Period>
            <timeInterval>
                <start>2023-08-15T16:33Z</start>
                <end>2023-08-15T16:35Z</end>
            </timeInterval>
            <resolution>PT1M</resolution>
            <Point>
                <position>1</position>
                <quantity>3.00</quantity>
            </Point>
            <Point>
                <position>2</position>
                <quantity>1.00</quantity>
            </Point>
        </Period>
    </TimeSeries>
    <TimeSeries>
        <mRID>604</mRID>
        <businessType>B33</businessType>
        <flowDirection.direction>A02</flowDirection.direction>
        <quantity_Measure_Unit.name>MAW</quantity_Measure_Unit.name>
        <curveType>A01</curveType>
        <Period>
            <timeInterval>
                <start>2023-08-15T16:35Z</start>
                <end>2023-08-15T16:37Z</end>
            </timeInterval>
            <resolution>PT1M</resolution>
            <Point>
                <position>1</position>
                <quantity>11.00</quantity>
            </Point>
            <Point>
                <position>2</position>
                <quantity>4.00</quantity>
            </Point>
        </Period>
    </TimeSeries>
    <TimeSeries>
        <mRID>605</mRID>
        <businessType>B33</businessType>
        <flowDirection.direction>A03</flowDirection.direction>
        <quantity_Measure_Unit.name>MAW</quantity_Measure_Unit.name>
        <curveType>A01</curveType>
        <Period>
            <timeInterval>
                <start>2023-08-15T16:37Z</start>
                <end>2023-08-15T16:38Z</end>
            </timeInterval>
            <resolution>PT1M</resolution>
            <Point>
                <position>1</position>
                <quantity>0.00</quantity>
            </Point>
        </Period>
    </TimeSeries>
    <TimeSeries>
        <mRID>606</mRID>
        <businessType>B33</businessType>
        <flowDirection.direction>A02</flowDirection.direction>
        <quantity_Measure_Unit.name>MAW</quantity_Measure_Unit.name>
        <curveType>A01</curveType>
        <Period>
            <timeInterval>
                <start>2023-08-15T16:38Z</start>
                <end>2023-08-15T16:39Z</end>
            </timeInterval>
            <resolution>PT1M</resolution>
            <Point>
                <position>1</position>
                <quantity>8.00</quantity>
            </Point>
        </Period>
    </TimeSeries>
    <TimeSeries>
        <mRID>607</mRID>
        <businessType>B33</businessType>
        <flowDirection.direction>A01</flowDirection.direction>
        <quantity_Measure_Unit.name>MAW</quantity_Measure_Unit.name>
        <curveType>A01</curveType>
        <Period>
            <timeInterval>
                <start>2023-08-15T16:39Z</start>
                <end>2023-08-15T16:46Z</end>
            </timeInterval>
            <resolution>PT1M</resolution>
            <Point>
                <position>1</position>
                <quantity>26.00</quantity>
            </Point>
            <Point>
                <position>2</position>
                <quantity>70.00</quantity>
            </Point>
            <Point>
                <position>3</position>
                <quantity>71.00</quantity>
            </Point>
            <Point>
                <position>4</position>
                <quantity>33.00</quantity>
            </Point>
            <Point>
                <position>5</position>
                <quantity>32.00</quantity>
            </Point>
            <Point>
                <position>6</position>
                <quantity>37.00</quantity>
            </Point>
            <Point>
                <position>7</position>
                <quantity>19.00</quantity>
            </Point>
        </Period>
    </TimeSeries>
    <TimeSeries>
        <mRID>608</mRID>
        <businessType>B33</businessType>
        <flowDirection.direction>A02</flowDirection.direction>
        <quantity_Measure_Unit.name>MAW</quantity_Measure_Unit.name>
        <curveType>A01</curveType>
        <Period>
            <timeInterval>
                <start>2023-08-15T16:46Z</start>
                <end>2023-08-15T16:49Z</end>
            </timeInterval>
            <resolution>PT1M</resolution>
            <Point>
                <position>1</position>
                <quantity>52.00</quantity>
            </Point>
            <Point>
                <position>2</position>
                <quantity>6.00</quantity>
            </Point>
            <Point>
                <position>3</position>
                <quantity>17.00</quantity>
            </Point>
        </Period>
    </TimeSeries>
    <TimeSeries>
        <mRID>609</mRID>
        <businessType>B33</businessType>
        <flowDirection.direction>A01</flowDirection.direction>
        <quantity_Measure_Unit.name>MAW</quantity_Measure_Unit.name>
        <curveType>A01</curveType>
        <Period>
            <timeInterval>
                <start>2023-08-15T16:49Z</start>
                <end>2023-08-15T16:51Z</end>
            </timeInterval>
            <resolution>PT1M</resolution>
            <Point>
                <position>1</position>
                <quantity>7.00</quantity>
            </Point>
            <Point>
                <position>2</position>
                <quantity>25.00</quantity>
            </Point>
        </Period>
    </TimeSeries>
    <TimeSeries>
        <mRID>610</mRID>
        <businessType>B33</businessType>
        <flowDirection.direction>A03</flowDirection.direction>
        <quantity_Measure_Unit.name>MAW</quantity_Measure_Unit.name>
        <curveType>A01</curveType>
        <Period>
            <timeInterval>
                <start>2023-08-15T16:51Z</start>
                <end>2023-08-15T16:52Z</end>
            </timeInterval>
            <resolution>PT1M</resolution>
            <Point>
                <position>1</position>
                <quantity>0.00</quantity>
            </Point>
        </Period>
    </TimeSeries>
    <TimeSeries>
        <mRID>611</mRID>
        <businessType>B33</businessType>
        <flowDirection.direction>A01</flowDirection.direction>
        <quantity_Measure_Unit.name>MAW</quantity_Measure_Unit.name>
        <curveType>A01</curveType>
        <Period>
            <timeInterval>
                <start>2023-08-15T16:52Z</start>
                <end>2023-08-15T16:54Z</end>
            </timeInterval>
            <resolution>PT1M</resolution>
            <Point>
                <position>1</position>
                <quantity>47.00</quantity>
            </Point>
            <Point>
                <position>2</position>
                <quantity>9.00</quantity>
            </Point>
        </Period>
    </TimeSeries>
    <TimeSeries>
        <mRID>612</mRID>
        <businessType>B33</businessType>
        <flowDirection.direction>A02</flowDirection.direction>
        <quantity_Measure_Unit.name>MAW</quantity_Measure_Unit.name>
        <curveType>A01</curveType>
        <Period>
            <timeInterval>
                <start>2023-08-15T16:54Z</start>
                <end>2023-08-15T16:56Z</end>
            </timeInterval>
            <resolution>PT1M</resolution>
            <Point>
                <position>1</position>
                <quantity>22.00</quantity>
            </Point>
            <Point>
                <position>2</position>
                <quantity>17.00</quantity>
            </Point>
        </Period>
    </TimeSeries>
    <TimeSeries>
        <mRID>613</mRID>
        <businessType>B33</businessType>
        <flowDirection.direction>A01</flowDirection.direction>
        <quantity_Measure_Unit.name>MAW</quantity_Measure_Unit.name>
        <curveType>A01</curveType>
        <Period>
            <timeInterval>
                <start>2023-08-15T16:56Z</start>
                <end>2023-08-15T16:57Z</end>
            </timeInterval>
            <resolution>PT1M</resolution>
            <Point>
                <position>1</position>
                <quantity>49.00</quantity>
            </Point>
        </Period>
    </TimeSeries>
    <TimeSeries>
        <mRID>614</mRID>
        <businessType>B33</businessType>
        <flowDirection.direction>A02</flowDirection.direction>
        <quantity_Measure_Unit.name>MAW</quantity_Measure_Unit.name>
        <curveType>A01</curveType>
        <Period>
            <timeInterval>
                <start>2023-08-15T16:57Z</start>
                <end>2023-08-15T17:01Z</end>
            </timeInterval>
            <resolution>PT1M</resolution>
            <Point>
                <position>1</position>
                <quantity>20.00</quantity>
            </Point>
            <Point>
                <position>2</position>
                <quantity>39.00</quantity>
            </Point>
            <Point>
                <position>3</position>
                <quantity>51.00</quantity>
            </Point>
            <Point>
                <position>4</position>
                <quantity>5.00</quantity>
            </Point>
        </Period>
    </TimeSeries>
    <TimeSeries>
        <mRID>615</mRID>
        <businessType>B33</businessType>
        <flowDirection.direction>A01</flowDirection.direction>
        <quantity_Measure_Unit.name>MAW</quantity_Measure_Unit.name>
        <curveType>A01</curveType>
        <Period>
            <timeInterval>
                <start>2023-08-15T17:01Z</start>
                <end>2023-08-15T17:03Z</end>
            </timeInterval>
            <resolution>PT1M</resolution>
            <Point>
                <position>1</position>
                <quantity>1.00</quantity>
            </Point>
            <Point>
                <position>2</position>
                <quantity>9.00</quantity>
            </Point>
        </Period>
    </TimeSeries>
    <TimeSeries>
        <mRID>616</mRID>
        <businessType>B33</businessType>
        <flowDirection.direction>A02</flowDirection.direction>
        <quantity_Measure_Unit.name>MAW</quantity_Measure_Unit.name>
        <curveType>A01</curveType>
        <Period>
            <timeInterval>
                <start>2023-08-15T17:03Z</start>
                <end>2023-08-15T17:05Z</end>
            </timeInterval>
            <resolution>PT1M</resolution>
            <Point>
                <position>1</position>
                <quantity>18.00</quantity>
            </Point>
            <Point>
                <position>2</position>
                <quantity>16.00</quantity>
            </Point>
        </Period>
    </TimeSeries>
    <TimeSeries>
        <mRID>617</mRID>
        <businessType>B33</businessType>
        <flowDirection.direction>A03</flowDirection.direction>
        <quantity_Measure_Unit.name>MAW</quantity_Measure_Unit.name>
        <curveType>A01</curveType>
        <Period>
            <timeInterval>
                <start>2023-08-15T17:05Z</start>
                <end>2023-08-15T17:06Z</end>
            </timeInterval>
            <resolution>PT1M</resolution>
            <Point>
                <position>1</position>
                <quantity>0.00</quantity>
            </Point>
        </Period>
    </TimeSeries>
    <TimeSeries>
        <mRID>618</mRID>
        <businessType>B33</businessType>
        <flowDirection.direction>A02</flowDirection.direction>
        <quantity_Measure_Unit.name>MAW</quantity_Measure_Unit.name>
        <curveType>A01</curveType>
        <Period>
            <timeInterval>
                <start>2023-08-15T17:06Z</start>
                <end>2023-08-15T17:08Z</end>
            </timeInterval>
            <resolution>PT1M</resolution>
            <Point>
                <position>1</position>
                <quantity>15.00</quantity>
            </Point>
            <Point>
                <position>2</position>
                <quantity>26.00</quantity>
            </Point>
        </Period>
    </TimeSeries>
    <TimeSeries>
        <mRID>619</mRID>
        <businessType>B33</businessType>
        <flowDirection.direction>A01</flowDirection.direction>
        <quantity_Measure_Unit.name>MAW</quantity_Measure_Unit.name>
        <curveType>A01</curveType>
        <Period>
            <timeInterval>
                <start>2023-08-15T17:08Z</start>
                <end>2023-08-15T17:09Z</end>
            </timeInterval>
            <resolution>PT1M</resolution>
            <Point>
                <position>1</position>
                <quantity>18.00</quantity>
            </Point>
        </Period>
    </TimeSeries>
    <TimeSeries>
        <mRID>620</mRID>
        <businessType>B33</businessType>
        <flowDirection.direction>A02</flowDirection.direction>
        <quantity_Measure_Unit.name>MAW</quantity_Measure_Unit.name>
        <curveType>A01</curveType>
        <Period>
            <timeInterval>
                <start>2023-08-15T17:09Z</start>
                <end>2023-08-15T17:10Z</end>
            </timeInterval>
            <resolution>PT1M</resolution>
            <Point>
                <position>1</position>
                <quantity>32.00</quantity>
            </Point>
        </Period>
    </TimeSeries>
    <TimeSeries>
        <mRID>621</mRID>
        <businessType>B33</businessType>
        <flowDirection.direction>A01</flowDirection.direction>
        <quantity_Measure_Unit.name>MAW</quantity_Measure_Unit.name>
        <curveType>A01</curveType>
        <Period>
            <timeInterval>
                <start>2023-08-15T17:10Z</start>
                <end>2023-08-15T17:12Z</end>
            </timeInterval>
            <resolution>PT1M</resolution>
            <Point>
                <position>1</position>
                <quantity>8.00</quantity>
            </Point>
            <Point>
                <position>2</position>
                <quantity>31.00</quantity>
            </Point>
        </Period>
    </TimeSeries>
    <TimeSeries>
        <mRID>622</mRID>
        <businessType>B33</businessType>
        <flowDirection.direction>A02</flowDirection.direction>
        <quantity_Measure_Unit.name>MAW</quantity_Measure_Unit.name>
        <curveType>A01</curveType>
        <Period>
            <timeInterval>
                <start>2023-08-15T17:12Z</start>
                <end>2023-08-15T17:14Z</end>
            </timeInterval>
            <resolution>PT1M</resolution>
            <Point>
                <position>1</position>
                <quantity>20.00</quantity>
            </Point>
            <Point>
                <position>2</position>
                <quantity>17.00</quantity>
            </Point>
        </Period>
    </TimeSeries>
    <TimeSeries>
        <mRID>623</mRID>
        <businessType>B33</businessType>
        <flowDirection.direction>A01</flowDirection.direction>
        <quantity_Measure_Unit.name>MAW</quantity_Measure_Unit.name>
        <curveType>A01</curveType>
        <Period>
            <timeInterval>
                <start>2023-08-15T17:14Z</start>
                <end>2023-08-15T17:15Z</end>
            </timeInterval>
            <resolution>PT1M</resolution>
            <Point>
                <position>1</position>
                <quantity>14.00</quantity>
            </Point>
        </Period>
    </TimeSeries>
    <TimeSeries>
        <mRID>624</mRID>
        <businessType>B33</businessType>
        <flowDirection.direction>A02</flowDirection.direction>
        <quantity_Measure_Unit.name>MAW</quantity_Measure_Unit.name>
        <curveType>A01</curveType>
        <Period>
            <timeInterval>
                <start>2023-08-15T17:15Z</start>
                <end>2023-08-15T17:17Z</end>
            </timeInterval>
            <resolution>PT1M</resolution>
            <Point>
                <position>1</position>
                <quantity>34.00</quantity>
            </Point>
            <Point>
                <position>2</position>
                <quantity>11.00</quantity>
            </Point>
        </Period>
    </TimeSeries>
    <TimeSeries>
        <mRID>625</mRID>
        <businessType>B33</businessType>
        <flowDirection.direction>A01</flowDirection.direction>
        <quantity_Measure_Unit.name>MAW</quantity_Measure_Unit.name>
        <curveType>A01</curveType>
        <Period>
            <timeInterval>
                <start>2023-08-15T17:17Z</start>
                <end>2023-08-15T17:18Z</end>
            </timeInterval>
            <resolution>PT1M</resolution>
            <Point>
                <position>1</position>
                <quantity>8.00</quantity>
            </Point>
        </Period>
    </TimeSeries>
    <TimeSeries>
        <mRID>626</mRID>
        <businessType>B33</businessType>
        <flowDirection.direction>A02</flowDirection.direction>
        <quantity_Measure_Unit.name>MAW</quantity_Measure_Unit.name>
        <curveType>A01</curveType>
        <Period>
            <timeInterval>
                <start>2023-08-15T17:18Z</start>
                <end>2023-08-15T17:20Z</end>
            </timeInterval>
            <resolution>PT1M</resolution>
            <Point>
                <position>1</position>
                <quantity>11.00</quantity>
            </Point>
            <Point>
                <position>2</position>
                <quantity>21.00</quantity>
            </Point>
        </Period>
    </TimeSeries>
    <TimeSeries>
        <mRID>627</mRID>
        <businessType>B33</businessType>
        <flowDirection.direction>A01</flowDirection.direction>
        <quantity_Measure_Unit.name>MAW</quantity_Measure_Unit.name>
        <curveType>A01</curveType>
        <Period>
            <timeInterval>
                <start>2023-08-15T17:20Z</start>
                <end>2023-08-15T17:22Z</end>
            </timeInterval>
            <resolution>PT1M</resolution>
            <Point>
                <position>1</position>
                <quantity>7.00</quantity>
            </Point>
            <Point>
                <position>2</position>
                <quantity>43.00</quantity>
            </Point>
        </Period>
    </TimeSeries>
    <TimeSeries>
        <mRID>628</mRID>
        <businessType>B33</businessType>
        <flowDirection.direction>A02</flowDirection.direction>
        <quantity_Measure_Unit.name>MAW</quantity_Measure_Unit.name>
        <curveType>A01</curveType>
        <Period>
            <timeInterval>
                <start>2023-08-15T17:22Z</start>
                <end>2023-08-15T17:25Z</end>
            </timeInterval>
            <resolution>PT1M</resolution>
            <Point>
                <position>1</position>
                <quantity>2.00</quantity>
            </Point>
            <Point>
                <position>2</position>
                <quantity>24.00</quantity>
            </Point>
            <Point>
                <position>3</position>
                <quantity>11.00</quantity>
            </Point>
        </Period>
    </TimeSeries>
    <TimeSeries>
        <mRID>629</mRID>
        <businessType>B33</businessType>
        <flowDirection.direction>A01</flowDirection.direction>
        <quantity_Measure_Unit.name>MAW</quantity_Measure_Unit.name>
        <curveType>A01</curveType>
        <Period>
            <timeInterval>
                <start>2023-08-15T17:25Z</start>
                <end>2023-08-15T17:26Z</end>
            </timeInterval>
            <resolution>PT1M</resolution>
            <Point>
                <position>1</position>
                <quantity>36.00</quantity>
            </Point>
        </Period>
    </TimeSeries>
    <TimeSeries>
        <mRID>630</mRID>
        <businessType>B33</businessType>
        <flowDirection.direction>A02</flowDirection.direction>
        <quantity_Measure_Unit.name>MAW</quantity_Measure_Unit.name>
        <curveType>A01</curveType>
        <Period>
            <timeInterval>
                <start>2023-08-15T17:26Z</start>
                <end>2023-08-15T17:27Z</end>
            </timeInterval>
            <resolution>PT1M</resolution>
            <Point>
                <position>1</position>
                <quantity>25.00</quantity>
            </Point>
        </Period>
    </TimeSeries>
    <TimeSeries>
        <mRID>631</mRID>
        <businessType>B33</businessType>
        <flowDirection.direction>A01</flowDirection.direction>
        <quantity_Measure_Unit.name>MAW</quantity_Measure_Unit.name>
        <curveType>A01</curveType>
        <Period>
            <timeInterval>
                <start>2023-08-15T17:27Z</start>
                <end>2023-08-15T17:28Z</end>
            </timeInterval>
            <resolution>PT1M</resolution>
            <Point>
                <position>1</position>
                <quantity>22.00</quantity>
            </Point>
        </Period>
    </TimeSeries>
    <TimeSeries>
        <mRID>632</mRID>
        <businessType>B33</businessType>
        <flowDirection.direction>A02</flowDirection.direction>
        <quantity_Measure_Unit.name>MAW</quantity_Measure_Unit.name>
        <curveType>A01</curveType>
        <Period>
            <timeInterval>
                <start>2023-08-15T17:28Z</start>
                <end>2023-08-15T17:30Z</end>
            </timeInterval>
            <resolution>PT1M</resolution>
            <Point>
                <position>1</position>
                <quantity>53.00</quantity>
            </Point>
            <Point>
                <position>2</position>
                <quantity>2.00</quantity>
            </Point>
        </Period>
    </TimeSeries>
    <TimeSeries>
        <mRID>633</mRID>
        <businessType>B33</businessType>
        <flowDirection.direction>A01</flowDirection.direction>
        <quantity_Measure_Unit.name>MAW</quantity_Measure_Unit.name>
        <curveType>A01</curveType>
        <Period>
            <timeInterval>
                <start>2023-08-15T17:30Z</start>
                <end>2023-08-15T17:33Z</end>
            </timeInterval>
            <resolution>PT1M</resolution>
            <Point>
                <position>1</position>
                <quantity>39.00</quantity>
            </Point>
            <Point>
                <position>2</position>
                <quantity>31.00</quantity>
            </Point>
            <Point>
                <position>3</position>
                <quantity>26.00</quantity>
            </Point>
        </Period>
    </TimeSeries>
    <TimeSeries>
        <mRID>634</mRID>
        <businessType>B33</businessType>
        <flowDirection.direction>A02</flowDirection.direction>
        <quantity_Measure_Unit.name>MAW</quantity_Measure_Unit.name>
        <curveType>A01</curveType>
        <Period>
            <timeInterval>
                <start>2023-08-15T17:33Z</start>
                <end>2023-08-15T17:35Z</end>
            </timeInterval>
            <resolution>PT1M</resolution>
            <Point>
                <position>1</position>
                <quantity>39.00</quantity>
            </Point>
            <Point>
                <position>2</position>
                <quantity>14.00</quantity>
            </Point>
        </Period>
    </TimeSeries>
    <TimeSeries>
        <mRID>635</mRID>
        <businessType>B33</businessType>
        <flowDirection.direction>A01</flowDirection.direction>
        <quantity_Measure_Unit.name>MAW</quantity_Measure_Unit.name>
        <curveType>A01</curveType>
        <Period>
            <timeInterval>
                <start>2023-08-15T17:35Z</start>
                <end>2023-08-15T17:38Z</end>
            </timeInterval>
            <resolution>PT1M</resolution>
            <Point>
                <position>1</position>
                <quantity>18.00</quantity>
            </Point>
            <Point>
                <position>2</position>
                <quantity>32.00</quantity>
            </Point>
            <Point>
                <position>3</position>
                <quantity>19.00</quantity>
            </Point>
        </Period>
    </TimeSeries>
    <TimeSeries>
        <mRID>636</mRID>
        <businessType>B33</businessType>
        <flowDirection.direction>A02</flowDirection.direction>
        <quantity_Measure_Unit.name>MAW</quantity_Measure_Unit.name>
        <curveType>A01</curveType>
        <Period>
            <timeInterval>
                <start>2023-08-15T17:38Z</start>
                <end>2023-08-15T17:39Z</end>
            </timeInterval>
            <resolution>PT1M</resolution>
            <Point>
                <position>1</position>
                <quantity>38.00</quantity>
            </Point>
        </Period>
    </TimeSeries>
    <TimeSeries>
        <mRID>637</mRID>
        <businessType>B33</businessType>
        <flowDirection.direction>A01</flowDirection.direction>
        <quantity_Measure_Unit.name>MAW</quantity_Measure_Unit.name>
        <curveType>A01</curveType>
        <Period>
            <timeInterval>
                <start>2023-08-15T17:39Z</start>
                <end>2023-08-15T17:41Z</end>
            </timeInterval>
            <resolution>PT1M</resolution>
            <Point>
                <position>1</position>
                <quantity>52.00</quantity>
            </Point>
            <Point>
                <position>2</position>
                <quantity>3.00</quantity>
            </Point>
        </Period>
    </TimeSeries>
    <TimeSeries>
        <mRID>638</mRID>
        <businessType>B33</businessType>
        <flowDirection.direction>A02</flowDirection.direction>
        <quantity_Measure_Unit.name>MAW</quantity_Measure_Unit.name>
        <curveType>A01</curveType>
        <Period>
            <timeInterval>
                <start>2023-08-15T17:41Z</start>
                <end>2023-08-15T17:42Z</end>
            </timeInterval>
            <resolution>PT1M</resolution>
            <Point>
                <position>1</position>
                <quantity>38.00</quantity>
            </Point>
        </Period>
    </TimeSeries>
    <TimeSeries>
        <mRID>639</mRID>
        <businessType>B33</businessType>
        <flowDirection.direction>A01</flowDirection.direction>
        <quantity_Measure_Unit.name>MAW</quantity_Measure_Unit.name>
        <curveType>A01</curveType>
        <Period>
            <timeInterval>
                <start>2023-08-15T17:42Z</start>
                <end>2023-08-15T17:43Z</end>
            </timeInterval>
            <resolution>PT1M</resolution>
            <Point>
                <position>1</position>
                <quantity>101.00</quantity>
            </Point>
        </Period>
    </TimeSeries>
    <TimeSeries>
        <mRID>640</mRID>
        <businessType>B33</businessType>
        <flowDirection.direction>A02</flowDirection.direction>
        <quantity_Measure_Unit.name>MAW</quantity_Measure_Unit.name>
        <curveType>A01</curveType>
        <Period>
            <timeInterval>
                <start>2023-08-15T17:43Z</start>
                <end>2023-08-15T17:44Z</end>
            </timeInterval>
            <resolution>PT1M</resolution>
            <Point>
                <position>1</position>
                <quantity>49.00</quantity>
            </Point>
        </Period>
    </TimeSeries>
    <TimeSeries>
        <mRID>641</mRID>
        <businessType>B33</businessType>
        <flowDirection.direction>A01</flowDirection.direction>
        <quantity_Measure_Unit.name>MAW</quantity_Measure_Unit.name>
        <curveType>A01</curveType>
        <Period>
            <timeInterval>
                <start>2023-08-15T17:44Z</start>
                <end>2023-08-15T17:47Z</end>
            </timeInterval>
            <resolution>PT1M</resolution>
            <Point>
                <position>1</position>
                <quantity>7.00</quantity>
            </Point>
            <Point>
                <position>2</position>
                <quantity>32.00</quantity>
            </Point>
            <Point>
                <position>3</position>
                <quantity>74.00</quantity>
            </Point>
        </Period>
    </TimeSeries>
    <TimeSeries>
        <mRID>642</mRID>
        <businessType>B33</businessType>
        <flowDirection.direction>A02</flowDirection.direction>
        <quantity_Measure_Unit.name>MAW</quantity_Measure_Unit.name>
        <curveType>A01</curveType>
        <Period>
            <timeInterval>
                <start>2023-08-15T17:47Z</start>
                <end>2023-08-15T17:49Z</end>
            </timeInterval>
            <resolution>PT1M</resolution>
            <Point>
                <position>1</position>
                <quantity>30.00</quantity>
            </Point>
            <Point>
                <position>2</position>
                <quantity>21.00</quantity>
            </Point>
        </Period>
    </TimeSeries>
    <TimeSeries>
        <mRID>643</mRID>
        <businessType>B33</businessType>
        <flowDirection.direction>A01</flowDirection.direction>
        <quantity_Measure_Unit.name>MAW</quantity_Measure_Unit.name>
        <curveType>A01</curveType>
        <Period>
            <timeInterval>
                <start>2023-08-15T17:49Z</start>
                <end>2023-08-15T17:52Z</end>
            </timeInterval>
            <resolution>PT1M</resolution>
            <Point>
                <position>1</position>
                <quantity>7.00</quantity>
            </Point>
            <Point>
                <position>2</position>
                <quantity>11.00</quantity>
            </Point>
            <Point>
                <position>3</position>
                <quantity>4.00</quantity>
            </Point>
        </Period>
    </TimeSeries>
    <TimeSeries>
        <mRID>644</mRID>
        <businessType>B33</businessType>
        <flowDirection.direction>A02</flowDirection.direction>
        <quantity_Measure_Unit.name>MAW</quantity_Measure_Unit.name>
        <curveType>A01</curveType>
        <Period>
            <timeInterval>
                <start>2023-08-15T17:52Z</start>
                <end>2023-08-15T17:54Z</end>
            </timeInterval>
            <resolution>PT1M</resolution>
            <Point>
                <position>1</position>
                <quantity>32.00</quantity>
            </Point>
            <Point>
                <position>2</position>
                <quantity>18.00</quantity>
            </Point>
        </Period>
    </TimeSeries>
    <TimeSeries>
        <mRID>645</mRID>
        <businessType>B33</businessType>
        <flowDirection.direction>A01</flowDirection.direction>
        <quantity_Measure_Unit.name>MAW</quantity_Measure_Unit.name>
        <curveType>A01</curveType>
        <Period>
            <timeInterval>
                <start>2023-08-15T17:54Z</start>
                <end>2023-08-15T17:55Z</end>
            </timeInterval>
            <resolution>PT1M</resolution>
            <Point>
                <position>1</position>
                <quantity>12.00</quantity>
            </Point>
        </Period>
    </TimeSeries>
    <TimeSeries>
        <mRID>646</mRID>
        <businessType>B33</businessType>
        <flowDirection.direction>A02</flowDirection.direction>
        <quantity_Measure_Unit.name>MAW</quantity_Measure_Unit.name>
        <curveType>A01</curveType>
        <Period>
            <timeInterval>
                <start>2023-08-15T17:55Z</start>
                <end>2023-08-15T17:56Z</end>
            </timeInterval>
            <resolution>PT1M</resolution>
            <Point>
                <position>1</position>
                <quantity>25.00</quantity>
            </Point>
        </Period>
    </TimeSeries>
    <TimeSeries>
        <mRID>647</mRID>
        <businessType>B33</businessType>
        <flowDirection.direction>A01</flowDirection.direction>
        <quantity_Measure_Unit.name>MAW</quantity_Measure_Unit.name>
        <curveType>A01</curveType>
        <Period>
            <timeInterval>
                <start>2023-08-15T17:56Z</start>
                <end>2023-08-15T17:57Z</end>
            </timeInterval>
            <resolution>PT1M</resolution>
            <Point>
                <position>1</position>
                <quantity>11.00</quantity>
            </Point>
        </Period>
    </TimeSeries>
    <TimeSeries>
        <mRID>648</mRID>
        <businessType>B33</businessType>
        <flowDirection.direction>A02</flowDirection.direction>
        <quantity_Measure_Unit.name>MAW</quantity_Measure_Unit.name>
        <curveType>A01</curveType>
        <Period>
            <timeInterval>
                <start>2023-08-15T17:57Z</start>
                <end>2023-08-15T17:58Z</end>
            </timeInterval>
            <resolution>PT1M</resolution>
            <Point>
                <position>1</position>
                <quantity>41.00</quantity>
            </Point>
        </Period>
    </TimeSeries>
    <TimeSeries>
        <mRID>649</mRID>
        <businessType>B33</businessType>
        <flowDirection.direction>A01</flowDirection.direction>
        <quantity_Measure_Unit.name>MAW</quantity_Measure_Unit.name>
        <curveType>A01</curveType>
        <Period>
            <timeInterval>
                <start>2023-08-15T17:58Z</start>
                <end>2023-08-15T18:01Z</end>
            </timeInterval>
            <resolution>PT1M</resolution>
            <Point>
                <position>1</position>
                <quantity>3.00</quantity>
            </Point>
            <Point>
                <position>2</position>
                <quantity>18.00</quantity>
            </Point>
            <Point>
                <position>3</position>
                <quantity>19.00</quantity>
            </Point>
        </Period>
    </TimeSeries>
    <TimeSeries>
        <mRID>650</mRID>
        <businessType>B33</businessType>
        <flowDirection.direction>A02</flowDirection.direction>
        <quantity_Measure_Unit.name>MAW</quantity_Measure_Unit.name>
        <curveType>A01</curveType>
        <Period>
            <timeInterval>
                <start>2023-08-15T18:01Z</start>
                <end>2023-08-15T18:03Z</end>
            </timeInterval>
            <resolution>PT1M</resolution>
            <Point>
                <position>1</position>
                <quantity>25.00</quantity>
            </Point>
            <Point>
                <position>2</position>
                <quantity>13.00</quantity>
            </Point>
        </Period>
    </TimeSeries>
    <TimeSeries>
        <mRID>651</mRID>
        <businessType>B33</businessType>
        <flowDirection.direction>A03</flowDirection.direction>
        <quantity_Measure_Unit.name>MAW</quantity_Measure_Unit.name>
        <curveType>A01</curveType>
        <Period>
            <timeInterval>
                <start>2023-08-15T18:03Z</start>
                <end>2023-08-15T18:04Z</end>
            </timeInterval>
            <resolution>PT1M</resolution>
            <Point>
                <position>1</position>
                <quantity>0.00</quantity>
            </Point>
        </Period>
    </TimeSeries>
    <TimeSeries>
        <mRID>652</mRID>
        <businessType>B33</businessType>
        <flowDirection.direction>A02</flowDirection.direction>
        <quantity_Measure_Unit.name>MAW</quantity_Measure_Unit.name>
        <curveType>A01</curveType>
        <Period>
            <timeInterval>
                <start>2023-08-15T18:04Z</start>
                <end>2023-08-15T18:05Z</end>
            </timeInterval>
            <resolution>PT1M</resolution>
            <Point>
                <position>1</position>
                <quantity>19.00</quantity>
            </Point>
        </Period>
    </TimeSeries>
    <TimeSeries>
        <mRID>653</mRID>
        <businessType>B33</businessType>
        <flowDirection.direction>A01</flowDirection.direction>
        <quantity_Measure_Unit.name>MAW</quantity_Measure_Unit.name>
        <curveType>A01</curveType>
        <Period>
            <timeInterval>
                <start>2023-08-15T18:05Z</start>
                <end>2023-08-15T18:06Z</end>
            </timeInterval>
            <resolution>PT1M</resolution>
            <Point>
                <position>1</position>
                <quantity>7.00</quantity>
            </Point>
        </Period>
    </TimeSeries>
    <TimeSeries>
        <mRID>654</mRID>
        <businessType>B33</businessType>
        <flowDirection.direction>A02</flowDirection.direction>
        <quantity_Measure_Unit.name>MAW</quantity_Measure_Unit.name>
        <curveType>A01</curveType>
        <Period>
            <timeInterval>
                <start>2023-08-15T18:06Z</start>
                <end>2023-08-15T18:07Z</end>
            </timeInterval>
            <resolution>PT1M</resolution>
            <Point>
                <position>1</position>
                <quantity>9.00</quantity>
            </Point>
        </Period>
    </TimeSeries>
    <TimeSeries>
        <mRID>655</mRID>
        <businessType>B33</businessType>
        <flowDirection.direction>A01</flowDirection.direction>
        <quantity_Measure_Unit.name>MAW</quantity_Measure_Unit.name>
        <curveType>A01</curveType>
        <Period>
            <timeInterval>
                <start>2023-08-15T18:07Z</start>
                <end>2023-08-15T18:08Z</end>
            </timeInterval>
            <resolution>PT1M</resolution>
            <Point>
                <position>1</position>
                <quantity>12.00</quantity>
            </Point>
        </Period>
    </TimeSeries>
    <TimeSeries>
        <mRID>656</mRID>
        <businessType>B33</businessType>
        <flowDirection.direction>A02</flowDirection.direction>
        <quantity_Measure_Unit.name>MAW</quantity_Measure_Unit.name>
        <curveType>A01</curveType>
        <Period>
            <timeInterval>
                <start>2023-08-15T18:08Z</start>
                <end>2023-08-15T18:10Z</end>
            </timeInterval>
            <resolution>PT1M</resolution>
            <Point>
                <position>1</position>
                <quantity>9.00</quantity>
            </Point>
            <Point>
                <position>2</position>
                <quantity>9.00</quantity>
            </Point>
        </Period>
    </TimeSeries>
    <TimeSeries>
        <mRID>657</mRID>
        <businessType>B33</businessType>
        <flowDirection.direction>A01</flowDirection.direction>
        <quantity_Measure_Unit.name>MAW</quantity_Measure_Unit.name>
        <curveType>A01</curveType>
        <Period>
            <timeInterval>
                <start>2023-08-15T18:10Z</start>
                <end>2023-08-15T18:13Z</end>
            </timeInterval>
            <resolution>PT1M</resolution>
            <Point>
                <position>1</position>
                <quantity>6.00</quantity>
            </Point>
            <Point>
                <position>2</position>
                <quantity>22.00</quantity>
            </Point>
            <Point>
                <position>3</position>
                <quantity>5.00</quantity>
            </Point>
        </Period>
    </TimeSeries>
    <TimeSeries>
        <mRID>658</mRID>
        <businessType>B33</businessType>
        <flowDirection.direction>A02</flowDirection.direction>
        <quantity_Measure_Unit.name>MAW</quantity_Measure_Unit.name>
        <curveType>A01</curveType>
        <Period>
            <timeInterval>
                <start>2023-08-15T18:13Z</start>
                <end>2023-08-15T18:14Z</end>
            </timeInterval>
            <resolution>PT1M</resolution>
            <Point>
                <position>1</position>
                <quantity>18.00</quantity>
            </Point>
        </Period>
    </TimeSeries>
    <TimeSeries>
        <mRID>659</mRID>
        <businessType>B33</businessType>
        <flowDirection.direction>A01</flowDirection.direction>
        <quantity_Measure_Unit.name>MAW</quantity_Measure_Unit.name>
        <curveType>A01</curveType>
        <Period>
            <timeInterval>
                <start>2023-08-15T18:14Z</start>
                <end>2023-08-15T18:15Z</end>
            </timeInterval>
            <resolution>PT1M</resolution>
            <Point>
                <position>1</position>
                <quantity>8.00</quantity>
            </Point>
        </Period>
    </TimeSeries>
    <TimeSeries>
        <mRID>660</mRID>
        <businessType>B33</businessType>
        <flowDirection.direction>A02</flowDirection.direction>
        <quantity_Measure_Unit.name>MAW</quantity_Measure_Unit.name>
        <curveType>A01</curveType>
        <Period>
            <timeInterval>
                <start>2023-08-15T18:15Z</start>
                <end>2023-08-15T18:18Z</end>
            </timeInterval>
            <resolution>PT1M</resolution>
            <Point>
                <position>1</position>
                <quantity>4.00</quantity>
            </Point>
            <Point>
                <position>2</position>
                <quantity>20.00</quantity>
            </Point>
            <Point>
                <position>3</position>
                <quantity>12.00</quantity>
            </Point>
        </Period>
    </TimeSeries>
    <TimeSeries>
        <mRID>661</mRID>
        <businessType>B33</businessType>
        <flowDirection.direction>A01</flowDirection.direction>
        <quantity_Measure_Unit.name>MAW</quantity_Measure_Unit.name>
        <curveType>A01</curveType>
        <Period>
            <timeInterval>
                <start>2023-08-15T18:18Z</start>
                <end>2023-08-15T18:19Z</end>
            </timeInterval>
            <resolution>PT1M</resolution>
            <Point>
                <position>1</position>
                <quantity>4.00</quantity>
            </Point>
        </Period>
    </TimeSeries>
    <TimeSeries>
        <mRID>662</mRID>
        <businessType>B33</businessType>
        <flowDirection.direction>A02</flowDirection.direction>
        <quantity_Measure_Unit.name>MAW</quantity_Measure_Unit.name>
        <curveType>A01</curveType>
        <Period>
            <timeInterval>
                <start>2023-08-15T18:19Z</start>
                <end>2023-08-15T18:20Z</end>
            </timeInterval>
            <resolution>PT1M</resolution>
            <Point>
                <position>1</position>
                <quantity>21.00</quantity>
            </Point>
        </Period>
    </TimeSeries>
    <TimeSeries>
        <mRID>663</mRID>
        <businessType>B33</businessType>
        <flowDirection.direction>A01</flowDirection.direction>
        <quantity_Measure_Unit.name>MAW</quantity_Measure_Unit.name>
        <curveType>A01</curveType>
        <Period>
            <timeInterval>
                <start>2023-08-15T18:20Z</start>
                <end>2023-08-15T18:24Z</end>
            </timeInterval>
            <resolution>PT1M</resolution>
            <Point>
                <position>1</position>
                <quantity>8.00</quantity>
            </Point>
            <Point>
                <position>2</position>
                <quantity>20.00</quantity>
            </Point>
            <Point>
                <position>3</position>
                <quantity>4.00</quantity>
            </Point>
            <Point>
                <position>4</position>
                <quantity>7.00</quantity>
            </Point>
        </Period>
    </TimeSeries>
    <TimeSeries>
        <mRID>664</mRID>
        <businessType>B33</businessType>
        <flowDirection.direction>A02</flowDirection.direction>
        <quantity_Measure_Unit.name>MAW</quantity_Measure_Unit.name>
        <curveType>A01</curveType>
        <Period>
            <timeInterval>
                <start>2023-08-15T18:24Z</start>
                <end>2023-08-15T18:25Z</end>
            </timeInterval>
            <resolution>PT1M</resolution>
            <Point>
                <position>1</position>
                <quantity>3.00</quantity>
            </Point>
        </Period>
    </TimeSeries>
    <TimeSeries>
        <mRID>665</mRID>
        <businessType>B33</businessType>
        <flowDirection.direction>A01</flowDirection.direction>
        <quantity_Measure_Unit.name>MAW</quantity_Measure_Unit.name>
        <curveType>A01</curveType>
        <Period>
            <timeInterval>
                <start>2023-08-15T18:25Z</start>
                <end>2023-08-15T18:26Z</end>
            </timeInterval>
            <resolution>PT1M</resolution>
            <Point>
                <position>1</position>
                <quantity>3.00</quantity>
            </Point>
        </Period>
    </TimeSeries>
    <TimeSeries>
        <mRID>666</mRID>
        <businessType>B33</businessType>
        <flowDirection.direction>A02</flowDirection.direction>
        <quantity_Measure_Unit.name>MAW</quantity_Measure_Unit.name>
        <curveType>A01</curveType>
        <Period>
            <timeInterval>
                <start>2023-08-15T18:26Z</start>
                <end>2023-08-15T18:31Z</end>
            </timeInterval>
            <resolution>PT1M</resolution>
            <Point>
                <position>1</position>
                <quantity>1.00</quantity>
            </Point>
            <Point>
                <position>2</position>
                <quantity>28.00</quantity>
            </Point>
            <Point>
                <position>3</position>
                <quantity>28.00</quantity>
            </Point>
            <Point>
                <position>4</position>
                <quantity>4.00</quantity>
            </Point>
            <Point>
                <position>5</position>
                <quantity>44.00</quantity>
            </Point>
        </Period>
    </TimeSeries>
    <TimeSeries>
        <mRID>667</mRID>
        <businessType>B33</businessType>
        <flowDirection.direction>A01</flowDirection.direction>
        <quantity_Measure_Unit.name>MAW</quantity_Measure_Unit.name>
        <curveType>A01</curveType>
        <Period>
            <timeInterval>
                <start>2023-08-15T18:31Z</start>
                <end>2023-08-15T18:34Z</end>
            </timeInterval>
            <resolution>PT1M</resolution>
            <Point>
                <position>1</position>
                <quantity>31.00</quantity>
            </Point>
            <Point>
                <position>2</position>
                <quantity>25.00</quantity>
            </Point>
            <Point>
                <position>3</position>
                <quantity>15.00</quantity>
            </Point>
        </Period>
    </TimeSeries>
    <TimeSeries>
        <mRID>668</mRID>
        <businessType>B33</businessType>
        <flowDirection.direction>A03</flowDirection.direction>
        <quantity_Measure_Unit.name>MAW</quantity_Measure_Unit.name>
        <curveType>A01</curveType>
        <Period>
            <timeInterval>
                <start>2023-08-15T18:34Z</start>
                <end>2023-08-15T18:35Z</end>
            </timeInterval>
            <resolution>PT1M</resolution>
            <Point>
                <position>1</position>
                <quantity>0.00</quantity>
            </Point>
        </Period>
    </TimeSeries>
    <TimeSeries>
        <mRID>669</mRID>
        <businessType>B33</businessType>
        <flowDirection.direction>A01</flowDirection.direction>
        <quantity_Measure_Unit.name>MAW</quantity_Measure_Unit.name>
        <curveType>A01</curveType>
        <Period>
            <timeInterval>
                <start>2023-08-15T18:35Z</start>
                <end>2023-08-15T18:38Z</end>
            </timeInterval>
            <resolution>PT1M</resolution>
            <Point>
                <position>1</position>
                <quantity>16.00</quantity>
            </Point>
            <Point>
                <position>2</position>
                <quantity>4.00</quantity>
            </Point>
            <Point>
                <position>3</position>
                <quantity>7.00</quantity>
            </Point>
        </Period>
    </TimeSeries>
    <TimeSeries>
        <mRID>670</mRID>
        <businessType>B33</businessType>
        <flowDirection.direction>A02</flowDirection.direction>
        <quantity_Measure_Unit.name>MAW</quantity_Measure_Unit.name>
        <curveType>A01</curveType>
        <Period>
            <timeInterval>
                <start>2023-08-15T18:38Z</start>
                <end>2023-08-15T18:39Z</end>
            </timeInterval>
            <resolution>PT1M</resolution>
            <Point>
                <position>1</position>
                <quantity>7.00</quantity>
            </Point>
        </Period>
    </TimeSeries>
    <TimeSeries>
        <mRID>671</mRID>
        <businessType>B33</businessType>
        <flowDirection.direction>A01</flowDirection.direction>
        <quantity_Measure_Unit.name>MAW</quantity_Measure_Unit.name>
        <curveType>A01</curveType>
        <Period>
            <timeInterval>
                <start>2023-08-15T18:39Z</start>
                <end>2023-08-15T18:41Z</end>
            </timeInterval>
            <resolution>PT1M</resolution>
            <Point>
                <position>1</position>
                <quantity>15.00</quantity>
            </Point>
            <Point>
                <position>2</position>
                <quantity>19.00</quantity>
            </Point>
        </Period>
    </TimeSeries>
    <TimeSeries>
        <mRID>672</mRID>
        <businessType>B33</businessType>
        <flowDirection.direction>A03</flowDirection.direction>
        <quantity_Measure_Unit.name>MAW</quantity_Measure_Unit.name>
        <curveType>A01</curveType>
        <Period>
            <timeInterval>
                <start>2023-08-15T18:41Z</start>
                <end>2023-08-15T18:42Z</end>
            </timeInterval>
            <resolution>PT1M</resolution>
            <Point>
                <position>1</position>
                <quantity>0.00</quantity>
            </Point>
        </Period>
    </TimeSeries>
    <TimeSeries>
        <mRID>673</mRID>
        <businessType>B33</businessType>
        <flowDirection.direction>A02</flowDirection.direction>
        <quantity_Measure_Unit.name>MAW</quantity_Measure_Unit.name>
        <curveType>A01</curveType>
        <Period>
            <timeInterval>
                <start>2023-08-15T18:42Z</start>
                <end>2023-08-15T18:43Z</end>
            </timeInterval>
            <resolution>PT1M</resolution>
            <Point>
                <position>1</position>
                <quantity>23.00</quantity>
            </Point>
        </Period>
    </TimeSeries>
    <TimeSeries>
        <mRID>674</mRID>
        <businessType>B33</businessType>
        <flowDirection.direction>A01</flowDirection.direction>
        <quantity_Measure_Unit.name>MAW</quantity_Measure_Unit.name>
        <curveType>A01</curveType>
        <Period>
            <timeInterval>
                <start>2023-08-15T18:43Z</start>
                <end>2023-08-15T18:47Z</end>
            </timeInterval>
            <resolution>PT1M</resolution>
            <Point>
                <position>1</position>
                <quantity>2.00</quantity>
            </Point>
            <Point>
                <position>2</position>
                <quantity>36.00</quantity>
            </Point>
            <Point>
                <position>3</position>
                <quantity>6.00</quantity>
            </Point>
            <Point>
                <position>4</position>
                <quantity>12.00</quantity>
            </Point>
        </Period>
    </TimeSeries>
    <TimeSeries>
        <mRID>675</mRID>
        <businessType>B33</businessType>
        <flowDirection.direction>A02</flowDirection.direction>
        <quantity_Measure_Unit.name>MAW</quantity_Measure_Unit.name>
        <curveType>A01</curveType>
        <Period>
            <timeInterval>
                <start>2023-08-15T18:47Z</start>
                <end>2023-08-15T18:48Z</end>
            </timeInterval>
            <resolution>PT1M</resolution>
            <Point>
                <position>1</position>
                <quantity>17.00</quantity>
            </Point>
        </Period>
    </TimeSeries>
    <TimeSeries>
        <mRID>676</mRID>
        <businessType>B33</businessType>
        <flowDirection.direction>A01</flowDirection.direction>
        <quantity_Measure_Unit.name>MAW</quantity_Measure_Unit.name>
        <curveType>A01</curveType>
        <Period>
            <timeInterval>
                <start>2023-08-15T18:48Z</start>
                <end>2023-08-15T18:49Z</end>
            </timeInterval>
            <resolution>PT1M</resolution>
            <Point>
                <position>1</position>
                <quantity>25.00</quantity>
            </Point>
        </Period>
    </TimeSeries>
    <TimeSeries>
        <mRID>677</mRID>
        <businessType>B33</businessType>
        <flowDirection.direction>A02</flowDirection.direction>
        <quantity_Measure_Unit.name>MAW</quantity_Measure_Unit.name>
        <curveType>A01</curveType>
        <Period>
            <timeInterval>
                <start>2023-08-15T18:49Z</start>
                <end>2023-08-15T18:50Z</end>
            </timeInterval>
            <resolution>PT1M</resolution>
            <Point>
                <position>1</position>
                <quantity>34.00</quantity>
            </Point>
        </Period>
    </TimeSeries>
    <TimeSeries>
        <mRID>678</mRID>
        <businessType>B33</businessType>
        <flowDirection.direction>A01</flowDirection.direction>
        <quantity_Measure_Unit.name>MAW</quantity_Measure_Unit.name>
        <curveType>A01</curveType>
        <Period>
            <timeInterval>
                <start>2023-08-15T18:50Z</start>
                <end>2023-08-15T18:51Z</end>
            </timeInterval>
            <resolution>PT1M</resolution>
            <Point>
                <position>1</position>
                <quantity>1.00</quantity>
            </Point>
        </Period>
    </TimeSeries>
    <TimeSeries>
        <mRID>679</mRID>
        <businessType>B33</businessType>
        <flowDirection.direction>A02</flowDirection.direction>
        <quantity_Measure_Unit.name>MAW</quantity_Measure_Unit.name>
        <curveType>A01</curveType>
        <Period>
            <timeInterval>
                <start>2023-08-15T18:51Z</start>
                <end>2023-08-15T18:54Z</end>
            </timeInterval>
            <resolution>PT1M</resolution>
            <Point>
                <position>1</position>
                <quantity>33.00</quantity>
            </Point>
            <Point>
                <position>2</position>
                <quantity>10.00</quantity>
            </Point>
            <Point>
                <position>3</position>
                <quantity>13.00</quantity>
            </Point>
        </Period>
    </TimeSeries>
    <TimeSeries>
        <mRID>680</mRID>
        <businessType>B33</businessType>
        <flowDirection.direction>A01</flowDirection.direction>
        <quantity_Measure_Unit.name>MAW</quantity_Measure_Unit.name>
        <curveType>A01</curveType>
        <Period>
            <timeInterval>
                <start>2023-08-15T18:54Z</start>
                <end>2023-08-15T18:58Z</end>
            </timeInterval>
            <resolution>PT1M</resolution>
            <Point>
                <position>1</position>
                <quantity>3.00</quantity>
            </Point>
            <Point>
                <position>2</position>
                <quantity>21.00</quantity>
            </Point>
            <Point>
                <position>3</position>
                <quantity>7.00</quantity>
            </Point>
            <Point>
                <position>4</position>
                <quantity>7.00</quantity>
            </Point>
        </Period>
    </TimeSeries>
    <TimeSeries>
        <mRID>681</mRID>
        <businessType>B33</businessType>
        <flowDirection.direction>A02</flowDirection.direction>
        <quantity_Measure_Unit.name>MAW</quantity_Measure_Unit.name>
        <curveType>A01</curveType>
        <Period>
            <timeInterval>
                <start>2023-08-15T18:58Z</start>
                <end>2023-08-15T18:59Z</end>
            </timeInterval>
            <resolution>PT1M</resolution>
            <Point>
                <position>1</position>
                <quantity>6.00</quantity>
            </Point>
        </Period>
    </TimeSeries>
    <TimeSeries>
        <mRID>682</mRID>
        <businessType>B33</businessType>
        <flowDirection.direction>A01</flowDirection.direction>
        <quantity_Measure_Unit.name>MAW</quantity_Measure_Unit.name>
        <curveType>A01</curveType>
        <Period>
            <timeInterval>
                <start>2023-08-15T18:59Z</start>
                <end>2023-08-15T19:04Z</end>
            </timeInterval>
            <resolution>PT1M</resolution>
            <Point>
                <position>1</position>
                <quantity>2.00</quantity>
            </Point>
            <Point>
                <position>2</position>
                <quantity>20.00</quantity>
            </Point>
            <Point>
                <position>3</position>
                <quantity>35.00</quantity>
            </Point>
            <Point>
                <position>4</position>
                <quantity>111.00</quantity>
            </Point>
            <Point>
                <position>5</position>
                <quantity>11.00</quantity>
            </Point>
        </Period>
    </TimeSeries>
    <TimeSeries>
        <mRID>683</mRID>
        <businessType>B33</businessType>
        <flowDirection.direction>A02</flowDirection.direction>
        <quantity_Measure_Unit.name>MAW</quantity_Measure_Unit.name>
        <curveType>A01</curveType>
        <Period>
            <timeInterval>
                <start>2023-08-15T19:04Z</start>
                <end>2023-08-15T19:08Z</end>
            </timeInterval>
            <resolution>PT1M</resolution>
            <Point>
                <position>1</position>
                <quantity>56.00</quantity>
            </Point>
            <Point>
                <position>2</position>
                <quantity>33.00</quantity>
            </Point>
            <Point>
                <position>3</position>
                <quantity>21.00</quantity>
            </Point>
            <Point>
                <position>4</position>
                <quantity>21.00</quantity>
            </Point>
        </Period>
    </TimeSeries>
    <TimeSeries>
        <mRID>684</mRID>
        <businessType>B33</businessType>
        <flowDirection.direction>A01</flowDirection.direction>
        <quantity_Measure_Unit.name>MAW</quantity_Measure_Unit.name>
        <curveType>A01</curveType>
        <Period>
            <timeInterval>
                <start>2023-08-15T19:08Z</start>
                <end>2023-08-15T19:11Z</end>
            </timeInterval>
            <resolution>PT1M</resolution>
            <Point>
                <position>1</position>
                <quantity>37.00</quantity>
            </Point>
            <Point>
                <position>2</position>
                <quantity>43.00</quantity>
            </Point>
            <Point>
                <position>3</position>
                <quantity>7.00</quantity>
            </Point>
        </Period>
    </TimeSeries>
    <TimeSeries>
        <mRID>685</mRID>
        <businessType>B33</businessType>
        <flowDirection.direction>A02</flowDirection.direction>
        <quantity_Measure_Unit.name>MAW</quantity_Measure_Unit.name>
        <curveType>A01</curveType>
        <Period>
            <timeInterval>
                <start>2023-08-15T19:11Z</start>
                <end>2023-08-15T19:13Z</end>
            </timeInterval>
            <resolution>PT1M</resolution>
            <Point>
                <position>1</position>
                <quantity>18.00</quantity>
            </Point>
            <Point>
                <position>2</position>
                <quantity>17.00</quantity>
            </Point>
        </Period>
    </TimeSeries>
    <TimeSeries>
        <mRID>686</mRID>
        <businessType>B33</businessType>
        <flowDirection.direction>A01</flowDirection.direction>
        <quantity_Measure_Unit.name>MAW</quantity_Measure_Unit.name>
        <curveType>A01</curveType>
        <Period>
            <timeInterval>
                <start>2023-08-15T19:13Z</start>
                <end>2023-08-15T19:15Z</end>
            </timeInterval>
            <resolution>PT1M</resolution>
            <Point>
                <position>1</position>
                <quantity>30.00</quantity>
            </Point>
            <Point>
                <position>2</position>
                <quantity>2.00</quantity>
            </Point>
        </Period>
    </TimeSeries>
    <TimeSeries>
        <mRID>687</mRID>
        <businessType>B33</businessType>
        <flowDirection.direction>A02</flowDirection.direction>
        <quantity_Measure_Unit.name>MAW</quantity_Measure_Unit.name>
        <curveType>A01</curveType>
        <Period>
            <timeInterval>
                <start>2023-08-15T19:15Z</start>
                <end>2023-08-15T19:17Z</end>
            </timeInterval>
            <resolution>PT1M</resolution>
            <Point>
                <position>1</position>
                <quantity>4.00</quantity>
            </Point>
            <Point>
                <position>2</position>
                <quantity>9.00</quantity>
            </Point>
        </Period>
    </TimeSeries>
    <TimeSeries>
        <mRID>688</mRID>
        <businessType>B33</businessType>
        <flowDirection.direction>A01</flowDirection.direction>
        <quantity_Measure_Unit.name>MAW</quantity_Measure_Unit.name>
        <curveType>A01</curveType>
        <Period>
            <timeInterval>
                <start>2023-08-15T19:17Z</start>
                <end>2023-08-15T19:18Z</end>
            </timeInterval>
            <resolution>PT1M</resolution>
            <Point>
                <position>1</position>
                <quantity>4.00</quantity>
            </Point>
        </Period>
    </TimeSeries>
    <TimeSeries>
        <mRID>689</mRID>
        <businessType>B33</businessType>
        <flowDirection.direction>A02</flowDirection.direction>
        <quantity_Measure_Unit.name>MAW</quantity_Measure_Unit.name>
        <curveType>A01</curveType>
        <Period>
            <timeInterval>
                <start>2023-08-15T19:18Z</start>
                <end>2023-08-15T19:20Z</end>
            </timeInterval>
            <resolution>PT1M</resolution>
            <Point>
                <position>1</position>
                <quantity>4.00</quantity>
            </Point>
            <Point>
                <position>2</position>
                <quantity>9.00</quantity>
            </Point>
        </Period>
    </TimeSeries>
    <TimeSeries>
        <mRID>690</mRID>
        <businessType>B33</businessType>
        <flowDirection.direction>A01</flowDirection.direction>
        <quantity_Measure_Unit.name>MAW</quantity_Measure_Unit.name>
        <curveType>A01</curveType>
        <Period>
            <timeInterval>
                <start>2023-08-15T19:20Z</start>
                <end>2023-08-15T19:21Z</end>
            </timeInterval>
            <resolution>PT1M</resolution>
            <Point>
                <position>1</position>
                <quantity>16.00</quantity>
            </Point>
        </Period>
    </TimeSeries>
    <TimeSeries>
        <mRID>691</mRID>
        <businessType>B33</businessType>
        <flowDirection.direction>A02</flowDirection.direction>
        <quantity_Measure_Unit.name>MAW</quantity_Measure_Unit.name>
        <curveType>A01</curveType>
        <Period>
            <timeInterval>
                <start>2023-08-15T19:21Z</start>
                <end>2023-08-15T19:27Z</end>
            </timeInterval>
            <resolution>PT1M</resolution>
            <Point>
                <position>1</position>
                <quantity>15.00</quantity>
            </Point>
            <Point>
                <position>2</position>
                <quantity>46.00</quantity>
            </Point>
            <Point>
                <position>3</position>
                <quantity>37.00</quantity>
            </Point>
            <Point>
                <position>4</position>
                <quantity>18.00</quantity>
            </Point>
            <Point>
                <position>5</position>
                <quantity>20.00</quantity>
            </Point>
            <Point>
                <position>6</position>
                <quantity>15.00</quantity>
            </Point>
        </Period>
    </TimeSeries>
    <TimeSeries>
        <mRID>692</mRID>
        <businessType>B33</businessType>
        <flowDirection.direction>A01</flowDirection.direction>
        <quantity_Measure_Unit.name>MAW</quantity_Measure_Unit.name>
        <curveType>A01</curveType>
        <Period>
            <timeInterval>
                <start>2023-08-15T19:27Z</start>
                <end>2023-08-15T19:28Z</end>
            </timeInterval>
            <resolution>PT1M</resolution>
            <Point>
                <position>1</position>
                <quantity>4.00</quantity>
            </Point>
        </Period>
    </TimeSeries>
    <TimeSeries>
        <mRID>693</mRID>
        <businessType>B33</businessType>
        <flowDirection.direction>A02</flowDirection.direction>
        <quantity_Measure_Unit.name>MAW</quantity_Measure_Unit.name>
        <curveType>A01</curveType>
        <Period>
            <timeInterval>
                <start>2023-08-15T19:28Z</start>
                <end>2023-08-15T19:31Z</end>
            </timeInterval>
            <resolution>PT1M</resolution>
            <Point>
                <position>1</position>
                <quantity>21.00</quantity>
            </Point>
            <Point>
                <position>2</position>
                <quantity>8.00</quantity>
            </Point>
            <Point>
                <position>3</position>
                <quantity>4.00</quantity>
            </Point>
        </Period>
    </TimeSeries>
    <TimeSeries>
        <mRID>694</mRID>
        <businessType>B33</businessType>
        <flowDirection.direction>A01</flowDirection.direction>
        <quantity_Measure_Unit.name>MAW</quantity_Measure_Unit.name>
        <curveType>A01</curveType>
        <Period>
            <timeInterval>
                <start>2023-08-15T19:31Z</start>
                <end>2023-08-15T19:34Z</end>
            </timeInterval>
            <resolution>PT1M</resolution>
            <Point>
                <position>1</position>
                <quantity>8.00</quantity>
            </Point>
            <Point>
                <position>2</position>
                <quantity>38.00</quantity>
            </Point>
            <Point>
                <position>3</position>
                <quantity>15.00</quantity>
            </Point>
        </Period>
    </TimeSeries>
    <TimeSeries>
        <mRID>695</mRID>
        <businessType>B33</businessType>
        <flowDirection.direction>A02</flowDirection.direction>
        <quantity_Measure_Unit.name>MAW</quantity_Measure_Unit.name>
        <curveType>A01</curveType>
        <Period>
            <timeInterval>
                <start>2023-08-15T19:34Z</start>
                <end>2023-08-15T19:36Z</end>
            </timeInterval>
            <resolution>PT1M</resolution>
            <Point>
                <position>1</position>
                <quantity>23.00</quantity>
            </Point>
            <Point>
                <position>2</position>
                <quantity>22.00</quantity>
            </Point>
        </Period>
    </TimeSeries>
    <TimeSeries>
        <mRID>696</mRID>
        <businessType>B33</businessType>
        <flowDirection.direction>A01</flowDirection.direction>
        <quantity_Measure_Unit.name>MAW</quantity_Measure_Unit.name>
        <curveType>A01</curveType>
        <Period>
            <timeInterval>
                <start>2023-08-15T19:36Z</start>
                <end>2023-08-15T19:38Z</end>
            </timeInterval>
            <resolution>PT1M</resolution>
            <Point>
                <position>1</position>
                <quantity>35.00</quantity>
            </Point>
            <Point>
                <position>2</position>
                <quantity>5.00</quantity>
            </Point>
        </Period>
    </TimeSeries>
    <TimeSeries>
        <mRID>697</mRID>
        <businessType>B33</businessType>
        <flowDirection.direction>A02</flowDirection.direction>
        <quantity_Measure_Unit.name>MAW</quantity_Measure_Unit.name>
        <curveType>A01</curveType>
        <Period>
            <timeInterval>
                <start>2023-08-15T19:38Z</start>
                <end>2023-08-15T19:42Z</end>
            </timeInterval>
            <resolution>PT1M</resolution>
            <Point>
                <position>1</position>
                <quantity>34.00</quantity>
            </Point>
            <Point>
                <position>2</position>
                <quantity>20.00</quantity>
            </Point>
            <Point>
                <position>3</position>
                <quantity>3.00</quantity>
            </Point>
            <Point>
                <position>4</position>
                <quantity>20.00</quantity>
            </Point>
        </Period>
    </TimeSeries>
    <TimeSeries>
        <mRID>698</mRID>
        <businessType>B33</businessType>
        <flowDirection.direction>A01</flowDirection.direction>
        <quantity_Measure_Unit.name>MAW</quantity_Measure_Unit.name>
        <curveType>A01</curveType>
        <Period>
            <timeInterval>
                <start>2023-08-15T19:42Z</start>
                <end>2023-08-15T19:44Z</end>
            </timeInterval>
            <resolution>PT1M</resolution>
            <Point>
                <position>1</position>
                <quantity>7.00</quantity>
            </Point>
            <Point>
                <position>2</position>
                <quantity>5.00</quantity>
            </Point>
        </Period>
    </TimeSeries>
    <TimeSeries>
        <mRID>699</mRID>
        <businessType>B33</businessType>
        <flowDirection.direction>A02</flowDirection.direction>
        <quantity_Measure_Unit.name>MAW</quantity_Measure_Unit.name>
        <curveType>A01</curveType>
        <Period>
            <timeInterval>
                <start>2023-08-15T19:44Z</start>
                <end>2023-08-15T19:45Z</end>
            </timeInterval>
            <resolution>PT1M</resolution>
            <Point>
                <position>1</position>
                <quantity>1.00</quantity>
            </Point>
        </Period>
    </TimeSeries>
    <TimeSeries>
        <mRID>700</mRID>
        <businessType>B33</businessType>
        <flowDirection.direction>A01</flowDirection.direction>
        <quantity_Measure_Unit.name>MAW</quantity_Measure_Unit.name>
        <curveType>A01</curveType>
        <Period>
            <timeInterval>
                <start>2023-08-15T19:45Z</start>
                <end>2023-08-15T19:47Z</end>
            </timeInterval>
            <resolution>PT1M</resolution>
            <Point>
                <position>1</position>
                <quantity>13.00</quantity>
            </Point>
            <Point>
                <position>2</position>
                <quantity>4.00</quantity>
            </Point>
        </Period>
    </TimeSeries>
    <TimeSeries>
        <mRID>701</mRID>
        <businessType>B33</businessType>
        <flowDirection.direction>A02</flowDirection.direction>
        <quantity_Measure_Unit.name>MAW</quantity_Measure_Unit.name>
        <curveType>A01</curveType>
        <Period>
            <timeInterval>
                <start>2023-08-15T19:47Z</start>
                <end>2023-08-15T19:49Z</end>
            </timeInterval>
            <resolution>PT1M</resolution>
            <Point>
                <position>1</position>
                <quantity>4.00</quantity>
            </Point>
            <Point>
                <position>2</position>
                <quantity>8.00</quantity>
            </Point>
        </Period>
    </TimeSeries>
    <TimeSeries>
        <mRID>702</mRID>
        <businessType>B33</businessType>
        <flowDirection.direction>A01</flowDirection.direction>
        <quantity_Measure_Unit.name>MAW</quantity_Measure_Unit.name>
        <curveType>A01</curveType>
        <Period>
            <timeInterval>
                <start>2023-08-15T19:49Z</start>
                <end>2023-08-15T19:50Z</end>
            </timeInterval>
            <resolution>PT1M</resolution>
            <Point>
                <position>1</position>
                <quantity>7.00</quantity>
            </Point>
        </Period>
    </TimeSeries>
    <TimeSeries>
        <mRID>703</mRID>
        <businessType>B33</businessType>
        <flowDirection.direction>A02</flowDirection.direction>
        <quantity_Measure_Unit.name>MAW</quantity_Measure_Unit.name>
        <curveType>A01</curveType>
        <Period>
            <timeInterval>
                <start>2023-08-15T19:50Z</start>
                <end>2023-08-15T19:52Z</end>
            </timeInterval>
            <resolution>PT1M</resolution>
            <Point>
                <position>1</position>
                <quantity>11.00</quantity>
            </Point>
            <Point>
                <position>2</position>
                <quantity>2.00</quantity>
            </Point>
        </Period>
    </TimeSeries>
    <TimeSeries>
        <mRID>704</mRID>
        <businessType>B33</businessType>
        <flowDirection.direction>A01</flowDirection.direction>
        <quantity_Measure_Unit.name>MAW</quantity_Measure_Unit.name>
        <curveType>A01</curveType>
        <Period>
            <timeInterval>
                <start>2023-08-15T19:52Z</start>
                <end>2023-08-15T19:53Z</end>
            </timeInterval>
            <resolution>PT1M</resolution>
            <Point>
                <position>1</position>
                <quantity>2.00</quantity>
            </Point>
        </Period>
    </TimeSeries>
    <TimeSeries>
        <mRID>705</mRID>
        <businessType>B33</businessType>
        <flowDirection.direction>A02</flowDirection.direction>
        <quantity_Measure_Unit.name>MAW</quantity_Measure_Unit.name>
        <curveType>A01</curveType>
        <Period>
            <timeInterval>
                <start>2023-08-15T19:53Z</start>
                <end>2023-08-15T19:56Z</end>
            </timeInterval>
            <resolution>PT1M</resolution>
            <Point>
                <position>1</position>
                <quantity>3.00</quantity>
            </Point>
            <Point>
                <position>2</position>
                <quantity>30.00</quantity>
            </Point>
            <Point>
                <position>3</position>
                <quantity>18.00</quantity>
            </Point>
        </Period>
    </TimeSeries>
    <TimeSeries>
        <mRID>706</mRID>
        <businessType>B33</businessType>
        <flowDirection.direction>A01</flowDirection.direction>
        <quantity_Measure_Unit.name>MAW</quantity_Measure_Unit.name>
        <curveType>A01</curveType>
        <Period>
            <timeInterval>
                <start>2023-08-15T19:56Z</start>
                <end>2023-08-15T19:58Z</end>
            </timeInterval>
            <resolution>PT1M</resolution>
            <Point>
                <position>1</position>
                <quantity>29.00</quantity>
            </Point>
            <Point>
                <position>2</position>
                <quantity>8.00</quantity>
            </Point>
        </Period>
    </TimeSeries>
    <TimeSeries>
        <mRID>707</mRID>
        <businessType>B33</businessType>
        <flowDirection.direction>A02</flowDirection.direction>
        <quantity_Measure_Unit.name>MAW</quantity_Measure_Unit.name>
        <curveType>A01</curveType>
        <Period>
            <timeInterval>
                <start>2023-08-15T19:58Z</start>
                <end>2023-08-15T20:01Z</end>
            </timeInterval>
            <resolution>PT1M</resolution>
            <Point>
                <position>1</position>
                <quantity>28.00</quantity>
            </Point>
            <Point>
                <position>2</position>
                <quantity>15.00</quantity>
            </Point>
            <Point>
                <position>3</position>
                <quantity>16.00</quantity>
            </Point>
        </Period>
    </TimeSeries>
    <TimeSeries>
        <mRID>708</mRID>
        <businessType>B33</businessType>
        <flowDirection.direction>A01</flowDirection.direction>
        <quantity_Measure_Unit.name>MAW</quantity_Measure_Unit.name>
        <curveType>A01</curveType>
        <Period>
            <timeInterval>
                <start>2023-08-15T20:01Z</start>
                <end>2023-08-15T20:11Z</end>
            </timeInterval>
            <resolution>PT1M</resolution>
            <Point>
                <position>1</position>
                <quantity>52.00</quantity>
            </Point>
            <Point>
                <position>2</position>
                <quantity>42.00</quantity>
            </Point>
            <Point>
                <position>3</position>
                <quantity>35.00</quantity>
            </Point>
            <Point>
                <position>4</position>
                <quantity>55.00</quantity>
            </Point>
            <Point>
                <position>5</position>
                <quantity>2.00</quantity>
            </Point>
            <Point>
                <position>6</position>
                <quantity>19.00</quantity>
            </Point>
            <Point>
                <position>7</position>
                <quantity>36.00</quantity>
            </Point>
            <Point>
                <position>8</position>
                <quantity>16.00</quantity>
            </Point>
            <Point>
                <position>9</position>
                <quantity>23.00</quantity>
            </Point>
            <Point>
                <position>10</position>
                <quantity>3.00</quantity>
            </Point>
        </Period>
    </TimeSeries>
    <TimeSeries>
        <mRID>709</mRID>
        <businessType>B33</businessType>
        <flowDirection.direction>A02</flowDirection.direction>
        <quantity_Measure_Unit.name>MAW</quantity_Measure_Unit.name>
        <curveType>A01</curveType>
        <Period>
            <timeInterval>
                <start>2023-08-15T20:11Z</start>
                <end>2023-08-15T20:15Z</end>
            </timeInterval>
            <resolution>PT1M</resolution>
            <Point>
                <position>1</position>
                <quantity>19.00</quantity>
            </Point>
            <Point>
                <position>2</position>
                <quantity>13.00</quantity>
            </Point>
            <Point>
                <position>3</position>
                <quantity>45.00</quantity>
            </Point>
            <Point>
                <position>4</position>
                <quantity>13.00</quantity>
            </Point>
        </Period>
    </TimeSeries>
    <TimeSeries>
        <mRID>710</mRID>
        <businessType>B33</businessType>
        <flowDirection.direction>A01</flowDirection.direction>
        <quantity_Measure_Unit.name>MAW</quantity_Measure_Unit.name>
        <curveType>A01</curveType>
        <Period>
            <timeInterval>
                <start>2023-08-15T20:15Z</start>
                <end>2023-08-15T20:19Z</end>
            </timeInterval>
            <resolution>PT1M</resolution>
            <Point>
                <position>1</position>
                <quantity>10.00</quantity>
            </Point>
            <Point>
                <position>2</position>
                <quantity>10.00</quantity>
            </Point>
            <Point>
                <position>3</position>
                <quantity>39.00</quantity>
            </Point>
            <Point>
                <position>4</position>
                <quantity>7.00</quantity>
            </Point>
        </Period>
    </TimeSeries>
    <TimeSeries>
        <mRID>711</mRID>
        <businessType>B33</businessType>
        <flowDirection.direction>A02</flowDirection.direction>
        <quantity_Measure_Unit.name>MAW</quantity_Measure_Unit.name>
        <curveType>A01</curveType>
        <Period>
            <timeInterval>
                <start>2023-08-15T20:19Z</start>
                <end>2023-08-15T20:24Z</end>
            </timeInterval>
            <resolution>PT1M</resolution>
            <Point>
                <position>1</position>
                <quantity>5.00</quantity>
            </Point>
            <Point>
                <position>2</position>
                <quantity>19.00</quantity>
            </Point>
            <Point>
                <position>3</position>
                <quantity>34.00</quantity>
            </Point>
            <Point>
                <position>4</position>
                <quantity>31.00</quantity>
            </Point>
            <Point>
                <position>5</position>
                <quantity>24.00</quantity>
            </Point>
        </Period>
    </TimeSeries>
    <TimeSeries>
        <mRID>712</mRID>
        <businessType>B33</businessType>
        <flowDirection.direction>A01</flowDirection.direction>
        <quantity_Measure_Unit.name>MAW</quantity_Measure_Unit.name>
        <curveType>A01</curveType>
        <Period>
            <timeInterval>
                <start>2023-08-15T20:24Z</start>
                <end>2023-08-15T20:25Z</end>
            </timeInterval>
            <resolution>PT1M</resolution>
            <Point>
                <position>1</position>
                <quantity>21.00</quantity>
            </Point>
        </Period>
    </TimeSeries>
    <TimeSeries>
        <mRID>713</mRID>
        <businessType>B33</businessType>
        <flowDirection.direction>A02</flowDirection.direction>
        <quantity_Measure_Unit.name>MAW</quantity_Measure_Unit.name>
        <curveType>A01</curveType>
        <Period>
            <timeInterval>
                <start>2023-08-15T20:25Z</start>
                <end>2023-08-15T20:30Z</end>
            </timeInterval>
            <resolution>PT1M</resolution>
            <Point>
                <position>1</position>
                <quantity>12.00</quantity>
            </Point>
            <Point>
                <position>2</position>
                <quantity>11.00</quantity>
            </Point>
            <Point>
                <position>3</position>
                <quantity>2.00</quantity>
            </Point>
            <Point>
                <position>4</position>
                <quantity>3.00</quantity>
            </Point>
            <Point>
                <position>5</position>
                <quantity>31.00</quantity>
            </Point>
        </Period>
    </TimeSeries>
    <TimeSeries>
        <mRID>714</mRID>
        <businessType>B33</businessType>
        <flowDirection.direction>A01</flowDirection.direction>
        <quantity_Measure_Unit.name>MAW</quantity_Measure_Unit.name>
        <curveType>A01</curveType>
        <Period>
            <timeInterval>
                <start>2023-08-15T20:30Z</start>
                <end>2023-08-15T20:32Z</end>
            </timeInterval>
            <resolution>PT1M</resolution>
            <Point>
                <position>1</position>
                <quantity>1.00</quantity>
            </Point>
            <Point>
                <position>2</position>
                <quantity>32.00</quantity>
            </Point>
        </Period>
    </TimeSeries>
    <TimeSeries>
        <mRID>715</mRID>
        <businessType>B33</businessType>
        <flowDirection.direction>A03</flowDirection.direction>
        <quantity_Measure_Unit.name>MAW</quantity_Measure_Unit.name>
        <curveType>A01</curveType>
        <Period>
            <timeInterval>
                <start>2023-08-15T20:32Z</start>
                <end>2023-08-15T20:33Z</end>
            </timeInterval>
            <resolution>PT1M</resolution>
            <Point>
                <position>1</position>
                <quantity>0.00</quantity>
            </Point>
        </Period>
    </TimeSeries>
    <TimeSeries>
        <mRID>716</mRID>
        <businessType>B33</businessType>
        <flowDirection.direction>A02</flowDirection.direction>
        <quantity_Measure_Unit.name>MAW</quantity_Measure_Unit.name>
        <curveType>A01</curveType>
        <Period>
            <timeInterval>
                <start>2023-08-15T20:33Z</start>
                <end>2023-08-15T20:34Z</end>
            </timeInterval>
            <resolution>PT1M</resolution>
            <Point>
                <position>1</position>
                <quantity>18.00</quantity>
            </Point>
        </Period>
    </TimeSeries>
    <TimeSeries>
        <mRID>717</mRID>
        <businessType>B33</businessType>
        <flowDirection.direction>A01</flowDirection.direction>
        <quantity_Measure_Unit.name>MAW</quantity_Measure_Unit.name>
        <curveType>A01</curveType>
        <Period>
            <timeInterval>
                <start>2023-08-15T20:34Z</start>
                <end>2023-08-15T20:36Z</end>
            </timeInterval>
            <resolution>PT1M</resolution>
            <Point>
                <position>1</position>
                <quantity>20.00</quantity>
            </Point>
            <Point>
                <position>2</position>
                <quantity>16.00</quantity>
            </Point>
        </Period>
    </TimeSeries>
    <TimeSeries>
        <mRID>718</mRID>
        <businessType>B33</businessType>
        <flowDirection.direction>A02</flowDirection.direction>
        <quantity_Measure_Unit.name>MAW</quantity_Measure_Unit.name>
        <curveType>A01</curveType>
        <Period>
            <timeInterval>
                <start>2023-08-15T20:36Z</start>
                <end>2023-08-15T20:38Z</end>
            </timeInterval>
            <resolution>PT1M</resolution>
            <Point>
                <position>1</position>
                <quantity>32.00</quantity>
            </Point>
            <Point>
                <position>2</position>
                <quantity>3.00</quantity>
            </Point>
        </Period>
    </TimeSeries>
    <TimeSeries>
        <mRID>719</mRID>
        <businessType>B33</businessType>
        <flowDirection.direction>A01</flowDirection.direction>
        <quantity_Measure_Unit.name>MAW</quantity_Measure_Unit.name>
        <curveType>A01</curveType>
        <Period>
            <timeInterval>
                <start>2023-08-15T20:38Z</start>
                <end>2023-08-15T20:39Z</end>
            </timeInterval>
            <resolution>PT1M</resolution>
            <Point>
                <position>1</position>
                <quantity>7.00</quantity>
            </Point>
        </Period>
    </TimeSeries>
    <TimeSeries>
        <mRID>720</mRID>
        <businessType>B33</businessType>
        <flowDirection.direction>A02</flowDirection.direction>
        <quantity_Measure_Unit.name>MAW</quantity_Measure_Unit.name>
        <curveType>A01</curveType>
        <Period>
            <timeInterval>
                <start>2023-08-15T20:39Z</start>
                <end>2023-08-15T20:40Z</end>
            </timeInterval>
            <resolution>PT1M</resolution>
            <Point>
                <position>1</position>
                <quantity>4.00</quantity>
            </Point>
        </Period>
    </TimeSeries>
    <TimeSeries>
        <mRID>721</mRID>
        <businessType>B33</businessType>
        <flowDirection.direction>A01</flowDirection.direction>
        <quantity_Measure_Unit.name>MAW</quantity_Measure_Unit.name>
        <curveType>A01</curveType>
        <Period>
            <timeInterval>
                <start>2023-08-15T20:40Z</start>
                <end>2023-08-15T20:41Z</end>
            </timeInterval>
            <resolution>PT1M</resolution>
            <Point>
                <position>1</position>
                <quantity>6.00</quantity>
            </Point>
        </Period>
    </TimeSeries>
    <TimeSeries>
        <mRID>722</mRID>
        <businessType>B33</businessType>
        <flowDirection.direction>A02</flowDirection.direction>
        <quantity_Measure_Unit.name>MAW</quantity_Measure_Unit.name>
        <curveType>A01</curveType>
        <Period>
            <timeInterval>
                <start>2023-08-15T20:41Z</start>
                <end>2023-08-15T20:43Z</end>
            </timeInterval>
            <resolution>PT1M</resolution>
            <Point>
                <position>1</position>
                <quantity>8.00</quantity>
            </Point>
            <Point>
                <position>2</position>
                <quantity>12.00</quantity>
            </Point>
        </Period>
    </TimeSeries>
    <TimeSeries>
        <mRID>723</mRID>
        <businessType>B33</businessType>
        <flowDirection.direction>A01</flowDirection.direction>
        <quantity_Measure_Unit.name>MAW</quantity_Measure_Unit.name>
        <curveType>A01</curveType>
        <Period>
            <timeInterval>
                <start>2023-08-15T20:43Z</start>
                <end>2023-08-15T20:44Z</end>
            </timeInterval>
            <resolution>PT1M</resolution>
            <Point>
                <position>1</position>
                <quantity>18.00</quantity>
            </Point>
        </Period>
    </TimeSeries>
    <TimeSeries>
        <mRID>724</mRID>
        <businessType>B33</businessType>
        <flowDirection.direction>A02</flowDirection.direction>
        <quantity_Measure_Unit.name>MAW</quantity_Measure_Unit.name>
        <curveType>A01</curveType>
        <Period>
            <timeInterval>
                <start>2023-08-15T20:44Z</start>
                <end>2023-08-15T20:45Z</end>
            </timeInterval>
            <resolution>PT1M</resolution>
            <Point>
                <position>1</position>
                <quantity>12.00</quantity>
            </Point>
        </Period>
    </TimeSeries>
    <TimeSeries>
        <mRID>725</mRID>
        <businessType>B33</businessType>
        <flowDirection.direction>A01</flowDirection.direction>
        <quantity_Measure_Unit.name>MAW</quantity_Measure_Unit.name>
        <curveType>A01</curveType>
        <Period>
            <timeInterval>
                <start>2023-08-15T20:45Z</start>
                <end>2023-08-15T20:47Z</end>
            </timeInterval>
            <resolution>PT1M</resolution>
            <Point>
                <position>1</position>
                <quantity>7.00</quantity>
            </Point>
            <Point>
                <position>2</position>
                <quantity>33.00</quantity>
            </Point>
        </Period>
    </TimeSeries>
    <TimeSeries>
        <mRID>726</mRID>
        <businessType>B33</businessType>
        <flowDirection.direction>A02</flowDirection.direction>
        <quantity_Measure_Unit.name>MAW</quantity_Measure_Unit.name>
        <curveType>A01</curveType>
        <Period>
            <timeInterval>
                <start>2023-08-15T20:47Z</start>
                <end>2023-08-15T20:48Z</end>
            </timeInterval>
            <resolution>PT1M</resolution>
            <Point>
                <position>1</position>
                <quantity>17.00</quantity>
            </Point>
        </Period>
    </TimeSeries>
    <TimeSeries>
        <mRID>727</mRID>
        <businessType>B33</businessType>
        <flowDirection.direction>A01</flowDirection.direction>
        <quantity_Measure_Unit.name>MAW</quantity_Measure_Unit.name>
        <curveType>A01</curveType>
        <Period>
            <timeInterval>
                <start>2023-08-15T20:48Z</start>
                <end>2023-08-15T20:49Z</end>
            </timeInterval>
            <resolution>PT1M</resolution>
            <Point>
                <position>1</position>
                <quantity>17.00</quantity>
            </Point>
        </Period>
    </TimeSeries>
    <TimeSeries>
        <mRID>728</mRID>
        <businessType>B33</businessType>
        <flowDirection.direction>A02</flowDirection.direction>
        <quantity_Measure_Unit.name>MAW</quantity_Measure_Unit.name>
        <curveType>A01</curveType>
        <Period>
            <timeInterval>
                <start>2023-08-15T20:49Z</start>
                <end>2023-08-15T20:52Z</end>
            </timeInterval>
            <resolution>PT1M</resolution>
            <Point>
                <position>1</position>
                <quantity>29.00</quantity>
            </Point>
            <Point>
                <position>2</position>
                <quantity>17.00</quantity>
            </Point>
            <Point>
                <position>3</position>
                <quantity>7.00</quantity>
            </Point>
        </Period>
    </TimeSeries>
    <TimeSeries>
        <mRID>729</mRID>
        <businessType>B33</businessType>
        <flowDirection.direction>A01</flowDirection.direction>
        <quantity_Measure_Unit.name>MAW</quantity_Measure_Unit.name>
        <curveType>A01</curveType>
        <Period>
            <timeInterval>
                <start>2023-08-15T20:52Z</start>
                <end>2023-08-15T20:53Z</end>
            </timeInterval>
            <resolution>PT1M</resolution>
            <Point>
                <position>1</position>
                <quantity>4.00</quantity>
            </Point>
        </Period>
    </TimeSeries>
    <TimeSeries>
        <mRID>730</mRID>
        <businessType>B33</businessType>
        <flowDirection.direction>A02</flowDirection.direction>
        <quantity_Measure_Unit.name>MAW</quantity_Measure_Unit.name>
        <curveType>A01</curveType>
        <Period>
            <timeInterval>
                <start>2023-08-15T20:53Z</start>
                <end>2023-08-15T21:00Z</end>
            </timeInterval>
            <resolution>PT1M</resolution>
            <Point>
                <position>1</position>
                <quantity>25.00</quantity>
            </Point>
            <Point>
                <position>2</position>
                <quantity>10.00</quantity>
            </Point>
            <Point>
                <position>3</position>
                <quantity>26.00</quantity>
            </Point>
            <Point>
                <position>4</position>
                <quantity>56.00</quantity>
            </Point>
            <Point>
                <position>5</position>
                <quantity>32.00</quantity>
            </Point>
            <Point>
                <position>6</position>
                <quantity>20.00</quantity>
            </Point>
            <Point>
                <position>7</position>
                <quantity>75.00</quantity>
            </Point>
        </Period>
    </TimeSeries>
    <TimeSeries>
        <mRID>731</mRID>
        <businessType>B33</businessType>
        <flowDirection.direction>A01</flowDirection.direction>
        <quantity_Measure_Unit.name>MAW</quantity_Measure_Unit.name>
        <curveType>A01</curveType>
        <Period>
            <timeInterval>
                <start>2023-08-15T21:00Z</start>
                <end>2023-08-15T21:03Z</end>
            </timeInterval>
            <resolution>PT1M</resolution>
            <Point>
                <position>1</position>
                <quantity>69.00</quantity>
            </Point>
            <Point>
                <position>2</position>
                <quantity>185.00</quantity>
            </Point>
            <Point>
                <position>3</position>
                <quantity>184.00</quantity>
            </Point>
        </Period>
    </TimeSeries>
    <TimeSeries>
        <mRID>732</mRID>
        <businessType>B33</businessType>
        <flowDirection.direction>A02</flowDirection.direction>
        <quantity_Measure_Unit.name>MAW</quantity_Measure_Unit.name>
        <curveType>A01</curveType>
        <Period>
            <timeInterval>
                <start>2023-08-15T21:03Z</start>
                <end>2023-08-15T21:06Z</end>
            </timeInterval>
            <resolution>PT1M</resolution>
            <Point>
                <position>1</position>
                <quantity>50.00</quantity>
            </Point>
            <Point>
                <position>2</position>
                <quantity>41.00</quantity>
            </Point>
            <Point>
                <position>3</position>
                <quantity>2.00</quantity>
            </Point>
        </Period>
    </TimeSeries>
    <TimeSeries>
        <mRID>733</mRID>
        <businessType>B33</businessType>
        <flowDirection.direction>A01</flowDirection.direction>
        <quantity_Measure_Unit.name>MAW</quantity_Measure_Unit.name>
        <curveType>A01</curveType>
        <Period>
            <timeInterval>
                <start>2023-08-15T21:06Z</start>
                <end>2023-08-15T21:09Z</end>
            </timeInterval>
            <resolution>PT1M</resolution>
            <Point>
                <position>1</position>
                <quantity>37.00</quantity>
            </Point>
            <Point>
                <position>2</position>
                <quantity>31.00</quantity>
            </Point>
            <Point>
                <position>3</position>
                <quantity>23.00</quantity>
            </Point>
        </Period>
    </TimeSeries>
    <TimeSeries>
        <mRID>734</mRID>
        <businessType>B33</businessType>
        <flowDirection.direction>A02</flowDirection.direction>
        <quantity_Measure_Unit.name>MAW</quantity_Measure_Unit.name>
        <curveType>A01</curveType>
        <Period>
            <timeInterval>
                <start>2023-08-15T21:09Z</start>
                <end>2023-08-15T21:11Z</end>
            </timeInterval>
            <resolution>PT1M</resolution>
            <Point>
                <position>1</position>
                <quantity>24.00</quantity>
            </Point>
            <Point>
                <position>2</position>
                <quantity>14.00</quantity>
            </Point>
        </Period>
    </TimeSeries>
    <TimeSeries>
        <mRID>735</mRID>
        <businessType>B33</businessType>
        <flowDirection.direction>A01</flowDirection.direction>
        <quantity_Measure_Unit.name>MAW</quantity_Measure_Unit.name>
        <curveType>A01</curveType>
        <Period>
            <timeInterval>
                <start>2023-08-15T21:11Z</start>
                <end>2023-08-15T21:12Z</end>
            </timeInterval>
            <resolution>PT1M</resolution>
            <Point>
                <position>1</position>
                <quantity>8.00</quantity>
            </Point>
        </Period>
    </TimeSeries>
    <TimeSeries>
        <mRID>736</mRID>
        <businessType>B33</businessType>
        <flowDirection.direction>A02</flowDirection.direction>
        <quantity_Measure_Unit.name>MAW</quantity_Measure_Unit.name>
        <curveType>A01</curveType>
        <Period>
            <timeInterval>
                <start>2023-08-15T21:12Z</start>
                <end>2023-08-15T21:16Z</end>
            </timeInterval>
            <resolution>PT1M</resolution>
            <Point>
                <position>1</position>
                <quantity>42.00</quantity>
            </Point>
            <Point>
                <position>2</position>
                <quantity>17.00</quantity>
            </Point>
            <Point>
                <position>3</position>
                <quantity>41.00</quantity>
            </Point>
            <Point>
                <position>4</position>
                <quantity>12.00</quantity>
            </Point>
        </Period>
    </TimeSeries>
    <TimeSeries>
        <mRID>737</mRID>
        <businessType>B33</businessType>
        <flowDirection.direction>A01</flowDirection.direction>
        <quantity_Measure_Unit.name>MAW</quantity_Measure_Unit.name>
        <curveType>A01</curveType>
        <Period>
            <timeInterval>
                <start>2023-08-15T21:16Z</start>
                <end>2023-08-15T21:17Z</end>
            </timeInterval>
            <resolution>PT1M</resolution>
            <Point>
                <position>1</position>
                <quantity>11.00</quantity>
            </Point>
        </Period>
    </TimeSeries>
    <TimeSeries>
        <mRID>738</mRID>
        <businessType>B33</businessType>
        <flowDirection.direction>A02</flowDirection.direction>
        <quantity_Measure_Unit.name>MAW</quantity_Measure_Unit.name>
        <curveType>A01</curveType>
        <Period>
            <timeInterval>
                <start>2023-08-15T21:17Z</start>
                <end>2023-08-15T21:24Z</end>
            </timeInterval>
            <resolution>PT1M</resolution>
            <Point>
                <position>1</position>
                <quantity>27.00</quantity>
            </Point>
            <Point>
                <position>2</position>
                <quantity>1.00</quantity>
            </Point>
            <Point>
                <position>3</position>
                <quantity>16.00</quantity>
            </Point>
            <Point>
                <position>4</position>
                <quantity>7.00</quantity>
            </Point>
            <Point>
                <position>5</position>
                <quantity>16.00</quantity>
            </Point>
            <Point>
                <position>6</position>
                <quantity>5.00</quantity>
            </Point>
            <Point>
                <position>7</position>
                <quantity>4.00</quantity>
            </Point>
        </Period>
    </TimeSeries>
    <TimeSeries>
        <mRID>739</mRID>
        <businessType>B33</businessType>
        <flowDirection.direction>A01</flowDirection.direction>
        <quantity_Measure_Unit.name>MAW</quantity_Measure_Unit.name>
        <curveType>A01</curveType>
        <Period>
            <timeInterval>
                <start>2023-08-15T21:24Z</start>
                <end>2023-08-15T21:25Z</end>
            </timeInterval>
            <resolution>PT1M</resolution>
            <Point>
                <position>1</position>
                <quantity>1.00</quantity>
            </Point>
        </Period>
    </TimeSeries>
    <TimeSeries>
        <mRID>740</mRID>
        <businessType>B33</businessType>
        <flowDirection.direction>A02</flowDirection.direction>
        <quantity_Measure_Unit.name>MAW</quantity_Measure_Unit.name>
        <curveType>A01</curveType>
        <Period>
            <timeInterval>
                <start>2023-08-15T21:25Z</start>
                <end>2023-08-15T21:26Z</end>
            </timeInterval>
            <resolution>PT1M</resolution>
            <Point>
                <position>1</position>
                <quantity>1.00</quantity>
            </Point>
        </Period>
    </TimeSeries>
    <TimeSeries>
        <mRID>741</mRID>
        <businessType>B33</businessType>
        <flowDirection.direction>A03</flowDirection.direction>
        <quantity_Measure_Unit.name>MAW</quantity_Measure_Unit.name>
        <curveType>A01</curveType>
        <Period>
            <timeInterval>
                <start>2023-08-15T21:26Z</start>
                <end>2023-08-15T21:27Z</end>
            </timeInterval>
            <resolution>PT1M</resolution>
            <Point>
                <position>1</position>
                <quantity>0.00</quantity>
            </Point>
        </Period>
    </TimeSeries>
    <TimeSeries>
        <mRID>742</mRID>
        <businessType>B33</businessType>
        <flowDirection.direction>A01</flowDirection.direction>
        <quantity_Measure_Unit.name>MAW</quantity_Measure_Unit.name>
        <curveType>A01</curveType>
        <Period>
            <timeInterval>
                <start>2023-08-15T21:27Z</start>
                <end>2023-08-15T21:28Z</end>
            </timeInterval>
            <resolution>PT1M</resolution>
            <Point>
                <position>1</position>
                <quantity>1.00</quantity>
            </Point>
        </Period>
    </TimeSeries>
    <TimeSeries>
        <mRID>743</mRID>
        <businessType>B33</businessType>
        <flowDirection.direction>A02</flowDirection.direction>
        <quantity_Measure_Unit.name>MAW</quantity_Measure_Unit.name>
        <curveType>A01</curveType>
        <Period>
            <timeInterval>
                <start>2023-08-15T21:28Z</start>
                <end>2023-08-15T21:30Z</end>
            </timeInterval>
            <resolution>PT1M</resolution>
            <Point>
                <position>1</position>
                <quantity>11.00</quantity>
            </Point>
            <Point>
                <position>2</position>
                <quantity>4.00</quantity>
            </Point>
        </Period>
    </TimeSeries>
    <TimeSeries>
        <mRID>744</mRID>
        <businessType>B33</businessType>
        <flowDirection.direction>A01</flowDirection.direction>
        <quantity_Measure_Unit.name>MAW</quantity_Measure_Unit.name>
        <curveType>A01</curveType>
        <Period>
            <timeInterval>
                <start>2023-08-15T21:30Z</start>
                <end>2023-08-15T21:31Z</end>
            </timeInterval>
            <resolution>PT1M</resolution>
            <Point>
                <position>1</position>
                <quantity>7.00</quantity>
            </Point>
        </Period>
    </TimeSeries>
    <TimeSeries>
        <mRID>745</mRID>
        <businessType>B33</businessType>
        <flowDirection.direction>A02</flowDirection.direction>
        <quantity_Measure_Unit.name>MAW</quantity_Measure_Unit.name>
        <curveType>A01</curveType>
        <Period>
            <timeInterval>
                <start>2023-08-15T21:31Z</start>
                <end>2023-08-15T21:32Z</end>
            </timeInterval>
            <resolution>PT1M</resolution>
            <Point>
                <position>1</position>
                <quantity>17.00</quantity>
            </Point>
        </Period>
    </TimeSeries>
    <TimeSeries>
        <mRID>746</mRID>
        <businessType>B33</businessType>
        <flowDirection.direction>A01</flowDirection.direction>
        <quantity_Measure_Unit.name>MAW</quantity_Measure_Unit.name>
        <curveType>A01</curveType>
        <Period>
            <timeInterval>
                <start>2023-08-15T21:32Z</start>
                <end>2023-08-15T21:35Z</end>
            </timeInterval>
            <resolution>PT1M</resolution>
            <Point>
                <position>1</position>
                <quantity>9.00</quantity>
            </Point>
            <Point>
                <position>2</position>
                <quantity>10.00</quantity>
            </Point>
            <Point>
                <position>3</position>
                <quantity>10.00</quantity>
            </Point>
        </Period>
    </TimeSeries>
    <TimeSeries>
        <mRID>747</mRID>
        <businessType>B33</businessType>
        <flowDirection.direction>A02</flowDirection.direction>
        <quantity_Measure_Unit.name>MAW</quantity_Measure_Unit.name>
        <curveType>A01</curveType>
        <Period>
            <timeInterval>
                <start>2023-08-15T21:35Z</start>
                <end>2023-08-15T21:36Z</end>
            </timeInterval>
            <resolution>PT1M</resolution>
            <Point>
                <position>1</position>
                <quantity>11.00</quantity>
            </Point>
        </Period>
    </TimeSeries>
    <TimeSeries>
        <mRID>748</mRID>
        <businessType>B33</businessType>
        <flowDirection.direction>A01</flowDirection.direction>
        <quantity_Measure_Unit.name>MAW</quantity_Measure_Unit.name>
        <curveType>A01</curveType>
        <Period>
            <timeInterval>
                <start>2023-08-15T21:36Z</start>
                <end>2023-08-15T21:37Z</end>
            </timeInterval>
            <resolution>PT1M</resolution>
            <Point>
                <position>1</position>
                <quantity>3.00</quantity>
            </Point>
        </Period>
    </TimeSeries>
    <TimeSeries>
        <mRID>749</mRID>
        <businessType>B33</businessType>
        <flowDirection.direction>A02</flowDirection.direction>
        <quantity_Measure_Unit.name>MAW</quantity_Measure_Unit.name>
        <curveType>A01</curveType>
        <Period>
            <timeInterval>
                <start>2023-08-15T21:37Z</start>
                <end>2023-08-15T21:41Z</end>
            </timeInterval>
            <resolution>PT1M</resolution>
            <Point>
                <position>1</position>
                <quantity>8.00</quantity>
            </Point>
            <Point>
                <position>2</position>
                <quantity>16.00</quantity>
            </Point>
            <Point>
                <position>3</position>
                <quantity>43.00</quantity>
            </Point>
            <Point>
                <position>4</position>
                <quantity>16.00</quantity>
            </Point>
        </Period>
    </TimeSeries>
    <TimeSeries>
        <mRID>750</mRID>
        <businessType>B33</businessType>
        <flowDirection.direction>A01</flowDirection.direction>
        <quantity_Measure_Unit.name>MAW</quantity_Measure_Unit.name>
        <curveType>A01</curveType>
        <Period>
            <timeInterval>
                <start>2023-08-15T21:41Z</start>
                <end>2023-08-15T21:42Z</end>
            </timeInterval>
            <resolution>PT1M</resolution>
            <Point>
                <position>1</position>
                <quantity>16.00</quantity>
            </Point>
        </Period>
    </TimeSeries>
    <TimeSeries>
        <mRID>751</mRID>
        <businessType>B33</businessType>
        <flowDirection.direction>A02</flowDirection.direction>
        <quantity_Measure_Unit.name>MAW</quantity_Measure_Unit.name>
        <curveType>A01</curveType>
        <Period>
            <timeInterval>
                <start>2023-08-15T21:42Z</start>
                <end>2023-08-15T21:43Z</end>
            </timeInterval>
            <resolution>PT1M</resolution>
            <Point>
                <position>1</position>
                <quantity>14.00</quantity>
            </Point>
        </Period>
    </TimeSeries>
    <TimeSeries>
        <mRID>752</mRID>
        <businessType>B33</businessType>
        <flowDirection.direction>A01</flowDirection.direction>
        <quantity_Measure_Unit.name>MAW</quantity_Measure_Unit.name>
        <curveType>A01</curveType>
        <Period>
            <timeInterval>
                <start>2023-08-15T21:43Z</start>
                <end>2023-08-15T21:44Z</end>
            </timeInterval>
            <resolution>PT1M</resolution>
            <Point>
                <position>1</position>
                <quantity>4.00</quantity>
            </Point>
        </Period>
    </TimeSeries>
    <TimeSeries>
        <mRID>753</mRID>
        <businessType>B33</businessType>
        <flowDirection.direction>A02</flowDirection.direction>
        <quantity_Measure_Unit.name>MAW</quantity_Measure_Unit.name>
        <curveType>A01</curveType>
        <Period>
            <timeInterval>
                <start>2023-08-15T21:44Z</start>
                <end>2023-08-15T21:45Z</end>
            </timeInterval>
            <resolution>PT1M</resolution>
            <Point>
                <position>1</position>
                <quantity>5.00</quantity>
            </Point>
        </Period>
    </TimeSeries>
    <TimeSeries>
        <mRID>754</mRID>
        <businessType>B33</businessType>
        <flowDirection.direction>A01</flowDirection.direction>
        <quantity_Measure_Unit.name>MAW</quantity_Measure_Unit.name>
        <curveType>A01</curveType>
        <Period>
            <timeInterval>
                <start>2023-08-15T21:45Z</start>
                <end>2023-08-15T21:46Z</end>
            </timeInterval>
            <resolution>PT1M</resolution>
            <Point>
                <position>1</position>
                <quantity>22.00</quantity>
            </Point>
        </Period>
    </TimeSeries>
    <TimeSeries>
        <mRID>755</mRID>
        <businessType>B33</businessType>
        <flowDirection.direction>A02</flowDirection.direction>
        <quantity_Measure_Unit.name>MAW</quantity_Measure_Unit.name>
        <curveType>A01</curveType>
        <Period>
            <timeInterval>
                <start>2023-08-15T21:46Z</start>
                <end>2023-08-15T21:47Z</end>
            </timeInterval>
            <resolution>PT1M</resolution>
            <Point>
                <position>1</position>
                <quantity>10.00</quantity>
            </Point>
        </Period>
    </TimeSeries>
    <TimeSeries>
        <mRID>756</mRID>
        <businessType>B33</businessType>
        <flowDirection.direction>A01</flowDirection.direction>
        <quantity_Measure_Unit.name>MAW</quantity_Measure_Unit.name>
        <curveType>A01</curveType>
        <Period>
            <timeInterval>
                <start>2023-08-15T21:47Z</start>
                <end>2023-08-15T21:49Z</end>
            </timeInterval>
            <resolution>PT1M</resolution>
            <Point>
                <position>1</position>
                <quantity>6.00</quantity>
            </Point>
            <Point>
                <position>2</position>
                <quantity>28.00</quantity>
            </Point>
        </Period>
    </TimeSeries>
    <TimeSeries>
        <mRID>757</mRID>
        <businessType>B33</businessType>
        <flowDirection.direction>A02</flowDirection.direction>
        <quantity_Measure_Unit.name>MAW</quantity_Measure_Unit.name>
        <curveType>A01</curveType>
        <Period>
            <timeInterval>
                <start>2023-08-15T21:49Z</start>
                <end>2023-08-15T21:50Z</end>
            </timeInterval>
            <resolution>PT1M</resolution>
            <Point>
                <position>1</position>
                <quantity>4.00</quantity>
            </Point>
        </Period>
    </TimeSeries>
    <TimeSeries>
        <mRID>758</mRID>
        <businessType>B33</businessType>
        <flowDirection.direction>A01</flowDirection.direction>
        <quantity_Measure_Unit.name>MAW</quantity_Measure_Unit.name>
        <curveType>A01</curveType>
        <Period>
            <timeInterval>
                <start>2023-08-15T21:50Z</start>
                <end>2023-08-15T21:51Z</end>
            </timeInterval>
            <resolution>PT1M</resolution>
            <Point>
                <position>1</position>
                <quantity>19.00</quantity>
            </Point>
        </Period>
    </TimeSeries>
    <TimeSeries>
        <mRID>759</mRID>
        <businessType>B33</businessType>
        <flowDirection.direction>A02</flowDirection.direction>
        <quantity_Measure_Unit.name>MAW</quantity_Measure_Unit.name>
        <curveType>A01</curveType>
        <Period>
            <timeInterval>
                <start>2023-08-15T21:51Z</start>
                <end>2023-08-15T22:00Z</end>
            </timeInterval>
            <resolution>PT1M</resolution>
            <Point>
                <position>1</position>
                <quantity>38.00</quantity>
            </Point>
            <Point>
                <position>2</position>
                <quantity>20.00</quantity>
            </Point>
            <Point>
                <position>3</position>
                <quantity>44.00</quantity>
            </Point>
            <Point>
                <position>4</position>
                <quantity>27.00</quantity>
            </Point>
            <Point>
                <position>5</position>
                <quantity>18.00</quantity>
            </Point>
            <Point>
                <position>6</position>
                <quantity>6.00</quantity>
            </Point>
            <Point>
                <position>7</position>
                <quantity>3.00</quantity>
            </Point>
            <Point>
                <position>8</position>
                <quantity>39.00</quantity>
            </Point>
            <Point>
                <position>9</position>
                <quantity>7.00</quantity>
            </Point>
        </Period>
    </TimeSeries>
    <TimeSeries>
        <mRID>760</mRID>
        <businessType>B33</businessType>
        <flowDirection.direction>A01</flowDirection.direction>
        <quantity_Measure_Unit.name>MAW</quantity_Measure_Unit.name>
        <curveType>A01</curveType>
        <Period>
            <timeInterval>
                <start>2023-08-16T06:30Z</start>
                <end>2023-08-16T06:33Z</end>
            </timeInterval>
            <resolution>PT1M</resolution>
            <Point>
                <position>1</position>
                <quantity>3.00</quantity>
            </Point>
            <Point>
                <position>2</position>
                <quantity>14.00</quantity>
            </Point>
            <Point>
                <position>3</position>
                <quantity>15.00</quantity>
            </Point>
        </Period>
    </TimeSeries>
    <TimeSeries>
        <mRID>761</mRID>
        <businessType>B33</businessType>
        <flowDirection.direction>A02</flowDirection.direction>
        <quantity_Measure_Unit.name>MAW</quantity_Measure_Unit.name>
        <curveType>A01</curveType>
        <Period>
            <timeInterval>
                <start>2023-08-16T06:33Z</start>
                <end>2023-08-16T06:35Z</end>
            </timeInterval>
            <resolution>PT1M</resolution>
            <Point>
                <position>1</position>
                <quantity>18.00</quantity>
            </Point>
            <Point>
                <position>2</position>
                <quantity>16.00</quantity>
            </Point>
        </Period>
    </TimeSeries>
    <TimeSeries>
        <mRID>762</mRID>
        <businessType>B33</businessType>
        <flowDirection.direction>A01</flowDirection.direction>
        <quantity_Measure_Unit.name>MAW</quantity_Measure_Unit.name>
        <curveType>A01</curveType>
        <Period>
            <timeInterval>
                <start>2023-08-16T06:35Z</start>
                <end>2023-08-16T06:39Z</end>
            </timeInterval>
            <resolution>PT1M</resolution>
            <Point>
                <position>1</position>
                <quantity>7.00</quantity>
            </Point>
            <Point>
                <position>2</position>
                <quantity>5.00</quantity>
            </Point>
            <Point>
                <position>3</position>
                <quantity>30.00</quantity>
            </Point>
            <Point>
                <position>4</position>
                <quantity>10.00</quantity>
            </Point>
        </Period>
    </TimeSeries>
    <TimeSeries>
        <mRID>763</mRID>
        <businessType>B33</businessType>
        <flowDirection.direction>A02</flowDirection.direction>
        <quantity_Measure_Unit.name>MAW</quantity_Measure_Unit.name>
        <curveType>A01</curveType>
        <Period>
            <timeInterval>
                <start>2023-08-16T06:39Z</start>
                <end>2023-08-16T06:44Z</end>
            </timeInterval>
            <resolution>PT1M</resolution>
            <Point>
                <position>1</position>
                <quantity>5.00</quantity>
            </Point>
            <Point>
                <position>2</position>
                <quantity>4.00</quantity>
            </Point>
            <Point>
                <position>3</position>
                <quantity>31.00</quantity>
            </Point>
            <Point>
                <position>4</position>
                <quantity>11.00</quantity>
            </Point>
            <Point>
                <position>5</position>
                <quantity>5.00</quantity>
            </Point>
        </Period>
    </TimeSeries>
    <TimeSeries>
        <mRID>764</mRID>
        <businessType>B33</businessType>
        <flowDirection.direction>A01</flowDirection.direction>
        <quantity_Measure_Unit.name>MAW</quantity_Measure_Unit.name>
        <curveType>A01</curveType>
        <Period>
            <timeInterval>
                <start>2023-08-16T06:44Z</start>
                <end>2023-08-16T06:48Z</end>
            </timeInterval>
            <resolution>PT1M</resolution>
            <Point>
                <position>1</position>
                <quantity>1.00</quantity>
            </Point>
            <Point>
                <position>2</position>
                <quantity>10.00</quantity>
            </Point>
            <Point>
                <position>3</position>
                <quantity>11.00</quantity>
            </Point>
            <Point>
                <position>4</position>
                <quantity>16.00</quantity>
            </Point>
        </Period>
    </TimeSeries>
    <TimeSeries>
        <mRID>765</mRID>
        <businessType>B33</businessType>
        <flowDirection.direction>A02</flowDirection.direction>
        <quantity_Measure_Unit.name>MAW</quantity_Measure_Unit.name>
        <curveType>A01</curveType>
        <Period>
            <timeInterval>
                <start>2023-08-16T06:48Z</start>
                <end>2023-08-16T06:49Z</end>
            </timeInterval>
            <resolution>PT1M</resolution>
            <Point>
                <position>1</position>
                <quantity>13.00</quantity>
            </Point>
        </Period>
    </TimeSeries>
    <TimeSeries>
        <mRID>766</mRID>
        <businessType>B33</businessType>
        <flowDirection.direction>A01</flowDirection.direction>
        <quantity_Measure_Unit.name>MAW</quantity_Measure_Unit.name>
        <curveType>A01</curveType>
        <Period>
            <timeInterval>
                <start>2023-08-16T06:49Z</start>
                <end>2023-08-16T06:50Z</end>
            </timeInterval>
            <resolution>PT1M</resolution>
            <Point>
                <position>1</position>
                <quantity>3.00</quantity>
            </Point>
        </Period>
    </TimeSeries>
    <TimeSeries>
        <mRID>767</mRID>
        <businessType>B33</businessType>
        <flowDirection.direction>A02</flowDirection.direction>
        <quantity_Measure_Unit.name>MAW</quantity_Measure_Unit.name>
        <curveType>A01</curveType>
        <Period>
            <timeInterval>
                <start>2023-08-16T06:50Z</start>
                <end>2023-08-16T06:52Z</end>
            </timeInterval>
            <resolution>PT1M</resolution>
            <Point>
                <position>1</position>
                <quantity>21.00</quantity>
            </Point>
            <Point>
                <position>2</position>
                <quantity>12.00</quantity>
            </Point>
        </Period>
    </TimeSeries>
    <TimeSeries>
        <mRID>768</mRID>
        <businessType>B33</businessType>
        <flowDirection.direction>A01</flowDirection.direction>
        <quantity_Measure_Unit.name>MAW</quantity_Measure_Unit.name>
        <curveType>A01</curveType>
        <Period>
            <timeInterval>
                <start>2023-08-16T06:52Z</start>
                <end>2023-08-16T06:53Z</end>
            </timeInterval>
            <resolution>PT1M</resolution>
            <Point>
                <position>1</position>
                <quantity>6.00</quantity>
            </Point>
        </Period>
    </TimeSeries>
    <TimeSeries>
        <mRID>769</mRID>
        <businessType>B33</businessType>
        <flowDirection.direction>A02</flowDirection.direction>
        <quantity_Measure_Unit.name>MAW</quantity_Measure_Unit.name>
        <curveType>A01</curveType>
        <Period>
            <timeInterval>
                <start>2023-08-16T06:53Z</start>
                <end>2023-08-16T06:54Z</end>
            </timeInterval>
            <resolution>PT1M</resolution>
            <Point>
                <position>1</position>
                <quantity>7.00</quantity>
            </Point>
        </Period>
    </TimeSeries>
    <TimeSeries>
        <mRID>770</mRID>
        <businessType>B33</businessType>
        <flowDirection.direction>A01</flowDirection.direction>
        <quantity_Measure_Unit.name>MAW</quantity_Measure_Unit.name>
        <curveType>A01</curveType>
        <Period>
            <timeInterval>
                <start>2023-08-16T06:54Z</start>
                <end>2023-08-16T06:55Z</end>
            </timeInterval>
            <resolution>PT1M</resolution>
            <Point>
                <position>1</position>
                <quantity>2.00</quantity>
            </Point>
        </Period>
    </TimeSeries>
    <TimeSeries>
        <mRID>771</mRID>
        <businessType>B33</businessType>
        <flowDirection.direction>A02</flowDirection.direction>
        <quantity_Measure_Unit.name>MAW</quantity_Measure_Unit.name>
        <curveType>A01</curveType>
        <Period>
            <timeInterval>
                <start>2023-08-16T06:55Z</start>
                <end>2023-08-16T06:58Z</end>
            </timeInterval>
            <resolution>PT1M</resolution>
            <Point>
                <position>1</position>
                <quantity>5.00</quantity>
            </Point>
            <Point>
                <position>2</position>
                <quantity>4.00</quantity>
            </Point>
            <Point>
                <position>3</position>
                <quantity>4.00</quantity>
            </Point>
        </Period>
    </TimeSeries>
    <TimeSeries>
        <mRID>772</mRID>
        <businessType>B33</businessType>
        <flowDirection.direction>A01</flowDirection.direction>
        <quantity_Measure_Unit.name>MAW</quantity_Measure_Unit.name>
        <curveType>A01</curveType>
        <Period>
            <timeInterval>
                <start>2023-08-16T06:58Z</start>
                <end>2023-08-16T06:59Z</end>
            </timeInterval>
            <resolution>PT1M</resolution>
            <Point>
                <position>1</position>
                <quantity>5.00</quantity>
            </Point>
        </Period>
    </TimeSeries>
    <TimeSeries>
        <mRID>773</mRID>
        <businessType>B33</businessType>
        <flowDirection.direction>A02</flowDirection.direction>
        <quantity_Measure_Unit.name>MAW</quantity_Measure_Unit.name>
        <curveType>A01</curveType>
        <Period>
            <timeInterval>
                <start>2023-08-16T06:59Z</start>
                <end>2023-08-16T07:00Z</end>
            </timeInterval>
            <resolution>PT1M</resolution>
            <Point>
                <position>1</position>
                <quantity>1.00</quantity>
            </Point>
        </Period>
    </TimeSeries>
    <TimeSeries>
        <mRID>774</mRID>
        <businessType>B33</businessType>
        <flowDirection.direction>A01</flowDirection.direction>
        <quantity_Measure_Unit.name>MAW</quantity_Measure_Unit.name>
        <curveType>A01</curveType>
        <Period>
            <timeInterval>
                <start>2023-08-16T07:00Z</start>
                <end>2023-08-16T07:04Z</end>
            </timeInterval>
            <resolution>PT1M</resolution>
            <Point>
                <position>1</position>
                <quantity>6.00</quantity>
            </Point>
            <Point>
                <position>2</position>
                <quantity>16.00</quantity>
            </Point>
            <Point>
                <position>3</position>
                <quantity>11.00</quantity>
            </Point>
            <Point>
                <position>4</position>
                <quantity>29.00</quantity>
            </Point>
        </Period>
    </TimeSeries>
    <TimeSeries>
        <mRID>775</mRID>
        <businessType>B33</businessType>
        <flowDirection.direction>A02</flowDirection.direction>
        <quantity_Measure_Unit.name>MAW</quantity_Measure_Unit.name>
        <curveType>A01</curveType>
        <Period>
            <timeInterval>
                <start>2023-08-16T07:04Z</start>
                <end>2023-08-16T07:06Z</end>
            </timeInterval>
            <resolution>PT1M</resolution>
            <Point>
                <position>1</position>
                <quantity>12.00</quantity>
            </Point>
            <Point>
                <position>2</position>
                <quantity>7.00</quantity>
            </Point>
        </Period>
    </TimeSeries>
    <TimeSeries>
        <mRID>776</mRID>
        <businessType>B33</businessType>
        <flowDirection.direction>A01</flowDirection.direction>
        <quantity_Measure_Unit.name>MAW</quantity_Measure_Unit.name>
        <curveType>A01</curveType>
        <Period>
            <timeInterval>
                <start>2023-08-16T07:06Z</start>
                <end>2023-08-16T07:09Z</end>
            </timeInterval>
            <resolution>PT1M</resolution>
            <Point>
                <position>1</position>
                <quantity>22.00</quantity>
            </Point>
            <Point>
                <position>2</position>
                <quantity>62.00</quantity>
            </Point>
            <Point>
                <position>3</position>
                <quantity>18.00</quantity>
            </Point>
        </Period>
    </TimeSeries>
    <TimeSeries>
        <mRID>777</mRID>
        <businessType>B33</businessType>
        <flowDirection.direction>A02</flowDirection.direction>
        <quantity_Measure_Unit.name>MAW</quantity_Measure_Unit.name>
        <curveType>A01</curveType>
        <Period>
            <timeInterval>
                <start>2023-08-16T07:09Z</start>
                <end>2023-08-16T07:11Z</end>
            </timeInterval>
            <resolution>PT1M</resolution>
            <Point>
                <position>1</position>
                <quantity>11.00</quantity>
            </Point>
            <Point>
                <position>2</position>
                <quantity>22.00</quantity>
            </Point>
        </Period>
    </TimeSeries>
    <TimeSeries>
        <mRID>778</mRID>
        <businessType>B33</businessType>
        <flowDirection.direction>A01</flowDirection.direction>
        <quantity_Measure_Unit.name>MAW</quantity_Measure_Unit.name>
        <curveType>A01</curveType>
        <Period>
            <timeInterval>
                <start>2023-08-16T07:11Z</start>
                <end>2023-08-16T07:12Z</end>
            </timeInterval>
            <resolution>PT1M</resolution>
            <Point>
                <position>1</position>
                <quantity>10.00</quantity>
            </Point>
        </Period>
    </TimeSeries>
    <TimeSeries>
        <mRID>779</mRID>
        <businessType>B33</businessType>
        <flowDirection.direction>A02</flowDirection.direction>
        <quantity_Measure_Unit.name>MAW</quantity_Measure_Unit.name>
        <curveType>A01</curveType>
        <Period>
            <timeInterval>
                <start>2023-08-16T07:12Z</start>
                <end>2023-08-16T07:16Z</end>
            </timeInterval>
            <resolution>PT1M</resolution>
            <Point>
                <position>1</position>
                <quantity>12.00</quantity>
            </Point>
            <Point>
                <position>2</position>
                <quantity>20.00</quantity>
            </Point>
            <Point>
                <position>3</position>
                <quantity>12.00</quantity>
            </Point>
            <Point>
                <position>4</position>
                <quantity>5.00</quantity>
            </Point>
        </Period>
    </TimeSeries>
    <TimeSeries>
        <mRID>780</mRID>
        <businessType>B33</businessType>
        <flowDirection.direction>A01</flowDirection.direction>
        <quantity_Measure_Unit.name>MAW</quantity_Measure_Unit.name>
        <curveType>A01</curveType>
        <Period>
            <timeInterval>
                <start>2023-08-16T07:16Z</start>
                <end>2023-08-16T07:19Z</end>
            </timeInterval>
            <resolution>PT1M</resolution>
            <Point>
                <position>1</position>
                <quantity>48.00</quantity>
            </Point>
            <Point>
                <position>2</position>
                <quantity>40.00</quantity>
            </Point>
            <Point>
                <position>3</position>
                <quantity>16.00</quantity>
            </Point>
        </Period>
    </TimeSeries>
    <TimeSeries>
        <mRID>781</mRID>
        <businessType>B33</businessType>
        <flowDirection.direction>A02</flowDirection.direction>
        <quantity_Measure_Unit.name>MAW</quantity_Measure_Unit.name>
        <curveType>A01</curveType>
        <Period>
            <timeInterval>
                <start>2023-08-16T07:19Z</start>
                <end>2023-08-16T07:20Z</end>
            </timeInterval>
            <resolution>PT1M</resolution>
            <Point>
                <position>1</position>
                <quantity>81.00</quantity>
            </Point>
        </Period>
    </TimeSeries>
    <TimeSeries>
        <mRID>782</mRID>
        <businessType>B33</businessType>
        <flowDirection.direction>A01</flowDirection.direction>
        <quantity_Measure_Unit.name>MAW</quantity_Measure_Unit.name>
        <curveType>A01</curveType>
        <Period>
            <timeInterval>
                <start>2023-08-16T07:20Z</start>
                <end>2023-08-16T07:21Z</end>
            </timeInterval>
            <resolution>PT1M</resolution>
            <Point>
                <position>1</position>
                <quantity>5.00</quantity>
            </Point>
        </Period>
    </TimeSeries>
    <TimeSeries>
        <mRID>783</mRID>
        <businessType>B33</businessType>
        <flowDirection.direction>A02</flowDirection.direction>
        <quantity_Measure_Unit.name>MAW</quantity_Measure_Unit.name>
        <curveType>A01</curveType>
        <Period>
            <timeInterval>
                <start>2023-08-16T07:21Z</start>
                <end>2023-08-16T07:25Z</end>
            </timeInterval>
            <resolution>PT1M</resolution>
            <Point>
                <position>1</position>
                <quantity>15.00</quantity>
            </Point>
            <Point>
                <position>2</position>
                <quantity>39.00</quantity>
            </Point>
            <Point>
                <position>3</position>
                <quantity>16.00</quantity>
            </Point>
            <Point>
                <position>4</position>
                <quantity>8.00</quantity>
            </Point>
        </Period>
    </TimeSeries>
    <TimeSeries>
        <mRID>784</mRID>
        <businessType>B33</businessType>
        <flowDirection.direction>A03</flowDirection.direction>
        <quantity_Measure_Unit.name>MAW</quantity_Measure_Unit.name>
        <curveType>A01</curveType>
        <Period>
            <timeInterval>
                <start>2023-08-16T07:25Z</start>
                <end>2023-08-16T07:26Z</end>
            </timeInterval>
            <resolution>PT1M</resolution>
            <Point>
                <position>1</position>
                <quantity>0.00</quantity>
            </Point>
        </Period>
    </TimeSeries>
    <TimeSeries>
        <mRID>785</mRID>
        <businessType>B33</businessType>
        <flowDirection.direction>A01</flowDirection.direction>
        <quantity_Measure_Unit.name>MAW</quantity_Measure_Unit.name>
        <curveType>A01</curveType>
        <Period>
            <timeInterval>
                <start>2023-08-16T07:26Z</start>
                <end>2023-08-16T07:27Z</end>
            </timeInterval>
            <resolution>PT1M</resolution>
            <Point>
                <position>1</position>
                <quantity>7.00</quantity>
            </Point>
        </Period>
    </TimeSeries>
    <TimeSeries>
        <mRID>786</mRID>
        <businessType>B33</businessType>
        <flowDirection.direction>A02</flowDirection.direction>
        <quantity_Measure_Unit.name>MAW</quantity_Measure_Unit.name>
        <curveType>A01</curveType>
        <Period>
            <timeInterval>
                <start>2023-08-16T07:27Z</start>
                <end>2023-08-16T07:31Z</end>
            </timeInterval>
            <resolution>PT1M</resolution>
            <Point>
                <position>1</position>
                <quantity>15.00</quantity>
            </Point>
            <Point>
                <position>2</position>
                <quantity>6.00</quantity>
            </Point>
            <Point>
                <position>3</position>
                <quantity>6.00</quantity>
            </Point>
            <Point>
                <position>4</position>
                <quantity>5.00</quantity>
            </Point>
        </Period>
    </TimeSeries>
    <TimeSeries>
        <mRID>787</mRID>
        <businessType>B33</businessType>
        <flowDirection.direction>A01</flowDirection.direction>
        <quantity_Measure_Unit.name>MAW</quantity_Measure_Unit.name>
        <curveType>A01</curveType>
        <Period>
            <timeInterval>
                <start>2023-08-16T07:31Z</start>
                <end>2023-08-16T07:33Z</end>
            </timeInterval>
            <resolution>PT1M</resolution>
            <Point>
                <position>1</position>
                <quantity>15.00</quantity>
            </Point>
            <Point>
                <position>2</position>
                <quantity>10.00</quantity>
            </Point>
        </Period>
    </TimeSeries>
    <TimeSeries>
        <mRID>788</mRID>
        <businessType>B33</businessType>
        <flowDirection.direction>A02</flowDirection.direction>
        <quantity_Measure_Unit.name>MAW</quantity_Measure_Unit.name>
        <curveType>A01</curveType>
        <Period>
            <timeInterval>
                <start>2023-08-16T07:33Z</start>
                <end>2023-08-16T07:34Z</end>
            </timeInterval>
            <resolution>PT1M</resolution>
            <Point>
                <position>1</position>
                <quantity>18.00</quantity>
            </Point>
        </Period>
    </TimeSeries>
    <TimeSeries>
        <mRID>789</mRID>
        <businessType>B33</businessType>
        <flowDirection.direction>A01</flowDirection.direction>
        <quantity_Measure_Unit.name>MAW</quantity_Measure_Unit.name>
        <curveType>A01</curveType>
        <Period>
            <timeInterval>
                <start>2023-08-16T07:34Z</start>
                <end>2023-08-16T07:35Z</end>
            </timeInterval>
            <resolution>PT1M</resolution>
            <Point>
                <position>1</position>
                <quantity>10.00</quantity>
            </Point>
        </Period>
    </TimeSeries>
    <TimeSeries>
        <mRID>790</mRID>
        <businessType>B33</businessType>
        <flowDirection.direction>A03</flowDirection.direction>
        <quantity_Measure_Unit.name>MAW</quantity_Measure_Unit.name>
        <curveType>A01</curveType>
        <Period>
            <timeInterval>
                <start>2023-08-16T07:35Z</start>
                <end>2023-08-16T07:36Z</end>
            </timeInterval>
            <resolution>PT1M</resolution>
            <Point>
                <position>1</position>
                <quantity>0.00</quantity>
            </Point>
        </Period>
    </TimeSeries>
    <TimeSeries>
        <mRID>791</mRID>
        <businessType>B33</businessType>
        <flowDirection.direction>A01</flowDirection.direction>
        <quantity_Measure_Unit.name>MAW</quantity_Measure_Unit.name>
        <curveType>A01</curveType>
        <Period>
            <timeInterval>
                <start>2023-08-16T07:36Z</start>
                <end>2023-08-16T07:37Z</end>
            </timeInterval>
            <resolution>PT1M</resolution>
            <Point>
                <position>1</position>
                <quantity>21.00</quantity>
            </Point>
        </Period>
    </TimeSeries>
    <TimeSeries>
        <mRID>792</mRID>
        <businessType>B33</businessType>
        <flowDirection.direction>A02</flowDirection.direction>
        <quantity_Measure_Unit.name>MAW</quantity_Measure_Unit.name>
        <curveType>A01</curveType>
        <Period>
            <timeInterval>
                <start>2023-08-16T07:37Z</start>
                <end>2023-08-16T07:41Z</end>
            </timeInterval>
            <resolution>PT1M</resolution>
            <Point>
                <position>1</position>
                <quantity>10.00</quantity>
            </Point>
            <Point>
                <position>2</position>
                <quantity>8.00</quantity>
            </Point>
            <Point>
                <position>3</position>
                <quantity>14.00</quantity>
            </Point>
            <Point>
                <position>4</position>
                <quantity>10.00</quantity>
            </Point>
        </Period>
    </TimeSeries>
    <TimeSeries>
        <mRID>793</mRID>
        <businessType>B33</businessType>
        <flowDirection.direction>A01</flowDirection.direction>
        <quantity_Measure_Unit.name>MAW</quantity_Measure_Unit.name>
        <curveType>A01</curveType>
        <Period>
            <timeInterval>
                <start>2023-08-16T07:41Z</start>
                <end>2023-08-16T07:43Z</end>
            </timeInterval>
            <resolution>PT1M</resolution>
            <Point>
                <position>1</position>
                <quantity>13.00</quantity>
            </Point>
            <Point>
                <position>2</position>
                <quantity>6.00</quantity>
            </Point>
        </Period>
    </TimeSeries>
    <TimeSeries>
        <mRID>794</mRID>
        <businessType>B33</businessType>
        <flowDirection.direction>A02</flowDirection.direction>
        <quantity_Measure_Unit.name>MAW</quantity_Measure_Unit.name>
        <curveType>A01</curveType>
        <Period>
            <timeInterval>
                <start>2023-08-16T07:43Z</start>
                <end>2023-08-16T07:45Z</end>
            </timeInterval>
            <resolution>PT1M</resolution>
            <Point>
                <position>1</position>
                <quantity>11.00</quantity>
            </Point>
            <Point>
                <position>2</position>
                <quantity>3.00</quantity>
            </Point>
        </Period>
    </TimeSeries>
    <TimeSeries>
        <mRID>795</mRID>
        <businessType>B33</businessType>
        <flowDirection.direction>A01</flowDirection.direction>
        <quantity_Measure_Unit.name>MAW</quantity_Measure_Unit.name>
        <curveType>A01</curveType>
        <Period>
            <timeInterval>
                <start>2023-08-16T07:45Z</start>
                <end>2023-08-16T07:47Z</end>
            </timeInterval>
            <resolution>PT1M</resolution>
            <Point>
                <position>1</position>
                <quantity>19.00</quantity>
            </Point>
            <Point>
                <position>2</position>
                <quantity>10.00</quantity>
            </Point>
        </Period>
    </TimeSeries>
    <TimeSeries>
        <mRID>796</mRID>
        <businessType>B33</businessType>
        <flowDirection.direction>A02</flowDirection.direction>
        <quantity_Measure_Unit.name>MAW</quantity_Measure_Unit.name>
        <curveType>A01</curveType>
        <Period>
            <timeInterval>
                <start>2023-08-16T07:47Z</start>
                <end>2023-08-16T07:48Z</end>
            </timeInterval>
            <resolution>PT1M</resolution>
            <Point>
                <position>1</position>
                <quantity>12.00</quantity>
            </Point>
        </Period>
    </TimeSeries>
    <TimeSeries>
        <mRID>797</mRID>
        <businessType>B33</businessType>
        <flowDirection.direction>A01</flowDirection.direction>
        <quantity_Measure_Unit.name>MAW</quantity_Measure_Unit.name>
        <curveType>A01</curveType>
        <Period>
            <timeInterval>
                <start>2023-08-16T07:48Z</start>
                <end>2023-08-16T07:49Z</end>
            </timeInterval>
            <resolution>PT1M</resolution>
            <Point>
                <position>1</position>
                <quantity>4.00</quantity>
            </Point>
        </Period>
    </TimeSeries>
    <TimeSeries>
        <mRID>798</mRID>
        <businessType>B33</businessType>
        <flowDirection.direction>A02</flowDirection.direction>
        <quantity_Measure_Unit.name>MAW</quantity_Measure_Unit.name>
        <curveType>A01</curveType>
        <Period>
            <timeInterval>
                <start>2023-08-16T07:49Z</start>
                <end>2023-08-16T07:50Z</end>
            </timeInterval>
            <resolution>PT1M</resolution>
            <Point>
                <position>1</position>
                <quantity>6.00</quantity>
            </Point>
        </Period>
    </TimeSeries>
    <TimeSeries>
        <mRID>799</mRID>
        <businessType>B33</businessType>
        <flowDirection.direction>A03</flowDirection.direction>
        <quantity_Measure_Unit.name>MAW</quantity_Measure_Unit.name>
        <curveType>A01</curveType>
        <Period>
            <timeInterval>
                <start>2023-08-16T07:50Z</start>
                <end>2023-08-16T07:51Z</end>
            </timeInterval>
            <resolution>PT1M</resolution>
            <Point>
                <position>1</position>
                <quantity>0.00</quantity>
            </Point>
        </Period>
    </TimeSeries>
    <TimeSeries>
        <mRID>800</mRID>
        <businessType>B33</businessType>
        <flowDirection.direction>A01</flowDirection.direction>
        <quantity_Measure_Unit.name>MAW</quantity_Measure_Unit.name>
        <curveType>A01</curveType>
        <Period>
            <timeInterval>
                <start>2023-08-16T07:51Z</start>
                <end>2023-08-16T07:52Z</end>
            </timeInterval>
            <resolution>PT1M</resolution>
            <Point>
                <position>1</position>
                <quantity>11.00</quantity>
            </Point>
        </Period>
    </TimeSeries>
    <TimeSeries>
        <mRID>801</mRID>
        <businessType>B33</businessType>
        <flowDirection.direction>A02</flowDirection.direction>
        <quantity_Measure_Unit.name>MAW</quantity_Measure_Unit.name>
        <curveType>A01</curveType>
        <Period>
            <timeInterval>
                <start>2023-08-16T07:52Z</start>
                <end>2023-08-16T07:55Z</end>
            </timeInterval>
            <resolution>PT1M</resolution>
            <Point>
                <position>1</position>
                <quantity>5.00</quantity>
            </Point>
            <Point>
                <position>2</position>
                <quantity>6.00</quantity>
            </Point>
            <Point>
                <position>3</position>
                <quantity>8.00</quantity>
            </Point>
        </Period>
    </TimeSeries>
    <TimeSeries>
        <mRID>802</mRID>
        <businessType>B33</businessType>
        <flowDirection.direction>A01</flowDirection.direction>
        <quantity_Measure_Unit.name>MAW</quantity_Measure_Unit.name>
        <curveType>A01</curveType>
        <Period>
            <timeInterval>
                <start>2023-08-16T07:55Z</start>
                <end>2023-08-16T07:56Z</end>
            </timeInterval>
            <resolution>PT1M</resolution>
            <Point>
                <position>1</position>
                <quantity>2.00</quantity>
            </Point>
        </Period>
    </TimeSeries>
    <TimeSeries>
        <mRID>803</mRID>
        <businessType>B33</businessType>
        <flowDirection.direction>A02</flowDirection.direction>
        <quantity_Measure_Unit.name>MAW</quantity_Measure_Unit.name>
        <curveType>A01</curveType>
        <Period>
            <timeInterval>
                <start>2023-08-16T07:56Z</start>
                <end>2023-08-16T07:59Z</end>
            </timeInterval>
            <resolution>PT1M</resolution>
            <Point>
                <position>1</position>
                <quantity>4.00</quantity>
            </Point>
            <Point>
                <position>2</position>
                <quantity>8.00</quantity>
            </Point>
            <Point>
                <position>3</position>
                <quantity>37.00</quantity>
            </Point>
        </Period>
    </TimeSeries>
    <TimeSeries>
        <mRID>804</mRID>
        <businessType>B33</businessType>
        <flowDirection.direction>A01</flowDirection.direction>
        <quantity_Measure_Unit.name>MAW</quantity_Measure_Unit.name>
        <curveType>A01</curveType>
        <Period>
            <timeInterval>
                <start>2023-08-16T07:59Z</start>
                <end>2023-08-16T08:04Z</end>
            </timeInterval>
            <resolution>PT1M</resolution>
            <Point>
                <position>1</position>
                <quantity>6.00</quantity>
            </Point>
            <Point>
                <position>2</position>
                <quantity>32.00</quantity>
            </Point>
            <Point>
                <position>3</position>
                <quantity>30.00</quantity>
            </Point>
            <Point>
                <position>4</position>
                <quantity>61.00</quantity>
            </Point>
            <Point>
                <position>5</position>
                <quantity>20.00</quantity>
            </Point>
        </Period>
    </TimeSeries>
    <TimeSeries>
        <mRID>805</mRID>
        <businessType>B33</businessType>
        <flowDirection.direction>A02</flowDirection.direction>
        <quantity_Measure_Unit.name>MAW</quantity_Measure_Unit.name>
        <curveType>A01</curveType>
        <Period>
            <timeInterval>
                <start>2023-08-16T08:04Z</start>
                <end>2023-08-16T08:06Z</end>
            </timeInterval>
            <resolution>PT1M</resolution>
            <Point>
                <position>1</position>
                <quantity>4.00</quantity>
            </Point>
            <Point>
                <position>2</position>
                <quantity>27.00</quantity>
            </Point>
        </Period>
    </TimeSeries>
    <TimeSeries>
        <mRID>806</mRID>
        <businessType>B33</businessType>
        <flowDirection.direction>A01</flowDirection.direction>
        <quantity_Measure_Unit.name>MAW</quantity_Measure_Unit.name>
        <curveType>A01</curveType>
        <Period>
            <timeInterval>
                <start>2023-08-16T08:06Z</start>
                <end>2023-08-16T08:07Z</end>
            </timeInterval>
            <resolution>PT1M</resolution>
            <Point>
                <position>1</position>
                <quantity>19.00</quantity>
            </Point>
        </Period>
    </TimeSeries>
    <TimeSeries>
        <mRID>807</mRID>
        <businessType>B33</businessType>
        <flowDirection.direction>A02</flowDirection.direction>
        <quantity_Measure_Unit.name>MAW</quantity_Measure_Unit.name>
        <curveType>A01</curveType>
        <Period>
            <timeInterval>
                <start>2023-08-16T08:07Z</start>
                <end>2023-08-16T08:09Z</end>
            </timeInterval>
            <resolution>PT1M</resolution>
            <Point>
                <position>1</position>
                <quantity>5.00</quantity>
            </Point>
            <Point>
                <position>2</position>
                <quantity>13.00</quantity>
            </Point>
        </Period>
    </TimeSeries>
    <TimeSeries>
        <mRID>808</mRID>
        <businessType>B33</businessType>
        <flowDirection.direction>A01</flowDirection.direction>
        <quantity_Measure_Unit.name>MAW</quantity_Measure_Unit.name>
        <curveType>A01</curveType>
        <Period>
            <timeInterval>
                <start>2023-08-16T08:09Z</start>
                <end>2023-08-16T08:10Z</end>
            </timeInterval>
            <resolution>PT1M</resolution>
            <Point>
                <position>1</position>
                <quantity>11.00</quantity>
            </Point>
        </Period>
    </TimeSeries>
    <TimeSeries>
        <mRID>809</mRID>
        <businessType>B33</businessType>
        <flowDirection.direction>A02</flowDirection.direction>
        <quantity_Measure_Unit.name>MAW</quantity_Measure_Unit.name>
        <curveType>A01</curveType>
        <Period>
            <timeInterval>
                <start>2023-08-16T08:10Z</start>
                <end>2023-08-16T08:16Z</end>
            </timeInterval>
            <resolution>PT1M</resolution>
            <Point>
                <position>1</position>
                <quantity>8.00</quantity>
            </Point>
            <Point>
                <position>2</position>
                <quantity>17.00</quantity>
            </Point>
            <Point>
                <position>3</position>
                <quantity>13.00</quantity>
            </Point>
            <Point>
                <position>4</position>
                <quantity>17.00</quantity>
            </Point>
            <Point>
                <position>5</position>
                <quantity>12.00</quantity>
            </Point>
            <Point>
                <position>6</position>
                <quantity>13.00</quantity>
            </Point>
        </Period>
    </TimeSeries>
    <TimeSeries>
        <mRID>810</mRID>
        <businessType>B33</businessType>
        <flowDirection.direction>A01</flowDirection.direction>
        <quantity_Measure_Unit.name>MAW</quantity_Measure_Unit.name>
        <curveType>A01</curveType>
        <Period>
            <timeInterval>
                <start>2023-08-16T08:16Z</start>
                <end>2023-08-16T08:20Z</end>
            </timeInterval>
            <resolution>PT1M</resolution>
            <Point>
                <position>1</position>
                <quantity>2.00</quantity>
            </Point>
            <Point>
                <position>2</position>
                <quantity>21.00</quantity>
            </Point>
            <Point>
                <position>3</position>
                <quantity>31.00</quantity>
            </Point>
            <Point>
                <position>4</position>
                <quantity>23.00</quantity>
            </Point>
        </Period>
    </TimeSeries>
    <TimeSeries>
        <mRID>811</mRID>
        <businessType>B33</businessType>
        <flowDirection.direction>A02</flowDirection.direction>
        <quantity_Measure_Unit.name>MAW</quantity_Measure_Unit.name>
        <curveType>A01</curveType>
        <Period>
            <timeInterval>
                <start>2023-08-16T08:20Z</start>
                <end>2023-08-16T08:29Z</end>
            </timeInterval>
            <resolution>PT1M</resolution>
            <Point>
                <position>1</position>
                <quantity>25.00</quantity>
            </Point>
            <Point>
                <position>2</position>
                <quantity>14.00</quantity>
            </Point>
            <Point>
                <position>3</position>
                <quantity>9.00</quantity>
            </Point>
            <Point>
                <position>4</position>
                <quantity>3.00</quantity>
            </Point>
            <Point>
                <position>5</position>
                <quantity>12.00</quantity>
            </Point>
            <Point>
                <position>6</position>
                <quantity>3.00</quantity>
            </Point>
            <Point>
                <position>7</position>
                <quantity>6.00</quantity>
            </Point>
            <Point>
                <position>8</position>
                <quantity>5.00</quantity>
            </Point>
            <Point>
                <position>9</position>
                <quantity>5.00</quantity>
            </Point>
        </Period>
    </TimeSeries>
    <TimeSeries>
        <mRID>812</mRID>
        <businessType>B33</businessType>
        <flowDirection.direction>A01</flowDirection.direction>
        <quantity_Measure_Unit.name>MAW</quantity_Measure_Unit.name>
        <curveType>A01</curveType>
        <Period>
            <timeInterval>
                <start>2023-08-16T08:29Z</start>
                <end>2023-08-16T08:30Z</end>
            </timeInterval>
            <resolution>PT1M</resolution>
            <Point>
                <position>1</position>
                <quantity>18.00</quantity>
            </Point>
        </Period>
    </TimeSeries>
</Balancing_MarketDocument>
