<?xml version="1.0" encoding="UTF-8"?>
<GL_MarketDocument xmlns="urn:iec62325.351:tc57wg16:451-6:generationloaddocument:3:0">
    <mRID>cf8f145dd0744a6884d6dac1b07b1592</mRID>
    <revisionNumber>1</revisionNumber>
    <type>A69</type>
    <process.processType>A01</process.processType>
    <sender_MarketParticipant.mRID codingScheme="A01">10X1001A1001A450</sender_MarketParticipant.mRID>
    <sender_MarketParticipant.marketRole.type>A32</sender_MarketParticipant.marketRole.type>
    <receiver_MarketParticipant.mRID codingScheme="A01">10X1001A1001A450</receiver_MarketParticipant.mRID>
    <receiver_MarketParticipant.marketRole.type>A33</receiver_MarketParticipant.marketRole.type>
    <createdDateTime>2023-08-17T10:45:26Z</createdDateTime>
    <time_Period.timeInterval>
        <start>2023-08-15T22:00Z</start>
        <end>2023-08-17T22:00Z</end>
    </time_Period.timeInterval>
    <TimeSeries>
        <mRID>1</mRID>
        <businessType>A94</businessType>
        <objectAggregation>A08</objectAggregation>
        <inBiddingZone_Domain.mRID codingScheme="A01">10YCH-SWISSGRIDZ</inBiddingZone_Domain.mRID>
        <quantity_Measure_Unit.name>MAW</quantity_Measure_Unit.name>
        <curveType>A01</curveType>
        <MktPSRType>
            <psrType>B16</psrType>
        </MktPSRType>
        <Period>
            <timeInterval>
                <start>2023-08-15T22:00Z</start>
                <end>2023-08-16T22:00Z</end>
            </timeInterval>
            <resolution>PT60M</resolution>
            <Point>
                <position>1</position>
                <quantity>0</quantity>
            </Point>
            <Point>
                <position>2</position>
                <quantity>0</quantity>
            </Point>
            <Point>
                <position>3</position>
                <quantity>0</quantity>
            </Point>
            <Point>
                <position>4</position>
                <quantity>0</quantity>
            </Point>
            <Point>
                <position>5</position>
                <quantity>0</quantity>
            </Point>
            <Point>
                <position>6</position>
                <quantity>0</quantity>
            </Point>
            <Point>
                <position>7</position>
                <quantity>3</quantity>
            </Point>
            <Point>
                <position>8</position>
                <quantity>16</quantity>
            </Point>
            <Point>
                <position>9</position>
                <quantity>42</quantity>
            </Point>
            <Point>
                <position>10</position>
                <quantity>74</quantity>
            </Point>
            <Point>
                <position>11</position>
                <quantity>105</quantity>
            </Point>
            <Point>
                <position>12</position>
                <quantity>129</quantity>
            </Point>
            <Point>
                <position>13</position>
                <quantity>142</quantity>
            </Point>
            <Point>
                <position>14</position>
                <quantity>144</quantity>
            </Point>
            <Point>
                <position>15</position>
                <quantity>139</quantity>
            </Point>
            <Point>
                <position>16</position>
                <quantity>123</quantity>
            </Point>
            <Point>
                <position>17</position>
                <quantity>98</quantity>
            </Point>
            <Point>
                <position>18</position>
                <quantity>68</quantity>
            </Point>
            <Point>
                <position>19</position>
                <quantity>38</quantity>
            </Point>
            <Point>
                <position>20</position>
                <quantity>15</quantity>
            </Point>
            <Point>
                <position>21</position>
                <quantity>3</quantity>
            </Point>
            <Point>
                <position>22</position>
                <quantity>0</quantity>
            </Point>
            <Point>
                <position>23</position>
                <quantity>0</quantity>
            </Point>
            <Point>
                <position>24</position>
                <quantity>0</quantity>
            </Point>
        </Period>
    </TimeSeries>
    <TimeSeries>
        <mRID>2</mRID>
        <businessType>A93</businessType>
        <objectAggregation>A08</objectAggregation>
        <inBiddingZone_Domain.mRID codingScheme="A01">10YCH-SWISSGRIDZ</inBiddingZone_Domain.mRID>
        <quantity_Measure_Unit.name>MAW</quantity_Measure_Unit.name>
        <curveType>A01</curveType>
        <MktPSRType>
            <psrType>B19</psrType>
        </MktPSRType>
        <Period>
            <timeInterval>
                <start>2023-08-15T22:00Z</start>
                <end>2023-08-16T22:00Z</end>
            </timeInterval>
            <resolution>PT60M</resolution>
            <Point>
                <position>1</position>
                <quantity>0</quantity>
            </Point>
            <Point>
                <position>2</position>
                <quantity>0</quantity>
            </Point>
            <Point>
                <position>3</position>
                <quantity>0</quantity>
            </Point>
            <Point>
                <position>4</position>
                <quantity>0</quantity>
            </Point>
            <Point>
                <position>5</position>
                <quantity>0</quantity>
            </Point>
            <Point>
                <position>6</position>
                <quantity>0</quantity>
            </Point>
            <Point>
                <position>7</position>
                <quantity>0</quantity>
            </Point>
            <Point>
                <position>8</position>
                <quantity>0</quantity>
            </Point>
            <Point>
                <position>9</position>
                <quantity>0</quantity>
            </Point>
            <Point>
                <position>10</position>
                <quantity>0</quantity>
            </Point>
            <Point>
                <position>11</position>
                <quantity>0</quantity>
            </Point>
            <Point>
                <position>12</position>
                <quantity>0</quantity>
            </Point>
            <Point>
                <position>13</position>
                <quantity>0</quantity>
            </Point>
            <Point>
                <position>14</position>
                <quantity>0</quantity>
            </Point>
            <Point>
                <position>15</position>
                <quantity>0</quantity>
            </Point>
            <Point>
                <position>16</position>
                <quantity>0</quantity>
            </Point>
            <Point>
                <position>17</position>
                <quantity>0</quantity>
            </Point>
            <Point>
                <position>18</position>
                <quantity>0</quantity>
            </Point>
            <Point>
                <position>19</position>
                <quantity>0</quantity>
            </Point>
            <Point>
                <position>20</position>
                <quantity>0</quantity>
            </Point>
            <Point>
                <position>21</position>
                <quantity>0</quantity>
            </Point>
            <Point>
                <position>22</position>
                <quantity>0</quantity>
            </Point>
            <Point>
                <position>23</position>
                <quantity>0</quantity>
            </Point>
            <Point>
                <position>24</position>
                <quantity>0</quantity>
            </Point>
        </Period>
    </TimeSeries>
    <TimeSeries>
        <mRID>3</mRID>
        <businessType>A94</businessType>
        <objectAggregation>A08</objectAggregation>
        <inBiddingZone_Domain.mRID codingScheme="A01">10YCH-SWISSGRIDZ</inBiddingZone_Domain.mRID>
        <quantity_Measure_Unit.name>MAW</quantity_Measure_Unit.name>
        <curveType>A01</curveType>
        <MktPSRType>
            <psrType>B16</psrType>
        </MktPSRType>
        <Period>
            <timeInterval>
                <start>2023-08-16T22:00Z</start>
                <end>2023-08-17T22:00Z</end>
            </timeInterval>
            <resolution>PT60M</resolution>
            <Point>
                <position>1</position>
                <quantity>0</quantity>
            </Point>
            <Point>
                <position>2</position>
                <quantity>0</quantity>
            </Point>
            <Point>
                <position>3</position>
                <quantity>0</quantity>
            </Point>
            <Point>
                <position>4</position>
                <quantity>0</quantity>
            </Point>
            <Point>
                <position>5</position>
                <quantity>0</quantity>
            </Point>
            <Point>
                <position>6</position>
                <quantity>0</quantity>
            </Point>
            <Point>
                <position>7</position>
                <quantity>3</quantity>
            </Point>
            <Point>
                <position>8</position>
                <quantity>17</quantity>
            </Point>
            <Point>
                <position>9</position>
                <quantity>44</quantity>
            </Point>
            <Point>
                <position>10</position>
                <quantity>77</quantity>
            </Point>
            <Point>
                <position>11</position>
                <quantity>108</quantity>
            </Point>
            <Point>
                <position>12</position>
                <quantity>130</quantity>
            </Point>
            <Point>
                <position>13</position>
                <quantity>143</quantity>
            </Point>
            <Point>
                <position>14</position>
                <quantity>145</quantity>
            </Point>
            <Point>
                <position>15</position>
                <quantity>139</quantity>
            </Point>
            <Point>
                <position>16</position>
                <quantity>123</quantity>
            </Point>
            <Point>
                <position>17</position>
                <quantity>97</quantity>
            </Point>
            <Point>
                <position>18</position>
                <quantity>67</quantity>
            </Point>
            <Point>
                <position>19</position>
                <quantity>38</quantity>
            </Point>
            <Point>
                <position>20</position>
                <quantity>15</quantity>
            </Point>
            <Point>
                <position>21</position>
                <quantity>3</quantity>
            </Point>
            <Point>
                <position>22</position>
                <quantity>0</quantity>
            </Point>
            <Point>
                <position>23</position>
                <quantity>0</quantity>
            </Point>
            <Point>
                <position>24</position>
                <quantity>0</quantity>
            </Point>
        </Period>
    </TimeSeries>
    <TimeSeries>
        <mRID>4</mRID>
        <businessType>A93</businessType>
        <objectAggregation>A08</objectAggregation>
        <inBiddingZone_Domain.mRID codingScheme="A01">10YCH-SWISSGRIDZ</inBiddingZone_Domain.mRID>
        <quantity_Measure_Unit.name>MAW</quantity_Measure_Unit.name>
        <curveType>A01</curveType>
        <MktPSRType>
            <psrType>B19</psrType>
        </MktPSRType>
        <Period>
            <timeInterval>
                <start>2023-08-16T22:00Z</start>
                <end>2023-08-17T22:00Z</end>
            </timeInterval>
            <resolution>PT60M</resolution>
            <Point>
                <position>1</position>
                <quantity>0</quantity>
            </Point>
            <Point>
                <position>2</position>
                <quantity>0</quantity>
            </Point>
            <Point>
                <position>3</position>
                <quantity>0</quantity>
            </Point>
            <Point>
                <position>4</position>
                <quantity>0</quantity>
            </Point>
            <Point>
                <position>5</position>
                <quantity>0</quantity>
            </Point>
            <Point>
                <position>6</position>
                <quantity>0</quantity>
            </Point>
            <Point>
                <position>7</position>
                <quantity>0</quantity>
            </Point>
            <Point>
                <position>8</position>
                <quantity>0</quantity>
            </Point>
            <Point>
                <position>9</position>
                <quantity>0</quantity>
            </Point>
            <Point>
                <position>10</position>
                <quantity>0</quantity>
            </Point>
            <Point>
                <position>11</position>
                <quantity>0</quantity>
            </Point>
            <Point>
                <position>12</position>
                <quantity>0</quantity>
            </Point>
            <Point>
                <position>13</position>
                <quantity>0</quantity>
            </Point>
            <Point>
                <position>14</position>
                <quantity>0</quantity>
            </Point>
            <Point>
                <position>15</position>
                <quantity>0</quantity>
            </Point>
            <Point>
                <position>16</position>
                <quantity>0</quantity>
            </Point>
            <Point>
                <position>17</position>
                <quantity>0</quantity>
            </Point>
            <Point>
                <position>18</position>
                <quantity>0</quantity>
            </Point>
            <Point>
                <position>19</position>
                <quantity>0</quantity>
            </Point>
            <Point>
                <position>20</position>
                <quantity>0</quantity>
            </Point>
            <Point>
                <position>21</position>
                <quantity>0</quantity>
            </Point>
            <Point>
                <position>22</position>
                <quantity>0</quantity>
            </Point>
            <Point>
                <position>23</position>
                <quantity>0</quantity>
            </Point>
            <Point>
                <position>24</position>
                <quantity>0</quantity>
            </Point>
        </Period>
    </TimeSeries>
</GL_MarketDocument>