<?xml version="1.0" encoding="UTF-8"?>
<GL_MarketDocument xmlns="urn:iec62325.351:tc57wg16:451-6:generationloaddocument:3:0">
    <mRID>de7f6eff68894ef587ebdfa35ac1d451</mRID>
    <revisionNumber>1</revisionNumber>
    <type>A65</type>
    <process.processType>A16</process.processType>
    <sender_MarketParticipant.mRID codingScheme="A01">10X1001A1001A450</sender_MarketParticipant.mRID>
    <sender_MarketParticipant.marketRole.type>A32</sender_MarketParticipant.marketRole.type>
    <receiver_MarketParticipant.mRID codingScheme="A01">10X1001A1001A450</receiver_MarketParticipant.mRID>
    <receiver_MarketParticipant.marketRole.type>A33</receiver_MarketParticipant.marketRole.type>
    <createdDateTime>2023-08-16T08:17:53Z</createdDateTime>
    <time_Period.timeInterval>
        <start>2023-08-14T22:00Z</start>
        <end>2023-08-16T22:00Z</end>
    </time_Period.timeInterval>
    <TimeSeries>
        <mRID>1</mRID>
        <businessType>A04</businessType>
        <objectAggregation>A01</objectAggregation>
        <outBiddingZone_Domain.mRID codingScheme="A01">10YCH-SWISSGRIDZ</outBiddingZone_Domain.mRID>
        <quantity_Measure_Unit.name>MAW</quantity_Measure_Unit.name>
        <curveType>A01</curveType>
        <Period>
            <timeInterval>
                <start>2023-08-14T22:00Z</start>
                <end>2023-08-16T08:00Z</end>
            </timeInterval>
            <resolution>PT60M</resolution>
            <Point>
                <position>1</position>
                <quantity>5844</quantity>
            </Point>
            <Point>
                <position>2</position>
                <quantity>5482</quantity>
            </Point>
            <Point>
                <position>3</position>
                <quantity>5842</quantity>
            </Point>
            <Point>
                <position>4</position>
                <quantity>5320</quantity>
            </Point>
            <Point>
                <position>5</position>
                <quantity>5571</quantity>
            </Point>
            <Point>
                <position>6</position>
                <quantity>5505</quantity>
            </Point>
            <Point>
                <position>7</position>
                <quantity>5686</quantity>
            </Point>
            <Point>
                <position>8</position>
                <quantity>6206</quantity>
            </Point>
            <Point>
                <position>9</position>
                <quantity>6179</quantity>
            </Point>
            <Point>
                <position>10</position>
                <quantity>6597</quantity>
            </Point>
            <Point>
                <position>11</position>
                <quantity>6799</quantity>
            </Point>
            <Point>
                <position>12</position>
                <quantity>6834</quantity>
            </Point>
            <Point>
                <position>13</position>
                <quantity>6329</quantity>
            </Point>
            <Point>
                <position>14</position>
                <quantity>6526</quantity>
            </Point>
            <Point>
                <position>15</position>
                <quantity>6532</quantity>
            </Point>
            <Point>
                <position>16</position>
                <quantity>6563</quantity>
            </Point>
            <Point>
                <position>17</position>
                <quantity>6583</quantity>
            </Point>
            <Point>
                <position>18</position>
                <quantity>6509</quantity>
            </Point>
            <Point>
                <position>19</position>
                <quantity>6558</quantity>
            </Point>
            <Point>
                <position>20</position>
                <quantity>6341</quantity>
            </Point>
            <Point>
                <position>21</position>
                <quantity>6557</quantity>
            </Point>
            <Point>
                <position>22</position>
                <quantity>6487</quantity>
            </Point>
            <Point>
                <position>23</position>
                <quantity>6312</quantity>
            </Point>
            <Point>
                <position>24</position>
                <quantity>5966</quantity>
            </Point>
            <Point>
                <position>25</position>
                <quantity>5773</quantity>
            </Point>
            <Point>
                <position>26</position>
                <quantity>5365</quantity>
            </Point>
            <Point>
                <position>27</position>
                <quantity>5634</quantity>
            </Point>
            <Point>
                <position>28</position>
                <quantity>5956</quantity>
            </Point>
            <Point>
                <position>29</position>
                <quantity>6041</quantity>
            </Point>
            <Point>
                <position>30</position>
                <quantity>5679</quantity>
            </Point>
            <Point>
                <position>31</position>
                <quantity>6264</quantity>
            </Point>
            <Point>
                <position>32</position>
                <quantity>6613</quantity>
            </Point>
            <Point>
                <position>33</position>
                <quantity>7459</quantity>
            </Point>
            <Point>
                <position>34</position>
                <quantity>7207</quantity>
            </Point>
        </Period>
    </TimeSeries>
</GL_MarketDocument>